INFO: [SIM 2] *************** CSIM start ***************
INFO: [SIM 4] CSIM will launch GCC as the compiler.
   Compiling ../../../../src/main.cpp in debug mode
   Compiling ../../../../src/music.cpp in debug mode
   Generating csim.exe
0.000476925
0.00047693
0.000476944
0.000476968
0.000477002
0.000477049
0.000477109
0.000477184
0.000477275
0.000477387
0.00047752
0.000477677
0.00047786
0.000478071
0.000478314
0.000478589
0.000478899
0.000479244
0.000479627
0.000480045
0.000480499
0.000480989
0.000481513
0.000482069
0.000482657
0.000483276
0.000483925
0.000484605
0.00048532
0.000486072
0.000486867
0.000487713
0.000488618
0.000489589
0.000490633
0.000491755
0.000492953
0.000494218
0.000495533
0.000496867
0.000498178
0.000499411
0.000500495
0.000501353
0.000501903
0.000502063
0.000501762
0.000500949
0.000499596
0.00049771
0.000495334
0.000492543
0.000489446
0.000486175
0.000482875
0.000479696
0.000476784
0.00047427
0.000472268
0.000470862
0.000470113
0.000470046
0.000470657
0.000471901
0.000473702
0.000475951
0.000478522
0.000481284
0.00048413
0.000487003
0.000489917
0.000492972
0.000496342
0.000500238
0.000504846
0.000510249
0.000516345
0.000522775
0.000528904
0.000533871
0.000536744
0.000536749
0.000533511
0.000527192
0.000518457
0.000508269
0.000497621
0.000487307
0.000477809
0.000469314
0.000461822
0.000455295
0.000449776
0.000445436
0.000442512
0.000441169
0.000441341
0.000442605
0.000444206
0.000445243
0.000445033
0.000443486
0.000441277
0.000439676
0.000440108
0.000443653
0.000450622
0.000460316
0.000471035
0.000480503
0.000486723
0.000488913
0.000487864
0.000485424
0.00048349
0.000483169
0.000484452
0.000486404
0.000487747
0.000487541
0.000485631
0.000482588
0.000479258
0.000476291
0.000473976
0.00047241
0.000471804
0.000472667
0.000475663
0.000481212
0.000489018
0.000497816
0.000505568
0.000510201
0.000510602
0.000507189
0.000501633
0.000495973
0.000491789
0.00048979
0.000489783
0.000490834
0.000491539
0.000490454
0.000486716
0.000480644
0.000473877
0.000468813
0.000467603
0.000471161
0.000478525
0.00048686
0.00049251
0.000493018
0.000488736
0.000482372
0.000476867
0.000473489
0.00047139
0.000468641
0.000464023
0.000458219
0.000453332
0.000451254
0.000452321
0.000455208
0.000458119
0.000460527
0.000463895
0.000470449
0.000480821
0.00049219
0.000498729
0.000495646
0.000484189
0.000471713
0.000466684
0.000474282
0.000494579
0.000521658
0.000544538
0.000553242
0.00054682
0.000533202
0.000521449
0.000516724
0.000521308
0.000538728
0.000578566
0.000662748
0.000841982
0.00125891
0.00247614
0.00869321
0.107066
0.00884316
0.00259381
0.00135096
0.000920559
0.000732127
0.000637879
0.000583335
0.000544668
0.000512743
0.000486047
0.000465249
0.000450143
0.000439358
0.000431621
0.000426954
0.000426721
0.00043249
0.000444609
0.000461291
0.000478875
0.00049364
0.000504161
0.000511723
0.000517956
0.000521902
0.000519458
0.000506574
0.000483976
0.000458052
0.000436756
0.000425456
0.000425641
0.000435108
0.000448484
0.000459006
0.000462351
0.000459684
0.00045627
0.000457231
0.000464399
0.000475355
0.000484411
0.000485955
0.000478799
0.000467291
0.000457974
0.000455666
0.000461701
0.000473739
0.00048647
0.000493835
0.000492601
0.000484417
0.00047409
0.00046603
0.000461983
0.000460703
0.000458973
0.000453604
0.000443623
0.000431102
0.00041998
0.000414143
0.00041625
0.000427412
0.000447101
0.000472921
0.000500508
0.000524302
0.000539571
0.000544562
0.000540933
0.000532168
0.000521551
0.000511112
0.000501599
0.000493011
0.000485166
0.000478072
0.000472018
0.000467447
0.000464741
0.000464059
0.000465272
0.000468028
0.000471878
0.000476442
0.000481539
0.000487226
0.000493737
0.000501359
0.000510285
0.000520531
0.000531936
0.000544272
0.000557433
0.000571677
0.000587832
0.00060742
0.000632719
0.000666821
0.000713789
0.000779012
0.000869834
0.000996509
0.00117334
0.00141931
0.0017556
0.00219252
0.00269348
0.00312386
0.0032784
0.00307051
0.00263631
0.0021681
0.00176866
0.00145956
0.00122887
0.00105811
0.000931249
0.000836249
0.000764472
0.000709802
0.000667875
0.000635535
0.000610464
0.000590932
0.000575625
0.000563541
0.000553906
0.000546124
0.000539741
0.00053441
0.000529872
0.000525939
0.000522474
0.00051938
0.000516587
0.000514048
0.000511729
0.000509606
0.000507657
0.000505869
0.000504226
0.000502716
0.000501326
0.000500046
0.000498865
0.000497774
0.000496766
0.000495834
0.000494971
0.000494175
0.00049344
0.000492767
0.00049215
0.000491593
0.000491093
0.00049065
0.000490264
0.000489937
0.000489668
0.000489458
0.000489308
0.000489218
0.000489188
##########################
DOA1: 7deg, DOA2: 63deg
##########################
INFO: [SIM 1] CSim done with 0 errors.
INFO: [SIM 3] *************** CSIM finish ***************
