

================================================================
== Vivado HLS Report for 'eig_decompose'
================================================================
* Date:           Thu Jul 30 14:37:32 2020

* Version:        2019.1 (Build 2552052 on Fri May 24 15:28:33 MDT 2019)
* Project:        DOA_Estimation_proj
* Solution:       solution1
* Product family: zynq
* Target device:  xc7z020-clg400-1


================================================================
== Performance Estimates
================================================================
+ Timing (ns): 
    * Summary: 
    +--------+-------+----------+------------+
    |  Clock | Target| Estimated| Uncertainty|
    +--------+-------+----------+------------+
    |ap_clk  |  10.00|     9.195|        1.25|
    +--------+-------+----------+------------+

+ Latency (clock cycles): 
    * Summary: 
    +-------+-------+-------+-------+---------+
    |    Latency    |    Interval   | Pipeline|
    |  min  |  max  |  min  |  max  |   Type  |
    +-------+-------+-------+-------+---------+
    |  19613|  24545|  19613|  24545|   none  |
    +-------+-------+-------+-------+---------+

    + Detail: 
        * Instance: 
        +--------------------+---------+-----+-----+-----+-----+---------+
        |                    |         |  Latency  |  Interval | Pipeline|
        |      Instance      |  Module | min | max | min | max |   Type  |
        +--------------------+---------+-----+-----+-----+-----+---------+
        |grp_qrf_alt_fu_970  |qrf_alt  |  684|  854|  684|  854|   none  |
        +--------------------+---------+-----+-----+-----+-----+---------+

        * Loop: 
        +---------------------+-------+-------+-------------+-----------+-----------+-------+----------+
        |                     |    Latency    |  Iteration  |  Initiation Interval  |  Trip |          |
        |      Loop Name      |  min  |  max  |   Latency   |  achieved |   target  | Count | Pipelined|
        +---------------------+-------+-------+-------------+-----------+-----------+-------+----------+
        |- Loop 1             |     19|     19|            5|          -|          -|      4|    no    |
        | + Loop 1.1          |      3|      3|            1|          -|          -|      4|    no    |
        |- Loop 2             |     19|     19|            5|          -|          -|      4|    no    |
        | + Loop 2.1          |      3|      3|            1|          -|          -|      4|    no    |
        |- Loop 3             |     19|     19|            5|          -|          -|      4|    no    |
        | + Loop 3.1          |      3|      3|            1|          -|          -|      4|    no    |
        |- Loop 4             |     19|     19|            5|          -|          -|      4|    no    |
        | + Loop 4.1          |      3|      3|            1|          -|          -|      4|    no    |
        |- Loop 5             |     40|     40|           10|          -|          -|      4|    no    |
        | + Loop 5.1          |      8|      8|            2|          -|          -|      4|    no    |
        |- Loop 6             |  16870|  18570| 1687 ~ 1857 |          -|          -|     10|    no    |
        | + Loop 6.1          |   1000|   1000|          250|          -|          -|      4|    no    |
        |  ++ Loop 6.1.1      |    248|    248|           62|          -|          -|      4|    no    |
        |   +++ Loop 6.1.1.1  |     60|     60|           15|          -|          -|      4|    no    |
        |- Loop 7             |   2620|   5852|  655 ~ 1463 |          -|          -|      4|    no    |
        | + Loop 7.1          |     60|    124|   15 ~ 31   |          -|          -|      4|    no    |
        |  ++ Loop 7.1.1      |     12|     28|    3 ~ 7    |          -|          -|      4|    no    |
        | + Loop 7.2          |    297|    951|   99 ~ 317  |          -|          -|      3|    no    |
        |  ++ Loop 7.2.1      |     52|    104|           26|          -|          -| 2 ~ 4 |    no    |
        |  ++ Loop 7.2.2      |     35|    201|   35 ~ 67   |          -|          -| 1 ~ 3 |    no    |
        |   +++ Loop 7.2.2.1  |     32|     64|           16|          -|          -| 2 ~ 4 |    no    |
        | + Loop 7.3          |    168|    258|   56 ~ 86   |          -|          -|      3|    no    |
        |  ++ Loop 7.3.1      |     15|     45|           15|          -|          -| 1 ~ 3 |    no    |
        | + Loop 7.4          |    104|    104|           26|          -|          -|      4|    no    |
        +---------------------+-------+-------+-------------+-----------+-----------+-------+----------+



================================================================
== Utilization Estimates
================================================================
* Summary: 
+-----------------+---------+-------+--------+-------+-----+
|       Name      | BRAM_18K| DSP48E|   FF   |  LUT  | URAM|
+-----------------+---------+-------+--------+-------+-----+
|DSP              |        -|      -|       -|      -|    -|
|Expression       |        -|      -|       0|   1230|    -|
|FIFO             |        -|      -|       -|      -|    -|
|Instance         |        8|    121|   39221|  35832|    0|
|Memory           |        0|      -|     512|     64|    0|
|Multiplexer      |        -|      -|       -|   2418|    -|
|Register         |        -|      -|    1883|      -|    -|
+-----------------+---------+-------+--------+-------+-----+
|Total            |        8|    121|   41616|  39544|    0|
+-----------------+---------+-------+--------+-------+-----+
|Available        |      280|    220|  106400|  53200|    0|
+-----------------+---------+-------+--------+-------+-----+
|Utilization (%)  |        2|     55|      39|     74|    0|
+-----------------+---------+-------+--------+-------+-----+

+ Detail: 
    * Instance: 
    +---------------------------+----------------------+---------+-------+-------+-------+-----+
    |          Instance         |        Module        | BRAM_18K| DSP48E|   FF  |  LUT  | URAM|
    +---------------------------+----------------------+---------+-------+-------+-------+-----+
    |music_faddfsub_32ibs_U148  |music_faddfsub_32ibs  |        0|      2|    205|    390|    0|
    |music_faddfsub_32ibs_U149  |music_faddfsub_32ibs  |        0|      2|    205|    390|    0|
    |music_fdiv_32ns_3ncg_U157  |music_fdiv_32ns_3ncg  |        0|      0|    761|    994|    0|
    |music_fdiv_32ns_3ncg_U158  |music_fdiv_32ns_3ncg  |        0|      0|    761|    994|    0|
    |music_fmul_32ns_3jbC_U151  |music_fmul_32ns_3jbC  |        0|      3|    143|    321|    0|
    |music_fmul_32ns_3jbC_U152  |music_fmul_32ns_3jbC  |        0|      3|    143|    321|    0|
    |music_fmul_32ns_3jbC_U153  |music_fmul_32ns_3jbC  |        0|      3|    143|    321|    0|
    |music_fmul_32ns_3jbC_U154  |music_fmul_32ns_3jbC  |        0|      3|    143|    321|    0|
    |music_fmul_32ns_3jbC_U155  |music_fmul_32ns_3jbC  |        0|      3|    143|    321|    0|
    |music_fmul_32ns_3jbC_U156  |music_fmul_32ns_3jbC  |        0|      3|    143|    321|    0|
    |music_fsqrt_32ns_qcK_U159  |music_fsqrt_32ns_qcK  |        0|      0|    405|    615|    0|
    |music_fsub_32ns_3rcU_U150  |music_fsub_32ns_3rcU  |        0|      2|    205|    390|    0|
    |music_mux_42_32_1_1_U160   |music_mux_42_32_1_1   |        0|      0|      0|     21|    0|
    |grp_qrf_alt_fu_970         |qrf_alt               |        8|     97|  35821|  30112|    0|
    +---------------------------+----------------------+---------+-------+-------+-------+-----+
    |Total                      |                      |        8|    121|  39221|  35832|    0|
    +---------------------------+----------------------+---------+-------+-------+-------+-----+

    * DSP48E: 
    N/A

    * Memory: 
    +------------------+----------------------+---------+----+----+-----+------+-----+------+-------------+
    |      Memory      |        Module        | BRAM_18K| FF | LUT| URAM| Words| Bits| Banks| W*Bits*Banks|
    +------------------+----------------------+---------+----+----+-----+------+-----+------+-------------+
    |Q_temp_M_real_U   |eig_decompose_Q_twdI  |        0|  64|   8|    0|    16|   32|     1|          512|
    |Q_temp_M_imag_U   |eig_decompose_Q_twdI  |        0|  64|   8|    0|    16|   32|     1|          512|
    |R_temp_M_real_U   |eig_decompose_Q_twdI  |        0|  64|   8|    0|    16|   32|     1|          512|
    |R_temp_M_imag_U   |eig_decompose_Q_twdI  |        0|  64|   8|    0|    16|   32|     1|          512|
    |Rx_temp_M_real_U  |eig_decompose_Q_twdI  |        0|  64|   8|    0|    16|   32|     1|          512|
    |Rx_temp_M_imag_U  |eig_decompose_Q_twdI  |        0|  64|   8|    0|    16|   32|     1|          512|
    |eig_mat_M_real_U  |eig_decompose_Q_twdI  |        0|  64|   8|    0|    16|   32|     1|          512|
    |eig_mat_M_imag_U  |eig_decompose_Q_twdI  |        0|  64|   8|    0|    16|   32|     1|          512|
    +------------------+----------------------+---------+----+----+-----+------+-----+------+-------------+
    |Total             |                      |        0| 512|  64|    0|   128|  256|     8|         4096|
    +------------------+----------------------+---------+----+----+-----+------+-----+------+-------------+

    * FIFO: 
    N/A

    * Expression: 
    +--------------------------+----------+-------+---+----+------------+------------+
    |       Variable Name      | Operation| DSP48E| FF| LUT| Bitwidth P0| Bitwidth P1|
    +--------------------------+----------+-------+---+----+------------+------------+
    |add_ln1044_fu_1532_p2     |     +    |      0|  0|  15|           6|           6|
    |add_ln11_1_fu_1194_p2     |     +    |      0|  0|  10|           2|           1|
    |add_ln11_fu_1188_p2       |     +    |      0|  0|  10|           2|           1|
    |add_ln12_1_fu_1232_p2     |     +    |      0|  0|  10|           2|           1|
    |add_ln12_fu_1226_p2       |     +    |      0|  0|  10|           2|           1|
    |add_ln13_1_fu_1270_p2     |     +    |      0|  0|  10|           2|           1|
    |add_ln13_fu_1264_p2       |     +    |      0|  0|  10|           2|           1|
    |add_ln14_1_fu_1308_p2     |     +    |      0|  0|  10|           2|           1|
    |add_ln14_fu_1302_p2       |     +    |      0|  0|  10|           2|           1|
    |add_ln21_fu_1380_p2       |     +    |      0|  0|  15|           6|           6|
    |add_ln34_1_fu_1493_p2     |     +    |      0|  0|  15|           6|           6|
    |add_ln34_fu_1482_p2       |     +    |      0|  0|  15|           6|           6|
    |add_ln36_fu_1443_p2       |     +    |      0|  0|  15|           6|           6|
    |add_ln45_fu_1705_p2       |     +    |      0|  0|  15|           6|           6|
    |add_ln47_fu_1741_p2       |     +    |      0|  0|  15|           6|           6|
    |add_ln54_fu_1813_p2       |     +    |      0|  0|  15|           6|           6|
    |add_ln59_1_fu_1882_p2     |     +    |      0|  0|  15|           6|           6|
    |add_ln59_fu_1877_p2       |     +    |      0|  0|  15|           6|           6|
    |add_ln68_1_fu_1994_p2     |     +    |      0|  0|  15|           6|           6|
    |add_ln68_fu_1983_p2       |     +    |      0|  0|  15|           6|           6|
    |add_ln70_fu_1943_p2       |     +    |      0|  0|  15|           6|           6|
    |add_ln72_fu_1932_p2       |     +    |      0|  0|  15|           6|           6|
    |add_ln76_fu_2067_p2       |     +    |      0|  0|  15|           6|           6|
    |count_fu_1510_p2          |     +    |      0|  0|  12|           3|           1|
    |i_10_fu_1409_p2           |     +    |      0|  0|  12|           3|           1|
    |i_11_fu_1683_p2           |     +    |      0|  0|  12|           3|           1|
    |i_12_fu_1771_p2           |     +    |      0|  0|  10|           2|           1|
    |i_13_fu_2049_p2           |     +    |      0|  0|  12|           3|           1|
    |i_9_fu_1397_p2            |     +    |      0|  0|  13|           4|           1|
    |i_fu_1346_p2              |     +    |      0|  0|  12|           3|           1|
    |j_10_fu_1955_p2           |     +    |      0|  0|  39|          32|           1|
    |j_11_fu_1830_p2           |     +    |      0|  0|  39|          32|           1|
    |j_7_fu_1433_p2            |     +    |      0|  0|  12|           3|           1|
    |j_8_fu_1824_p2            |     +    |      0|  0|  39|           1|          32|
    |j_9_fu_1725_p2            |     +    |      0|  0|  12|           3|           1|
    |j_fu_1370_p2              |     +    |      0|  0|  12|           3|           1|
    |k_fu_1460_p2              |     +    |      0|  0|  12|           3|           1|
    |m_fu_2005_p2              |     +    |      0|  0|  12|           3|           2|
    |q_1_fu_1893_p2            |     +    |      0|  0|  39|           1|          32|
    |icmp_ln11_1_fu_1220_p2    |   icmp   |      0|  0|   8|           2|           2|
    |icmp_ln11_fu_1214_p2      |   icmp   |      0|  0|   8|           2|           2|
    |icmp_ln12_1_fu_1258_p2    |   icmp   |      0|  0|   8|           2|           2|
    |icmp_ln12_fu_1252_p2      |   icmp   |      0|  0|   8|           2|           2|
    |icmp_ln13_1_fu_1296_p2    |   icmp   |      0|  0|   8|           2|           2|
    |icmp_ln13_fu_1290_p2      |   icmp   |      0|  0|   8|           2|           2|
    |icmp_ln14_1_fu_1334_p2    |   icmp   |      0|  0|   8|           2|           2|
    |icmp_ln14_fu_1328_p2      |   icmp   |      0|  0|   8|           2|           2|
    |icmp_ln19_fu_1340_p2      |   icmp   |      0|  0|   9|           3|           4|
    |icmp_ln20_fu_1364_p2      |   icmp   |      0|  0|   9|           3|           4|
    |icmp_ln27_fu_1391_p2      |   icmp   |      0|  0|   9|           4|           4|
    |icmp_ln29_fu_1403_p2      |   icmp   |      0|  0|   9|           3|           4|
    |icmp_ln30_fu_1427_p2      |   icmp   |      0|  0|   9|           3|           4|
    |icmp_ln33_fu_1454_p2      |   icmp   |      0|  0|   9|           3|           4|
    |icmp_ln40_fu_1504_p2      |   icmp   |      0|  0|   9|           3|           4|
    |icmp_ln41_1_fu_1601_p2    |   icmp   |      0|  0|   8|           2|           1|
    |icmp_ln41_2_fu_1615_p2    |   icmp   |      0|  0|   9|           2|           3|
    |icmp_ln41_fu_1587_p2      |   icmp   |      0|  0|   8|           2|           1|
    |icmp_ln42_fu_1677_p2      |   icmp   |      0|  0|   9|           3|           4|
    |icmp_ln43_fu_1719_p2      |   icmp   |      0|  0|   9|           3|           4|
    |icmp_ln44_fu_1731_p2      |   icmp   |      0|  0|   9|           3|           3|
    |icmp_ln51_fu_1765_p2      |   icmp   |      0|  0|   8|           2|           2|
    |icmp_ln53_fu_1803_p2      |   icmp   |      0|  0|  18|          32|           3|
    |icmp_ln56_fu_1836_p2      |   icmp   |      0|  0|  18|          32|           2|
    |icmp_ln58_fu_1867_p2      |   icmp   |      0|  0|  18|          32|           3|
    |icmp_ln67_fu_1961_p2      |   icmp   |      0|  0|  18|          32|           2|
    |icmp_ln75_fu_2043_p2      |   icmp   |      0|  0|   9|           3|           4|
    |eigval_0_1_fu_1669_p3     |  select  |      0|  0|  32|           1|          32|
    |eigval_1_1_fu_1645_p3     |  select  |      0|  0|  32|           1|          32|
    |eigval_2_1_fu_1629_p3     |  select  |      0|  0|  32|           1|          32|
    |eigval_3_1_fu_1621_p3     |  select  |      0|  0|  32|           1|          32|
    |select_ln41_1_fu_1607_p3  |  select  |      0|  0|  32|           1|          32|
    |select_ln41_2_fu_1637_p3  |  select  |      0|  0|  32|           1|          32|
    |select_ln41_3_fu_1653_p3  |  select  |      0|  0|  32|           1|          32|
    |select_ln41_4_fu_1661_p3  |  select  |      0|  0|  32|           1|          32|
    |select_ln41_fu_1593_p3    |  select  |      0|  0|  32|           1|          32|
    |xor_ln1067_fu_1567_p2     |    xor   |      0|  0|   4|           3|           4|
    |xor_ln444_1_fu_2031_p2    |    xor   |      0|  0|  33|          32|          33|
    |xor_ln444_fu_2015_p2      |    xor   |      0|  0|  33|          32|          33|
    +--------------------------+----------+-------+---+----+------------+------------+
    |Total                     |          |      0|  0|1230|         470|         611|
    +--------------------------+----------+-------+---+----+------------+------------+

    * Multiplexer: 
    +-------------------------------+-----+-----------+-----+-----------+
    |              Name             | LUT | Input Size| Bits| Total Bits|
    +-------------------------------+-----+-----------+-----+-----------+
    |Q_temp_M_imag_address0         |   21|          4|    4|         16|
    |Q_temp_M_imag_ce0              |   15|          3|    1|          3|
    |Q_temp_M_imag_d0               |   15|          3|   32|         96|
    |Q_temp_M_imag_we0              |   15|          3|    1|          3|
    |Q_temp_M_real_address0         |   21|          4|    4|         16|
    |Q_temp_M_real_ce0              |   15|          3|    1|          3|
    |Q_temp_M_real_d0               |   15|          3|   32|         96|
    |Q_temp_M_real_we0              |   15|          3|    1|          3|
    |R_temp_M_imag_address0         |   21|          4|    4|         16|
    |R_temp_M_imag_ce0              |   15|          3|    1|          3|
    |R_temp_M_imag_d0               |   15|          3|   32|         96|
    |R_temp_M_imag_we0              |   15|          3|    1|          3|
    |R_temp_M_real_address0         |   21|          4|    4|         16|
    |R_temp_M_real_ce0              |   15|          3|    1|          3|
    |R_temp_M_real_d0               |   15|          3|   32|         96|
    |R_temp_M_real_we0              |   15|          3|    1|          3|
    |Rx_M_imag_address0             |   21|          4|    4|         16|
    |Rx_M_real_address0             |   21|          4|    4|         16|
    |Rx_temp_M_imag_address0        |   59|         14|    4|         56|
    |Rx_temp_M_imag_d0              |   33|          6|   32|        192|
    |Rx_temp_M_real_address0        |   59|         14|    4|         56|
    |Rx_temp_M_real_d0              |   33|          6|   32|        192|
    |U_M_imag_address0              |   38|          7|    4|         28|
    |U_M_imag_d0                    |   15|          3|   32|         96|
    |U_M_real_address0              |   38|          7|    4|         28|
    |U_M_real_d0                    |   21|          4|   32|        128|
    |ap_NS_fsm                      |  861|        199|    1|        199|
    |ap_return_0                    |    9|          2|   32|         64|
    |ap_return_1                    |    9|          2|   32|         64|
    |ap_return_2                    |    9|          2|   32|         64|
    |ap_return_3                    |    9|          2|   32|         64|
    |complex_M_imag_read_3_reg_926  |    9|          2|   32|         64|
    |complex_M_imag_read_reg_751    |    9|          2|   32|         64|
    |complex_M_real_read_3_reg_938  |    9|          2|   32|         64|
    |complex_M_real_read_reg_764    |    9|          2|   32|         64|
    |count_0_reg_828                |    9|          2|    3|          6|
    |eig_mat_M_imag_address0        |   27|          5|    4|         20|
    |eig_mat_M_imag_ce0             |   15|          3|    1|          3|
    |eig_mat_M_imag_d0              |   21|          4|   32|        128|
    |eig_mat_M_real_address0        |   33|          6|    4|         24|
    |eig_mat_M_real_ce0             |   15|          3|    1|          3|
    |eig_mat_M_real_d0              |   21|          4|   32|        128|
    |eigval_0_0_reg_788             |    9|          2|   32|         64|
    |eigval_1_0_reg_798             |    9|          2|   32|         64|
    |eigval_2_0_reg_808             |    9|          2|   32|         64|
    |eigval_3_0_reg_818             |    9|          2|   32|         64|
    |grp_fu_1006_p0                 |   41|          8|   32|        256|
    |grp_fu_1006_p1                 |   38|          7|   32|        224|
    |grp_fu_1012_p0                 |   38|          7|   32|        224|
    |grp_fu_1012_p1                 |   38|          7|   32|        224|
    |grp_fu_1018_p0                 |   33|          6|   32|        192|
    |grp_fu_1018_p1                 |   33|          6|   32|        192|
    |grp_fu_1024_p0                 |   33|          6|   32|        192|
    |grp_fu_1024_p1                 |   33|          6|   32|        192|
    |grp_fu_1060_p0                 |   15|          3|   32|         96|
    |grp_fu_1060_p1                 |   15|          3|   32|         96|
    |grp_fu_1065_p0                 |   15|          3|   32|         96|
    |grp_fu_1065_p1                 |   15|          3|   32|         96|
    |grp_fu_988_opcode              |   15|          3|    2|          6|
    |grp_fu_988_p0                  |   38|          7|   32|        224|
    |grp_fu_988_p1                  |   33|          6|   32|        192|
    |grp_fu_992_opcode              |   15|          3|    2|          6|
    |grp_fu_992_p0                  |   27|          5|   32|        160|
    |grp_fu_992_p1                  |   15|          3|   32|         96|
    |i16_0_reg_718                  |    9|          2|    4|          8|
    |i17_0_reg_729                  |    9|          2|    3|          6|
    |i19_0_reg_840                  |    9|          2|    3|          6|
    |i25_0_reg_959                  |    9|          2|    3|          6|
    |i_0_reg_696                    |    9|          2|    3|          6|
    |j18_0_reg_740                  |    9|          2|    3|          6|
    |j20_0_reg_852                  |    9|          2|    3|          6|
    |j22_0_reg_875                  |    9|          2|   32|         64|
    |j23_0_in_reg_884               |    9|          2|   32|         64|
    |j24_0_in_reg_950               |    9|          2|   32|         64|
    |j_0_reg_707                    |    9|          2|    3|          6|
    |j_12_reg_863                   |    9|          2|    2|          4|
    |k_0_reg_777                    |    9|          2|    3|          6|
    |m_0_reg_914                    |    9|          2|    3|          6|
    |p_x_assign_reg_902             |    9|          2|   32|         64|
    |phi_ln11_1_reg_616             |    9|          2|    2|          4|
    |phi_ln11_reg_604               |    9|          2|    2|          4|
    |phi_ln12_1_reg_639             |    9|          2|    2|          4|
    |phi_ln12_reg_627               |    9|          2|    2|          4|
    |phi_ln13_1_reg_662             |    9|          2|    2|          4|
    |phi_ln13_reg_650               |    9|          2|    2|          4|
    |phi_ln14_1_reg_685             |    9|          2|    2|          4|
    |phi_ln14_reg_673               |    9|          2|    2|          4|
    |q_0_reg_893                    |    9|          2|   32|         64|
    +-------------------------------+-----+-----------+-----+-----------+
    |Total                          | 2418|        511| 1491|       5741|
    +-------------------------------+-----+-----------+-----+-----------+

    * Register: 
    +---------------------------------+-----+----+-----+-----------+
    |               Name              |  FF | LUT| Bits| Const Bits|
    +---------------------------------+-----+----+-----+-----------+
    |Rx_temp_M_imag_addr_3_reg_2387   |    4|   0|    4|          0|
    |Rx_temp_M_imag_addr_5_reg_2474   |    4|   0|    4|          0|
    |Rx_temp_M_imag_addr_6_reg_2573   |    4|   0|    4|          0|
    |Rx_temp_M_imag_addr_9_reg_2540   |    4|   0|    4|          0|
    |Rx_temp_M_real_addr_3_reg_2382   |    4|   0|    4|          0|
    |Rx_temp_M_real_addr_5_reg_2469   |    4|   0|    4|          0|
    |Rx_temp_M_real_addr_6_reg_2568   |    4|   0|    4|          0|
    |Rx_temp_M_real_addr_9_reg_2535   |    4|   0|    4|          0|
    |U_M_imag_addr_2_reg_2325         |    4|   0|    4|          0|
    |U_M_imag_addr_3_reg_2563         |    4|   0|    4|          0|
    |U_M_imag_addr_5_reg_2680         |    4|   0|    4|          0|
    |U_M_real_addr_2_reg_2320         |    4|   0|    4|          0|
    |U_M_real_addr_3_reg_2558         |    4|   0|    4|          0|
    |U_M_real_addr_5_reg_2675         |    4|   0|    4|          0|
    |add_ln11_reg_2098                |    2|   0|    2|          0|
    |add_ln12_reg_2114                |    2|   0|    2|          0|
    |add_ln13_reg_2130                |    2|   0|    2|          0|
    |add_ln14_reg_2146                |    2|   0|    2|          0|
    |add_ln59_reg_2515                |    6|   0|    6|          0|
    |ap_CS_fsm                        |  198|   0|  198|          0|
    |ap_return_0_preg                 |   32|   0|   32|          0|
    |ap_return_1_preg                 |   32|   0|   32|          0|
    |ap_return_2_preg                 |   32|   0|   32|          0|
    |ap_return_3_preg                 |   32|   0|   32|          0|
    |complex_M_imag_read_3_reg_926    |   32|   0|   32|          0|
    |complex_M_imag_read_reg_751      |   32|   0|   32|          0|
    |complex_M_real_read_3_reg_938    |   32|   0|   32|          0|
    |complex_M_real_read_reg_764      |   32|   0|   32|          0|
    |count_0_reg_828                  |    3|   0|    3|          0|
    |count_reg_2303                   |    3|   0|    3|          0|
    |eig_mat_M_imag_addr_2_reg_2243   |    4|   0|    4|          0|
    |eig_mat_M_real_addr_3_reg_2238   |    4|   0|    4|          0|
    |eigval_0_0_reg_788               |   32|   0|   32|          0|
    |eigval_0_1_reg_2353              |   32|   0|   32|          0|
    |eigval_1_0_reg_798               |   32|   0|   32|          0|
    |eigval_1_1_reg_2347              |   32|   0|   32|          0|
    |eigval_2_0_reg_808               |   32|   0|   32|          0|
    |eigval_2_1_reg_2341              |   32|   0|   32|          0|
    |eigval_3_0_reg_818               |   32|   0|   32|          0|
    |eigval_3_1_reg_2335              |   32|   0|   32|          0|
    |grp_qrf_alt_fu_970_ap_start_reg  |    1|   0|    1|          0|
    |i16_0_reg_718                    |    4|   0|    4|          0|
    |i17_0_reg_729                    |    3|   0|    3|          0|
    |i19_0_reg_840                    |    3|   0|    3|          0|
    |i25_0_reg_959                    |    3|   0|    3|          0|
    |i_0_reg_696                      |    3|   0|    3|          0|
    |i_10_reg_2214                    |    3|   0|    3|          0|
    |i_11_reg_2362                    |    3|   0|    3|          0|
    |i_12_reg_2445                    |    2|   0|    2|          0|
    |i_13_reg_2670                    |    3|   0|    3|          0|
    |i_9_reg_2206                     |    4|   0|    4|          0|
    |i_reg_2165                       |    3|   0|    3|          0|
    |icmp_ln44_reg_2410               |    1|   0|    1|          0|
    |j18_0_reg_740                    |    3|   0|    3|          0|
    |j20_0_reg_852                    |    3|   0|    3|          0|
    |j22_0_reg_875                    |   32|   0|   32|          0|
    |j23_0_in_reg_884                 |   32|   0|   32|          0|
    |j24_0_in_reg_950                 |   32|   0|   32|          0|
    |j_0_reg_707                      |    3|   0|    3|          0|
    |j_10_reg_2578                    |   32|   0|   32|          0|
    |j_11_reg_2484                    |   32|   0|   32|          0|
    |j_12_reg_863                     |    2|   0|    2|          0|
    |j_7_reg_2228                     |    3|   0|    3|          0|
    |j_8_reg_2479                     |   32|   0|   32|          0|
    |j_9_reg_2405                     |    3|   0|    3|          0|
    |j_reg_2178                       |    3|   0|    3|          0|
    |k_0_reg_777                      |    3|   0|    3|          0|
    |k_reg_2251                       |    3|   0|    3|          0|
    |m_0_reg_914                      |    3|   0|    3|          0|
    |m_reg_2606                       |    3|   0|    3|          0|
    |midsum_reg_2660                  |   32|   0|   32|          0|
    |p_r_M_imag_11_reg_2397           |   32|   0|   32|          0|
    |p_r_M_real_11_reg_2392           |   32|   0|   32|          0|
    |p_x_assign_reg_902               |   32|   0|   32|          0|
    |p_y_read_assign_reg_2430         |   32|   0|   32|          0|
    |phi_ln11_1_reg_616               |    2|   0|    2|          0|
    |phi_ln11_reg_604                 |    2|   0|    2|          0|
    |phi_ln12_1_reg_639               |    2|   0|    2|          0|
    |phi_ln12_reg_627                 |    2|   0|    2|          0|
    |phi_ln13_1_reg_662               |    2|   0|    2|          0|
    |phi_ln13_reg_650                 |    2|   0|    2|          0|
    |phi_ln14_1_reg_685               |    2|   0|    2|          0|
    |phi_ln14_reg_673                 |    2|   0|    2|          0|
    |q_0_reg_893                      |   32|   0|   32|          0|
    |q_1_reg_2530                     |   32|   0|   32|          0|
    |reg_1078                         |   32|   0|   32|          0|
    |reg_1083                         |   32|   0|   32|          0|
    |reg_1088                         |   32|   0|   32|          0|
    |reg_1093                         |   32|   0|   32|          0|
    |reg_1098                         |   32|   0|   32|          0|
    |reg_1104                         |   32|   0|   32|          0|
    |reg_1113                         |   32|   0|   32|          0|
    |reg_1129                         |   32|   0|   32|          0|
    |reg_1139                         |   32|   0|   32|          0|
    |reg_1149                         |   32|   0|   32|          0|
    |reg_1158                         |   32|   0|   32|          0|
    |reg_1167                         |   32|   0|   32|          0|
    |sext_ln57_cast_reg_2507          |    4|   0|    6|          2|
    |sext_ln72_reg_2553               |    4|   0|    6|          2|
    |sum_M_imag_reg_2649              |   32|   0|   32|          0|
    |sum_M_real_reg_2643              |   32|   0|   32|          0|
    |tmp_7_i_i_reg_2628               |   32|   0|   32|          0|
    |tmp_8_i_i_reg_2633               |   32|   0|   32|          0|
    |tmp_9_i_i_reg_2638               |   32|   0|   32|          0|
    |trunc_ln41_reg_2330              |    2|   0|    2|          0|
    |trunc_ln57_reg_2492              |    4|   0|    4|          0|
    |zext_ln1067_reg_2308             |    3|   0|    6|          3|
    |zext_ln20_reg_2170               |    3|   0|    6|          3|
    |zext_ln21_1_reg_2183             |    6|   0|   64|         58|
    |zext_ln30_reg_2219               |    3|   0|    6|          3|
    |zext_ln36_reg_2233               |    3|   0|    6|          3|
    |zext_ln45_1_reg_2367             |    3|   0|    6|          3|
    |zext_ln47_1_reg_2414             |    6|   0|   64|         58|
    |zext_ln51_reg_2435               |    2|   0|   32|         30|
    |zext_ln52_reg_2460               |    2|   0|    6|          4|
    +---------------------------------+-----+----+-----+-----------+
    |Total                            | 1883|   0| 2052|        169|
    +---------------------------------+-----+----+-----+-----------+



================================================================
== Interface
================================================================
* Summary: 
+--------------------+-----+-----+------------+---------------+--------------+
|      RTL Ports     | Dir | Bits|  Protocol  | Source Object |    C Type    |
+--------------------+-----+-----+------------+---------------+--------------+
|ap_clk              |  in |    1| ap_ctrl_hs | eig_decompose | return value |
|ap_rst              |  in |    1| ap_ctrl_hs | eig_decompose | return value |
|ap_start            |  in |    1| ap_ctrl_hs | eig_decompose | return value |
|ap_done             | out |    1| ap_ctrl_hs | eig_decompose | return value |
|ap_idle             | out |    1| ap_ctrl_hs | eig_decompose | return value |
|ap_ready            | out |    1| ap_ctrl_hs | eig_decompose | return value |
|ap_return_0         | out |   32| ap_ctrl_hs | eig_decompose | return value |
|ap_return_1         | out |   32| ap_ctrl_hs | eig_decompose | return value |
|ap_return_2         | out |   32| ap_ctrl_hs | eig_decompose | return value |
|ap_return_3         | out |   32| ap_ctrl_hs | eig_decompose | return value |
|Rx_M_real_address0  | out |    4|  ap_memory |   Rx_M_real   |     array    |
|Rx_M_real_ce0       | out |    1|  ap_memory |   Rx_M_real   |     array    |
|Rx_M_real_q0        |  in |   32|  ap_memory |   Rx_M_real   |     array    |
|Rx_M_imag_address0  | out |    4|  ap_memory |   Rx_M_imag   |     array    |
|Rx_M_imag_ce0       | out |    1|  ap_memory |   Rx_M_imag   |     array    |
|Rx_M_imag_q0        |  in |   32|  ap_memory |   Rx_M_imag   |     array    |
|U_M_real_address0   | out |    4|  ap_memory |    U_M_real   |     array    |
|U_M_real_ce0        | out |    1|  ap_memory |    U_M_real   |     array    |
|U_M_real_we0        | out |    1|  ap_memory |    U_M_real   |     array    |
|U_M_real_d0         | out |   32|  ap_memory |    U_M_real   |     array    |
|U_M_real_q0         |  in |   32|  ap_memory |    U_M_real   |     array    |
|U_M_imag_address0   | out |    4|  ap_memory |    U_M_imag   |     array    |
|U_M_imag_ce0        | out |    1|  ap_memory |    U_M_imag   |     array    |
|U_M_imag_we0        | out |    1|  ap_memory |    U_M_imag   |     array    |
|U_M_imag_d0         | out |   32|  ap_memory |    U_M_imag   |     array    |
|U_M_imag_q0         |  in |   32|  ap_memory |    U_M_imag   |     array    |
|eigval_0_read       |  in |   32|   ap_none  | eigval_0_read |    scalar    |
|eigval_1_read       |  in |   32|   ap_none  | eigval_1_read |    scalar    |
|eigval_2_read       |  in |   32|   ap_none  | eigval_2_read |    scalar    |
|eigval_3_read       |  in |   32|   ap_none  | eigval_3_read |    scalar    |
+--------------------+-----+-----+------------+---------------+--------------+

