

================================================================
== Vivado HLS Report for 'music'
================================================================
* Date:           Thu Jul 30 14:37:39 2020

* Version:        2019.1 (Build 2552052 on Fri May 24 15:28:33 MDT 2019)
* Project:        DOA_Estimation_proj
* Solution:       solution1
* Product family: zynq
* Target device:  xc7z020-clg400-1


================================================================
== Performance Estimates
================================================================
+ Timing (ns): 
    * Summary: 
    +--------+-------+----------+------------+
    |  Clock | Target| Estimated| Uncertainty|
    +--------+-------+----------+------------+
    |ap_clk  |  10.00|     9.195|        1.25|
    +--------+-------+----------+------------+

+ Latency (clock cycles): 
    * Summary: 
    +-----+-----+-----+-----+---------+
    |  Latency  |  Interval | Pipeline|
    | min | max | min | max |   Type  |
    +-----+-----+-----+-----+---------+
    |    ?|    ?|    ?|    ?|   none  |
    +-----+-----+-----+-----+---------+

    + Detail: 
        * Instance: 
        +---------------------------------+---------------------+-------+-------+-------+-------+---------+
        |                                 |                     |    Latency    |    Interval   | Pipeline|
        |             Instance            |        Module       |  min  |  max  |  min  |  max  |   Type  |
        +---------------------------------+---------------------+-------+-------+-------+-------+---------+
        |grp_eig_decompose_fu_1399        |eig_decompose        |  19613|  24545|  19613|  24545|   none  |
        |grp_fft_fu_1419                  |fft                  |      ?|      ?|      ?|      ?|   none  |
        |grp_sin_or_cos_double_s_fu_1433  |sin_or_cos_double_s  |     43|     51|     43|     51|   none  |
        |grp_sin_or_cos_double_s_fu_1453  |sin_or_cos_double_s  |     43|     51|     43|     51|   none  |
        |grp_Autocorrelation_fu_1472      |Autocorrelation      |   2985|   2985|   2985|   2985|   none  |
        |grp_sort_eigval_fu_1480          |sort_eigval          |     24|     42|     24|     42|   none  |
        +---------------------------------+---------------------+-------+-------+-------+-------+---------+

        * Loop: 
        +----------------------+-----------+-----------+-----------------+-----------+-----------+------+----------+
        |                      |        Latency        |    Iteration    |  Initiation Interval  | Trip |          |
        |       Loop Name      |    min    |    max    |     Latency     |  achieved |   target  | Count| Pipelined|
        +----------------------+-----------+-----------+-----------------+-----------+-----------+------+----------+
        |- Loop 1              |      52223|      52223|               51|          -|          -|  1024|    no    |
        | + Loop 1.1           |         49|         49|                5|          -|          -|    10|    no    |
        |  ++ Loop 1.1.1       |          3|          3|                1|          -|          -|     4|    no    |
        |- Loop 2              |         49|         49|                5|          -|          -|    10|    no    |
        | + Loop 2.1           |          3|          3|                1|          -|          -|     4|    no    |
        |- Loop 3              |         19|         19|                5|          -|          -|     4|    no    |
        | + Loop 3.1           |          3|          3|                1|          -|          -|     4|    no    |
        |- Loop 4              |         19|         19|                5|          -|          -|     4|    no    |
        | + Loop 4.1           |          3|          3|                1|          -|          -|     4|    no    |
        |- Loop 5              |         11|         11|                3|          -|          -|     4|    no    |
        | + Loop 5.1           |          1|          1|                1|          -|          -|     2|    no    |
        |- Loop 6              |         19|         19|                5|          -|          -|     4|    no    |
        | + Loop 6.1           |          3|          3|                1|          -|          -|     4|    no    |
        |- Loop 7              |       1804|       1804|                5|          -|          -|   361|    no    |
        | + Loop 7.1           |          3|          3|                1|          -|          -|     4|    no    |
        |- Loop 8              |        360|        360|                1|          -|          -|   361|    no    |
        |- Loop 9              |       1447|       1447|              362|          -|          -|     4|    no    |
        | + Loop 9.1           |        360|        360|                1|          -|          -|   361|    no    |
        |- Loop 10             |          ?|          ?|                ?|          -|          -|    10|    no    |
        | + Loop 10.1          |          ?|          ?|                ?|          -|          -|     4|    no    |
        |  ++ Loop 10.1.1      |       2048|       2048|                2|          -|          -|  1024|    no    |
        |  ++ Loop 10.1.2      |       2048|       2048|                2|          -|          -|  1024|    no    |
        |- Loop 11             |  416854016|  445581312| 407084 ~ 435138 |          -|          -|  1024|    no    |
        | + Loop 11.1          |        100|        100|               10|          -|          -|    10|    no    |
        |  ++ Loop 11.1.1      |          8|          8|                2|          -|          -|     4|    no    |
        | + Loop 11.2          |         40|         40|               10|          -|          -|     4|    no    |
        |  ++ Loop 11.2.1      |          8|          8|                2|          -|          -|     4|    no    |
        | + Loop 11.3          |     242600|     265704|  60650 ~ 66426  |          -|          -|     4|    no    |
        |  ++ Loop 11.3.1      |      60648|      66424|    168 ~ 184    |          -|          -|   361|    no    |
        | + Loop 11.4          |        552|        552|              138|          -|          -|     4|    no    |
        |  ++ Loop 11.4.1      |        136|        136|               34|          -|          -|     4|    no    |
        |   +++ Loop 11.4.1.1  |         32|         32|               16|          -|          -|     2|    no    |
        | + Loop 11.5          |      96026|      96026|              266|          -|          -|   361|    no    |
        |  ++ Loop 11.5.1      |        264|        264|               66|          -|          -|     4|    no    |
        |   +++ Loop 11.5.1.1  |         64|         64|               16|          -|          -|     4|    no    |
        | + Loop 11.6          |      45125|      45125|              125|          -|          -|   361|    no    |
        |  ++ Loop 11.6.1      |        116|        116|               29|          -|          -|     4|    no    |
        |- Loop 12             |       6859|       6859|               19|          -|          -|   361|    no    |
        +----------------------+-----------+-----------+-----------------+-----------+-----------+------+----------+



================================================================
== Utilization Estimates
================================================================
* Summary: 
+-----------------+---------+-------+--------+-------+-----+
|       Name      | BRAM_18K| DSP48E|   FF   |  LUT  | URAM|
+-----------------+---------+-------+--------+-------+-----+
|DSP              |        -|      -|       -|      -|    -|
|Expression       |        -|      -|       0|   1410|    -|
|FIFO             |        -|      -|       -|      -|    -|
|Instance         |       24|    382|   69732|  78845|    0|
|Memory           |      285|      -|     512|     56|    0|
|Multiplexer      |        -|      -|       -|   2917|    -|
|Register         |        -|      -|    2526|      -|    -|
+-----------------+---------+-------+--------+-------+-----+
|Total            |      309|    382|   72770|  83228|    0|
+-----------------+---------+-------+--------+-------+-----+
|Available        |      280|    220|  106400|  53200|    0|
+-----------------+---------+-------+--------+-------+-----+
|Utilization (%)  |      110|    173|      68|    156|    0|
+-----------------+---------+-------+--------+-------+-----+

+ Detail: 
    * Instance: 
    +---------------------------------+----------------------+---------+-------+-------+-------+-----+
    |             Instance            |        Module        | BRAM_18K| DSP48E|   FF  |  LUT  | URAM|
    +---------------------------------+----------------------+---------+-------+-------+-------+-----+
    |grp_Autocorrelation_fu_1472      |Autocorrelation       |        0|     16|   2968|   4642|    0|
    |grp_eig_decompose_fu_1399        |eig_decompose         |        8|    121|  41616|  39544|    0|
    |grp_fft_fu_1419                  |fft                   |        0|     42|   9057|  13034|    0|
    |music_ddiv_64ns_6lbW_U236        |music_ddiv_64ns_6lbW  |        0|      0|   3211|   3658|    0|
    |music_dmul_64ns_6VhK_U235        |music_dmul_64ns_6VhK  |        0|     11|    317|    578|    0|
    |music_faddfsub_32ibs_U225        |music_faddfsub_32ibs  |        0|      2|    205|    390|    0|
    |music_faddfsub_32ibs_U226        |music_faddfsub_32ibs  |        0|      2|    205|    390|    0|
    |music_fdiv_32ns_3ncg_U231        |music_fdiv_32ns_3ncg  |        0|      0|    761|    994|    0|
    |music_fmul_32ns_3jbC_U227        |music_fmul_32ns_3jbC  |        0|      3|    143|    321|    0|
    |music_fmul_32ns_3jbC_U228        |music_fmul_32ns_3jbC  |        0|      3|    143|    321|    0|
    |music_fmul_32ns_3jbC_U229        |music_fmul_32ns_3jbC  |        0|      3|    143|    321|    0|
    |music_fmul_32ns_3jbC_U230        |music_fmul_32ns_3jbC  |        0|      3|    143|    321|    0|
    |music_fpext_32ns_UhA_U234        |music_fpext_32ns_UhA  |        0|      0|    100|    138|    0|
    |music_fptrunc_64nkbM_U232        |music_fptrunc_64nkbM  |        0|      0|    128|    277|    0|
    |music_fptrunc_64nkbM_U233        |music_fptrunc_64nkbM  |        0|      0|    128|    277|    0|
    |music_mux_42_32_1_1_U237         |music_mux_42_32_1_1   |        0|      0|      0|     21|    0|
    |music_mux_42_32_1_1_U238         |music_mux_42_32_1_1   |        0|      0|      0|     21|    0|
    |grp_sin_or_cos_double_s_fu_1433  |sin_or_cos_double_s   |        8|     88|   4885|   6309|    0|
    |grp_sin_or_cos_double_s_fu_1453  |sin_or_cos_double_s   |        8|     88|   4885|   6309|    0|
    |grp_sort_eigval_fu_1480          |sort_eigval           |        0|      0|    694|    979|    0|
    +---------------------------------+----------------------+---------+-------+-------+-------+-----+
    |Total                            |                      |       24|    382|  69732|  78845|    0|
    +---------------------------------+----------------------+---------+-------+-------+-------+-----+

    * DSP48E: 
    N/A

    * Memory: 
    +-----------------------+----------------------+---------+----+----+-----+-------+-----+------+-------------+
    |         Memory        |        Module        | BRAM_18K| FF | LUT| URAM| Words | Bits| Banks| W*Bits*Banks|
    +-----------------------+----------------------+---------+----+----+-----+-------+-----+------+-------------+
    |Rx_M_real_U            |eig_decompose_Q_twdI  |        0|  64|   8|    0|     16|   32|     1|          512|
    |Rx_M_imag_U            |eig_decompose_Q_twdI  |        0|  64|   8|    0|     16|   32|     1|          512|
    |U_M_real_U             |eig_decompose_Q_twdI  |        0|  64|   8|    0|     16|   32|     1|          512|
    |U_M_imag_U             |eig_decompose_Q_twdI  |        0|  64|   8|    0|     16|   32|     1|          512|
    |UU_M_real_U            |eig_decompose_Q_twdI  |        0|  64|   8|    0|     16|   32|     1|          512|
    |UU_M_imag_U            |eig_decompose_Q_twdI  |        0|  64|   8|    0|     16|   32|     1|          512|
    |AUU_M_real_U           |music_AUU_M_real      |        4|   0|   0|    0|   1444|   32|     1|        46208|
    |AUU_M_imag_U           |music_AUU_M_real      |        4|   0|   0|    0|   1444|   32|     1|        46208|
    |a_theta_M_real_U       |music_AUU_M_real      |        4|   0|   0|    0|   1444|   32|     1|        46208|
    |a_theta_M_imag_U       |music_AUU_M_real      |        4|   0|   0|    0|   1444|   32|     1|        46208|
    |Autocorr_Buffer_M_r_U  |music_Autocorr_BuQgW  |        2|   0|   0|    0|     40|   32|     1|         1280|
    |Autocorr_Buffer_M_i_U  |music_Autocorr_BuQgW  |        2|   0|   0|    0|     40|   32|     1|         1280|
    |FFT_Buffer_re_U        |music_FFT_Buffer_re   |        2|   0|   0|    0|   1024|   32|     1|        32768|
    |FFT_Buffer_im_U        |music_FFT_Buffer_re   |        2|   0|   0|    0|   1024|   32|     1|        32768|
    |Un_M_real_U            |music_Un_M_real       |        0|  64|   4|    0|      8|   32|     1|          256|
    |Un_M_imag_U            |music_Un_M_real       |        0|  64|   4|    0|      8|   32|     1|          256|
    |Xj_f_M_real_U          |music_Xj_f_M_real     |      128|   0|   0|    0|  40960|   32|     1|      1310720|
    |Xj_f_M_imag_U          |music_Xj_f_M_real     |      128|   0|   0|    0|  40960|   32|     1|      1310720|
    |fc_U                   |music_fc              |        2|   0|   0|    0|   1024|   32|     1|        32768|
    |theta_U                |music_theta           |        1|   0|   0|    0|    361|   32|     1|        11552|
    |w_M_real_U             |music_w_M_real        |        1|   0|   0|    0|    361|   32|     1|        11552|
    |w_M_imag_U             |music_w_M_real        |        1|   0|   0|    0|    361|   32|     1|        11552|
    +-----------------------+----------------------+---------+----+----+-----+-------+-----+------+-------------+
    |Total                  |                      |      285| 512|  56|    0|  92043|  704|    22|      2945376|
    +-----------------------+----------------------+---------+----+----+-----+-------+-----+------+-------------+

    * FIFO: 
    N/A

    * Expression: 
    +-----------------------------------+----------+-------+---+----+------------+------------+
    |           Variable Name           | Operation| DSP48E| FF| LUT| Bitwidth P0| Bitwidth P1|
    +-----------------------------------+----------+-------+---+----+------------+------------+
    |add_ln1027_1_fu_1703_p2            |     +    |      0|  0|  19|          14|          14|
    |add_ln1027_2_fu_2007_p2            |     +    |      0|  0|  13|          11|          11|
    |add_ln1027_fu_1687_p2              |     +    |      0|  0|  19|          14|          14|
    |add_ln199_1_fu_1693_p2             |     +    |      0|  0|  13|           4|           1|
    |add_ln199_2_fu_1708_p2             |     +    |      0|  0|  10|           2|           1|
    |add_ln199_fu_1657_p2               |     +    |      0|  0|  14|          10|           1|
    |add_ln200_1_fu_1751_p2             |     +    |      0|  0|  10|           2|           1|
    |add_ln200_fu_1745_p2               |     +    |      0|  0|  13|           4|           1|
    |add_ln201_1_fu_1789_p2             |     +    |      0|  0|  10|           2|           1|
    |add_ln201_fu_1783_p2               |     +    |      0|  0|  10|           2|           1|
    |add_ln202_1_fu_1827_p2             |     +    |      0|  0|  10|           2|           1|
    |add_ln202_fu_1821_p2               |     +    |      0|  0|  10|           2|           1|
    |add_ln203_fu_1859_p2               |     +    |      0|  0|  10|           2|           1|
    |add_ln204_1_fu_1897_p2             |     +    |      0|  0|  10|           2|           1|
    |add_ln204_fu_1891_p2               |     +    |      0|  0|  10|           2|           1|
    |add_ln205_1_fu_1935_p2             |     +    |      0|  0|  10|           2|           1|
    |add_ln205_fu_1929_p2               |     +    |      0|  0|  15|           9|           1|
    |add_ln206_fu_1967_p2               |     +    |      0|  0|  15|           9|           1|
    |add_ln207_1_fu_1997_p2             |     +    |      0|  0|  15|           9|           1|
    |add_ln207_2_fu_1985_p2             |     +    |      0|  0|  13|          11|           9|
    |add_ln207_fu_1991_p2               |     +    |      0|  0|  10|           2|           1|
    |add_ln230_1_fu_2104_p2             |     +    |      0|  0|  24|          17|          17|
    |add_ln230_fu_2087_p2               |     +    |      0|  0|  19|          14|          14|
    |add_ln235_1_fu_2168_p2             |     +    |      0|  0|  15|          15|          15|
    |add_ln235_2_fu_2181_p2             |     +    |      0|  0|  24|          17|          17|
    |add_ln235_fu_2162_p2               |     +    |      0|  0|  15|          15|          15|
    |add_ln244_1_fu_2253_p2             |     +    |      0|  0|  21|          15|          15|
    |add_ln244_2_fu_2298_p2             |     +    |      0|  0|  24|          17|          17|
    |add_ln244_3_fu_2309_p2             |     +    |      0|  0|  15|           7|           7|
    |add_ln244_fu_2231_p2               |     +    |      0|  0|  21|          15|          15|
    |add_ln253_fu_2497_p2               |     +    |      0|  0|  15|           6|           6|
    |add_ln260_fu_2534_p2               |     +    |      0|  0|  13|          11|           9|
    |add_ln262_fu_2577_p2               |     +    |      0|  0|  13|          11|          11|
    |add_ln271_1_fu_2713_p2             |     +    |      0|  0|  15|           5|           5|
    |add_ln271_fu_2708_p2               |     +    |      0|  0|  15|           5|           5|
    |add_ln273_fu_2681_p2               |     +    |      0|  0|  15|           6|           6|
    |add_ln281_1_fu_2839_p2             |     +    |      0|  0|  13|          11|          11|
    |add_ln281_2_fu_2833_p2             |     +    |      0|  0|  13|          11|           9|
    |add_ln281_fu_2828_p2               |     +    |      0|  0|  15|           6|           6|
    |add_ln283_fu_2793_p2               |     +    |      0|  0|  12|          12|          12|
    |add_ln290_1_fu_2936_p2             |     +    |      0|  0|  13|          11|          11|
    |add_ln290_2_fu_2930_p2             |     +    |      0|  0|  13|          11|           9|
    |add_ln290_fu_2919_p2               |     +    |      0|  0|  12|          12|          12|
    |i_5_fu_2623_p2                     |     +    |      0|  0|  12|           3|           1|
    |i_6_fu_2751_p2                     |     +    |      0|  0|  15|           9|           1|
    |i_7_fu_2877_p2                     |     +    |      0|  0|  15|           9|           1|
    |i_fu_2953_p2                       |     +    |      0|  0|  15|           9|           1|
    |j_3_fu_2126_p2                     |     +    |      0|  0|  13|          11|           1|
    |j_4_fu_2659_p2                     |     +    |      0|  0|  12|           3|           1|
    |j_5_fu_2779_p2                     |     +    |      0|  0|  12|           3|           1|
    |j_fu_2081_p2                       |     +    |      0|  0|  13|          11|           1|
    |jj_fu_2197_p2                      |     +    |      0|  0|  13|          11|           1|
    |k_1_fu_2909_p2                     |     +    |      0|  0|  12|           3|           1|
    |k_2_fu_2810_p2                     |     +    |      0|  0|  12|           3|           1|
    |k_fu_2698_p2                       |     +    |      0|  0|  10|           2|           1|
    |l_1_fu_2243_p2                     |     +    |      0|  0|  13|           4|           1|
    |l_fu_2037_p2                       |     +    |      0|  0|  13|           4|           1|
    |n_1_fu_2061_p2                     |     +    |      0|  0|  12|           3|           1|
    |n_fu_2284_p2                       |     +    |      0|  0|  12|           3|           1|
    |x_1_fu_2546_p2                     |     +    |      0|  0|  12|           3|           1|
    |x_fu_2433_p2                       |     +    |      0|  0|  12|           3|           1|
    |y_1_fu_2487_p2                     |     +    |      0|  0|  12|           3|           1|
    |y_fu_2562_p2                       |     +    |      0|  0|  15|           9|           1|
    |icmp_ln199_1_fu_1733_p2            |   icmp   |      0|  0|   9|           4|           4|
    |icmp_ln199_2_fu_1739_p2            |   icmp   |      0|  0|  13|          10|           2|
    |icmp_ln199_fu_1727_p2              |   icmp   |      0|  0|   8|           2|           2|
    |icmp_ln200_1_fu_1777_p2            |   icmp   |      0|  0|   9|           4|           4|
    |icmp_ln200_fu_1771_p2              |   icmp   |      0|  0|   8|           2|           2|
    |icmp_ln201_1_fu_1815_p2            |   icmp   |      0|  0|   8|           2|           2|
    |icmp_ln201_fu_1809_p2              |   icmp   |      0|  0|   8|           2|           2|
    |icmp_ln202_1_fu_1853_p2            |   icmp   |      0|  0|   8|           2|           2|
    |icmp_ln202_fu_1847_p2              |   icmp   |      0|  0|   8|           2|           2|
    |icmp_ln203_fu_1885_p2              |   icmp   |      0|  0|   8|           2|           2|
    |icmp_ln204_1_fu_1923_p2            |   icmp   |      0|  0|   8|           2|           2|
    |icmp_ln204_fu_1917_p2              |   icmp   |      0|  0|   8|           2|           2|
    |icmp_ln205_1_fu_1961_p2            |   icmp   |      0|  0|  13|           9|           9|
    |icmp_ln205_fu_1955_p2              |   icmp   |      0|  0|   8|           2|           2|
    |icmp_ln206_fu_1979_p2              |   icmp   |      0|  0|  13|           9|           9|
    |icmp_ln207_1_fu_2025_p2            |   icmp   |      0|  0|   8|           2|           2|
    |icmp_ln207_fu_2019_p2              |   icmp   |      0|  0|  13|           9|           9|
    |icmp_ln227_fu_2031_p2              |   icmp   |      0|  0|   9|           4|           4|
    |icmp_ln228_fu_2055_p2              |   icmp   |      0|  0|   9|           3|           4|
    |icmp_ln229_fu_2075_p2              |   icmp   |      0|  0|  13|          11|          12|
    |icmp_ln234_fu_2120_p2              |   icmp   |      0|  0|  13|          11|          12|
    |icmp_ln241_fu_2191_p2              |   icmp   |      0|  0|  13|          11|          12|
    |icmp_ln242_fu_2237_p2              |   icmp   |      0|  0|   9|           4|           4|
    |icmp_ln243_fu_2278_p2              |   icmp   |      0|  0|   9|           3|           4|
    |icmp_ln250_fu_2427_p2              |   icmp   |      0|  0|   9|           3|           4|
    |icmp_ln251_fu_2481_p2              |   icmp   |      0|  0|   9|           3|           4|
    |icmp_ln252_fu_2522_p2              |   icmp   |      0|  0|  18|          32|           1|
    |icmp_ln254_fu_2528_p2              |   icmp   |      0|  0|  18|          32|           1|
    |icmp_ln260_fu_2540_p2              |   icmp   |      0|  0|   9|           3|           4|
    |icmp_ln261_fu_2556_p2              |   icmp   |      0|  0|  13|           9|           9|
    |icmp_ln266_fu_2617_p2              |   icmp   |      0|  0|   9|           3|           4|
    |icmp_ln267_fu_2653_p2              |   icmp   |      0|  0|   9|           3|           4|
    |icmp_ln270_fu_2692_p2              |   icmp   |      0|  0|   9|           2|           3|
    |icmp_ln276_fu_2745_p2              |   icmp   |      0|  0|  13|           9|           9|
    |icmp_ln277_fu_2773_p2              |   icmp   |      0|  0|   9|           3|           4|
    |icmp_ln280_fu_2804_p2              |   icmp   |      0|  0|   9|           3|           4|
    |icmp_ln286_fu_2871_p2              |   icmp   |      0|  0|  13|           9|           9|
    |icmp_ln289_fu_2903_p2              |   icmp   |      0|  0|   9|           3|           4|
    |icmp_ln296_fu_2947_p2              |   icmp   |      0|  0|  13|           9|           9|
    |ap_block_state127_on_subcall_done  |    or    |      0|  0|   2|           1|           1|
    |or_ln255_fu_2465_p2                |    or    |      0|  0|   4|           4|           1|
    |xor_ln203_fu_1865_p2               |    xor   |      0|  0|   2|           1|           2|
    |xor_ln263_fu_2601_p2               |    xor   |      0|  0|  65|          64|          65|
    |xor_ln667_1_fu_2859_p2             |    xor   |      0|  0|  33|          32|          33|
    |xor_ln667_fu_2733_p2               |    xor   |      0|  0|  33|          32|          33|
    +-----------------------------------+----------+-------+---+----+------------+------------+
    |Total                              |          |      0|  0|1410|         850|         648|
    +-----------------------------------+----------+-------+---+----+------------+------------+

    * Multiplexer: 
    +----------------------------------------+-----+-----------+-----+-----------+
    |                  Name                  | LUT | Input Size| Bits| Total Bits|
    +----------------------------------------+-----+-----------+-----+-----------+
    |AUU_M_imag_address0                     |   21|          4|   11|         44|
    |AUU_M_imag_d0                           |   15|          3|   32|         96|
    |AUU_M_real_address0                     |   21|          4|   11|         44|
    |AUU_M_real_d0                           |   15|          3|   32|         96|
    |Autocorr_Buffer_M_i_address0            |   21|          4|    6|         24|
    |Autocorr_Buffer_M_i_ce0                 |   15|          3|    1|          3|
    |Autocorr_Buffer_M_i_ce1                 |    9|          2|    1|          2|
    |Autocorr_Buffer_M_i_d0                  |   15|          3|   32|         96|
    |Autocorr_Buffer_M_r_address0            |   21|          4|    6|         24|
    |Autocorr_Buffer_M_r_ce0                 |   15|          3|    1|          3|
    |Autocorr_Buffer_M_r_ce1                 |    9|          2|    1|          2|
    |Autocorr_Buffer_M_r_d0                  |   15|          3|   32|         96|
    |FFT_Buffer_im_address0                  |   21|          4|   10|         40|
    |FFT_Buffer_im_ce0                       |   15|          3|    1|          3|
    |FFT_Buffer_im_ce1                       |    9|          2|    1|          2|
    |FFT_Buffer_im_d0                        |   15|          3|   32|         96|
    |FFT_Buffer_im_we0                       |   15|          3|    1|          3|
    |FFT_Buffer_im_we1                       |    9|          2|    1|          2|
    |FFT_Buffer_re_address0                  |   21|          4|   10|         40|
    |FFT_Buffer_re_ce0                       |   15|          3|    1|          3|
    |FFT_Buffer_re_ce1                       |    9|          2|    1|          2|
    |FFT_Buffer_re_d0                        |   15|          3|   32|         96|
    |FFT_Buffer_re_we0                       |   15|          3|    1|          3|
    |FFT_Buffer_re_we1                       |    9|          2|    1|          2|
    |Rx_M_imag_address0                      |   21|          4|    4|         16|
    |Rx_M_imag_ce0                           |   21|          4|    1|          4|
    |Rx_M_imag_d0                            |   15|          3|   32|         96|
    |Rx_M_imag_we0                           |   15|          3|    1|          3|
    |Rx_M_real_address0                      |   21|          4|    4|         16|
    |Rx_M_real_ce0                           |   21|          4|    1|          4|
    |Rx_M_real_d0                            |   15|          3|   32|         96|
    |Rx_M_real_we0                           |   15|          3|    1|          3|
    |UU_M_imag_address0                      |   21|          4|    4|         16|
    |UU_M_imag_d0                            |   15|          3|   32|         96|
    |UU_M_real_address0                      |   21|          4|    4|         16|
    |UU_M_real_d0                            |   15|          3|   32|         96|
    |U_M_imag_address0                       |   21|          4|    4|         16|
    |U_M_imag_ce0                            |   15|          3|    1|          3|
    |U_M_imag_d0                             |   15|          3|   32|         96|
    |U_M_imag_we0                            |   15|          3|    1|          3|
    |U_M_real_address0                       |   21|          4|    4|         16|
    |U_M_real_ce0                            |   15|          3|    1|          3|
    |U_M_real_d0                             |   15|          3|   32|         96|
    |U_M_real_we0                            |   15|          3|    1|          3|
    |Un_M_imag_address0                      |   33|          6|    3|         18|
    |Un_M_imag_d0                            |   15|          3|   32|         96|
    |Un_M_real_address0                      |   33|          6|    3|         18|
    |Un_M_real_d0                            |   15|          3|   32|         96|
    |Xj_f_M_imag_address0                    |   21|          4|   16|         64|
    |Xj_f_M_imag_d0                          |   15|          3|   32|         96|
    |Xj_f_M_real_address0                    |   21|          4|   16|         64|
    |Xj_f_M_real_d0                          |   15|          3|   32|         96|
    |a_theta_M_imag_address0                 |   27|          5|   11|         55|
    |a_theta_M_imag_d0                       |   15|          3|   32|         96|
    |a_theta_M_real_address0                 |   27|          5|   11|         55|
    |a_theta_M_real_d0                       |   15|          3|   32|         96|
    |ap_NS_fsm                               |  949|        221|    1|        221|
    |complex_M_imag_read_1_reg_1283          |    9|          2|   32|         64|
    |complex_M_imag_read_2_reg_1342          |    9|          2|   32|         64|
    |complex_M_imag_read_reg_1224            |    9|          2|   32|         64|
    |complex_M_real_read_1_reg_1296          |    9|          2|   32|         64|
    |complex_M_real_read_2_reg_1354          |    9|          2|   32|         64|
    |complex_M_real_read_reg_1237            |    9|          2|   32|         64|
    |grp_fu_1492_opcode                      |   15|          3|    2|          6|
    |grp_fu_1492_p0                          |   33|          6|   32|        192|
    |grp_fu_1492_p1                          |   27|          5|   32|        160|
    |grp_fu_1496_opcode                      |   15|          3|    2|          6|
    |grp_fu_1496_p0                          |   33|          6|   32|        192|
    |grp_fu_1496_p1                          |   27|          5|   32|        160|
    |grp_fu_1508_p0                          |   27|          5|   32|        160|
    |grp_fu_1508_p1                          |   33|          6|   32|        192|
    |grp_fu_1513_p0                          |   27|          5|   32|        160|
    |grp_fu_1513_p1                          |   33|          6|   32|        192|
    |grp_fu_1518_p0                          |   27|          5|   32|        160|
    |grp_fu_1518_p1                          |   27|          5|   32|        160|
    |grp_fu_1523_p0                          |   27|          5|   32|        160|
    |grp_fu_1523_p1                          |   27|          5|   32|        160|
    |grp_fu_1552_p0                          |   21|          4|   32|        128|
    |grp_fu_1557_p0                          |   27|          5|   64|        320|
    |grp_fu_1557_p1                          |   27|          5|   64|        320|
    |grp_fu_1563_p0                          |   15|          3|   64|        192|
    |grp_fu_1563_p1                          |   15|          3|   64|        192|
    |grp_sin_or_cos_double_s_fu_1433_do_cos  |   15|          3|    1|          3|
    |i51_0_reg_1202                          |    9|          2|    3|          6|
    |i53_0_reg_1261                          |    9|          2|    9|         18|
    |i56_0_reg_1331                          |    9|          2|    9|         18|
    |i58_0_reg_1388                          |    9|          2|    9|         18|
    |j45_0_reg_1090                          |    9|          2|   11|         22|
    |j46_0_reg_1102                          |    9|          2|   11|         22|
    |j52_0_reg_1213                          |    9|          2|    3|          6|
    |j54_0_reg_1272                          |    9|          2|    3|          6|
    |jj_0_reg_1113                           |    9|          2|   11|         22|
    |k55_0_reg_1309                          |    9|          2|    3|          6|
    |k57_0_reg_1366                          |    9|          2|    3|          6|
    |k_0_reg_1250                            |    9|          2|    2|          4|
    |l47_0_reg_1124                          |    9|          2|    4|          8|
    |l_0_reg_1068                            |    9|          2|    4|          8|
    |n48_0_reg_1135                          |    9|          2|    3|          6|
    |n_0_reg_1079                            |    9|          2|    3|          6|
    |phi_ln199_1_reg_861                     |    9|          2|    4|          8|
    |phi_ln199_2_reg_873                     |    9|          2|    2|          4|
    |phi_ln199_reg_849                       |    9|          2|   10|         20|
    |phi_ln200_1_reg_896                     |    9|          2|    2|          4|
    |phi_ln200_reg_884                       |    9|          2|    4|          8|
    |phi_ln201_1_reg_919                     |    9|          2|    2|          4|
    |phi_ln201_reg_907                       |    9|          2|    2|          4|
    |phi_ln202_1_reg_942                     |    9|          2|    2|          4|
    |phi_ln202_reg_930                       |    9|          2|    2|          4|
    |phi_ln203_1_reg_965                     |    9|          2|    1|          2|
    |phi_ln203_reg_953                       |    9|          2|    2|          4|
    |phi_ln204_1_reg_988                     |    9|          2|    2|          4|
    |phi_ln204_reg_976                       |    9|          2|    2|          4|
    |phi_ln205_1_reg_1011                    |    9|          2|    2|          4|
    |phi_ln205_reg_999                       |    9|          2|    9|         18|
    |phi_ln206_reg_1022                      |    9|          2|    9|         18|
    |phi_ln207_1_reg_1057                    |    9|          2|    9|         18|
    |phi_ln207_reg_1033                      |    9|          2|    2|          4|
    |phi_mul11_reg_1377                      |    9|          2|   11|         22|
    |phi_mul7_reg_1179                       |    9|          2|   11|         22|
    |phi_mul9_reg_1320                       |    9|          2|   11|         22|
    |phi_mul_reg_1045                        |    9|          2|   11|         22|
    |w_M_imag_address0                       |   21|          4|    9|         36|
    |w_M_imag_d0                             |   15|          3|   32|         96|
    |w_M_real_address0                       |   27|          5|    9|         45|
    |w_M_real_d0                             |   15|          3|   32|         96|
    |x49_0_reg_1168                          |    9|          2|    3|          6|
    |x_0_reg_1146                            |    9|          2|    3|          6|
    |y50_0_reg_1191                          |    9|          2|    9|         18|
    |y_0_reg_1157                            |    9|          2|    3|          6|
    +----------------------------------------+-----+-----------+-----+-----------+
    |Total                                   | 2917|        613| 1907|       6905|
    +----------------------------------------+-----+-----------+-----+-----------+

    * Register: 
    +----------------------------------------------+-----+----+-----+-----------+
    |                     Name                     |  FF | LUT| Bits| Const Bits|
    +----------------------------------------------+-----+----+-----+-----------+
    |AUU_M_imag_addr_2_reg_3648                    |   11|   0|   11|          0|
    |AUU_M_real_addr_2_reg_3643                    |   11|   0|   11|          0|
    |UU_M_imag_addr_1_reg_3546                     |    4|   0|    4|          0|
    |UU_M_real_addr_1_reg_3541                     |    4|   0|    4|          0|
    |Un_M_imag_addr_1_reg_3398                     |    2|   0|    3|          1|
    |Un_M_imag_addr_2_reg_3403                     |    2|   0|    3|          1|
    |Un_M_real_addr_1_reg_3388                     |    2|   0|    3|          1|
    |Un_M_real_addr_2_reg_3393                     |    2|   0|    3|          1|
    |add_ln1027_1_reg_2979                         |   14|   0|   14|          0|
    |add_ln1027_reg_2969                           |   13|   0|   14|          1|
    |add_ln199_1_reg_2974                          |    4|   0|    4|          0|
    |add_ln199_reg_2964                            |   10|   0|   10|          0|
    |add_ln200_reg_2998                            |    4|   0|    4|          0|
    |add_ln201_reg_3014                            |    2|   0|    2|          0|
    |add_ln202_reg_3030                            |    2|   0|    2|          0|
    |add_ln203_reg_3046                            |    2|   0|    2|          0|
    |add_ln204_reg_3059                            |    2|   0|    2|          0|
    |add_ln205_reg_3075                            |    9|   0|    9|          0|
    |add_ln207_2_reg_3099                          |   11|   0|   11|          0|
    |add_ln207_reg_3104                            |    2|   0|    2|          0|
    |add_ln235_2_reg_3221                          |   17|   0|   17|          0|
    |add_ln244_3_reg_3290                          |    7|   0|    7|          0|
    |add_ln244_reg_3249                            |   14|   0|   15|          1|
    |add_ln260_reg_3449                            |   11|   0|   11|          0|
    |add_ln262_reg_3475                            |   11|   0|   11|          0|
    |add_ln271_reg_3559                            |    5|   0|    5|          0|
    |add_ln281_2_reg_3666                          |   11|   0|   11|          0|
    |add_ln281_reg_3661                            |    6|   0|    6|          0|
    |add_ln290_2_reg_3761                          |   11|   0|   11|          0|
    |ap_CS_fsm                                     |  220|   0|  220|          0|
    |complex_M_imag_read_1_reg_1283                |   32|   0|   32|          0|
    |complex_M_imag_read_2_reg_1342                |   32|   0|   32|          0|
    |complex_M_imag_read_reg_1224                  |   32|   0|   32|          0|
    |complex_M_real_read_1_reg_1296                |   32|   0|   32|          0|
    |complex_M_real_read_2_reg_1354                |   32|   0|   32|          0|
    |complex_M_real_read_reg_1237                  |   32|   0|   32|          0|
    |eigval_0_1_fu_262                             |   32|   0|   32|          0|
    |eigval_0_reg_3335                             |   32|   0|   32|          0|
    |eigval_1_1_fu_266                             |   32|   0|   32|          0|
    |eigval_1_reg_3340                             |   32|   0|   32|          0|
    |eigval_2_1_fu_270                             |   32|   0|   32|          0|
    |eigval_2_reg_3345                             |   32|   0|   32|          0|
    |eigval_3_1_fu_274                             |   32|   0|   32|          0|
    |eigval_3_reg_3350                             |   32|   0|   32|          0|
    |grp_Autocorrelation_fu_1472_ap_start_reg      |    1|   0|    1|          0|
    |grp_eig_decompose_fu_1399_ap_start_reg        |    1|   0|    1|          0|
    |grp_fft_fu_1419_ap_start_reg                  |    1|   0|    1|          0|
    |grp_sin_or_cos_double_s_fu_1433_ap_start_reg  |    1|   0|    1|          0|
    |grp_sin_or_cos_double_s_fu_1453_ap_start_reg  |    1|   0|    1|          0|
    |grp_sort_eigval_fu_1480_ap_start_reg          |    1|   0|    1|          0|
    |i51_0_reg_1202                                |    3|   0|    3|          0|
    |i53_0_reg_1261                                |    9|   0|    9|          0|
    |i56_0_reg_1331                                |    9|   0|    9|          0|
    |i58_0_reg_1388                                |    9|   0|    9|          0|
    |i_5_reg_3513                                  |    3|   0|    3|          0|
    |i_6_reg_3615                                  |    9|   0|    9|          0|
    |i_7_reg_3722                                  |    9|   0|    9|          0|
    |i_reg_3816                                    |    9|   0|    9|          0|
    |icmp_ln252_reg_3431                           |    1|   0|    1|          0|
    |icmp_ln254_reg_3435                           |    1|   0|    1|          0|
    |j45_0_reg_1090                                |   11|   0|   11|          0|
    |j46_0_reg_1102                                |   11|   0|   11|          0|
    |j52_0_reg_1213                                |    3|   0|    3|          0|
    |j54_0_reg_1272                                |    3|   0|    3|          0|
    |j_3_reg_3216                                  |   11|   0|   11|          0|
    |j_4_reg_3531                                  |    3|   0|    3|          0|
    |j_5_reg_3633                                  |    3|   0|    3|          0|
    |j_reg_3203                                    |   11|   0|   11|          0|
    |jj_0_reg_1113                                 |   11|   0|   11|          0|
    |jj_reg_3239                                   |   11|   0|   11|          0|
    |k55_0_reg_1309                                |    3|   0|    3|          0|
    |k57_0_reg_1366                                |    3|   0|    3|          0|
    |k_0_reg_1250                                  |    2|   0|    2|          0|
    |k_1_reg_3746                                  |    3|   0|    3|          0|
    |k_2_reg_3656                                  |    3|   0|    3|          0|
    |k_reg_3554                                    |    2|   0|    2|          0|
    |l47_0_reg_1124                                |    4|   0|    4|          0|
    |l_0_reg_1068                                  |    4|   0|    4|          0|
    |l_1_reg_3257                                  |    4|   0|    4|          0|
    |l_reg_3123                                    |    4|   0|    4|          0|
    |n48_0_reg_1135                                |    3|   0|    3|          0|
    |n_0_reg_1079                                  |    3|   0|    3|          0|
    |n_1_reg_3189                                  |    3|   0|    3|          0|
    |n_reg_3275                                    |    3|   0|    3|          0|
    |p_r_M_imag_8_reg_3792                         |   32|   0|   32|          0|
    |p_r_M_real_8_reg_3786                         |   32|   0|   32|          0|
    |p_t_real_reg_3584                             |   32|   0|   32|          0|
    |phi_ln199_1_reg_861                           |    4|   0|    4|          0|
    |phi_ln199_2_reg_873                           |    2|   0|    2|          0|
    |phi_ln199_reg_849                             |   10|   0|   10|          0|
    |phi_ln200_1_reg_896                           |    2|   0|    2|          0|
    |phi_ln200_reg_884                             |    4|   0|    4|          0|
    |phi_ln201_1_reg_919                           |    2|   0|    2|          0|
    |phi_ln201_reg_907                             |    2|   0|    2|          0|
    |phi_ln202_1_reg_942                           |    2|   0|    2|          0|
    |phi_ln202_reg_930                             |    2|   0|    2|          0|
    |phi_ln203_1_reg_965                           |    1|   0|    1|          0|
    |phi_ln203_reg_953                             |    2|   0|    2|          0|
    |phi_ln204_1_reg_988                           |    2|   0|    2|          0|
    |phi_ln204_reg_976                             |    2|   0|    2|          0|
    |phi_ln205_1_reg_1011                          |    2|   0|    2|          0|
    |phi_ln205_reg_999                             |    9|   0|    9|          0|
    |phi_ln206_reg_1022                            |    9|   0|    9|          0|
    |phi_ln207_1_reg_1057                          |    9|   0|    9|          0|
    |phi_ln207_reg_1033                            |    2|   0|    2|          0|
    |phi_mul11_reg_1377                            |   11|   0|   11|          0|
    |phi_mul7_reg_1179                             |   11|   0|   11|          0|
    |phi_mul9_reg_1320                             |   11|   0|   11|          0|
    |phi_mul_reg_1045                              |   11|   0|   11|          0|
    |reg_1569                                      |   64|   0|   64|          0|
    |reg_1575                                      |   64|   0|   64|          0|
    |reg_1581                                      |   64|   0|   64|          0|
    |reg_1587                                      |   64|   0|   64|          0|
    |reg_1593                                      |   32|   0|   32|          0|
    |reg_1599                                      |   32|   0|   32|          0|
    |reg_1605                                      |   32|   0|   32|          0|
    |reg_1611                                      |   32|   0|   32|          0|
    |reg_1616                                      |   32|   0|   32|          0|
    |reg_1621                                      |   32|   0|   32|          0|
    |reg_1629                                      |   32|   0|   32|          0|
    |reg_1637                                      |   32|   0|   32|          0|
    |reg_1645                                      |   32|   0|   32|          0|
    |reg_1651                                      |   32|   0|   32|          0|
    |shl_ln_reg_3128                               |    4|   0|   14|         10|
    |sort_index_0_1_fu_278                         |   32|   0|   32|          0|
    |sort_index_0_reg_3355                         |   32|   0|   32|          0|
    |sort_index_1_1_fu_282                         |   32|   0|   32|          0|
    |sort_index_1_reg_3360                         |   32|   0|   32|          0|
    |sort_index_2_1_fu_286                         |   32|   0|   32|          0|
    |sort_index_2_reg_3365                         |   32|   0|   32|          0|
    |sort_index_3_1_fu_290                         |   32|   0|   32|          0|
    |sort_index_3_reg_3370                         |   32|   0|   32|          0|
    |tmp_3_reg_3444                                |   64|   0|   64|          0|
    |tmp_52_cast_reg_3262                          |   15|   0|   17|          2|
    |tmp_6_reg_3495                                |   64|   0|   64|          0|
    |tmp_7_reg_3500                                |   64|   0|   64|          0|
    |tmp_reg_3831                                  |   32|   0|   32|          0|
    |trunc_ln262_reg_3462                          |    2|   0|    2|          0|
    |w_M_imag_addr_1_reg_3781                      |    9|   0|    9|          0|
    |w_M_imag_load_reg_3808                        |   32|   0|   32|          0|
    |w_M_real_addr_2_reg_3776                      |    9|   0|    9|          0|
    |x49_0_reg_1168                                |    3|   0|    3|          0|
    |x_0_reg_1146                                  |    3|   0|    3|          0|
    |x_1_reg_3457                                  |    3|   0|    3|          0|
    |x_reg_3378                                    |    3|   0|    3|          0|
    |y50_0_reg_1191                                |    9|   0|    9|          0|
    |y_0_reg_1157                                  |    3|   0|    3|          0|
    |y_1_reg_3416                                  |    3|   0|    3|          0|
    |y_reg_3470                                    |    9|   0|    9|          0|
    |zext_ln228_reg_3133                           |    4|   0|   15|         11|
    |zext_ln229_1_reg_3194                         |    3|   0|   17|         14|
    |zext_ln243_reg_3267                           |    4|   0|    7|          3|
    |zext_ln244_reg_3244                           |   11|   0|   64|         53|
    |zext_ln253_reg_3383                           |    3|   0|    6|          3|
    |zext_ln267_reg_3523                           |    3|   0|    6|          3|
    |zext_ln273_1_reg_3536                         |    3|   0|    5|          2|
    |zext_ln273_reg_3518                           |    3|   0|    5|          2|
    |zext_ln277_reg_3625                           |    9|   0|   12|          3|
    |zext_ln283_1_reg_3638                         |    3|   0|    6|          3|
    |zext_ln283_reg_3620                           |    9|   0|   11|          2|
    |zext_ln289_reg_3738                           |    9|   0|   12|          3|
    |zext_ln290_1_reg_3733                         |    9|   0|   11|          2|
    |zext_ln290_reg_3727                           |    9|   0|   64|         55|
    |zext_ln297_reg_3821                           |    9|   0|   64|         55|
    +----------------------------------------------+-----+----+-----+-----------+
    |Total                                         | 2526|   0| 2758|        232|
    +----------------------------------------------+-----+----+-----+-----------+



================================================================
== Interface
================================================================
* Summary: 
+---------------+-----+-----+------------+--------------+--------------+
|   RTL Ports   | Dir | Bits|  Protocol  | Source Object|    C Type    |
+---------------+-----+-----+------------+--------------+--------------+
|ap_clk         |  in |    1| ap_ctrl_hs |     music    | return value |
|ap_rst         |  in |    1| ap_ctrl_hs |     music    | return value |
|ap_start       |  in |    1| ap_ctrl_hs |     music    | return value |
|ap_done        | out |    1| ap_ctrl_hs |     music    | return value |
|ap_idle        | out |    1| ap_ctrl_hs |     music    | return value |
|ap_ready       | out |    1| ap_ctrl_hs |     music    | return value |
|X_address0     | out |   16|  ap_memory |       X      |     array    |
|X_ce0          | out |    1|  ap_memory |       X      |     array    |
|X_q0           |  in |   32|  ap_memory |       X      |     array    |
|P_sm_address0  | out |    9|  ap_memory |     P_sm     |     array    |
|P_sm_ce0       | out |    1|  ap_memory |     P_sm     |     array    |
|P_sm_we0       | out |    1|  ap_memory |     P_sm     |     array    |
|P_sm_d0        | out |   32|  ap_memory |     P_sm     |     array    |
+---------------+-----+-----+------------+--------------+--------------+

