

================================================================
== Vivado HLS Report for 'qrf_magnitude_float_s'
================================================================
* Date:           Thu Jul 30 16:23:40 2020

* Version:        2019.1 (Build 2552052 on Fri May 24 15:28:33 MDT 2019)
* Project:        DOA_Estimation_proj
* Solution:       solution1
* Product family: zynq
* Target device:  xc7z020-clg400-1


================================================================
== Performance Estimates
================================================================
+ Timing (ns): 
    * Summary: 
    +--------+-------+----------+------------+
    |  Clock | Target| Estimated| Uncertainty|
    +--------+-------+----------+------------+
    |ap_clk  |  10.00|     8.365|        1.25|
    +--------+-------+----------+------------+

+ Latency (clock cycles): 
    * Summary: 
    +-----+-----+-----+-----+---------+
    |  Latency  |  Interval | Pipeline|
    | min | max | min | max |   Type  |
    +-----+-----+-----+-----+---------+
    |    4|   48|    4|   48|   none  |
    +-----+-----+-----+-----+---------+

    + Detail: 
        * Instance: 
        N/A

        * Loop: 
        N/A



================================================================
== Utilization Estimates
================================================================
* Summary: 
+-----------------+---------+-------+--------+-------+-----+
|       Name      | BRAM_18K| DSP48E|   FF   |  LUT  | URAM|
+-----------------+---------+-------+--------+-------+-----+
|DSP              |        -|      -|       -|      -|    -|
|Expression       |        -|      -|       0|    523|    -|
|FIFO             |        -|      -|       -|      -|    -|
|Instance         |        -|     13|    4121|   7491|    -|
|Memory           |        -|      -|       -|      -|    -|
|Multiplexer      |        -|      -|       -|    349|    -|
|Register         |        -|      -|     657|      -|    -|
+-----------------+---------+-------+--------+-------+-----+
|Total            |        0|     13|    4778|   8363|    0|
+-----------------+---------+-------+--------+-------+-----+
|Available        |      280|    220|  106400|  53200|    0|
+-----------------+---------+-------+--------+-------+-----+
|Utilization (%)  |        0|      5|       4|     15|    0|
+-----------------+---------+-------+--------+-------+-----+

+ Detail: 
    * Instance: 
    +--------------------------+----------------------+---------+-------+-----+-----+-----+
    |         Instance         |        Module        | BRAM_18K| DSP48E|  FF | LUT | URAM|
    +--------------------------+----------------------+---------+-------+-----+-----+-----+
    |music_fadd_32ns_3ocq_U52  |music_fadd_32ns_3ocq  |        0|      2|  205|  390|    0|
    |music_fadd_32ns_3ocq_U53  |music_fadd_32ns_3ocq  |        0|      2|  205|  390|    0|
    |music_fcmp_32ns_3pcA_U60  |music_fcmp_32ns_3pcA  |        0|      0|   66|  239|    0|
    |music_fcmp_32ns_3pcA_U61  |music_fcmp_32ns_3pcA  |        0|      0|   66|  239|    0|
    |music_fcmp_32ns_3pcA_U62  |music_fcmp_32ns_3pcA  |        0|      0|   66|  239|    0|
    |music_fcmp_32ns_3pcA_U63  |music_fcmp_32ns_3pcA  |        0|      0|   66|  239|    0|
    |music_fcmp_32ns_3pcA_U64  |music_fcmp_32ns_3pcA  |        0|      0|   66|  239|    0|
    |music_fcmp_32ns_3pcA_U65  |music_fcmp_32ns_3pcA  |        0|      0|   66|  239|    0|
    |music_fcmp_32ns_3pcA_U66  |music_fcmp_32ns_3pcA  |        0|      0|   66|  239|    0|
    |music_fcmp_32ns_3pcA_U67  |music_fcmp_32ns_3pcA  |        0|      0|   66|  239|    0|
    |music_fcmp_32ns_3pcA_U68  |music_fcmp_32ns_3pcA  |        0|      0|   66|  239|    0|
    |music_fdiv_32ns_3ncg_U57  |music_fdiv_32ns_3ncg  |        0|      0|  761|  994|    0|
    |music_fdiv_32ns_3ncg_U58  |music_fdiv_32ns_3ncg  |        0|      0|  761|  994|    0|
    |music_fdiv_32ns_3ncg_U59  |music_fdiv_32ns_3ncg  |        0|      0|  761|  994|    0|
    |music_fmul_32ns_3jbC_U54  |music_fmul_32ns_3jbC  |        0|      3|  143|  321|    0|
    |music_fmul_32ns_3jbC_U55  |music_fmul_32ns_3jbC  |        0|      3|  143|  321|    0|
    |music_fmul_32ns_3jbC_U56  |music_fmul_32ns_3jbC  |        0|      3|  143|  321|    0|
    |music_fsqrt_32ns_qcK_U69  |music_fsqrt_32ns_qcK  |        0|      0|  405|  615|    0|
    +--------------------------+----------------------+---------+-------+-----+-----+-----+
    |Total                     |                      |        0|     13| 4121| 7491|    0|
    +--------------------------+----------------------+---------+-------+-----+-----+-----+

    * DSP48E: 
    N/A

    * Memory: 
    N/A

    * FIFO: 
    N/A

    * Expression: 
    +------------------------+----------+-------+---+----+------------+------------+
    |      Variable Name     | Operation| DSP48E| FF| LUT| Bitwidth P0| Bitwidth P1|
    +------------------------+----------+-------+---+----+------------+------------+
    |and_ln179_1_fu_411_p2   |    and   |      0|  0|   2|           1|           1|
    |and_ln179_2_fu_379_p2   |    and   |      0|  0|   2|           1|           1|
    |and_ln179_3_fu_385_p2   |    and   |      0|  0|   2|           1|           1|
    |and_ln179_4_fu_389_p2   |    and   |      0|  0|   2|           1|           1|
    |and_ln179_5_fu_395_p2   |    and   |      0|  0|   2|           1|           1|
    |and_ln179_6_fu_399_p2   |    and   |      0|  0|   2|           1|           1|
    |and_ln179_7_fu_405_p2   |    and   |      0|  0|   2|           1|           1|
    |and_ln179_fu_375_p2     |    and   |      0|  0|   2|           1|           1|
    |and_ln184_1_fu_423_p2   |    and   |      0|  0|   2|           1|           1|
    |and_ln184_2_fu_427_p2   |    and   |      0|  0|   2|           1|           1|
    |and_ln184_3_fu_433_p2   |    and   |      0|  0|   2|           1|           1|
    |and_ln184_4_fu_437_p2   |    and   |      0|  0|   2|           1|           1|
    |and_ln184_5_fu_483_p2   |    and   |      0|  0|   2|           1|           1|
    |and_ln184_6_fu_489_p2   |    and   |      0|  0|   2|           1|           1|
    |and_ln184_7_fu_495_p2   |    and   |      0|  0|   2|           1|           1|
    |and_ln184_fu_417_p2     |    and   |      0|  0|   2|           1|           1|
    |and_ln189_1_fu_471_p2   |    and   |      0|  0|   2|           1|           1|
    |and_ln189_2_fu_449_p2   |    and   |      0|  0|   2|           1|           1|
    |and_ln189_3_fu_455_p2   |    and   |      0|  0|   2|           1|           1|
    |and_ln189_4_fu_459_p2   |    and   |      0|  0|   2|           1|           1|
    |and_ln189_5_fu_465_p2   |    and   |      0|  0|   2|           1|           1|
    |and_ln189_fu_443_p2     |    and   |      0|  0|   2|           1|           1|
    |and_ln201_fu_593_p2     |    and   |      0|  0|   2|           1|           1|
    |icmp_ln179_1_fu_289_p2  |   icmp   |      0|  0|  18|          23|           1|
    |icmp_ln179_2_fu_301_p2  |   icmp   |      0|  0|  11|           8|           2|
    |icmp_ln179_3_fu_307_p2  |   icmp   |      0|  0|  18|          23|           1|
    |icmp_ln179_4_fu_329_p2  |   icmp   |      0|  0|  11|           8|           2|
    |icmp_ln179_5_fu_335_p2  |   icmp   |      0|  0|  18|          23|           1|
    |icmp_ln179_6_fu_357_p2  |   icmp   |      0|  0|  11|           8|           2|
    |icmp_ln179_7_fu_363_p2  |   icmp   |      0|  0|  18|          23|           1|
    |icmp_ln179_fu_283_p2    |   icmp   |      0|  0|  11|           8|           2|
    |icmp_ln201_1_fu_581_p2  |   icmp   |      0|  0|  18|          23|           1|
    |icmp_ln201_fu_575_p2    |   icmp   |      0|  0|  11|           8|           2|
    |or_ln179_1_fu_313_p2    |    or    |      0|  0|   2|           1|           1|
    |or_ln179_2_fu_341_p2    |    or    |      0|  0|   2|           1|           1|
    |or_ln179_3_fu_369_p2    |    or    |      0|  0|   2|           1|           1|
    |or_ln179_fu_295_p2      |    or    |      0|  0|   2|           1|           1|
    |or_ln201_fu_587_p2      |    or    |      0|  0|   2|           1|           1|
    |d1_3_fu_516_p3          |  select  |      0|  0|  32|           1|          32|
    |d1_fu_511_p3            |  select  |      0|  0|  32|           1|          32|
    |d2_3_fu_527_p3          |  select  |      0|  0|  32|           1|          32|
    |d2_fu_522_p3            |  select  |      0|  0|  32|           1|          32|
    |d3_1_fu_501_p3          |  select  |      0|  0|  32|           1|          32|
    |d3_2_fu_533_p3          |  select  |      0|  0|  32|           1|          32|
    |d3_3_fu_539_p3          |  select  |      0|  0|  32|           1|          32|
    |largest_1_fu_506_p3     |  select  |      0|  0|  32|           1|          32|
    |largest_2_fu_545_p3     |  select  |      0|  0|  32|           1|          32|
    |largest_3_fu_551_p3     |  select  |      0|  0|  32|           1|          32|
    |xor_ln179_fu_477_p2     |    xor   |      0|  0|   2|           2|           1|
    +------------------------+----------+-------+---+----+------------+------------+
    |Total                   |          |      0|  0| 523|         195|         364|
    +------------------------+----------+-------+---+----+------------+------------+

    * Multiplexer: 
    +-----------------------------+-----+-----------+-----+-----------+
    |             Name            | LUT | Input Size| Bits| Total Bits|
    +-----------------------------+-----+-----------+-----+-----------+
    |ap_NS_fsm                    |  217|         50|    1|         50|
    |ap_phi_mux_p_0_phi_fu_60_p4  |    9|          2|   32|         64|
    |ap_return                    |    9|          2|   32|         64|
    |grp_fu_101_opcode            |   15|          3|    5|         15|
    |grp_fu_101_p0                |   15|          3|   32|         96|
    |grp_fu_101_p1                |   15|          3|   32|         96|
    |grp_fu_67_p0                 |   15|          3|   32|         96|
    |grp_fu_67_p1                 |   15|          3|   32|         96|
    |grp_fu_76_p0                 |   15|          3|   32|         96|
    |grp_fu_76_p1                 |   15|          3|   32|         96|
    |p_0_reg_56                   |    9|          2|   32|         64|
    +-----------------------------+-----+-----------+-----+-----------+
    |Total                        |  349|         77|  294|        833|
    +-----------------------------+-----+-----------+-----+-----------+

    * Register: 
    +---------------------+----+----+-----+-----------+
    |         Name        | FF | LUT| Bits| Const Bits|
    +---------------------+----+----+-----+-----------+
    |and_ln179_1_reg_675  |   1|   0|    1|          0|
    |and_ln184_7_reg_689  |   1|   0|    1|          0|
    |and_ln189_1_reg_683  |   1|   0|    1|          0|
    |and_ln201_reg_722    |   1|   0|    1|          0|
    |ap_CS_fsm            |  49|   0|   49|          0|
    |ap_return_preg       |  32|   0|   32|          0|
    |d1_3_reg_697         |  31|   0|   32|          1|
    |d1_4_reg_599         |  31|   0|   32|          1|
    |d2_3_reg_702         |  31|   0|   32|          1|
    |d2_4_reg_611         |  31|   0|   32|          1|
    |d3_3_reg_707         |  31|   0|   32|          1|
    |d3_reg_636           |  31|   0|   32|          1|
    |largest_3_reg_712    |  31|   0|   32|          1|
    |largest_4_reg_623    |  31|   0|   32|          1|
    |or_ln179_1_reg_654   |   1|   0|    1|          0|
    |or_ln179_2_reg_661   |   1|   0|    1|          0|
    |or_ln179_3_reg_668   |   1|   0|    1|          0|
    |or_ln179_reg_647     |   1|   0|    1|          0|
    |p_0_reg_56           |  32|   0|   32|          0|
    |reg_143              |  32|   0|   32|          0|
    |s2_reg_759           |  32|   0|   32|          0|
    |tmp_i_i_reg_764      |  32|   0|   32|          0|
    |x1_reg_726           |  32|   0|   32|          0|
    |x1_sqd_reg_744       |  32|   0|   32|          0|
    |x2_reg_732           |  32|   0|   32|          0|
    |x2_sqd_reg_749       |  32|   0|   32|          0|
    |x3_reg_738           |  32|   0|   32|          0|
    |x3_sqd_reg_754       |  32|   0|   32|          0|
    +---------------------+----+----+-----+-----------+
    |Total                | 657|   0|  665|          8|
    +---------------------+----+----+-----+-----------+



================================================================
== Interface
================================================================
* Summary: 
+-----------+-----+-----+------------+----------------------+--------------+
| RTL Ports | Dir | Bits|  Protocol  |     Source Object    |    C Type    |
+-----------+-----+-----+------------+----------------------+--------------+
|ap_clk     |  in |    1| ap_ctrl_hs | qrf_magnitude<float> | return value |
|ap_rst     |  in |    1| ap_ctrl_hs | qrf_magnitude<float> | return value |
|ap_start   |  in |    1| ap_ctrl_hs | qrf_magnitude<float> | return value |
|ap_done    | out |    1| ap_ctrl_hs | qrf_magnitude<float> | return value |
|ap_idle    | out |    1| ap_ctrl_hs | qrf_magnitude<float> | return value |
|ap_ready   | out |    1| ap_ctrl_hs | qrf_magnitude<float> | return value |
|ap_return  | out |   32| ap_ctrl_hs | qrf_magnitude<float> | return value |
|a_M_real   |  in |   32|   ap_none  |       a_M_real       |    scalar    |
|a_M_imag   |  in |   32|   ap_none  |       a_M_imag       |    scalar    |
|b_M_real   |  in |   32|   ap_none  |       b_M_real       |    scalar    |
|b_M_imag   |  in |   32|   ap_none  |       b_M_imag       |    scalar    |
+-----------+-----+-----+------------+----------------------+--------------+

