

================================================================
== Vivado HLS Report for 'qrf_basic'
================================================================
* Date:           Thu Jul 30 16:23:43 2020

* Version:        2019.1 (Build 2552052 on Fri May 24 15:28:33 MDT 2019)
* Project:        DOA_Estimation_proj
* Solution:       solution1
* Product family: zynq
* Target device:  xc7z020-clg400-1


================================================================
== Performance Estimates
================================================================
+ Timing (ns): 
    * Summary: 
    +--------+-------+----------+------------+
    |  Clock | Target| Estimated| Uncertainty|
    +--------+-------+----------+------------+
    |ap_clk  |  10.00|     8.365|        1.25|
    +--------+-------+----------+------------+

+ Latency (clock cycles): 
    * Summary: 
    +-----+------+-----+------+---------+
    |   Latency  |  Interval  | Pipeline|
    | min |  max | min |  max |   Type  |
    +-----+------+-----+------+---------+
    |  211|  2719|  211|  2719|   none  |
    +-----+------+-----+------+---------+

    + Detail: 
        * Instance: 
        +-------------------------------+--------------------+-----+-----+-----+-----+---------+
        |                               |                    |  Latency  |  Interval | Pipeline|
        |            Instance           |       Module       | min | max | min | max |   Type  |
        +-------------------------------+--------------------+-----+-----+-----+-----+---------+
        |grp_qrf_givens_float_s_fu_556  |qrf_givens_float_s  |    8|   77|    8|   77|   none  |
        +-------------------------------+--------------------+-----+-----+-----+-----+---------+

        * Loop: 
        +-------------------------+-----+------+----------+-----------+-----------+------+----------+
        |                         |   Latency  | Iteration|  Initiation Interval  | Trip |          |
        |        Loop Name        | min |  max |  Latency |  achieved |   target  | Count| Pipelined|
        +-------------------------+-----+------+----------+-----------+-----------+------+----------+
        |- Loop 1                 |   19|    19|         5|          -|          -|     4|    no    |
        | + Loop 1.1              |    3|     3|         1|          -|          -|     4|    no    |
        |- Loop 2                 |   19|    19|         5|          -|          -|     4|    no    |
        | + Loop 2.1              |    3|     3|         1|          -|          -|     4|    no    |
        |- qrf_in_row_assign      |   60|    60|        15|          -|          -|     4|    no    |
        | + qrf_in_col_assign_Qi  |    4|     4|         1|          -|          -|     4|    no    |
        | + qrf_in_col_assign_Ri  |    8|     8|         2|          -|          -|     4|    no    |
        |- qrf_col_loop           |   32|  2540|  8 ~ 635 |          -|          -|     4|    no    |
        | + qrf_row_loop          |    6|   633|  2 ~ 211 |          -|          -|     3|    no    |
        |  ++ qrf_r_update        |    8|    64|  2 ~ 16  |          -|          -|     4|    no    |
        |  ++ qrf_q_update        |    8|    64|  2 ~ 16  |          -|          -|     4|    no    |
        |- qrf_out_row_assign     |   76|    76|        19|          -|          -|     4|    no    |
        | + qrf_out_col_assign_Q  |    8|     8|         2|          -|          -|     4|    no    |
        | + qrf_out_col_assign_R  |    8|     8|         2|          -|          -|     4|    no    |
        +-------------------------+-----+------+----------+-----------+-----------+------+----------+



================================================================
== Utilization Estimates
================================================================
* Summary: 
+-----------------+---------+-------+--------+-------+-----+
|       Name      | BRAM_18K| DSP48E|   FF   |  LUT  | URAM|
+-----------------+---------+-------+--------+-------+-----+
|DSP              |        -|      -|       -|      -|    -|
|Expression       |        -|      -|       0|    677|    -|
|FIFO             |        -|      -|       -|      -|    -|
|Instance         |        -|    114|   15482|  26719|    -|
|Memory           |        8|      -|       0|      0|    0|
|Multiplexer      |        -|      -|       -|   1138|    -|
|Register         |        -|      -|    1561|      -|    -|
+-----------------+---------+-------+--------+-------+-----+
|Total            |        8|    114|   17043|  28534|    0|
+-----------------+---------+-------+--------+-------+-----+
|Available        |      280|    220|  106400|  53200|    0|
+-----------------+---------+-------+--------+-------+-----+
|Utilization (%)  |        2|     51|      16|     53|    0|
+-----------------+---------+-------+--------+-------+-----+

+ Detail: 
    * Instance: 
    +-------------------------------+----------------------+---------+-------+-------+-------+-----+
    |            Instance           |        Module        | BRAM_18K| DSP48E|   FF  |  LUT  | URAM|
    +-------------------------------+----------------------+---------+-------+-------+-------+-----+
    |music_fadd_32ns_3ocq_U103      |music_fadd_32ns_3ocq  |        0|      2|    205|    390|    0|
    |music_fadd_32ns_3ocq_U105      |music_fadd_32ns_3ocq  |        0|      2|    205|    390|    0|
    |music_fadd_32ns_3ocq_U107      |music_fadd_32ns_3ocq  |        0|      2|    205|    390|    0|
    |music_fadd_32ns_3ocq_U109      |music_fadd_32ns_3ocq  |        0|      2|    205|    390|    0|
    |music_faddfsub_32ibs_U102      |music_faddfsub_32ibs  |        0|      2|    205|    390|    0|
    |music_faddfsub_32ibs_U104      |music_faddfsub_32ibs  |        0|      2|    205|    390|    0|
    |music_fmul_32ns_3jbC_U110      |music_fmul_32ns_3jbC  |        0|      3|    143|    321|    0|
    |music_fmul_32ns_3jbC_U111      |music_fmul_32ns_3jbC  |        0|      3|    143|    321|    0|
    |music_fmul_32ns_3jbC_U112      |music_fmul_32ns_3jbC  |        0|      3|    143|    321|    0|
    |music_fmul_32ns_3jbC_U113      |music_fmul_32ns_3jbC  |        0|      3|    143|    321|    0|
    |music_fmul_32ns_3jbC_U114      |music_fmul_32ns_3jbC  |        0|      3|    143|    321|    0|
    |music_fmul_32ns_3jbC_U115      |music_fmul_32ns_3jbC  |        0|      3|    143|    321|    0|
    |music_fmul_32ns_3jbC_U116      |music_fmul_32ns_3jbC  |        0|      3|    143|    321|    0|
    |music_fmul_32ns_3jbC_U117      |music_fmul_32ns_3jbC  |        0|      3|    143|    321|    0|
    |music_fmul_32ns_3jbC_U118      |music_fmul_32ns_3jbC  |        0|      3|    143|    321|    0|
    |music_fmul_32ns_3jbC_U119      |music_fmul_32ns_3jbC  |        0|      3|    143|    321|    0|
    |music_fmul_32ns_3jbC_U120      |music_fmul_32ns_3jbC  |        0|      3|    143|    321|    0|
    |music_fmul_32ns_3jbC_U121      |music_fmul_32ns_3jbC  |        0|      3|    143|    321|    0|
    |music_fmul_32ns_3jbC_U122      |music_fmul_32ns_3jbC  |        0|      3|    143|    321|    0|
    |music_fmul_32ns_3jbC_U123      |music_fmul_32ns_3jbC  |        0|      3|    143|    321|    0|
    |music_fmul_32ns_3jbC_U124      |music_fmul_32ns_3jbC  |        0|      3|    143|    321|    0|
    |music_fmul_32ns_3jbC_U125      |music_fmul_32ns_3jbC  |        0|      3|    143|    321|    0|
    |music_fsub_32ns_3rcU_U106      |music_fsub_32ns_3rcU  |        0|      2|    205|    390|    0|
    |music_fsub_32ns_3rcU_U108      |music_fsub_32ns_3rcU  |        0|      2|    205|    390|    0|
    |grp_qrf_givens_float_s_fu_556  |qrf_givens_float_s    |        0|     50|  11554|  18463|    0|
    +-------------------------------+----------------------+---------+-------+-------+-------+-----+
    |Total                          |                      |        0|    114|  15482|  26719|    0|
    +-------------------------------+----------------------+---------+-------+-------+-------+-----+

    * DSP48E: 
    N/A

    * Memory: 
    +-------------+---------------------+---------+---+----+-----+------+-----+------+-------------+
    |    Memory   |        Module       | BRAM_18K| FF| LUT| URAM| Words| Bits| Banks| W*Bits*Banks|
    +-------------+---------------------+---------+---+----+-----+------+-----+------+-------------+
    |Qi_M_real_U  |qrf_basic_Qi_M_real  |        2|  0|   0|    0|    16|   32|     1|          512|
    |Qi_M_imag_U  |qrf_basic_Qi_M_real  |        2|  0|   0|    0|    16|   32|     1|          512|
    |Ri_M_real_U  |qrf_basic_Qi_M_real  |        2|  0|   0|    0|    16|   32|     1|          512|
    |Ri_M_imag_U  |qrf_basic_Qi_M_real  |        2|  0|   0|    0|    16|   32|     1|          512|
    +-------------+---------------------+---------+---+----+-----+------+-----+------+-------------+
    |Total        |                     |        8|  0|   0|    0|    64|  128|     4|         2048|
    +-------------+---------------------+---------+---+----+-----+------+-----+------+-------------+

    * FIFO: 
    N/A

    * Expression: 
    +-------------------------+----------+-------+---+----+------------+------------+
    |      Variable Name      | Operation| DSP48E| FF| LUT| Bitwidth P0| Bitwidth P1|
    +-------------------------+----------+-------+---+----+------------+------------+
    |add_ln1067_1_fu_1022_p2  |     +    |      0|  0|  15|           6|           6|
    |add_ln1067_fu_988_p2     |     +    |      0|  0|  15|           6|           6|
    |add_ln459_1_fu_890_p2    |     +    |      0|  0|  10|           2|           1|
    |add_ln459_fu_884_p2      |     +    |      0|  0|  10|           2|           1|
    |add_ln460_1_fu_928_p2    |     +    |      0|  0|  10|           2|           1|
    |add_ln460_fu_922_p2      |     +    |      0|  0|  10|           2|           1|
    |add_ln482_fu_1049_p2     |     +    |      0|  0|  15|           6|           6|
    |add_ln503_1_fu_1143_p2   |     +    |      0|  0|  15|           5|           5|
    |add_ln503_2_fu_1166_p2   |     +    |      0|  0|  15|           5|           5|
    |add_ln516_1_fu_1246_p2   |     +    |      0|  0|  15|           5|           5|
    |add_ln516_fu_1235_p2     |     +    |      0|  0|  15|           5|           5|
    |add_ln521_1_fu_1257_p2   |     +    |      0|  0|  39|          32|          32|
    |add_ln521_fu_1106_p2     |     +    |      0|  0|  39|          32|          32|
    |add_ln524_1_fu_1297_p2   |     +    |      0|  0|  15|           5|           5|
    |add_ln524_fu_1286_p2     |     +    |      0|  0|  15|           5|           5|
    |add_ln538_1_fu_1369_p2   |     +    |      0|  0|  15|           6|           6|
    |add_ln538_fu_1364_p2     |     +    |      0|  0|  15|           6|           6|
    |add_ln545_fu_1422_p2     |     +    |      0|  0|  15|           6|           6|
    |c_1_fu_1006_p2           |     +    |      0|  0|  12|           3|           1|
    |c_2_fu_1342_p2           |     +    |      0|  0|  12|           3|           1|
    |c_3_fu_1406_p2           |     +    |      0|  0|  12|           3|           1|
    |c_fu_1039_p2             |     +    |      0|  0|  12|           3|           1|
    |grp_fu_693_p2            |     +    |      0|  0|  10|           2|           2|
    |j_fu_1070_p2             |     +    |      0|  0|  12|           3|           1|
    |k_1_fu_1271_p2           |     +    |      0|  0|  12|           3|           1|
    |k_fu_1220_p2             |     +    |      0|  0|  12|           3|           1|
    |r_1_fu_1314_p2           |     +    |      0|  0|  12|           3|           1|
    |r_fu_966_p2              |     +    |      0|  0|  12|           3|           1|
    |sub_ln499_fu_1090_p2     |     -    |      0|  0|  12|           3|           3|
    |icmp_ln459_1_fu_916_p2   |   icmp   |      0|  0|   8|           2|           2|
    |icmp_ln459_fu_910_p2     |   icmp   |      0|  0|   8|           2|           2|
    |icmp_ln460_1_fu_954_p2   |   icmp   |      0|  0|   8|           2|           2|
    |icmp_ln460_fu_948_p2     |   icmp   |      0|  0|   8|           2|           2|
    |icmp_ln471_fu_960_p2     |   icmp   |      0|  0|   9|           3|           4|
    |icmp_ln472_fu_1000_p2    |   icmp   |      0|  0|   9|           3|           4|
    |icmp_ln474_fu_1012_p2    |   icmp   |      0|  0|   9|           3|           3|
    |icmp_ln480_fu_1033_p2    |   icmp   |      0|  0|   9|           3|           4|
    |icmp_ln486_fu_1064_p2    |   icmp   |      0|  0|   9|           3|           4|
    |icmp_ln490_fu_1076_p2    |   icmp   |      0|  0|   9|           3|           2|
    |icmp_ln498_fu_1120_p2    |   icmp   |      0|  0|   8|           2|           1|
    |icmp_ln499_fu_1126_p2    |   icmp   |      0|  0|   9|           3|           3|
    |icmp_ln511_fu_1214_p2    |   icmp   |      0|  0|   9|           3|           4|
    |icmp_ln513_fu_1226_p2    |   icmp   |      0|  0|   9|           3|           3|
    |icmp_ln519_fu_1265_p2    |   icmp   |      0|  0|   9|           3|           4|
    |icmp_ln521_fu_1277_p2    |   icmp   |      0|  0|  18|          32|          32|
    |icmp_ln532_fu_1308_p2    |   icmp   |      0|  0|   9|           3|           4|
    |icmp_ln533_fu_1336_p2    |   icmp   |      0|  0|   9|           3|           4|
    |icmp_ln541_fu_1400_p2    |   icmp   |      0|  0|   9|           3|           4|
    |icmp_ln543_fu_1412_p2    |   icmp   |      0|  0|   9|           3|           3|
    |xor_ln155_fu_1389_p2     |    xor   |      0|  0|  33|          32|          33|
    |xor_ln521_fu_1100_p2     |    xor   |      0|  0|  32|          32|           2|
    +-------------------------+----------+-------+---+----+------------+------------+
    |Total                    |          |      0|  0| 677|         318|         274|
    +-------------------------+----------+-------+---+----+------------+------------+

    * Multiplexer: 
    +---------------------+-----+-----------+-----+-----------+
    |         Name        | LUT | Input Size| Bits| Total Bits|
    +---------------------+-----+-----------+-----+-----------+
    |Qi_M_imag_address0   |   33|          6|    4|         24|
    |Qi_M_imag_address1   |   21|          4|    4|         16|
    |Qi_M_imag_d0         |   15|          3|   32|         96|
    |Qi_M_real_address0   |   33|          6|    4|         24|
    |Qi_M_real_address1   |   21|          4|    4|         16|
    |Qi_M_real_d0         |   21|          4|   32|        128|
    |Ri_M_imag_address0   |   38|          7|    4|         28|
    |Ri_M_imag_address1   |   33|          6|    4|         24|
    |Ri_M_imag_d0         |   21|          4|   32|        128|
    |Ri_M_imag_d1         |   15|          3|   32|         96|
    |Ri_M_real_address0   |   38|          7|    4|         28|
    |Ri_M_real_address1   |   33|          6|    4|         24|
    |Ri_M_real_d0         |   21|          4|   32|        128|
    |Ri_M_real_d1         |   15|          3|   32|         96|
    |ap_NS_fsm            |  225|         52|    1|         52|
    |c12_0_reg_466        |    9|          2|    3|          6|
    |c15_0_reg_534        |    9|          2|    3|          6|
    |c16_0_reg_545        |    9|          2|    3|          6|
    |c_0_reg_455          |    9|          2|    3|          6|
    |grp_fu_565_opcode    |   15|          3|    2|          6|
    |grp_fu_565_p0        |   21|          4|   32|        128|
    |grp_fu_565_p1        |   21|          4|   32|        128|
    |grp_fu_569_p0        |   21|          4|   32|        128|
    |grp_fu_569_p1        |   21|          4|   32|        128|
    |grp_fu_573_opcode    |   15|          3|    2|          6|
    |grp_fu_573_p0        |   15|          3|   32|         96|
    |grp_fu_573_p1        |   15|          3|   32|         96|
    |grp_fu_577_p0        |   15|          3|   32|         96|
    |grp_fu_577_p1        |   15|          3|   32|         96|
    |grp_fu_597_p1        |   15|          3|   32|         96|
    |grp_fu_602_p1        |   15|          3|   32|         96|
    |grp_fu_607_p1        |   15|          3|   32|         96|
    |grp_fu_612_p1        |   15|          3|   32|         96|
    |grp_fu_617_p1        |   15|          3|   32|         96|
    |grp_fu_622_p1        |   15|          3|   32|         96|
    |grp_fu_627_p1        |   15|          3|   32|         96|
    |grp_fu_632_p1        |   15|          3|   32|         96|
    |grp_fu_637_p1        |   15|          3|   32|         96|
    |grp_fu_642_p1        |   15|          3|   32|         96|
    |grp_fu_647_p1        |   15|          3|   32|         96|
    |grp_fu_652_p1        |   15|          3|   32|         96|
    |grp_fu_657_p1        |   15|          3|   32|         96|
    |grp_fu_662_p1        |   15|          3|   32|         96|
    |grp_fu_667_p1        |   15|          3|   32|         96|
    |grp_fu_672_p1        |   15|          3|   32|         96|
    |grp_fu_693_p0        |   15|          3|    2|          6|
    |i_0_reg_488          |    9|          2|    2|          4|
    |j_0_reg_477          |    9|          2|    3|          6|
    |k13_0_reg_511        |    9|          2|    3|          6|
    |k_0_reg_500          |    9|          2|    3|          6|
    |phi_ln459_1_reg_409  |    9|          2|    2|          4|
    |phi_ln459_reg_397    |    9|          2|    2|          4|
    |phi_ln460_1_reg_432  |    9|          2|    2|          4|
    |phi_ln460_reg_420    |    9|          2|    2|          4|
    |r14_0_reg_522        |    9|          2|    3|          6|
    |r_0_reg_443          |    9|          2|    3|          6|
    +---------------------+-----+-----------+-----+-----------+
    |Total                | 1138|        232| 1036|       3432|
    +---------------------+-----+-----------+-----+-----------+

    * Register: 
    +--------------------------------------------+----+----+-----+-----------+
    |                    Name                    | FF | LUT| Bits| Const Bits|
    +--------------------------------------------+----+----+-----+-----------+
    |Qi_M_imag_addr_1_reg_1484                   |   4|   0|    4|          0|
    |Qi_M_imag_addr_4_reg_1709                   |   4|   0|    4|          0|
    |Qi_M_imag_addr_5_reg_1715                   |   4|   0|    4|          0|
    |Qi_M_real_addr_1_reg_1479                   |   4|   0|    4|          0|
    |Qi_M_real_addr_4_reg_1697                   |   4|   0|    4|          0|
    |Qi_M_real_addr_5_reg_1703                   |   4|   0|    4|          0|
    |Ri_M_imag_addr_2_reg_1578                   |   4|   0|    4|          0|
    |Ri_M_imag_addr_3_reg_1595                   |   4|   0|    4|          0|
    |Ri_M_imag_addr_5_reg_1670                   |   4|   0|    4|          0|
    |Ri_M_imag_addr_6_reg_1675                   |   4|   0|    4|          0|
    |Ri_M_real_addr_2_reg_1572                   |   4|   0|    4|          0|
    |Ri_M_real_addr_3_reg_1590                   |   4|   0|    4|          0|
    |Ri_M_real_addr_5_reg_1660                   |   4|   0|    4|          0|
    |Ri_M_real_addr_6_reg_1665                   |   4|   0|    4|          0|
    |add_ln459_reg_1433                          |   2|   0|    2|          0|
    |add_ln460_reg_1449                          |   2|   0|    2|          0|
    |add_ln521_1_reg_1680                        |  32|   0|   32|          0|
    |add_ln521_reg_1549                          |  32|   0|   32|          0|
    |add_ln538_reg_1785                          |   6|   0|    6|          0|
    |ap_CS_fsm                                   |  51|   0|   51|          0|
    |c12_0_reg_466                               |   3|   0|    3|          0|
    |c15_0_reg_534                               |   3|   0|    3|          0|
    |c16_0_reg_545                               |   3|   0|    3|          0|
    |c_0_reg_455                                 |   3|   0|    3|          0|
    |c_2_reg_1780                                |   3|   0|    3|          0|
    |c_3_reg_1803                                |   3|   0|    3|          0|
    |c_reg_1503                                  |   3|   0|    3|          0|
    |grp_qrf_givens_float_s_fu_556_ap_start_reg  |   1|   0|    1|          0|
    |i_0_reg_488                                 |   2|   0|    2|          0|
    |icmp_ln490_reg_1533                         |   1|   0|    1|          0|
    |icmp_ln499_reg_1562                         |   1|   0|    1|          0|
    |icmp_ln513_reg_1656                         |   1|   0|    1|          0|
    |icmp_ln521_reg_1693                         |   1|   0|    1|          0|
    |icmp_ln543_reg_1808                         |   1|   0|    1|          0|
    |j_0_reg_477                                 |   3|   0|    3|          0|
    |j_reg_1527                                  |   3|   0|    3|          0|
    |k13_0_reg_511                               |   3|   0|    3|          0|
    |k_0_reg_500                                 |   3|   0|    3|          0|
    |k_1_reg_1688                                |   3|   0|    3|          0|
    |k_reg_1651                                  |   3|   0|    3|          0|
    |p_r_M_imag_1_reg_1624                       |  32|   0|   32|          0|
    |p_r_M_imag_3_reg_1612                       |  32|   0|   32|          0|
    |p_r_M_imag_4_reg_1600                       |  32|   0|   32|          0|
    |p_r_M_imag_reg_1636                         |  32|   0|   32|          0|
    |p_r_M_real_1_reg_1630                       |  32|   0|   32|          0|
    |p_r_M_real_3_reg_1618                       |  32|   0|   32|          0|
    |p_r_M_real_4_reg_1606                       |  32|   0|   32|          0|
    |p_r_M_real_reg_1642                         |  32|   0|   32|          0|
    |phi_ln459_1_reg_409                         |   2|   0|    2|          0|
    |phi_ln459_reg_397                           |   2|   0|    2|          0|
    |phi_ln460_1_reg_432                         |   2|   0|    2|          0|
    |phi_ln460_reg_420                           |   2|   0|    2|          0|
    |r14_0_reg_522                               |   3|   0|    3|          0|
    |r_0_reg_443                                 |   3|   0|    3|          0|
    |r_1_reg_1761                                |   3|   0|    3|          0|
    |r_reg_1468                                  |   3|   0|    3|          0|
    |reg_700                                     |  32|   0|   32|          0|
    |reg_709                                     |  32|   0|   32|          0|
    |reg_718                                     |  32|   0|   32|          0|
    |reg_727                                     |  32|   0|   32|          0|
    |reg_736                                     |  32|   0|   32|          0|
    |reg_741                                     |  32|   0|   32|          0|
    |reg_746                                     |  32|   0|   32|          0|
    |reg_751                                     |  32|   0|   32|          0|
    |reg_756                                     |  32|   0|   32|          0|
    |reg_761                                     |  32|   0|   32|          0|
    |reg_766                                     |  32|   0|   32|          0|
    |reg_771                                     |  32|   0|   32|          0|
    |reg_776                                     |  32|   0|   32|          0|
    |reg_781                                     |  32|   0|   32|          0|
    |reg_786                                     |  32|   0|   32|          0|
    |reg_791                                     |  32|   0|   32|          0|
    |reg_796                                     |  32|   0|   32|          0|
    |reg_801                                     |  32|   0|   32|          0|
    |reg_806                                     |  32|   0|   32|          0|
    |reg_811                                     |  32|   0|   32|          0|
    |reg_816                                     |  32|   0|   32|          0|
    |reg_822                                     |  32|   0|   32|          0|
    |reg_828                                     |  32|   0|   32|          0|
    |reg_834                                     |  32|   0|   32|          0|
    |reg_840                                     |  32|   0|   32|          0|
    |reg_845                                     |  32|   0|   32|          0|
    |reg_850                                     |  32|   0|   32|          0|
    |reg_855                                     |  32|   0|   32|          0|
    |reg_860                                     |  32|   0|   32|          0|
    |reg_866                                     |  32|   0|   32|          0|
    |reg_872                                     |  32|   0|   32|          0|
    |reg_878                                     |  32|   0|   32|          0|
    |sub_ln499_reg_1538                          |   3|   0|    3|          0|
    |zext_ln1067_reg_1473                        |   3|   0|    6|          3|
    |zext_ln482_2_reg_1508                       |   6|   0|   64|         58|
    |zext_ln498_reg_1554                         |   2|   0|   32|         30|
    |zext_ln503_2_reg_1584                       |   2|   0|    5|          3|
    |zext_ln503_reg_1566                         |   2|   0|    5|          3|
    |zext_ln521_reg_1543                         |   3|   0|    5|          2|
    |zext_ln533_reg_1771                         |   3|   0|    6|          3|
    |zext_ln545_2_reg_1812                       |   6|   0|   64|         58|
    |zext_ln545_reg_1766                         |   3|   0|    6|          3|
    +--------------------------------------------+----+----+-----+-----------+
    |Total                                       |1561|   0| 1724|        163|
    +--------------------------------------------+----+----+-----+-----------+



================================================================
== Interface
================================================================
* Summary: 
+-------------------+-----+-----+------------+--------------+--------------+
|     RTL Ports     | Dir | Bits|  Protocol  | Source Object|    C Type    |
+-------------------+-----+-----+------------+--------------+--------------+
|ap_clk             |  in |    1| ap_ctrl_hs |   qrf_basic  | return value |
|ap_rst             |  in |    1| ap_ctrl_hs |   qrf_basic  | return value |
|ap_start           |  in |    1| ap_ctrl_hs |   qrf_basic  | return value |
|ap_done            | out |    1| ap_ctrl_hs |   qrf_basic  | return value |
|ap_idle            | out |    1| ap_ctrl_hs |   qrf_basic  | return value |
|ap_ready           | out |    1| ap_ctrl_hs |   qrf_basic  | return value |
|A_M_real_address0  | out |    4|  ap_memory |   A_M_real   |     array    |
|A_M_real_ce0       | out |    1|  ap_memory |   A_M_real   |     array    |
|A_M_real_q0        |  in |   32|  ap_memory |   A_M_real   |     array    |
|A_M_imag_address0  | out |    4|  ap_memory |   A_M_imag   |     array    |
|A_M_imag_ce0       | out |    1|  ap_memory |   A_M_imag   |     array    |
|A_M_imag_q0        |  in |   32|  ap_memory |   A_M_imag   |     array    |
|Q_M_real_address0  | out |    4|  ap_memory |   Q_M_real   |     array    |
|Q_M_real_ce0       | out |    1|  ap_memory |   Q_M_real   |     array    |
|Q_M_real_we0       | out |    1|  ap_memory |   Q_M_real   |     array    |
|Q_M_real_d0        | out |   32|  ap_memory |   Q_M_real   |     array    |
|Q_M_imag_address0  | out |    4|  ap_memory |   Q_M_imag   |     array    |
|Q_M_imag_ce0       | out |    1|  ap_memory |   Q_M_imag   |     array    |
|Q_M_imag_we0       | out |    1|  ap_memory |   Q_M_imag   |     array    |
|Q_M_imag_d0        | out |   32|  ap_memory |   Q_M_imag   |     array    |
|R_M_real_address0  | out |    4|  ap_memory |   R_M_real   |     array    |
|R_M_real_ce0       | out |    1|  ap_memory |   R_M_real   |     array    |
|R_M_real_we0       | out |    1|  ap_memory |   R_M_real   |     array    |
|R_M_real_d0        | out |   32|  ap_memory |   R_M_real   |     array    |
|R_M_imag_address0  | out |    4|  ap_memory |   R_M_imag   |     array    |
|R_M_imag_ce0       | out |    1|  ap_memory |   R_M_imag   |     array    |
|R_M_imag_we0       | out |    1|  ap_memory |   R_M_imag   |     array    |
|R_M_imag_d0        | out |   32|  ap_memory |   R_M_imag   |     array    |
+-------------------+-----+-----+------------+--------------+--------------+

