

================================================================
== Vivado HLS Report for 'qrf_givens_float_s'
================================================================
* Date:           Thu Jul 30 16:23:41 2020

* Version:        2019.1 (Build 2552052 on Fri May 24 15:28:33 MDT 2019)
* Project:        DOA_Estimation_proj
* Solution:       solution1
* Product family: zynq
* Target device:  xc7z020-clg400-1


================================================================
== Performance Estimates
================================================================
+ Timing (ns): 
    * Summary: 
    +--------+-------+----------+------------+
    |  Clock | Target| Estimated| Uncertainty|
    +--------+-------+----------+------------+
    |ap_clk  |  10.00|     8.365|        1.25|
    +--------+-------+----------+------------+

+ Latency (clock cycles): 
    * Summary: 
    +-----+-----+-----+-----+---------+
    |  Latency  |  Interval | Pipeline|
    | min | max | min | max |   Type  |
    +-----+-----+-----+-----+---------+
    |    8|   77|    8|   77|   none  |
    +-----+-----+-----+-----+---------+

    + Detail: 
        * Instance: 
        +----------------------------------+-----------------------+-----+-----+-----+-----+---------+
        |                                  |                       |  Latency  |  Interval | Pipeline|
        |             Instance             |         Module        | min | max | min | max |   Type  |
        +----------------------------------+-----------------------+-----+-----+-----+-----+---------+
        |grp_qrf_magnitude_float_s_fu_226  |qrf_magnitude_float_s  |    4|   48|    4|   48|   none  |
        +----------------------------------+-----------------------+-----+-----+-----+-----+---------+

        * Loop: 
        N/A



================================================================
== Utilization Estimates
================================================================
* Summary: 
+-----------------+---------+-------+--------+-------+-----+
|       Name      | BRAM_18K| DSP48E|   FF   |  LUT  | URAM|
+-----------------+---------+-------+--------+-------+-----+
|DSP              |        -|      -|       -|      -|    -|
|Expression       |        -|      -|       0|    330|    -|
|FIFO             |        -|      -|       -|      -|    -|
|Instance         |        -|     50|   10200|  17417|    -|
|Memory           |        -|      -|       -|      -|    -|
|Multiplexer      |        -|      -|       -|    716|    -|
|Register         |        -|      -|    1354|      -|    -|
+-----------------+---------+-------+--------+-------+-----+
|Total            |        0|     50|   11554|  18463|    0|
+-----------------+---------+-------+--------+-------+-----+
|Available        |      280|    220|  106400|  53200|    0|
+-----------------+---------+-------+--------+-------+-----+
|Utilization (%)  |        0|     22|      10|     34|    0|
+-----------------+---------+-------+--------+-------+-----+

+ Detail: 
    * Instance: 
    +----------------------------------+-----------------------+---------+-------+------+------+-----+
    |             Instance             |         Module        | BRAM_18K| DSP48E|  FF  |  LUT | URAM|
    +----------------------------------+-----------------------+---------+-------+------+------+-----+
    |music_fadd_32ns_3ocq_U77          |music_fadd_32ns_3ocq   |        0|      2|   205|   390|    0|
    |music_fadd_32ns_3ocq_U78          |music_fadd_32ns_3ocq   |        0|      2|   205|   390|    0|
    |music_fadd_32ns_3ocq_U80          |music_fadd_32ns_3ocq   |        0|      2|   205|   390|    0|
    |music_fcmp_32ns_3pcA_U95          |music_fcmp_32ns_3pcA   |        0|      0|    66|   239|    0|
    |music_fdiv_32ns_3ncg_U91          |music_fdiv_32ns_3ncg   |        0|      0|   761|   994|    0|
    |music_fdiv_32ns_3ncg_U92          |music_fdiv_32ns_3ncg   |        0|      0|   761|   994|    0|
    |music_fdiv_32ns_3ncg_U93          |music_fdiv_32ns_3ncg   |        0|      0|   761|   994|    0|
    |music_fdiv_32ns_3ncg_U94          |music_fdiv_32ns_3ncg   |        0|      0|   761|   994|    0|
    |music_fmul_32ns_3jbC_U82          |music_fmul_32ns_3jbC   |        0|      3|   143|   321|    0|
    |music_fmul_32ns_3jbC_U83          |music_fmul_32ns_3jbC   |        0|      3|   143|   321|    0|
    |music_fmul_32ns_3jbC_U84          |music_fmul_32ns_3jbC   |        0|      3|   143|   321|    0|
    |music_fmul_32ns_3jbC_U85          |music_fmul_32ns_3jbC   |        0|      3|   143|   321|    0|
    |music_fmul_32ns_3jbC_U86          |music_fmul_32ns_3jbC   |        0|      3|   143|   321|    0|
    |music_fmul_32ns_3jbC_U87          |music_fmul_32ns_3jbC   |        0|      3|   143|   321|    0|
    |music_fmul_32ns_3jbC_U88          |music_fmul_32ns_3jbC   |        0|      3|   143|   321|    0|
    |music_fmul_32ns_3jbC_U89          |music_fmul_32ns_3jbC   |        0|      3|   143|   321|    0|
    |music_fmul_32ns_3jbC_U90          |music_fmul_32ns_3jbC   |        0|      3|   143|   321|    0|
    |music_fsub_32ns_3rcU_U79          |music_fsub_32ns_3rcU   |        0|      2|   205|   390|    0|
    |music_fsub_32ns_3rcU_U81          |music_fsub_32ns_3rcU   |        0|      2|   205|   390|    0|
    |grp_qrf_magnitude_float_s_fu_226  |qrf_magnitude_float_s  |        0|     13|  4778|  8363|    0|
    +----------------------------------+-----------------------+---------+-------+------+------+-----+
    |Total                             |                       |        0|     50| 10200| 17417|    0|
    +----------------------------------+-----------------------+---------+-------+------+------+-----+

    * DSP48E: 
    N/A

    * Memory: 
    N/A

    * FIFO: 
    N/A

    * Expression: 
    +------------------------+----------+-------+---+----+------------+------------+
    |      Variable Name     | Operation| DSP48E| FF| LUT| Bitwidth P0| Bitwidth P1|
    +------------------------+----------+-------+---+----+------------+------------+
    |and_ln284_1_fu_531_p2   |    and   |      0|  0|   2|           1|           1|
    |and_ln284_2_fu_587_p2   |    and   |      0|  0|   2|           1|           1|
    |and_ln284_3_fu_643_p2   |    and   |      0|  0|   2|           1|           1|
    |and_ln284_fu_475_p2     |    and   |      0|  0|   2|           1|           1|
    |and_ln306_1_fu_827_p2   |    and   |      0|  0|   2|           1|           1|
    |and_ln306_fu_771_p2     |    and   |      0|  0|   2|           1|           1|
    |icmp_ln284_1_fu_418_p2  |   icmp   |      0|  0|  18|          23|           1|
    |icmp_ln284_2_fu_515_p2  |   icmp   |      0|  0|  11|           8|           2|
    |icmp_ln284_3_fu_521_p2  |   icmp   |      0|  0|  18|          23|           1|
    |icmp_ln284_4_fu_571_p2  |   icmp   |      0|  0|  11|           8|           2|
    |icmp_ln284_5_fu_577_p2  |   icmp   |      0|  0|  18|          23|           1|
    |icmp_ln284_6_fu_627_p2  |   icmp   |      0|  0|  11|           8|           2|
    |icmp_ln284_7_fu_633_p2  |   icmp   |      0|  0|  18|          23|           1|
    |icmp_ln284_fu_412_p2    |   icmp   |      0|  0|  11|           8|           2|
    |icmp_ln306_1_fu_465_p2  |   icmp   |      0|  0|  18|          23|           1|
    |icmp_ln306_2_fu_811_p2  |   icmp   |      0|  0|  11|           8|           2|
    |icmp_ln306_3_fu_817_p2  |   icmp   |      0|  0|  18|          23|           1|
    |icmp_ln306_fu_459_p2    |   icmp   |      0|  0|  11|           8|           2|
    |or_ln284_1_fu_527_p2    |    or    |      0|  0|   2|           1|           1|
    |or_ln284_2_fu_583_p2    |    or    |      0|  0|   2|           1|           1|
    |or_ln284_3_fu_639_p2    |    or    |      0|  0|   2|           1|           1|
    |or_ln284_fu_471_p2      |    or    |      0|  0|   2|           1|           1|
    |or_ln306_1_fu_823_p2    |    or    |      0|  0|   2|           1|           1|
    |or_ln306_fu_767_p2      |    or    |      0|  0|   2|           1|           1|
    |xor_ln155_1_fu_672_p2   |    xor   |      0|  0|  33|          32|          33|
    |xor_ln155_2_fu_687_p2   |    xor   |      0|  0|  33|          32|          33|
    |xor_ln155_fu_837_p2     |    xor   |      0|  0|  33|          32|          33|
    |xor_ln444_fu_702_p2     |    xor   |      0|  0|  33|          32|          33|
    +------------------------+----------+-------+---+----+------------+------------+
    |Total                   |          |      0|  0| 330|         326|         162|
    +------------------------+----------+-------+---+----+------------+------------+

    * Multiplexer: 
    +----------------------------------------------+-----+-----------+-----+-----------+
    |                     Name                     | LUT | Input Size| Bits| Total Bits|
    +----------------------------------------------+-----+-----------+-----+-----------+
    |ap_NS_fsm                                     |  249|         58|    1|         58|
    |ap_phi_mux_c_M_imag_write_assi_phi_fu_132_p4  |    9|          2|   32|         64|
    |ap_phi_mux_c_M_real_write_assi_phi_fu_120_p4  |    9|          2|   32|         64|
    |ap_phi_mux_cc_M_imag_write_ass_phi_fu_186_p4  |    9|          2|   32|         64|
    |ap_phi_mux_cc_M_real_write_ass_phi_fu_176_p4  |    9|          2|   32|         64|
    |ap_phi_mux_r_M_real_0_phi_fu_196_p4           |    9|          2|   32|         64|
    |ap_phi_mux_s_M_imag_write_assi_phi_fu_155_p4  |    9|          2|   32|         64|
    |ap_phi_mux_s_M_real_write_assi_phi_fu_143_p4  |    9|          2|   32|         64|
    |ap_phi_mux_ss_M_real_write_ass_phi_fu_166_p4  |    9|          2|   32|         64|
    |ap_return_0                                   |    9|          2|   32|         64|
    |ap_return_1                                   |    9|          2|   32|         64|
    |ap_return_2                                   |    9|          2|   32|         64|
    |ap_return_3                                   |    9|          2|   32|         64|
    |ap_return_4                                   |    9|          2|   32|         64|
    |ap_return_5                                   |    9|          2|   32|         64|
    |ap_return_6                                   |    9|          2|   32|         64|
    |ap_return_7                                   |    9|          2|   32|         64|
    |ap_return_8                                   |    9|          2|   32|         64|
    |c_M_imag_write_assi_reg_128                   |    9|          2|   32|         64|
    |c_M_real_write_assi_reg_116                   |    9|          2|   32|         64|
    |cc_M_imag_write_ass_reg_183                   |    9|          2|   32|         64|
    |cc_M_real_write_ass_reg_173                   |    9|          2|   32|         64|
    |grp_fu_261_p0                                 |   15|          3|   32|         96|
    |grp_fu_261_p1                                 |   15|          3|   32|         96|
    |grp_fu_265_p0                                 |   15|          3|   32|         96|
    |grp_fu_270_p0                                 |   15|          3|   32|         96|
    |grp_fu_270_p1                                 |   15|          3|   32|         96|
    |grp_fu_274_p0                                 |   15|          3|   32|         96|
    |grp_fu_274_p1                                 |   15|          3|   32|         96|
    |grp_fu_278_p0                                 |   15|          3|   32|         96|
    |grp_fu_317_p0                                 |   38|          7|   32|        224|
    |grp_qrf_magnitude_float_s_fu_226_a_M_imag     |   15|          3|   32|         96|
    |grp_qrf_magnitude_float_s_fu_226_a_M_real     |   15|          3|   32|         96|
    |r_M_real_0_reg_193                            |    9|          2|   32|         64|
    |s_M_imag_write_assi_reg_151                   |    9|          2|   32|         64|
    |s_M_real_write_assi_reg_139                   |    9|          2|   32|         64|
    |s_tmp_M_imag_2_reg_215                        |    9|          2|   32|         64|
    |s_tmp_M_imag_reg_105                          |    9|          2|   32|         64|
    |ss_M_real_write_ass_reg_162                   |    9|          2|   32|         64|
    |tmp_M_imag_2_reg_85                           |    9|          2|   32|         64|
    |tmp_M_real_1_reg_96                           |    9|          2|   32|         64|
    |tmp_M_real_2_reg_74                           |    9|          2|   32|         64|
    |tmp_M_real_reg_202                            |    9|          2|   32|         64|
    +----------------------------------------------+-----+-----------+-----+-----------+
    |Total                                         |  716|        157| 1345|       3226|
    +----------------------------------------------+-----+-----------+-----+-----------+

    * Register: 
    +-----------------------------------------------+----+----+-----+-----------+
    |                      Name                     | FF | LUT| Bits| Const Bits|
    +-----------------------------------------------+----+----+-----+-----------+
    |and_ln284_1_reg_952                            |   1|   0|    1|          0|
    |and_ln284_2_reg_971                            |   1|   0|    1|          0|
    |and_ln284_reg_933                              |   1|   0|    1|          0|
    |and_ln306_reg_1047                             |   1|   0|    1|          0|
    |ap_CS_fsm                                      |  57|   0|   57|          0|
    |ap_return_0_preg                               |  32|   0|   32|          0|
    |ap_return_1_preg                               |  32|   0|   32|          0|
    |ap_return_2_preg                               |  32|   0|   32|          0|
    |ap_return_3_preg                               |  32|   0|   32|          0|
    |ap_return_4_preg                               |  32|   0|   32|          0|
    |ap_return_5_preg                               |  32|   0|   32|          0|
    |ap_return_6_preg                               |  32|   0|   32|          0|
    |ap_return_7_preg                               |  32|   0|   32|          0|
    |ap_return_8_preg                               |  32|   0|   32|          0|
    |c_M_imag_write_assi_reg_128                    |  32|   0|   32|          0|
    |c_M_real_write_assi_reg_116                    |  32|   0|   32|          0|
    |cc_M_imag_write_ass_reg_183                    |  32|   0|   32|          0|
    |cc_M_real_write_ass_reg_173                    |  32|   0|   32|          0|
    |grp_qrf_magnitude_float_s_fu_226_ap_start_reg  |   1|   0|    1|          0|
    |icmp_ln284_1_reg_902                           |   1|   0|    1|          0|
    |icmp_ln284_2_reg_942                           |   1|   0|    1|          0|
    |icmp_ln284_3_reg_947                           |   1|   0|    1|          0|
    |icmp_ln284_4_reg_961                           |   1|   0|    1|          0|
    |icmp_ln284_5_reg_966                           |   1|   0|    1|          0|
    |icmp_ln284_6_reg_980                           |   1|   0|    1|          0|
    |icmp_ln284_7_reg_985                           |   1|   0|    1|          0|
    |icmp_ln284_reg_897                             |   1|   0|    1|          0|
    |icmp_ln306_1_reg_917                           |   1|   0|    1|          0|
    |icmp_ln306_2_reg_1056                          |   1|   0|    1|          0|
    |icmp_ln306_3_reg_1061                          |   1|   0|    1|          0|
    |icmp_ln306_reg_912                             |   1|   0|    1|          0|
    |p_Val2_41_reg_887                              |  32|   0|   32|          0|
    |r_M_real_0_reg_193                             |  32|   0|   32|          0|
    |reg_322                                        |  32|   0|   32|          0|
    |reg_327                                        |  32|   0|   32|          0|
    |reg_332                                        |  32|   0|   32|          0|
    |reg_337                                        |  32|   0|   32|          0|
    |reg_342                                        |  32|   0|   32|          0|
    |reg_347                                        |  32|   0|   32|          0|
    |reg_352                                        |  32|   0|   32|          0|
    |reg_360                                        |  32|   0|   32|          0|
    |s_M_imag_write_assi_reg_151                    |  32|   0|   32|          0|
    |s_M_real_write_assi_reg_139                    |  32|   0|   32|          0|
    |s_tmp_M_imag_2_reg_215                         |  32|   0|   32|          0|
    |s_tmp_M_imag_reg_105                           |  32|   0|   32|          0|
    |sqrt_mag_a_mag_b_1_reg_1038                    |  32|   0|   32|          0|
    |sqrt_mag_a_mag_b_reg_922                       |  32|   0|   32|          0|
    |ss_M_real_write_ass_reg_162                    |  32|   0|   32|          0|
    |tmp_2_i_i5_reg_1018                            |  32|   0|   32|          0|
    |tmp_5_i_i2_reg_1008                            |  32|   0|   32|          0|
    |tmp_6_i_i2_reg_1013                            |  32|   0|   32|          0|
    |tmp_7_i_i2_reg_1023                            |  32|   0|   32|          0|
    |tmp_M_imag_2_reg_85                            |  32|   0|   32|          0|
    |tmp_M_real_1_reg_96                            |  32|   0|   32|          0|
    |tmp_M_real_2_reg_74                            |  32|   0|   32|          0|
    |tmp_M_real_reg_202                             |  32|   0|   32|          0|
    |tmp_i_i5_reg_1003                              |  32|   0|   32|          0|
    |tmp_i_i6_reg_998                               |  32|   0|   32|          0|
    +-----------------------------------------------+----+----+-----+-----------+
    |Total                                          |1354|   0| 1354|          0|
    +-----------------------------------------------+----+----+-----+-----------+



================================================================
== Interface
================================================================
* Summary: 
+-------------+-----+-----+------------+-------------------+--------------+
|  RTL Ports  | Dir | Bits|  Protocol  |   Source Object   |    C Type    |
+-------------+-----+-----+------------+-------------------+--------------+
|ap_clk       |  in |    1| ap_ctrl_hs | qrf_givens<float> | return value |
|ap_rst       |  in |    1| ap_ctrl_hs | qrf_givens<float> | return value |
|ap_start     |  in |    1| ap_ctrl_hs | qrf_givens<float> | return value |
|ap_done      | out |    1| ap_ctrl_hs | qrf_givens<float> | return value |
|ap_idle      | out |    1| ap_ctrl_hs | qrf_givens<float> | return value |
|ap_ready     | out |    1| ap_ctrl_hs | qrf_givens<float> | return value |
|ap_return_0  | out |   32| ap_ctrl_hs | qrf_givens<float> | return value |
|ap_return_1  | out |   32| ap_ctrl_hs | qrf_givens<float> | return value |
|ap_return_2  | out |   32| ap_ctrl_hs | qrf_givens<float> | return value |
|ap_return_3  | out |   32| ap_ctrl_hs | qrf_givens<float> | return value |
|ap_return_4  | out |   32| ap_ctrl_hs | qrf_givens<float> | return value |
|ap_return_5  | out |   32| ap_ctrl_hs | qrf_givens<float> | return value |
|ap_return_6  | out |   32| ap_ctrl_hs | qrf_givens<float> | return value |
|ap_return_7  | out |   32| ap_ctrl_hs | qrf_givens<float> | return value |
|ap_return_8  | out |   32| ap_ctrl_hs | qrf_givens<float> | return value |
|extra_pass   |  in |    1|   ap_none  |     extra_pass    |    scalar    |
|a_M_real     |  in |   32|   ap_none  |      a_M_real     |    scalar    |
|a_M_imag     |  in |   32|   ap_none  |      a_M_imag     |    scalar    |
|b_M_real     |  in |   32|   ap_none  |      b_M_real     |    scalar    |
|b_M_imag     |  in |   32|   ap_none  |      b_M_imag     |    scalar    |
+-------------+-----+-----+------------+-------------------+--------------+

