03:09:57 INFO  : Registering command handlers for SDK TCF services
03:09:58 INFO  : Launching XSCT server: xsct.bat -interactive C:\Users\zhangqx\workspace\Xilinx_Intern\summer\project\DOA_Estimation_Based_on_MUSIC_HLS\vivado_proj\vivado_proj.sdk\temp_xsdb_launch_script.tcl
03:10:01 INFO  : XSCT server has started successfully.
03:10:01 INFO  : Successfully done setting XSCT server connection channel  
03:10:02 INFO  : Successfully done setting SDK workspace  
03:10:02 INFO  : Processing command line option -hwspec C:/Users/zhangqx/workspace/Xilinx_Intern/summer/project/DOA_Estimation_Based_on_MUSIC_HLS/vivado_proj/vivado_proj.sdk/music_wrapper.hdf.
03:17:06 INFO  : Launching XSCT server: xsct.bat -interactive C:\Users\zhangqx\workspace\Xilinx_Intern\summer\project\DOA_Estimation_Based_on_MUSIC_HLS\vivado_proj\vivado_proj.sdk\temp_xsdb_launch_script.tcl
03:17:09 INFO  : XSCT server has started successfully.
03:17:14 INFO  : Successfully done setting XSCT server connection channel  
03:17:14 INFO  : Successfully done setting SDK workspace  
03:17:16 INFO  : Registering command handlers for SDK TCF services
03:17:17 INFO  : Processing command line option -hwspec C:/Users/zhangqx/workspace/Xilinx_Intern/summer/project/DOA_Estimation_Based_on_MUSIC_HLS/vivado_proj/vivado_proj.sdk/music_wrapper.hdf.
03:17:17 INFO  : Checking for hwspec changes in the project music_wrapper_hw_platform_0.
03:21:53 INFO  : Connected to target on host '127.0.0.1' and port '3121'.
03:21:54 INFO  : 'targets -set -filter {jtag_cable_name =~ "Xilinx TUL 1234-tulA" && level==0} -index 1' command is executed.
03:21:56 INFO  : FPGA configured successfully with bitstream "C:/Users/zhangqx/workspace/Xilinx_Intern/summer/project/DOA_Estimation_Based_on_MUSIC_HLS/vivado_proj/vivado_proj.sdk/music_wrapper_hw_platform_0/music_wrapper.bit"
03:24:00 INFO  : 'targets -set -filter {jtag_cable_name =~ "Xilinx TUL 1234-tulA" && level==0} -index 1' command is executed.
03:24:00 INFO  : 'fpga -state' command is executed.
03:24:00 INFO  : Connected to target on host '127.0.0.1' and port '3121'.
03:24:00 INFO  : Jtag cable 'Xilinx TUL 1234-tulA' is selected.
03:24:00 INFO  : 'jtag frequency' command is executed.
03:24:00 INFO  : Sourcing of 'C:/Users/zhangqx/workspace/Xilinx_Intern/summer/project/DOA_Estimation_Based_on_MUSIC_HLS/vivado_proj/vivado_proj.sdk/music_wrapper_hw_platform_0/ps7_init.tcl' is done.
03:24:00 INFO  : Context for 'APU' is selected.
03:24:00 INFO  : Hardware design information is loaded from 'C:/Users/zhangqx/workspace/Xilinx_Intern/summer/project/DOA_Estimation_Based_on_MUSIC_HLS/vivado_proj/vivado_proj.sdk/music_wrapper_hw_platform_0/system.hdf'.
03:24:00 INFO  : 'configparams force-mem-access 1' command is executed.
03:24:00 INFO  : Context for 'APU' is selected.
03:24:00 INFO  : 'stop' command is executed.
03:24:01 INFO  : 'ps7_init' command is executed.
03:24:01 INFO  : 'ps7_post_config' command is executed.
03:24:01 INFO  : 'configparams force-mem-access 0' command is executed.
03:24:01 INFO  : ----------------XSDB Script----------------
connect -url tcp:127.0.0.1:3121
source C:/Users/zhangqx/workspace/Xilinx_Intern/summer/project/DOA_Estimation_Based_on_MUSIC_HLS/vivado_proj/vivado_proj.sdk/music_wrapper_hw_platform_0/ps7_init.tcl
targets -set -nocase -filter {name =~"APU*" && jtag_cable_name =~ "Xilinx TUL 1234-tulA"} -index 0
loadhw -hw C:/Users/zhangqx/workspace/Xilinx_Intern/summer/project/DOA_Estimation_Based_on_MUSIC_HLS/vivado_proj/vivado_proj.sdk/music_wrapper_hw_platform_0/system.hdf -mem-ranges [list {0x40000000 0xbfffffff}]
configparams force-mem-access 1
targets -set -nocase -filter {name =~"APU*" && jtag_cable_name =~ "Xilinx TUL 1234-tulA"} -index 0
stop
ps7_init
ps7_post_config
configparams force-mem-access 0
----------------End of Script----------------

03:24:01 INFO  : Memory regions updated for context APU
03:24:01 INFO  : Launch script is exported to file 'C:\Users\zhangqx\workspace\Xilinx_Intern\summer\project\DOA_Estimation_Based_on_MUSIC_HLS\vivado_proj\vivado_proj.sdk\.sdk\launch_scripts\xilinx_c-c++_application_(system_debugger)\system_debugger_using_debug_music.elf_on_local.tcl'
03:25:53 INFO  : Disconnected from the channel tcfchan#1.
03:26:12 INFO  : 'targets -set -filter {jtag_cable_name =~ "Xilinx TUL 1234-tulA" && level==0} -index 1' command is executed.
03:26:12 INFO  : 'fpga -state' command is executed.
03:26:12 INFO  : Connected to target on host '127.0.0.1' and port '3121'.
03:26:13 INFO  : Jtag cable 'Xilinx TUL 1234-tulA' is selected.
03:26:13 INFO  : 'jtag frequency' command is executed.
03:26:13 INFO  : Sourcing of 'C:/Users/zhangqx/workspace/Xilinx_Intern/summer/project/DOA_Estimation_Based_on_MUSIC_HLS/vivado_proj/vivado_proj.sdk/music_wrapper_hw_platform_0/ps7_init.tcl' is done.
03:26:13 INFO  : Context for 'APU' is selected.
03:26:16 INFO  : Hardware design information is loaded from 'C:/Users/zhangqx/workspace/Xilinx_Intern/summer/project/DOA_Estimation_Based_on_MUSIC_HLS/vivado_proj/vivado_proj.sdk/music_wrapper_hw_platform_0/system.hdf'.
03:26:16 INFO  : 'configparams force-mem-access 1' command is executed.
03:26:16 INFO  : Context for 'APU' is selected.
03:26:16 INFO  : 'stop' command is executed.
03:26:17 INFO  : 'ps7_init' command is executed.
03:26:17 INFO  : 'ps7_post_config' command is executed.
03:26:17 INFO  : 'configparams force-mem-access 0' command is executed.
03:26:17 INFO  : ----------------XSDB Script----------------
connect -url tcp:127.0.0.1:3121
source C:/Users/zhangqx/workspace/Xilinx_Intern/summer/project/DOA_Estimation_Based_on_MUSIC_HLS/vivado_proj/vivado_proj.sdk/music_wrapper_hw_platform_0/ps7_init.tcl
targets -set -nocase -filter {name =~"APU*" && jtag_cable_name =~ "Xilinx TUL 1234-tulA"} -index 0
loadhw -hw C:/Users/zhangqx/workspace/Xilinx_Intern/summer/project/DOA_Estimation_Based_on_MUSIC_HLS/vivado_proj/vivado_proj.sdk/music_wrapper_hw_platform_0/system.hdf -mem-ranges [list {0x40000000 0xbfffffff}]
configparams force-mem-access 1
targets -set -nocase -filter {name =~"APU*" && jtag_cable_name =~ "Xilinx TUL 1234-tulA"} -index 0
stop
ps7_init
ps7_post_config
configparams force-mem-access 0
----------------End of Script----------------

03:26:17 INFO  : Memory regions updated for context APU
03:26:17 INFO  : Launch script is exported to file 'C:\Users\zhangqx\workspace\Xilinx_Intern\summer\project\DOA_Estimation_Based_on_MUSIC_HLS\vivado_proj\vivado_proj.sdk\.sdk\launch_scripts\xilinx_c-c++_application_(system_debugger)\system_debugger_using_debug_music.elf_on_local.tcl'
03:40:44 INFO  : Disconnected from the channel tcfchan#2.
03:40:52 INFO  : 'targets -set -filter {jtag_cable_name =~ "Xilinx TUL 1234-tulA" && level==0} -index 1' command is executed.
03:40:52 INFO  : 'fpga -state' command is executed.
03:40:53 INFO  : Connected to target on host '127.0.0.1' and port '3121'.
03:40:53 INFO  : Jtag cable 'Xilinx TUL 1234-tulA' is selected.
03:40:53 INFO  : 'jtag frequency' command is executed.
03:40:53 INFO  : Sourcing of 'C:/Users/zhangqx/workspace/Xilinx_Intern/summer/project/DOA_Estimation_Based_on_MUSIC_HLS/vivado_proj/vivado_proj.sdk/music_wrapper_hw_platform_0/ps7_init.tcl' is done.
03:40:53 INFO  : Context for 'APU' is selected.
03:40:55 INFO  : Hardware design information is loaded from 'C:/Users/zhangqx/workspace/Xilinx_Intern/summer/project/DOA_Estimation_Based_on_MUSIC_HLS/vivado_proj/vivado_proj.sdk/music_wrapper_hw_platform_0/system.hdf'.
03:40:55 INFO  : 'configparams force-mem-access 1' command is executed.
03:40:55 INFO  : Context for 'APU' is selected.
03:40:55 INFO  : 'stop' command is executed.
03:40:55 INFO  : 'ps7_init' command is executed.
03:40:55 INFO  : 'ps7_post_config' command is executed.
03:40:55 INFO  : 'configparams force-mem-access 0' command is executed.
03:40:55 INFO  : ----------------XSDB Script----------------
connect -url tcp:127.0.0.1:3121
source C:/Users/zhangqx/workspace/Xilinx_Intern/summer/project/DOA_Estimation_Based_on_MUSIC_HLS/vivado_proj/vivado_proj.sdk/music_wrapper_hw_platform_0/ps7_init.tcl
targets -set -nocase -filter {name =~"APU*" && jtag_cable_name =~ "Xilinx TUL 1234-tulA"} -index 0
loadhw -hw C:/Users/zhangqx/workspace/Xilinx_Intern/summer/project/DOA_Estimation_Based_on_MUSIC_HLS/vivado_proj/vivado_proj.sdk/music_wrapper_hw_platform_0/system.hdf -mem-ranges [list {0x40000000 0xbfffffff}]
configparams force-mem-access 1
targets -set -nocase -filter {name =~"APU*" && jtag_cable_name =~ "Xilinx TUL 1234-tulA"} -index 0
stop
ps7_init
ps7_post_config
configparams force-mem-access 0
----------------End of Script----------------

03:40:55 INFO  : Memory regions updated for context APU
03:40:55 INFO  : Launch script is exported to file 'C:\Users\zhangqx\workspace\Xilinx_Intern\summer\project\DOA_Estimation_Based_on_MUSIC_HLS\vivado_proj\vivado_proj.sdk\.sdk\launch_scripts\xilinx_c-c++_application_(system_debugger)\system_debugger_using_debug_music.elf_on_local.tcl'
03:48:44 INFO  : Disconnected from the channel tcfchan#3.
03:48:57 INFO  : Registering command handlers for SDK TCF services
03:48:58 INFO  : Launching XSCT server: xsct.bat -interactive C:\Users\zhangqx\workspace\Xilinx_Intern\summer\project\DOA_Estimation_Based_on_MUSIC_HLS\vivado_proj\vivado_proj.sdk\temp_xsdb_launch_script.tcl
03:49:01 INFO  : XSCT server has started successfully.
03:49:01 INFO  : Successfully done setting XSCT server connection channel  
03:49:01 INFO  : Successfully done setting SDK workspace  
03:49:01 INFO  : Processing command line option -hwspec C:/Users/zhangqx/workspace/Xilinx_Intern/summer/project/DOA_Estimation_Based_on_MUSIC_HLS/vivado_proj/vivado_proj.sdk/music_wrapper.hdf.
03:49:01 INFO  : Checking for hwspec changes in the project music_wrapper_hw_platform_0.
04:25:07 INFO  : 'targets -set -filter {jtag_cable_name =~ "Xilinx TUL 1234-tulA" && level==0} -index 1' command is executed.
04:25:07 INFO  : 'fpga -state' command is executed.
04:25:07 INFO  : Connected to target on host '127.0.0.1' and port '3121'.
04:25:08 INFO  : Jtag cable 'Xilinx TUL 1234-tulA' is selected.
04:25:08 INFO  : 'jtag frequency' command is executed.
04:25:08 INFO  : Sourcing of 'C:/Users/zhangqx/workspace/Xilinx_Intern/summer/project/DOA_Estimation_Based_on_MUSIC_HLS/vivado_proj/vivado_proj.sdk/music_wrapper_hw_platform_0/ps7_init.tcl' is done.
04:25:08 INFO  : Context for 'APU' is selected.
04:25:08 INFO  : Hardware design information is loaded from 'C:/Users/zhangqx/workspace/Xilinx_Intern/summer/project/DOA_Estimation_Based_on_MUSIC_HLS/vivado_proj/vivado_proj.sdk/music_wrapper_hw_platform_0/system.hdf'.
04:25:08 INFO  : 'configparams force-mem-access 1' command is executed.
04:25:08 INFO  : Context for 'APU' is selected.
04:25:08 INFO  : 'stop' command is executed.
04:25:09 INFO  : 'ps7_init' command is executed.
04:25:09 INFO  : 'ps7_post_config' command is executed.
04:25:09 INFO  : Context for processor 'ps7_cortexa9_0' is selected.
04:25:09 INFO  : Processor reset is completed for 'ps7_cortexa9_0'.
04:25:09 INFO  : Context for processor 'ps7_cortexa9_0' is selected.
04:25:09 INFO  : The application 'C:/Users/zhangqx/workspace/Xilinx_Intern/summer/project/DOA_Estimation_Based_on_MUSIC_HLS/vivado_proj/vivado_proj.sdk/test2/Release/test2.elf' is downloaded to processor 'ps7_cortexa9_0'.
04:25:09 INFO  : 'configparams force-mem-access 0' command is executed.
04:25:09 INFO  : ----------------XSDB Script----------------
connect -url tcp:127.0.0.1:3121
source C:/Users/zhangqx/workspace/Xilinx_Intern/summer/project/DOA_Estimation_Based_on_MUSIC_HLS/vivado_proj/vivado_proj.sdk/music_wrapper_hw_platform_0/ps7_init.tcl
targets -set -nocase -filter {name =~"APU*" && jtag_cable_name =~ "Xilinx TUL 1234-tulA"} -index 0
loadhw -hw C:/Users/zhangqx/workspace/Xilinx_Intern/summer/project/DOA_Estimation_Based_on_MUSIC_HLS/vivado_proj/vivado_proj.sdk/music_wrapper_hw_platform_0/system.hdf -mem-ranges [list {0x40000000 0xbfffffff}]
configparams force-mem-access 1
targets -set -nocase -filter {name =~"APU*" && jtag_cable_name =~ "Xilinx TUL 1234-tulA"} -index 0
stop
ps7_init
ps7_post_config
targets -set -nocase -filter {name =~ "ARM*#0" && jtag_cable_name =~ "Xilinx TUL 1234-tulA"} -index 0
rst -processor
targets -set -nocase -filter {name =~ "ARM*#0" && jtag_cable_name =~ "Xilinx TUL 1234-tulA"} -index 0
dow C:/Users/zhangqx/workspace/Xilinx_Intern/summer/project/DOA_Estimation_Based_on_MUSIC_HLS/vivado_proj/vivado_proj.sdk/test2/Release/test2.elf
configparams force-mem-access 0
----------------End of Script----------------

04:25:10 INFO  : Memory regions updated for context APU
04:25:10 INFO  : Context for processor 'ps7_cortexa9_0' is selected.
04:25:10 INFO  : 'con' command is executed.
04:25:10 INFO  : ----------------XSDB Script (After Launch)----------------
targets -set -nocase -filter {name =~ "ARM*#0" && jtag_cable_name =~ "Xilinx TUL 1234-tulA"} -index 0
con
----------------End of Script----------------

04:25:10 INFO  : Launch script is exported to file 'C:\Users\zhangqx\workspace\Xilinx_Intern\summer\project\DOA_Estimation_Based_on_MUSIC_HLS\vivado_proj\vivado_proj.sdk\.sdk\launch_scripts\xilinx_c-c++_application_(system_debugger)\system_debugger_using_release_test2.elf_on_local.tcl'
04:26:10 INFO  : Disconnected from the channel tcfchan#1.
04:26:11 INFO  : 'targets -set -filter {jtag_cable_name =~ "Xilinx TUL 1234-tulA" && level==0} -index 1' command is executed.
04:26:11 INFO  : 'fpga -state' command is executed.
04:26:11 INFO  : Connected to target on host '127.0.0.1' and port '3121'.
04:26:11 INFO  : Jtag cable 'Xilinx TUL 1234-tulA' is selected.
04:26:11 INFO  : 'jtag frequency' command is executed.
04:26:11 INFO  : Sourcing of 'C:/Users/zhangqx/workspace/Xilinx_Intern/summer/project/DOA_Estimation_Based_on_MUSIC_HLS/vivado_proj/vivado_proj.sdk/music_wrapper_hw_platform_0/ps7_init.tcl' is done.
04:26:11 INFO  : Context for 'APU' is selected.
04:26:14 INFO  : Hardware design information is loaded from 'C:/Users/zhangqx/workspace/Xilinx_Intern/summer/project/DOA_Estimation_Based_on_MUSIC_HLS/vivado_proj/vivado_proj.sdk/music_wrapper_hw_platform_0/system.hdf'.
04:26:14 INFO  : 'configparams force-mem-access 1' command is executed.
04:26:14 INFO  : Context for 'APU' is selected.
04:26:14 INFO  : 'stop' command is executed.
04:26:14 ERROR : Memory read error at 0xF8007080. AHB AP transaction error, DAP status f0000021
04:26:14 INFO  : ----------------XSDB Script----------------
connect -url tcp:127.0.0.1:3121
source C:/Users/zhangqx/workspace/Xilinx_Intern/summer/project/DOA_Estimation_Based_on_MUSIC_HLS/vivado_proj/vivado_proj.sdk/music_wrapper_hw_platform_0/ps7_init.tcl
targets -set -nocase -filter {name =~"APU*" && jtag_cable_name =~ "Xilinx TUL 1234-tulA"} -index 0
loadhw -hw C:/Users/zhangqx/workspace/Xilinx_Intern/summer/project/DOA_Estimation_Based_on_MUSIC_HLS/vivado_proj/vivado_proj.sdk/music_wrapper_hw_platform_0/system.hdf -mem-ranges [list {0x40000000 0xbfffffff}]
configparams force-mem-access 1
targets -set -nocase -filter {name =~"APU*" && jtag_cable_name =~ "Xilinx TUL 1234-tulA"} -index 0
stop
ps7_init
----------------End of Script----------------

04:26:48 INFO  : Connected to target on host '127.0.0.1' and port '3121'.
04:26:48 INFO  : 'targets -set -filter {jtag_cable_name =~ "Xilinx TUL 1234-tulA" && level==0} -index 1' command is executed.
04:26:51 ERROR : fpga configuration failed. DONE PIN is not HIGH
04:27:17 INFO  : Connected to target on host '127.0.0.1' and port '3121'.
04:27:18 INFO  : 'targets -set -filter {jtag_cable_name =~ "Xilinx TUL 1234-tulA" && level==0} -index 1' command is executed.
04:27:20 INFO  : FPGA configured successfully with bitstream "C:/Users/zhangqx/workspace/Xilinx_Intern/summer/project/DOA_Estimation_Based_on_MUSIC_HLS/vivado_proj/vivado_proj.sdk/music_wrapper_hw_platform_0/music_wrapper.bit"
04:27:33 INFO  : 'targets -set -filter {jtag_cable_name =~ "Xilinx TUL 1234-tulA" && level==0} -index 1' command is executed.
04:27:33 INFO  : 'fpga -state' command is executed.
04:27:33 INFO  : Connected to target on host '127.0.0.1' and port '3121'.
04:27:33 INFO  : Jtag cable 'Xilinx TUL 1234-tulA' is selected.
04:27:33 INFO  : 'jtag frequency' command is executed.
04:27:33 INFO  : Sourcing of 'C:/Users/zhangqx/workspace/Xilinx_Intern/summer/project/DOA_Estimation_Based_on_MUSIC_HLS/vivado_proj/vivado_proj.sdk/music_wrapper_hw_platform_0/ps7_init.tcl' is done.
04:27:33 INFO  : Context for 'APU' is selected.
04:27:33 INFO  : Hardware design information is loaded from 'C:/Users/zhangqx/workspace/Xilinx_Intern/summer/project/DOA_Estimation_Based_on_MUSIC_HLS/vivado_proj/vivado_proj.sdk/music_wrapper_hw_platform_0/system.hdf'.
04:27:33 INFO  : 'configparams force-mem-access 1' command is executed.
04:27:33 INFO  : Context for 'APU' is selected.
04:27:34 INFO  : 'stop' command is executed.
04:27:34 INFO  : 'ps7_init' command is executed.
04:27:34 INFO  : 'ps7_post_config' command is executed.
04:27:34 INFO  : Context for processor 'ps7_cortexa9_0' is selected.
04:27:34 INFO  : Processor reset is completed for 'ps7_cortexa9_0'.
04:27:34 INFO  : Context for processor 'ps7_cortexa9_0' is selected.
04:27:36 ERROR : Memory write error at 0x100000. APB AP transaction error, DAP status f0000021
04:27:36 INFO  : ----------------XSDB Script----------------
connect -url tcp:127.0.0.1:3121
source C:/Users/zhangqx/workspace/Xilinx_Intern/summer/project/DOA_Estimation_Based_on_MUSIC_HLS/vivado_proj/vivado_proj.sdk/music_wrapper_hw_platform_0/ps7_init.tcl
targets -set -nocase -filter {name =~"APU*" && jtag_cable_name =~ "Xilinx TUL 1234-tulA"} -index 0
loadhw -hw C:/Users/zhangqx/workspace/Xilinx_Intern/summer/project/DOA_Estimation_Based_on_MUSIC_HLS/vivado_proj/vivado_proj.sdk/music_wrapper_hw_platform_0/system.hdf -mem-ranges [list {0x40000000 0xbfffffff}]
configparams force-mem-access 1
targets -set -nocase -filter {name =~"APU*" && jtag_cable_name =~ "Xilinx TUL 1234-tulA"} -index 0
stop
ps7_init
ps7_post_config
targets -set -nocase -filter {name =~ "ARM*#0" && jtag_cable_name =~ "Xilinx TUL 1234-tulA"} -index 0
rst -processor
targets -set -nocase -filter {name =~ "ARM*#0" && jtag_cable_name =~ "Xilinx TUL 1234-tulA"} -index 0
dow C:/Users/zhangqx/workspace/Xilinx_Intern/summer/project/DOA_Estimation_Based_on_MUSIC_HLS/vivado_proj/vivado_proj.sdk/test2/Debug/test2.elf
----------------End of Script----------------

