
****** Vivado v2019.1 (64-bit)
  **** SW Build 2552052 on Fri May 24 14:49:42 MDT 2019
  **** IP Build 2548770 on Fri May 24 18:01:18 MDT 2019
    ** Copyright 1986-2019 Xilinx, Inc. All Rights Reserved.

source run_ippack.tcl -notrace
INFO: [IP_Flow 19-234] Refreshing IP repositories
INFO: [IP_Flow 19-1704] No user IP repositories specified
INFO: [IP_Flow 19-2313] Loaded Vivado IP repository 'C:/Xilinx/Vivado/2019.1/data/ip'.
INFO: [IP_Flow 19-1686] Generating 'Synthesis' target for IP 'music_ap_ddiv_6_no_dsp_64'...
INFO: [IP_Flow 19-1686] Generating 'Simulation' target for IP 'music_ap_ddiv_6_no_dsp_64'...
WARNING: [IP_Flow 19-4832] The IP name 'music_ap_dmul_0_max_dsp_64' you have specified is long. The Windows operating system has path length limitations. It is recommended you use shorter names to reduce the likelihood of issues.
INFO: [IP_Flow 19-1686] Generating 'Synthesis' target for IP 'music_ap_dmul_0_max_dsp_64'...
INFO: [IP_Flow 19-1686] Generating 'Simulation' target for IP 'music_ap_dmul_0_max_dsp_64'...
WARNING: [IP_Flow 19-4832] The IP name 'music_ap_fadd_0_full_dsp_32' you have specified is long. The Windows operating system has path length limitations. It is recommended you use shorter names to reduce the likelihood of issues.
INFO: [IP_Flow 19-1686] Generating 'Synthesis' target for IP 'music_ap_fadd_0_full_dsp_32'...
INFO: [IP_Flow 19-1686] Generating 'Simulation' target for IP 'music_ap_fadd_0_full_dsp_32'...
WARNING: [IP_Flow 19-4832] The IP name 'music_ap_faddfsub_0_full_dsp_32' you have specified is long. The Windows operating system has path length limitations. It is recommended you use shorter names to reduce the likelihood of issues.
INFO: [IP_Flow 19-1686] Generating 'Synthesis' target for IP 'music_ap_faddfsub_0_full_dsp_32'...
INFO: [IP_Flow 19-1686] Generating 'Simulation' target for IP 'music_ap_faddfsub_0_full_dsp_32'...
INFO: [IP_Flow 19-1686] Generating 'Synthesis' target for IP 'music_ap_fcmp_0_no_dsp_32'...
INFO: [IP_Flow 19-1686] Generating 'Simulation' target for IP 'music_ap_fcmp_0_no_dsp_32'...
INFO: [IP_Flow 19-1686] Generating 'Synthesis' target for IP 'music_ap_fdiv_3_no_dsp_32'...
INFO: [IP_Flow 19-1686] Generating 'Simulation' target for IP 'music_ap_fdiv_3_no_dsp_32'...
WARNING: [IP_Flow 19-4832] The IP name 'music_ap_fmul_0_max_dsp_32' you have specified is long. The Windows operating system has path length limitations. It is recommended you use shorter names to reduce the likelihood of issues.
INFO: [IP_Flow 19-1686] Generating 'Synthesis' target for IP 'music_ap_fmul_0_max_dsp_32'...
INFO: [IP_Flow 19-1686] Generating 'Simulation' target for IP 'music_ap_fmul_0_max_dsp_32'...
WARNING: [IP_Flow 19-4832] The IP name 'music_ap_fpext_0_no_dsp_32' you have specified is long. The Windows operating system has path length limitations. It is recommended you use shorter names to reduce the likelihood of issues.
INFO: [IP_Flow 19-1686] Generating 'Synthesis' target for IP 'music_ap_fpext_0_no_dsp_32'...
INFO: [IP_Flow 19-1686] Generating 'Simulation' target for IP 'music_ap_fpext_0_no_dsp_32'...
WARNING: [IP_Flow 19-4832] The IP name 'music_ap_fptrunc_0_no_dsp_64' you have specified is long. The Windows operating system has path length limitations. It is recommended you use shorter names to reduce the likelihood of issues.
INFO: [IP_Flow 19-1686] Generating 'Synthesis' target for IP 'music_ap_fptrunc_0_no_dsp_64'...
INFO: [IP_Flow 19-1686] Generating 'Simulation' target for IP 'music_ap_fptrunc_0_no_dsp_64'...
WARNING: [IP_Flow 19-4832] The IP name 'music_ap_fsqrt_3_no_dsp_32' you have specified is long. The Windows operating system has path length limitations. It is recommended you use shorter names to reduce the likelihood of issues.
INFO: [IP_Flow 19-1686] Generating 'Synthesis' target for IP 'music_ap_fsqrt_3_no_dsp_32'...
INFO: [IP_Flow 19-1686] Generating 'Simulation' target for IP 'music_ap_fsqrt_3_no_dsp_32'...
WARNING: [IP_Flow 19-4832] The IP name 'music_ap_fsub_0_full_dsp_32' you have specified is long. The Windows operating system has path length limitations. It is recommended you use shorter names to reduce the likelihood of issues.
INFO: [IP_Flow 19-1686] Generating 'Synthesis' target for IP 'music_ap_fsub_0_full_dsp_32'...
INFO: [IP_Flow 19-1686] Generating 'Simulation' target for IP 'music_ap_fsub_0_full_dsp_32'...
WARNING: [IP_Flow 19-4832] The IP name 'music_ap_sitodp_0_no_dsp_32' you have specified is long. The Windows operating system has path length limitations. It is recommended you use shorter names to reduce the likelihood of issues.
INFO: [IP_Flow 19-1686] Generating 'Synthesis' target for IP 'music_ap_sitodp_0_no_dsp_32'...
INFO: [IP_Flow 19-1686] Generating 'Simulation' target for IP 'music_ap_sitodp_0_no_dsp_32'...
INFO: [IP_Flow 19-234] Refreshing IP repositories
INFO: [IP_Flow 19-1704] No user IP repositories specified
INFO: [IP_Flow 19-2313] Loaded Vivado IP repository 'C:/Xilinx/Vivado/2019.1/data/ip'.
INFO: [Common 17-206] Exiting Vivado at Sat Aug  1 17:21:30 2020...
