Copyright 1986-2019 Xilinx, Inc. All Rights Reserved.
-------------------------------------------------------------------------------------------------------------------------------------------------------------
| Tool Version     : Vivado v.2019.1 (win64) Build 2552052 Fri May 24 14:49:42 MDT 2019
| Date             : Sat Aug  1 18:15:07 2020
| Host             : DESKTOP-2L4T92T running 64-bit major release  (build 9200)
| Command          : report_power -file music_wrapper_power_routed.rpt -pb music_wrapper_power_summary_routed.pb -rpx music_wrapper_power_routed.rpx
| Design           : music_wrapper
| Device           : xc7z020clg400-1
| Design State     : routed
| Grade            : commercial
| Process          : typical
| Characterization : Production
-------------------------------------------------------------------------------------------------------------------------------------------------------------

Power Report

Table of Contents
-----------------
1. Summary
1.1 On-Chip Components
1.2 Power Supply Summary
1.3 Confidence Level
2. Settings
2.1 Environment
2.2 Clock Constraints
3. Detailed Reports
3.1 By Hierarchy

1. Summary
----------

+--------------------------+--------------+
| Total On-Chip Power (W)  | 1.949        |
| Design Power Budget (W)  | Unspecified* |
| Power Budget Margin (W)  | NA           |
| Dynamic (W)              | 1.795        |
| Device Static (W)        | 0.153        |
| Effective TJA (C/W)      | 11.5         |
| Max Ambient (C)          | 62.5         |
| Junction Temperature (C) | 47.5         |
| Confidence Level         | Medium       |
| Setting File             | ---          |
| Simulation Activity File | ---          |
| Design Nets Matched      | NA           |
+--------------------------+--------------+
* Specify Design Power Budget using, set_operating_conditions -design_power_budget <value in Watts>


1.1 On-Chip Components
----------------------

+--------------------------+-----------+----------+-----------+-----------------+
| On-Chip                  | Power (W) | Used     | Available | Utilization (%) |
+--------------------------+-----------+----------+-----------+-----------------+
| Clocks                   |     0.040 |        3 |       --- |             --- |
| Slice Logic              |     0.046 |    50977 |       --- |             --- |
|   LUT as Logic           |     0.042 |    18468 |     53200 |           34.71 |
|   Register               |     0.003 |    20431 |    106400 |           19.20 |
|   CARRY4                 |     0.001 |      843 |     13300 |            6.34 |
|   LUT as Distributed RAM |    <0.001 |      676 |     17400 |            3.89 |
|   LUT as Shift Register  |    <0.001 |      419 |     17400 |            2.41 |
|   Others                 |     0.000 |     3878 |       --- |             --- |
| Signals                  |     0.069 |    42776 |       --- |             --- |
| Block RAM                |     0.039 |     55.5 |       140 |           39.64 |
| DSPs                     |     0.035 |      117 |       220 |           53.18 |
| PS7                      |     1.566 |        1 |       --- |             --- |
| Static Power             |     0.153 |          |           |                 |
| Total                    |     1.949 |          |           |                 |
+--------------------------+-----------+----------+-----------+-----------------+


1.2 Power Supply Summary
------------------------

+-----------+-------------+-----------+-------------+------------+
| Source    | Voltage (V) | Total (A) | Dynamic (A) | Static (A) |
+-----------+-------------+-----------+-------------+------------+
| Vccint    |       1.000 |     0.246 |       0.227 |      0.019 |
| Vccaux    |       1.800 |     0.016 |       0.000 |      0.016 |
| Vcco33    |       3.300 |     0.000 |       0.000 |      0.000 |
| Vcco25    |       2.500 |     0.000 |       0.000 |      0.000 |
| Vcco18    |       1.800 |     0.000 |       0.000 |      0.000 |
| Vcco15    |       1.500 |     0.000 |       0.000 |      0.000 |
| Vcco135   |       1.350 |     0.000 |       0.000 |      0.000 |
| Vcco12    |       1.200 |     0.000 |       0.000 |      0.000 |
| Vccaux_io |       1.800 |     0.000 |       0.000 |      0.000 |
| Vccbram   |       1.000 |     0.008 |       0.003 |      0.005 |
| MGTAVcc   |       1.000 |     0.000 |       0.000 |      0.000 |
| MGTAVtt   |       1.200 |     0.000 |       0.000 |      0.000 |
| MGTVccaux |       1.800 |     0.000 |       0.000 |      0.000 |
| Vccpint   |       1.000 |     0.752 |       0.719 |      0.033 |
| Vccpaux   |       1.800 |     0.084 |       0.074 |      0.010 |
| Vccpll    |       1.800 |     0.017 |       0.014 |      0.003 |
| Vcco_ddr  |       1.500 |     0.459 |       0.457 |      0.002 |
| Vcco_mio0 |       1.800 |     0.003 |       0.002 |      0.001 |
| Vcco_mio1 |       1.800 |     0.002 |       0.001 |      0.001 |
| Vccadc    |       1.800 |     0.020 |       0.000 |      0.020 |
+-----------+-------------+-----------+-------------+------------+


1.3 Confidence Level
--------------------

+-----------------------------+------------+------------------------------------------------+------------------------------------------------------------------------------------------------------------+
| User Input Data             | Confidence | Details                                        | Action                                                                                                     |
+-----------------------------+------------+------------------------------------------------+------------------------------------------------------------------------------------------------------------+
| Design implementation state | High       | Design is routed                               |                                                                                                            |
| Clock nodes activity        | High       | User specified more than 95% of clocks         |                                                                                                            |
| I/O nodes activity          | High       | User specified more than 95% of inputs         |                                                                                                            |
| Internal nodes activity     | Medium     | User specified less than 25% of internal nodes | Provide missing internal nodes activity with simulation results or by editing the "By Resource Type" views |
| Device models               | High       | Device models are Production                   |                                                                                                            |
|                             |            |                                                |                                                                                                            |
| Overall confidence level    | Medium     |                                                |                                                                                                            |
+-----------------------------+------------+------------------------------------------------+------------------------------------------------------------------------------------------------------------+


2. Settings
-----------

2.1 Environment
---------------

+-----------------------+------------------------+
| Ambient Temp (C)      | 25.0                   |
| ThetaJA (C/W)         | 11.5                   |
| Airflow (LFM)         | 250                    |
| Heat Sink             | none                   |
| ThetaSA (C/W)         | 0.0                    |
| Board Selection       | medium (10"x10")       |
| # of Board Layers     | 8to11 (8 to 11 Layers) |
| Board Temperature (C) | 25.0                   |
+-----------------------+------------------------+


2.2 Clock Constraints
---------------------

+------------+----------------------------------------------------------+-----------------+
| Clock      | Domain                                                   | Constraint (ns) |
+------------+----------------------------------------------------------+-----------------+
| clk_fpga_0 | music_i/processing_system7_0/inst/FCLK_CLK_unbuffered[0] |            20.0 |
+------------+----------------------------------------------------------+-----------------+


3. Detailed Reports
-------------------

3.1 By Hierarchy
----------------

+--------------------------+-----------+
| Name                     | Power (W) |
+--------------------------+-----------+
| music_wrapper            |     1.795 |
|   music_i                |     1.795 |
|     axi_dma_0            |     0.004 |
|       U0                 |     0.004 |
|     axi_smc              |     0.020 |
|       inst               |     0.020 |
|     music_0              |     0.202 |
|       inst               |     0.202 |
|     processing_system7_0 |     1.566 |
|       inst               |     1.566 |
|     ps7_0_axi_periph     |     0.002 |
|       s00_couplers       |     0.002 |
+--------------------------+-----------+


