

================================================================
== Vivado HLS Report for 'music'
================================================================
* Date:           Thu Jul 30 19:06:30 2020

* Version:        2019.1 (Build 2552052 on Fri May 24 15:28:33 MDT 2019)
* Project:        DOA_Estimation_proj
* Solution:       solution2
* Product family: zynq
* Target device:  xc7z020-clg400-1


================================================================
== Performance Estimates
================================================================
+ Timing (ns): 
    * Summary: 
    +--------+-------+----------+------------+
    |  Clock | Target| Estimated| Uncertainty|
    +--------+-------+----------+------------+
    |ap_clk  |  20.00|    17.787|        2.50|
    +--------+-------+----------+------------+

+ Latency (clock cycles): 
    * Summary: 
    +-----------+------------+-----------+------------+---------+
    |         Latency        |        Interval        | Pipeline|
    |    min    |     max    |    min    |     max    |   Type  |
    +-----------+------------+-----------+------------+---------+
    |  186303478|  3569819750|  186303478|  3569819750|   none  |
    +-----------+------------+-----------+------------+---------+

    + Detail: 
        * Instance: 
        +--------------------------------+--------------------+-----+------+-----+------+---------+
        |                                |                    |   Latency  |  Interval  | Pipeline|
        |            Instance            |       Module       | min |  max | min |  max |   Type  |
        +--------------------------------+--------------------+-----+------+-----+------+---------+
        |grp_qrf_basic_fu_2991           |qrf_basic           |  171|  1767|  171|  1767|   none  |
        |grp_sin_or_cos_float_s_fu_3001  |sin_or_cos_float_s  |   12|    13|   12|    13|   none  |
        |grp_sin_or_cos_float_s_fu_3017  |sin_or_cos_float_s  |   12|    13|   12|    13|   none  |
        |grp_scaled_fixed2ieee_fu_3034   |scaled_fixed2ieee   |   14|    17|   14|    17|   none  |
        +--------------------------------+--------------------+-----+------+-----+------+---------+

        * Loop: 
        +-------------------------------+-----------+------------+-------------------+-----------+-----------+----------+----------+
        |                               |         Latency        |     Iteration     |  Initiation Interval  |   Trip   |          |
        |           Loop Name           |    min    |     max    |      Latency      |  achieved |   target  |   Count  | Pipelined|
        +-------------------------------+-----------+------------+-------------------+-----------+-----------+----------+----------+
        |- Loop 1                       |         49|          49|                  5|          -|          -|        10|    no    |
        | + Loop 1.1                    |          3|           3|                  1|          -|          -|         4|    no    |
        |- Loop 2                       |         19|          19|                  5|          -|          -|         4|    no    |
        | + Loop 2.1                    |          3|           3|                  1|          -|          -|         4|    no    |
        |- Loop 3                       |         11|          11|                  3|          -|          -|         4|    no    |
        | + Loop 3.1                    |          1|           1|                  1|          -|          -|         2|    no    |
        |- Loop 4                       |         19|          19|                  5|          -|          -|         4|    no    |
        | + Loop 4.1                    |          3|           3|                  1|          -|          -|         4|    no    |
        |- Loop 5                       |       1804|        1804|                  5|          -|          -|       361|    no    |
        | + Loop 5.1                    |          3|           3|                  1|          -|          -|         4|    no    |
        |- Loop 6                       |        360|         360|                  1|          -|          -|       361|    no    |
        |- Loop 7                       |       1447|        1447|                362|          -|          -|         4|    no    |
        | + Loop 7.1                    |        360|         360|                  1|          -|          -|       361|    no    |
        |- Loop 8                       |     719340|  3359876700| 71934 ~ 335987670 |          -|          -|        10|    no    |
        | + Loop 8.1                    |      71932|   335987668|  17983 ~ 83996917 |          -|          -|         4|    no    |
        |  ++ Loop 8.1.1                |       2048|        2048|                  2|          -|          -|      1024|    no    |
        |  ++ Loop 8.1.2                |      13312|       14336|      13 ~ 14      |          -|          -|      1024|    no    |
        |   +++ reverse_bits_label14    |         10|          10|                  1|          -|          -|        10|    no    |
        |  ++ stages                    |        570|    83978480|    57 ~ 8397848   |          -|          -|        10|    no    |
        |   +++ butterfly               |         33|     8397824|     33 ~ 16402    |          -|          -|  1 ~ 512 |    no    |
        |    ++++ DFTpts                |         16|       16384|                 16|          -|          -| 1 ~ 1024 |    no    |
        |  ++ Loop 8.1.4                |       2048|        2048|                  2|          -|          -|      1024|    no    |
        |- music_label1                 |  185576448|   209935360|  181227 ~ 205015  |          -|          -|      1024|    no    |
        | + music_label1.1              |        100|         100|                 10|          -|          -|        10|    no    |
        |  ++ music_label1.1.1          |          8|           8|                  2|          -|          -|         4|    no    |
        | + music_label1.2              |       2024|        2024|                506|          -|          -|         4|    no    |
        |  ++ music_label1.2.1          |        504|         504|                126|          -|          -|         4|    no    |
        |   +++ music_label1.2.1.1      |        110|         110|                 11|          -|          -|        10|    no    |
        | + music_label1.3              |         19|          19|                  5|          -|          -|         4|    no    |
        |  ++ music_label1.3.1          |          3|           3|                  1|          -|          -|         4|    no    |
        | + music_label1.4              |         19|          19|                  5|          -|          -|         4|    no    |
        |  ++ music_label1.4.1          |          3|           3|                  1|          -|          -|         4|    no    |
        | + music_label1.5              |         19|          19|                  5|          -|          -|         4|    no    |
        |  ++ music_label1.5.1          |          3|           3|                  1|          -|          -|         4|    no    |
        | + music_label1.6              |         19|          19|                  5|          -|          -|         4|    no    |
        |  ++ music_label1.6.1          |          3|           3|                  1|          -|          -|         4|    no    |
        | + music_label1.7              |         40|          40|                 10|          -|          -|         4|    no    |
        |  ++ music_label1.7.1          |          8|           8|                  2|          -|          -|         4|    no    |
        | + music_label1.8              |       9180|       25140|     918 ~ 2514    |          -|          -|        10|    no    |
        |  ++ music_label1.8.1          |        744|         744|                186|          -|          -|         4|    no    |
        |   +++ music_label1.8.1.1      |        184|         184|                 46|          -|          -|         4|    no    |
        |    ++++ eig_decompose_label7  |         44|          44|                 11|          -|          -|         4|    no    |
        | + music_label1.9              |       1788|        3828|     447 ~ 957     |          -|          -|         4|    no    |
        |  ++ music_label1.9.1          |         56|          56|                 14|          -|          -|         4|    no    |
        |   +++ eig_decompose_label12   |          8|           8|                  2|          -|          -|         4|    no    |
        |  ++ music_label1.9.2          |        198|         642|      66 ~ 214     |          -|          -|         3|    no    |
        |   +++ eig_decompose_label9    |         32|          64|                 16|          -|          -|   2 ~ 4  |    no    |
        |   +++ music_label1.9.2.2      |         25|         141|      25 ~ 47      |          -|          -|   1 ~ 3  |    no    |
        |    ++++ eig_decompose_label8  |         22|          44|                 11|          -|          -|   2 ~ 4  |    no    |
        |  ++ eig_decompose_label11     |        111|         177|      37 ~ 59      |          -|          -|         3|    no    |
        |   +++ eig_decompose_label10   |         11|          33|                 11|          -|          -|   1 ~ 3  |    no    |
        |  ++ eig_decompose_label13     |         64|          64|                 16|          -|          -|         4|    no    |
        | + music_label1.10             |          8|           8|                  2|          -|          -|         4|    no    |
        | + music_label1.11             |         21|          33|       7 ~ 11      |          -|          -|         3|    no    |
        |  ++ music_label1.11.1         |          2|           6|                  2|          -|          -|   1 ~ 3  |    no    |
        | + music_label1.12             |         40|          40|                 10|          -|          -|         4|    no    |
        |  ++ music_label1.12.1         |          8|           8|                  2|          -|          -|         4|    no    |
        | + music_label1.13             |      70768|       76544|   17692 ~ 19136   |          -|          -|         4|    no    |
        |  ++ music_label2              |      17689|       19133|      49 ~ 53      |          -|          -|       361|    no    |
        | + music_label1.14             |        392|         392|                 98|          -|          -|         4|    no    |
        |  ++ music_label1.14.1         |         96|          96|                 24|          -|          -|         4|    no    |
        |   +++ music_label3            |         22|          22|                 11|          -|          -|         2|    no    |
        | + music_label1.15             |      67146|       67146|                186|          -|          -|       361|    no    |
        |  ++ music_label1.15.1         |        184|         184|                 46|          -|          -|         4|    no    |
        |   +++ music_label4            |         44|          44|                 11|          -|          -|         4|    no    |
        | + music_label1.16             |      29602|       29602|                 82|          -|          -|       361|    no    |
        |  ++ music_label5              |         76|          76|                 19|          -|          -|         4|    no    |
        |- music_label6                 |       3971|        3971|                 11|          -|          -|       361|    no    |
        +-------------------------------+-----------+------------+-------------------+-----------+-----------+----------+----------+



================================================================
== Utilization Estimates
================================================================
* Summary: 
+-----------------+---------+-------+--------+-------+-----+
|       Name      | BRAM_18K| DSP48E|   FF   |  LUT  | URAM|
+-----------------+---------+-------+--------+-------+-----+
|DSP              |        -|      -|       -|      -|    -|
|Expression       |        -|     67|      73|   5745|    -|
|FIFO             |        -|      -|       -|      -|    -|
|Instance         |        8|    151|   18807|  40929|    0|
|Memory           |       37|      -|    1109|    956|    0|
|Multiplexer      |        -|      -|       -|   4898|    -|
|Register         |        -|      -|    5349|      -|    -|
+-----------------+---------+-------+--------+-------+-----+
|Total            |       45|    218|   25338|  52528|    0|
+-----------------+---------+-------+--------+-------+-----+
|Available        |      280|    220|  106400|  53200|    0|
+-----------------+---------+-------+--------+-------+-----+
|Utilization (%)  |       16|     99|      23|     98|    0|
+-----------------+---------+-------+--------+-------+-----+

+ Detail: 
    * Instance: 
    +--------------------------------+----------------------+---------+-------+-------+-------+-----+
    |            Instance            |        Module        | BRAM_18K| DSP48E|   FF  |  LUT  | URAM|
    +--------------------------------+----------------------+---------+-------+-------+-------+-----+
    |music_ddiv_64ns_6Hfu_U104       |music_ddiv_64ns_6Hfu  |        0|      0|   1710|   3613|    0|
    |music_dmul_64ns_6Gfk_U103       |music_dmul_64ns_6Gfk  |        0|     11|    275|    558|    0|
    |music_faddfsub_32ncg_U88        |music_faddfsub_32ncg  |        0|      2|    227|    403|    0|
    |music_faddfsub_32ncg_U89        |music_faddfsub_32ncg  |        0|      2|    227|    403|    0|
    |music_fcmp_32ns_3kbM_U101       |music_fcmp_32ns_3kbM  |        0|      0|     66|    239|    0|
    |music_fdiv_32ns_3jbC_U97        |music_fdiv_32ns_3jbC  |        0|      0|    363|    986|    0|
    |music_fdiv_32ns_3jbC_U98        |music_fdiv_32ns_3jbC  |        0|      0|    363|    986|    0|
    |music_fmul_32ns_3ibs_U91        |music_fmul_32ns_3ibs  |        0|      3|    128|    320|    0|
    |music_fmul_32ns_3ibs_U92        |music_fmul_32ns_3ibs  |        0|      3|    128|    320|    0|
    |music_fmul_32ns_3ibs_U93        |music_fmul_32ns_3ibs  |        0|      3|    128|    320|    0|
    |music_fmul_32ns_3ibs_U94        |music_fmul_32ns_3ibs  |        0|      3|    128|    320|    0|
    |music_fmul_32ns_3ibs_U95        |music_fmul_32ns_3ibs  |        0|      3|    128|    320|    0|
    |music_fmul_32ns_3ibs_U96        |music_fmul_32ns_3ibs  |        0|      3|    128|    320|    0|
    |music_fpext_32ns_Ffa_U100       |music_fpext_32ns_Ffa  |        0|      0|    100|    138|    0|
    |music_fptrunc_64nEe0_U99        |music_fptrunc_64nEe0  |        0|      0|    128|    277|    0|
    |music_fsqrt_32ns_lbW_U102       |music_fsqrt_32ns_lbW  |        0|      0|    242|    604|    0|
    |music_fsub_32ns_3mb6_U90        |music_fsub_32ns_3mb6  |        0|      2|    227|    403|    0|
    |music_mul_170ns_5JfO_U113       |music_mul_170ns_5JfO  |        0|     30|    361|    195|    0|
    |music_mux_164_1_1_1_U115        |music_mux_164_1_1_1   |        0|      0|      0|     65|    0|
    |music_mux_164_1_1_1_U116        |music_mux_164_1_1_1   |        0|      0|      0|     65|    0|
    |music_mux_42_32_1_1_U106        |music_mux_42_32_1_1   |        0|      0|      0|     65|    0|
    |music_mux_42_32_1_1_U107        |music_mux_42_32_1_1   |        0|      0|      0|     65|    0|
    |music_mux_42_32_1_1_U108        |music_mux_42_32_1_1   |        0|      0|      0|     65|    0|
    |music_mux_42_32_1_1_U109        |music_mux_42_32_1_1   |        0|      0|      0|     65|    0|
    |music_mux_42_32_1_1_U110        |music_mux_42_32_1_1   |        0|      0|      0|     65|    0|
    |music_mux_42_32_1_1_U111        |music_mux_42_32_1_1   |        0|      0|      0|     65|    0|
    |music_mux_42_32_1_1_U112        |music_mux_42_32_1_1   |        0|      0|      0|     65|    0|
    |music_mux_83_1_1_1_U114         |music_mux_83_1_1_1    |        0|      0|      0|     65|    0|
    |music_sitodp_32nsIfE_U105       |music_sitodp_32nsIfE  |        0|      0|    189|    578|    0|
    |grp_qrf_basic_fu_2991           |qrf_basic             |        8|     60|  11074|  21927|    0|
    |grp_scaled_fixed2ieee_fu_3034   |scaled_fixed2ieee     |        0|      0|    613|   1653|    0|
    |grp_sin_or_cos_float_s_fu_3001  |sin_or_cos_float_s    |        0|     13|    937|   2698|    0|
    |grp_sin_or_cos_float_s_fu_3017  |sin_or_cos_float_s    |        0|     13|    937|   2698|    0|
    +--------------------------------+----------------------+---------+-------+-------+-------+-----+
    |Total                           |                      |        8|    151|  18807|  40929|    0|
    +--------------------------------+----------------------+---------+-------+-------+-------+-----+

    * DSP48E: 
    N/A

    * Memory: 
    +-------------------------+----------------------+---------+----+-----+-----+------+-----+------+-------------+
    |          Memory         |        Module        | BRAM_18K| FF | LUT | URAM| Words| Bits| Banks| W*Bits*Banks|
    +-------------------------+----------------------+---------+----+-----+-----+------+-----+------+-------------+
    |AUU_M_real_U             |music_AUU_M_real      |        4|   0|    0|    0|  1444|   32|     1|        46208|
    |AUU_M_imag_U             |music_AUU_M_real      |        4|   0|    0|    0|  1444|   32|     1|        46208|
    |a_theta_M_real_U         |music_AUU_M_real      |        4|   0|    0|    0|  1444|   32|     1|        46208|
    |a_theta_M_imag_U         |music_AUU_M_real      |        4|   0|    0|    0|  1444|   32|     1|        46208|
    |Autocorr_Buffer_M_r_U    |music_Autocorr_Buyd2  |        2|   0|    0|    0|    40|   32|     1|         1280|
    |Autocorr_Buffer_M_i_U    |music_Autocorr_Buyd2  |        2|   0|    0|    0|    40|   32|     1|         1280|
    |FFT_Buffer_re_U          |music_FFT_Buffer_re   |        2|   0|    0|    0|  1024|   32|     1|        32768|
    |FFT_Buffer_im_U          |music_FFT_Buffer_re   |        2|   0|    0|    0|  1024|   32|     1|        32768|
    |Q_temp_M_real_U          |music_Q_temp_M_real   |        0|  64|    8|    0|    16|   32|     1|          512|
    |Q_temp_M_imag_U          |music_Q_temp_M_real   |        0|  64|    8|    0|    16|   32|     1|          512|
    |R_temp_M_real_U          |music_Q_temp_M_real   |        0|  64|    8|    0|    16|   32|     1|          512|
    |R_temp_M_imag_U          |music_Q_temp_M_real   |        0|  64|    8|    0|    16|   32|     1|          512|
    |Rx_temp_M_real_U         |music_Q_temp_M_real   |        0|  64|    8|    0|    16|   32|     1|          512|
    |Rx_temp_M_imag_U         |music_Q_temp_M_real   |        0|  64|    8|    0|    16|   32|     1|          512|
    |eig_mat_M_real_U         |music_Q_temp_M_real   |        0|  64|    8|    0|    16|   32|     1|          512|
    |eig_mat_M_imag_U         |music_Q_temp_M_real   |        0|  64|    8|    0|    16|   32|     1|          512|
    |U_M_real_U               |music_Q_temp_M_real   |        0|  64|    8|    0|    16|   32|     1|          512|
    |U_M_imag_U               |music_Q_temp_M_real   |        0|  64|    8|    0|    16|   32|     1|          512|
    |temp_mat_M_real_U        |music_Q_temp_M_real   |        0|  64|    8|    0|    16|   32|     1|          512|
    |temp_mat_M_imag_U        |music_Q_temp_M_real   |        0|  64|    8|    0|    16|   32|     1|          512|
    |Un_M_real_U              |music_Un_M_real       |        0|  64|    4|    0|     8|   32|     1|          256|
    |Un_M_imag_U              |music_Un_M_real       |        0|  64|    4|    0|     8|   32|     1|          256|
    |fc_U                     |music_fc              |        2|   0|    0|    0|  1024|   32|     1|        32768|
    |fourth_order_double_4_U  |music_fourth_ordepcA  |        0|  59|  236|    0|   256|   59|     1|        15104|
    |fourth_order_double_5_U  |music_fourth_ordeqcK  |        0|  52|  208|    0|   256|   52|     1|        13312|
    |fourth_order_double_6_U  |music_fourth_ordercU  |        0|  44|  176|    0|   256|   44|     1|        11264|
    |fourth_order_double_7_U  |music_fourth_ordesc4  |        0|  33|  132|    0|   256|   33|     1|         8448|
    |fourth_order_double_s_U  |music_fourth_ordetde  |        0|  25|  100|    0|   256|   25|     1|         6400|
    |ref_4oPi_table_256_V_U   |music_ref_4oPi_taocq  |        8|   0|    0|    0|    10|  256|     1|         2560|
    |theta_U                  |music_theta           |        1|   0|    0|    0|   361|   32|     1|        11552|
    |w_M_real_U               |music_w_M_real        |        1|   0|    0|    0|   361|   32|     1|        11552|
    |w_M_imag_U               |music_w_M_real        |        1|   0|    0|    0|   361|   32|     1|        11552|
    +-------------------------+----------------------+---------+----+-----+-----+------+-----+------+-------------+
    |Total                    |                      |       37|1109|  956|    0| 11509| 1301|    32|       384096|
    +-------------------------+----------------------+---------+----+-----+-----+------+-----+------+-------------+

    * FIFO: 
    N/A

    * Expression: 
    +-----------------------------------+----------+-------+----+-----+------------+------------+
    |           Variable Name           | Operation| DSP48E| FF | LUT | Bitwidth P0| Bitwidth P1|
    +-----------------------------------+----------+-------+----+-----+------------+------------+
    |r_V_37_fu_5799_p2                  |     *    |      9|   0|   21|          49|          49|
    |r_V_38_fu_5839_p2                  |     *    |      9|   0|   21|          49|          49|
    |r_V_39_fu_5854_p2                  |     *    |      9|   0|   21|          49|          49|
    |r_V_40_fu_5877_p2                  |     *    |      9|   0|   35|          56|          52|
    |r_V_41_fu_5900_p2                  |     *    |      9|   0|   21|          49|          44|
    |r_V_42_fu_5930_p2                  |     *    |      4|   0|   26|          42|          33|
    |r_V_43_fu_5953_p2                  |     *    |      2|   0|   24|          35|          25|
    |r_V_44_fu_6030_p2                  |     *    |     16|   0|   47|          64|          63|
    |add_ln1027_fu_3638_p2              |     +    |      0|   0|   13|          11|          11|
    |add_ln103_1_fu_4216_p2             |     +    |      0|   0|   15|           7|           7|
    |add_ln103_fu_4205_p2               |     +    |      0|   0|   15|           7|           7|
    |add_ln1044_fu_4587_p2              |     +    |      0|   0|   15|           6|           6|
    |add_ln105_fu_4170_p2               |     +    |      0|   0|   15|           6|           6|
    |add_ln114_1_fu_5482_p2             |     +    |      0|   0|   13|          11|          11|
    |add_ln114_fu_5579_p2               |     +    |      0|   0|   13|          11|          11|
    |add_ln11_1_fu_4249_p2              |     +    |      0|   0|   10|           2|           1|
    |add_ln11_fu_4243_p2                |     +    |      0|   0|   10|           2|           1|
    |add_ln12_1_fu_4287_p2              |     +    |      0|   0|   10|           2|           1|
    |add_ln12_fu_4281_p2                |     +    |      0|   0|   10|           2|           1|
    |add_ln13_1_fu_4325_p2              |     +    |      0|   0|   10|           2|           1|
    |add_ln13_fu_4319_p2                |     +    |      0|   0|   10|           2|           1|
    |add_ln14_1_fu_4363_p2              |     +    |      0|   0|   10|           2|           1|
    |add_ln14_fu_4357_p2                |     +    |      0|   0|   10|           2|           1|
    |add_ln201_1_fu_3420_p2             |     +    |      0|   0|   10|           2|           1|
    |add_ln201_fu_3414_p2               |     +    |      0|   0|   13|           4|           1|
    |add_ln202_1_fu_3458_p2             |     +    |      0|   0|   10|           2|           1|
    |add_ln202_fu_3452_p2               |     +    |      0|   0|   10|           2|           1|
    |add_ln203_fu_3490_p2               |     +    |      0|   0|   10|           2|           1|
    |add_ln204_1_fu_3528_p2             |     +    |      0|   0|   10|           2|           1|
    |add_ln204_fu_3522_p2               |     +    |      0|   0|   10|           2|           1|
    |add_ln205_1_fu_3566_p2             |     +    |      0|   0|   10|           2|           1|
    |add_ln205_fu_3560_p2               |     +    |      0|   0|   15|           9|           1|
    |add_ln206_fu_3598_p2               |     +    |      0|   0|   15|           9|           1|
    |add_ln207_1_fu_3628_p2             |     +    |      0|   0|   15|           9|           1|
    |add_ln207_2_fu_3616_p2             |     +    |      0|   0|   13|          11|           9|
    |add_ln207_fu_3622_p2               |     +    |      0|   0|   10|           2|           1|
    |add_ln22_fu_4435_p2                |     +    |      0|   0|   15|           6|           6|
    |add_ln230_1_fu_3735_p2             |     +    |      0|   0|   24|          17|          17|
    |add_ln230_fu_3718_p2               |     +    |      0|   0|   19|          14|          14|
    |add_ln235_1_fu_3970_p2             |     +    |      0|   0|   64|          15|          15|
    |add_ln235_2_fu_3983_p2             |     +    |      0|   0|   24|          17|          17|
    |add_ln235_fu_3964_p2               |     +    |      0|   0|   64|          15|          15|
    |add_ln246_1_fu_4056_p2             |     +    |      0|   0|   21|          15|          15|
    |add_ln246_2_fu_4101_p2             |     +    |      0|   0|   24|          17|          17|
    |add_ln246_3_fu_4112_p2             |     +    |      0|   0|   15|           7|           7|
    |add_ln246_fu_4034_p2               |     +    |      0|   0|   21|          15|          15|
    |add_ln255_fu_5345_p2               |     +    |      0|   0|   15|           6|           6|
    |add_ln262_fu_5386_p2               |     +    |      0|   0|   13|          11|           9|
    |add_ln266_fu_5444_p2               |     +    |      0|   0|   13|          11|          11|
    |add_ln275_1_fu_6385_p2             |     +    |      0|   0|   15|           5|           5|
    |add_ln275_fu_6374_p2               |     +    |      0|   0|   15|           5|           5|
    |add_ln277_fu_6347_p2               |     +    |      0|   0|   15|           6|           6|
    |add_ln285_1_fu_6512_p2             |     +    |      0|   0|   13|          11|          11|
    |add_ln285_2_fu_6506_p2             |     +    |      0|   0|   13|          11|           9|
    |add_ln285_fu_6495_p2               |     +    |      0|   0|   15|           6|           6|
    |add_ln287_fu_6460_p2               |     +    |      0|   0|   12|          12|          12|
    |add_ln294_1_fu_6604_p2             |     +    |      0|   0|   13|          11|          11|
    |add_ln294_2_fu_6598_p2             |     +    |      0|   0|   13|          11|           9|
    |add_ln294_fu_6587_p2               |     +    |      0|   0|   12|          12|          12|
    |add_ln34_1_fu_4548_p2              |     +    |      0|   0|   15|           6|           6|
    |add_ln34_fu_4537_p2                |     +    |      0|   0|   15|           6|           6|
    |add_ln36_fu_4498_p2                |     +    |      0|   0|   15|           6|           6|
    |add_ln45_fu_4666_p2                |     +    |      0|   0|   15|           6|           6|
    |add_ln47_fu_4702_p2                |     +    |      0|   0|   15|           6|           6|
    |add_ln54_fu_4765_p2                |     +    |      0|   0|   15|           6|           6|
    |add_ln59_1_fu_4834_p2              |     +    |      0|   0|   15|           6|           6|
    |add_ln59_fu_4829_p2                |     +    |      0|   0|   15|           6|           6|
    |add_ln68_1_fu_4946_p2              |     +    |      0|   0|   15|           6|           6|
    |add_ln68_fu_4923_p2                |     +    |      0|   0|   15|           6|           6|
    |add_ln70_fu_4884_p2                |     +    |      0|   0|   15|           6|           6|
    |add_ln72_fu_4896_p2                |     +    |      0|   0|   15|           6|           6|
    |add_ln76_fu_5019_p2                |     +    |      0|   0|   15|           6|           6|
    |count_fu_4565_p2                   |     +    |      0|   0|   12|           3|           1|
    |i_10_fu_4464_p2                    |     +    |      0|   0|   12|           3|           1|
    |i_11_fu_5040_p2                    |     +    |      0|   0|   12|           3|           1|
    |i_12_fu_5060_p2                    |     +    |      0|   0|   10|           2|           1|
    |i_13_fu_4644_p2                    |     +    |      0|   0|   12|           3|           1|
    |i_14_fu_4723_p2                    |     +    |      0|   0|   10|           2|           1|
    |i_15_fu_6289_p2                    |     +    |      0|   0|   12|           3|           1|
    |i_16_fu_5001_p2                    |     +    |      0|   0|   12|           3|           1|
    |i_17_fu_6418_p2                    |     +    |      0|   0|   15|           9|           1|
    |i_18_fu_6545_p2                    |     +    |      0|   0|   15|           9|           1|
    |i_4_fu_3777_p2                     |     +    |      0|   0|   13|           4|           1|
    |i_6_fu_3765_p2                     |     +    |      0|   0|   13|           1|          11|
    |i_7_fu_3917_p2                     |     +    |      0|   0|   39|          32|          32|
    |i_8_fu_4401_p2                     |     +    |      0|   0|   12|           3|           1|
    |i_9_fu_4452_p2                     |     +    |      0|   0|   13|           4|           1|
    |i_fu_6621_p2                       |     +    |      0|   0|   15|           9|           1|
    |i_lower_fu_3900_p2                 |     +    |      0|   0|   39|          32|          32|
    |j_10_fu_4907_p2                    |     +    |      0|   0|   39|          32|           1|
    |j_11_fu_4782_p2                    |     +    |      0|   0|   39|          32|           1|
    |j_12_fu_6325_p2                    |     +    |      0|   0|   12|           3|           1|
    |j_13_fu_6446_p2                    |     +    |      0|   0|   12|           3|           1|
    |j_15_fu_5070_p2                    |     +    |      0|   0|   39|           1|          32|
    |j_1_fu_3928_p2                     |     +    |      0|   0|   13|          11|           1|
    |j_2_fu_3872_p2                     |     +    |      0|   0|   14|          10|           1|
    |j_3_fu_4425_p2                     |     +    |      0|   0|   12|           3|           1|
    |j_4_fu_4488_p2                     |     +    |      0|   0|   12|           3|           1|
    |j_8_fu_4776_p2                     |     +    |      0|   0|   39|           1|          32|
    |j_9_fu_4686_p2                     |     +    |      0|   0|   12|           3|           1|
    |j_fu_3712_p2                       |     +    |      0|   0|   13|          11|           1|
    |jj_fu_3999_p2                      |     +    |      0|   0|   13|          11|           1|
    |k_2_fu_6364_p2                     |     +    |      0|   0|   10|           2|           1|
    |k_3_fu_6577_p2                     |     +    |      0|   0|   12|           3|           1|
    |k_4_fu_6477_p2                     |     +    |      0|   0|   12|           3|           1|
    |k_fu_4515_p2                       |     +    |      0|   0|   12|           3|           1|
    |l_1_fu_4046_p2                     |     +    |      0|   0|   13|           4|           1|
    |l_2_fu_4187_p2                     |     +    |      0|   0|   13|           4|           1|
    |l_fu_3668_p2                       |     +    |      0|   0|   13|           4|           1|
    |m_fu_4957_p2                       |     +    |      0|   0|   12|           3|           2|
    |n_1_fu_3692_p2                     |     +    |      0|   0|   12|           3|           1|
    |n_fu_4087_p2                       |     +    |      0|   0|   12|           3|           1|
    |q_1_fu_4845_p2                     |     +    |      0|   0|   39|           1|          32|
    |ret_V_33_fu_5976_p2                |     +    |      0|   0|   64|          64|          64|
    |ret_V_34_fu_5985_p2                |     +    |      0|   0|   64|          64|          64|
    |ret_V_35_fu_5995_p2                |     +    |      0|   0|   64|          64|          64|
    |ret_V_fu_6005_p2                   |     +    |      0|   0|   64|          64|          64|
    |stage_fu_3878_p2                   |     +    |      0|   0|   13|           4|           1|
    |tmp_21_fu_5137_p5                  |     +    |      0|   0|   10|           1|           2|
    |x_1_fu_5281_p2                     |     +    |      0|   0|   12|           3|           1|
    |x_2_fu_5398_p2                     |     +    |      0|   0|   12|           3|           1|
    |x_fu_4128_p2                       |     +    |      0|   0|   12|           3|           1|
    |y_1_fu_5429_p2                     |     +    |      0|   0|   15|           9|           1|
    |y_2_fu_5335_p2                     |     +    |      0|   0|   12|           3|           1|
    |y_fu_4156_p2                       |     +    |      0|   0|   12|           3|           1|
    |Ex_V_fu_5685_p2                    |     -    |      0|   0|   13|          11|          11|
    |Mx_bits_V_2_fu_5601_p2             |     -    |      0|   0|  131|           1|         124|
    |ret_V_28_fu_6051_p2                |     -    |      0|   0|   12|           1|          12|
    |sub_ln1311_fu_5712_p2              |     -    |      0|   0|   12|           1|          12|
    |and_ln300_2_fu_6201_p2             |    and   |      0|   0|    2|           1|           1|
    |and_ln300_fu_6172_p2               |    and   |      0|   0|    2|           1|           1|
    |and_ln87_1_fu_5262_p2              |    and   |      0|   0|    2|           1|           1|
    |and_ln87_fu_5256_p2                |    and   |      0|   0|    2|           1|           1|
    |tmp_i_i_i7_fu_5649_p3              |   cttz   |      0|  73|   71|          64|           0|
    |closepath_fu_5476_p2               |   icmp   |      0|   0|   13|          11|          10|
    |icmp_ln101_fu_4181_p2              |   icmp   |      0|   0|    9|           4|           4|
    |icmp_ln111_fu_3771_p2              |   icmp   |      0|   0|    9|           4|           4|
    |icmp_ln11_1_fu_4275_p2             |   icmp   |      0|   0|    8|           2|           2|
    |icmp_ln11_fu_4269_p2               |   icmp   |      0|   0|    8|           2|           2|
    |icmp_ln123_fu_3759_p2              |   icmp   |      0|   0|   13|          11|          12|
    |icmp_ln125_fu_3813_p2              |   icmp   |      0|   0|   18|          32|          32|
    |icmp_ln12_1_fu_4313_p2             |   icmp   |      0|   0|    8|           2|           2|
    |icmp_ln12_fu_4307_p2               |   icmp   |      0|   0|    8|           2|           2|
    |icmp_ln13_1_fu_4351_p2             |   icmp   |      0|   0|    8|           2|           2|
    |icmp_ln13_fu_4345_p2               |   icmp   |      0|   0|    8|           2|           2|
    |icmp_ln14_1_fu_4389_p2             |   icmp   |      0|   0|    8|           2|           2|
    |icmp_ln14_fu_4383_p2               |   icmp   |      0|   0|    8|           2|           2|
    |icmp_ln160_fu_3834_p2              |   icmp   |      0|   0|    9|           4|           4|
    |icmp_ln170_fu_3867_p2              |   icmp   |      0|   0|   13|          10|          10|
    |icmp_ln178_fu_3894_p2              |   icmp   |      0|   0|   18|          22|           1|
    |icmp_ln19_fu_4395_p2               |   icmp   |      0|   0|    9|           3|           4|
    |icmp_ln201_1_fu_3446_p2            |   icmp   |      0|   0|    9|           4|           4|
    |icmp_ln201_fu_3440_p2              |   icmp   |      0|   0|    8|           2|           2|
    |icmp_ln202_1_fu_3484_p2            |   icmp   |      0|   0|    8|           2|           2|
    |icmp_ln202_fu_3478_p2              |   icmp   |      0|   0|    8|           2|           2|
    |icmp_ln203_fu_3516_p2              |   icmp   |      0|   0|    8|           2|           2|
    |icmp_ln204_1_fu_3554_p2            |   icmp   |      0|   0|    8|           2|           2|
    |icmp_ln204_fu_3548_p2              |   icmp   |      0|   0|    8|           2|           2|
    |icmp_ln205_1_fu_3592_p2            |   icmp   |      0|   0|   13|           9|           9|
    |icmp_ln205_fu_3586_p2              |   icmp   |      0|   0|    8|           2|           2|
    |icmp_ln206_fu_3610_p2              |   icmp   |      0|   0|   13|           9|           9|
    |icmp_ln207_1_fu_3656_p2            |   icmp   |      0|   0|    8|           2|           2|
    |icmp_ln207_fu_3650_p2              |   icmp   |      0|   0|   13|           9|           9|
    |icmp_ln20_fu_4419_p2               |   icmp   |      0|   0|    9|           3|           4|
    |icmp_ln227_fu_3662_p2              |   icmp   |      0|   0|    9|           4|           4|
    |icmp_ln228_fu_3686_p2              |   icmp   |      0|   0|    9|           3|           4|
    |icmp_ln229_fu_3706_p2              |   icmp   |      0|   0|   13|          11|          12|
    |icmp_ln234_fu_3922_p2              |   icmp   |      0|   0|   13|          11|          12|
    |icmp_ln241_fu_3993_p2              |   icmp   |      0|   0|   13|          11|          12|
    |icmp_ln243_fu_4040_p2              |   icmp   |      0|   0|    9|           4|           4|
    |icmp_ln244_fu_4081_p2              |   icmp   |      0|   0|    9|           3|           4|
    |icmp_ln252_fu_5275_p2              |   icmp   |      0|   0|    9|           3|           4|
    |icmp_ln253_fu_5329_p2              |   icmp   |      0|   0|    9|           3|           4|
    |icmp_ln254_fu_5374_p2              |   icmp   |      0|   0|   18|          32|           1|
    |icmp_ln256_fu_5380_p2              |   icmp   |      0|   0|   18|          32|           1|
    |icmp_ln262_fu_5392_p2              |   icmp   |      0|   0|    9|           3|           4|
    |icmp_ln264_fu_5423_p2              |   icmp   |      0|   0|   13|           9|           9|
    |icmp_ln270_fu_6283_p2              |   icmp   |      0|   0|    9|           3|           4|
    |icmp_ln271_fu_6319_p2              |   icmp   |      0|   0|    9|           3|           4|
    |icmp_ln274_fu_6358_p2              |   icmp   |      0|   0|    9|           2|           3|
    |icmp_ln27_fu_4446_p2               |   icmp   |      0|   0|    9|           4|           4|
    |icmp_ln280_fu_6412_p2              |   icmp   |      0|   0|   13|           9|           9|
    |icmp_ln281_fu_6440_p2              |   icmp   |      0|   0|    9|           3|           4|
    |icmp_ln284_fu_6471_p2              |   icmp   |      0|   0|    9|           3|           4|
    |icmp_ln290_fu_6539_p2              |   icmp   |      0|   0|   13|           9|           9|
    |icmp_ln293_fu_6571_p2              |   icmp   |      0|   0|    9|           3|           4|
    |icmp_ln29_fu_4458_p2               |   icmp   |      0|   0|    9|           3|           4|
    |icmp_ln300_fu_6615_p2              |   icmp   |      0|   0|   13|           9|           9|
    |icmp_ln30_fu_4482_p2               |   icmp   |      0|   0|    9|           3|           4|
    |icmp_ln33_fu_4509_p2               |   icmp   |      0|   0|    9|           3|           4|
    |icmp_ln40_fu_4559_p2               |   icmp   |      0|   0|    9|           3|           4|
    |icmp_ln42_fu_4638_p2               |   icmp   |      0|   0|    9|           3|           4|
    |icmp_ln43_fu_4680_p2               |   icmp   |      0|   0|    9|           3|           4|
    |icmp_ln44_fu_4692_p2               |   icmp   |      0|   0|    9|           3|           3|
    |icmp_ln51_fu_4717_p2               |   icmp   |      0|   0|    8|           2|           2|
    |icmp_ln53_fu_4755_p2               |   icmp   |      0|   0|   18|          32|           3|
    |icmp_ln56_fu_4788_p2               |   icmp   |      0|   0|   18|          32|           2|
    |icmp_ln58_fu_4819_p2               |   icmp   |      0|   0|   18|          32|           3|
    |icmp_ln67_fu_4913_p2               |   icmp   |      0|   0|   18|          32|           2|
    |icmp_ln75_fu_4995_p2               |   icmp   |      0|   0|    9|           3|           4|
    |icmp_ln81_fu_5034_p2               |   icmp   |      0|   0|    9|           3|           4|
    |icmp_ln833_1_fu_5554_p2            |   icmp   |      0|   0|   29|          52|           1|
    |icmp_ln833_2_fu_5704_p2            |   icmp   |      0|   0|   13|          11|           2|
    |icmp_ln833_fu_5699_p2              |   icmp   |      0|   0|   13|          11|           1|
    |icmp_ln84_fu_5054_p2               |   icmp   |      0|   0|    8|           2|           2|
    |icmp_ln86_fu_5076_p2               |   icmp   |      0|   0|   18|          32|           2|
    |icmp_ln87_1_fu_5212_p2             |   icmp   |      0|   0|   18|          23|           1|
    |icmp_ln87_2_fu_5218_p2             |   icmp   |      0|   0|   11|           8|           2|
    |icmp_ln87_3_fu_5224_p2             |   icmp   |      0|   0|   18|          23|           1|
    |icmp_ln87_fu_5206_p2               |   icmp   |      0|   0|   11|           8|           2|
    |icmp_ln98_fu_4122_p2               |   icmp   |      0|   0|    9|           3|           4|
    |icmp_ln99_fu_4150_p2               |   icmp   |      0|   0|    9|           3|           4|
    |r_V_fu_5733_p2                     |   lshr   |      0|   0|  180|          63|          63|
    |ap_block_state294_on_subcall_done  |    or    |      0|   0|    2|           1|           1|
    |or_ln257_fu_5313_p2                |    or    |      0|   0|    4|           4|           1|
    |or_ln300_fu_6219_p2                |    or    |      0|   0|    2|           1|           1|
    |or_ln311_fu_6181_p2                |    or    |      0|   0|    2|           1|           1|
    |or_ln87_1_fu_5252_p2               |    or    |      0|   0|    2|           1|           1|
    |or_ln87_fu_5248_p2                 |    or    |      0|   0|    2|           1|           1|
    |addr_V_fu_5488_p3                  |  select  |      0|   0|   11|           1|           7|
    |j_6_fu_5268_p3                     |  select  |      0|   0|   32|           1|          32|
    |p_Repl2_6_fu_6194_p3               |  select  |      0|   0|    2|           1|           1|
    |p_Val2_50_fu_5606_p3               |  select  |      0|   0|  124|           1|         124|
    |p_Val2_75_fu_5591_p3               |  select  |      0|   0|    3|           1|           1|
    |r_V_36_fu_5743_p3                  |  select  |      0|   0|   63|           1|          63|
    |ret_V_29_fu_6224_p3                |  select  |      0|   0|   11|           1|          11|
    |ret_V_30_fu_6240_p3                |  select  |      0|   0|   52|           1|          52|
    |select_ln271_fu_6165_p3            |  select  |      0|   0|    2|           1|           1|
    |select_ln272_2_fu_6017_p3          |  select  |      0|   0|   63|           1|           2|
    |select_ln272_fu_6011_p3            |  select  |      0|   0|   11|           1|           1|
    |select_ln300_4_fu_6211_p3          |  select  |      0|   0|    2|           1|           2|
    |select_ln300_6_fu_6232_p3          |  select  |      0|   0|    2|           1|           2|
    |select_ln311_fu_6186_p3            |  select  |      0|   0|    2|           1|           1|
    |select_ln482_fu_5584_p3            |  select  |      0|   0|   11|           1|          11|
    |ush_fu_5718_p3                     |  select  |      0|   0|   12|           1|          12|
    |DFTpts_fu_3840_p2                  |    shl   |      0|   0|   25|           1|          11|
    |r_V_20_fu_5738_p2                  |    shl   |      0|   0|  180|          63|          63|
    |r_V_34_fu_5518_p2                  |    shl   |      0|   0|  950|         256|         256|
    |r_V_35_fu_5665_p2                  |    shl   |      0|   0|  411|         124|         124|
    |sin_basis_fu_5815_p2               |    xor   |      0|   0|    2|           1|           2|
    |xor_ln1067_fu_4598_p2              |    xor   |      0|   0|    4|           3|           4|
    |xor_ln203_fu_3496_p2               |    xor   |      0|   0|    2|           1|           2|
    |xor_ln267_fu_6272_p2               |    xor   |      0|   0|   33|          32|          33|
    |xor_ln300_fu_6205_p2               |    xor   |      0|   0|    2|           2|           1|
    |xor_ln311_fu_6176_p2               |    xor   |      0|   0|    2|           1|           2|
    |xor_ln444_1_fu_4983_p2             |    xor   |      0|   0|   33|          32|          33|
    |xor_ln444_fu_4967_p2               |    xor   |      0|   0|   33|          32|          33|
    |xor_ln667_1_fu_6400_p2             |    xor   |      0|   0|   33|          32|          33|
    |xor_ln667_2_fu_6527_p2             |    xor   |      0|   0|   33|          32|          33|
    |xor_ln667_fu_4231_p2               |    xor   |      0|   0|   33|          32|          33|
    +-----------------------------------+----------+-------+----+-----+------------+------------+
    |Total                              |          |     67|  73| 5745|        2918|        2816|
    +-----------------------------------+----------+-------+----+-----+------------+------------+

    * Multiplexer: 
    +-------------------------------------+------+-----------+-----+-----------+
    |                 Name                |  LUT | Input Size| Bits| Total Bits|
    +-------------------------------------+------+-----------+-----+-----------+
    |AUU_M_imag_address0                  |    21|          4|   11|         44|
    |AUU_M_imag_d0                        |    15|          3|   32|         96|
    |AUU_M_real_address0                  |    21|          4|   11|         44|
    |AUU_M_real_d0                        |    15|          3|   32|         96|
    |Autocorr_Buffer_M_i_address0         |    21|          4|    6|         24|
    |Autocorr_Buffer_M_i_d0               |    15|          3|   32|         96|
    |Autocorr_Buffer_M_r_address0         |    21|          4|    6|         24|
    |Autocorr_Buffer_M_r_d0               |    15|          3|   32|         96|
    |FFT_Buffer_im_address0               |    33|          6|   10|         60|
    |FFT_Buffer_im_address1               |    33|          6|   10|         60|
    |FFT_Buffer_im_d0                     |    15|          3|   32|         96|
    |FFT_Buffer_im_d1                     |    15|          3|   32|         96|
    |FFT_Buffer_re_address0               |    33|          6|   10|         60|
    |FFT_Buffer_re_address1               |    33|          6|   10|         60|
    |FFT_Buffer_re_d0                     |    15|          3|   32|         96|
    |FFT_Buffer_re_d1                     |    15|          3|   32|         96|
    |Q_temp_M_imag_address0               |    21|          4|    4|         16|
    |Q_temp_M_imag_ce0                    |    15|          3|    1|          3|
    |Q_temp_M_imag_d0                     |    15|          3|   32|         96|
    |Q_temp_M_imag_we0                    |    15|          3|    1|          3|
    |Q_temp_M_real_address0               |    21|          4|    4|         16|
    |Q_temp_M_real_ce0                    |    15|          3|    1|          3|
    |Q_temp_M_real_d0                     |    15|          3|   32|         96|
    |Q_temp_M_real_we0                    |    15|          3|    1|          3|
    |R_temp_M_imag_address0               |    21|          4|    4|         16|
    |R_temp_M_imag_ce0                    |    15|          3|    1|          3|
    |R_temp_M_imag_d0                     |    15|          3|   32|         96|
    |R_temp_M_imag_we0                    |    15|          3|    1|          3|
    |R_temp_M_real_address0               |    21|          4|    4|         16|
    |R_temp_M_real_ce0                    |    15|          3|    1|          3|
    |R_temp_M_real_d0                     |    15|          3|   32|         96|
    |R_temp_M_real_we0                    |    15|          3|    1|          3|
    |Rx_temp_M_imag_address0              |    59|         14|    4|         56|
    |Rx_temp_M_imag_d0                    |    33|          6|   32|        192|
    |Rx_temp_M_real_address0              |    59|         14|    4|         56|
    |Rx_temp_M_real_d0                    |    33|          6|   32|        192|
    |U_M_imag_address0                    |    44|          9|    4|         36|
    |U_M_imag_d0                          |    15|          3|   32|         96|
    |U_M_real_address0                    |    44|          9|    4|         36|
    |U_M_real_d0                          |    21|          4|   32|        128|
    |Un_M_imag_address0                   |    27|          5|    3|         15|
    |Un_M_imag_d0                         |    15|          3|   32|         96|
    |Un_M_real_address0                   |    27|          5|    3|         15|
    |Un_M_real_d0                         |    15|          3|   32|         96|
    |Xj_f_M_imag_address0                 |    15|          3|   16|         48|
    |Xj_f_M_real_address0                 |    15|          3|   16|         48|
    |a_theta_M_imag_address0              |    27|          5|   11|         55|
    |a_theta_M_imag_d0                    |    15|          3|   32|         96|
    |a_theta_M_real_address0              |    27|          5|   11|         55|
    |a_theta_M_real_d0                    |    15|          3|   32|         96|
    |ap_NS_fsm                            |  1569|        356|    1|        356|
    |complex_M_imag_read_1_reg_2355       |     9|          2|   32|         64|
    |complex_M_imag_read_2_reg_2816       |     9|          2|   32|         64|
    |complex_M_imag_read_3_reg_2875       |     9|          2|   32|         64|
    |complex_M_imag_read_4_reg_2934       |     9|          2|   32|         64|
    |complex_M_imag_read_reg_2220         |     9|          2|   32|         64|
    |complex_M_real_read_1_reg_2367       |     9|          2|   32|         64|
    |complex_M_real_read_2_reg_2829       |     9|          2|   32|         64|
    |complex_M_real_read_3_reg_2888       |     9|          2|   32|         64|
    |complex_M_real_read_4_reg_2946       |     9|          2|   32|         64|
    |complex_M_real_read_reg_2233         |     9|          2|   32|         64|
    |count_0_i_reg_2257                   |     9|          2|    3|          6|
    |eig_mat_M_imag_address0              |    27|          5|    4|         20|
    |eig_mat_M_imag_ce0                   |    15|          3|    1|          3|
    |eig_mat_M_imag_d0                    |    21|          4|   32|        128|
    |eig_mat_M_real_address0              |    33|          6|    4|         24|
    |eig_mat_M_real_ce0                   |    15|          3|    1|          3|
    |eig_mat_M_real_d0                    |    21|          4|   32|        128|
    |flag_0_i_reg_2586                    |     9|          2|   32|         64|
    |flag_reg_2574                        |     9|          2|    2|          4|
    |grp_fu_3040_opcode                   |    15|          3|    2|          6|
    |grp_fu_3040_p0                       |    59|         14|   32|        448|
    |grp_fu_3040_p1                       |    44|          9|   32|        288|
    |grp_fu_3045_opcode                   |    15|          3|    2|          6|
    |grp_fu_3045_p0                       |    50|         11|   32|        352|
    |grp_fu_3045_p1                       |    27|          5|   32|        160|
    |grp_fu_3082_p0                       |    85|         17|   32|        544|
    |grp_fu_3082_p1                       |    85|         17|   32|        544|
    |grp_fu_3087_p0                       |    59|         14|   32|        448|
    |grp_fu_3087_p1                       |    56|         13|   32|        416|
    |grp_fu_3092_p0                       |    56|         13|   32|        416|
    |grp_fu_3092_p1                       |    56|         13|   32|        416|
    |grp_fu_3097_p0                       |    56|         13|   32|        416|
    |grp_fu_3097_p1                       |    50|         11|   32|        352|
    |grp_fu_3176_p0                       |    21|          4|   32|        128|
    |grp_fu_3176_p1                       |    27|          5|   32|        160|
    |grp_fu_3181_p0                       |    15|          3|   32|         96|
    |grp_fu_3181_p1                       |    21|          4|   32|        128|
    |grp_fu_3187_p0                       |    15|          3|   64|        192|
    |grp_fu_3190_p0                       |    15|          3|   32|         96|
    |grp_fu_3205_p1                       |    15|          3|   64|        192|
    |grp_fu_3211_p0                       |    15|          3|   64|        192|
    |grp_fu_3211_p1                       |    15|          3|   64|        192|
    |grp_sin_or_cos_float_s_fu_3001_t_in  |    15|          3|   32|         96|
    |grp_sin_or_cos_float_s_fu_3017_t_in  |    15|          3|   32|         96|
    |i16_0_i_reg_2187                     |     9|          2|    4|          8|
    |i17_0_i_reg_2198                     |     9|          2|    3|          6|
    |i19_0_i_reg_2269                     |     9|          2|    3|          6|
    |i25_0_i_reg_2388                     |     9|          2|    3|          6|
    |i31_0_reg_2794                       |     9|          2|    3|          6|
    |i33_0_reg_2853                       |     9|          2|    9|         18|
    |i36_0_reg_2923                       |     9|          2|    9|         18|
    |i38_0_reg_2980                       |     9|          2|    9|         18|
    |i_0_i40_reg_2165                     |     9|          2|    3|          6|
    |i_0_i_i_i_reg_1859                   |     9|          2|    4|          8|
    |i_0_i_reg_1914                       |     9|          2|   32|         64|
    |i_5_reg_1891                         |     9|          2|   10|         20|
    |input_assign_reg_1836                |     9|          2|   11|         22|
    |j18_0_i_reg_2209                     |     9|          2|    3|          6|
    |j20_0_i_reg_2281                     |     9|          2|    3|          6|
    |j22_0_i_reg_2304                     |     9|          2|   32|         64|
    |j23_0_in_i_reg_2313                  |     9|          2|   32|         64|
    |j24_0_in_i_reg_2379                  |     9|          2|   32|         64|
    |j25_0_reg_1824                       |     9|          2|   11|         22|
    |j26_0_reg_1923                       |     9|          2|   11|         22|
    |j32_0_reg_2805                       |     9|          2|    3|          6|
    |j34_0_reg_2864                       |     9|          2|    3|          6|
    |j_0_i41_reg_2176                     |     9|          2|    3|          6|
    |j_0_in_i_reg_2596                    |     9|          2|   32|         64|
    |j_14_reg_2292                        |     9|          2|    2|          4|
    |jj_0_reg_1982                        |     9|          2|   11|         22|
    |k35_0_reg_2901                       |     9|          2|    3|          6|
    |k37_0_reg_2958                       |     9|          2|    3|          6|
    |k_0_i_reg_2246                       |     9|          2|    3|          6|
    |k_0_reg_2842                         |     9|          2|    2|          4|
    |l27_0_reg_1994                       |     9|          2|    4|          8|
    |l_0_i_reg_2062                       |     9|          2|    4|          8|
    |l_0_reg_1802                         |     9|          2|    4|          8|
    |m_0_i_reg_2343                       |     9|          2|    3|          6|
    |n28_0_reg_2005                       |     9|          2|    3|          6|
    |n_0_reg_1813                         |     9|          2|    3|          6|
    |p_0_i_i_i_reg_1870                   |     9|          2|   10|         20|
    |p_r_M_imag_reg_2038                  |     9|          2|   32|         64|
    |p_r_M_real_reg_2050                  |     9|          2|   32|         64|
    |p_x_assign_5_reg_1902                |     9|          2|   32|         64|
    |p_x_assign_reg_2331                  |     9|          2|   32|         64|
    |phi_ln11_1_reg_2085                  |     9|          2|    2|          4|
    |phi_ln11_reg_2073                    |     9|          2|    2|          4|
    |phi_ln12_1_reg_2108                  |     9|          2|    2|          4|
    |phi_ln12_reg_2096                    |     9|          2|    2|          4|
    |phi_ln13_1_reg_2131                  |     9|          2|    2|          4|
    |phi_ln13_reg_2119                    |     9|          2|    2|          4|
    |phi_ln14_1_reg_2154                  |     9|          2|    2|          4|
    |phi_ln14_reg_2142                    |     9|          2|    2|          4|
    |phi_ln201_1_reg_1653                 |     9|          2|    2|          4|
    |phi_ln201_reg_1641                   |     9|          2|    4|          8|
    |phi_ln202_1_reg_1676                 |     9|          2|    2|          4|
    |phi_ln202_reg_1664                   |     9|          2|    2|          4|
    |phi_ln203_1_reg_1699                 |     9|          2|    1|          2|
    |phi_ln203_reg_1687                   |     9|          2|    2|          4|
    |phi_ln204_1_reg_1722                 |     9|          2|    2|          4|
    |phi_ln204_reg_1710                   |     9|          2|    2|          4|
    |phi_ln205_1_reg_1745                 |     9|          2|    2|          4|
    |phi_ln205_reg_1733                   |     9|          2|    9|         18|
    |phi_ln206_reg_1756                   |     9|          2|    9|         18|
    |phi_ln207_1_reg_1791                 |     9|          2|    9|         18|
    |phi_ln207_reg_1767                   |     9|          2|    2|          4|
    |phi_mul5_reg_2771                    |     9|          2|   11|         22|
    |phi_mul7_reg_2912                    |     9|          2|   11|         22|
    |phi_mul9_reg_2969                    |     9|          2|   11|         22|
    |phi_mul_reg_1779                     |     9|          2|   11|         22|
    |q_0_i_reg_2322                       |     9|          2|   32|         64|
    |reversed_reg_1848                    |     9|          2|   32|         64|
    |sort_index_0_1_be_reg_2508           |     9|          2|   32|         64|
    |sort_index_0_1_reg_2432              |     9|          2|   32|         64|
    |sort_index_0_3_be_reg_2723           |     9|          2|   32|         64|
    |sort_index_0_3_reg_2562              |     9|          2|   32|         64|
    |sort_index_0_45_reg_2675             |     9|          2|   32|         64|
    |sort_index_0_4_reg_2605              |    15|          3|   32|         96|
    |sort_index_0_reg_2443                |     9|          2|    3|          6|
    |sort_index_1_1_be_reg_2490           |     9|          2|   32|         64|
    |sort_index_1_1_reg_2421              |     9|          2|   32|         64|
    |sort_index_1_3_be_reg_2708           |     9|          2|   32|         64|
    |sort_index_1_3_reg_2550              |     9|          2|   32|         64|
    |sort_index_1_4_reg_2657              |     9|          2|   32|         64|
    |sort_index_2_1_be_reg_2472           |     9|          2|   32|         64|
    |sort_index_2_1_reg_2410              |     9|          2|   32|         64|
    |sort_index_2_3_be_reg_2693           |     9|          2|   32|         64|
    |sort_index_2_3_reg_2538              |     9|          2|   32|         64|
    |sort_index_2_4_reg_2639              |     9|          2|   32|         64|
    |sort_index_3_1_be_reg_2454           |     9|          2|   32|         64|
    |sort_index_3_1_reg_2399              |     9|          2|   32|         64|
    |sort_index_3_3_reg_2526              |     9|          2|   32|         64|
    |sort_index_3_4_reg_2620              |     9|          2|   32|         64|
    |stage_0_i_reg_1879                   |     9|          2|    4|          8|
    |temp_mat_M_imag_address0             |    41|          8|    4|         32|
    |temp_mat_M_imag_d0                   |    21|          4|   32|        128|
    |temp_mat_M_real_address0             |    41|          8|    4|         32|
    |temp_mat_M_real_d0                   |    21|          4|   32|        128|
    |w_M_imag_address0                    |    21|          4|    9|         36|
    |w_M_imag_d0                          |    15|          3|   32|         96|
    |w_M_real_address0                    |    27|          5|    9|         45|
    |w_M_real_d0                          |    15|          3|   32|         96|
    |x29_0_reg_2760                       |     9|          2|    3|          6|
    |x_0_i_reg_2016                       |     9|          2|    3|          6|
    |x_0_reg_2738                         |     9|          2|    3|          6|
    |y30_0_reg_2783                       |     9|          2|    9|         18|
    |y_0_i_reg_2027                       |     9|          2|    3|          6|
    |y_0_reg_2749                         |     9|          2|    3|          6|
    +-------------------------------------+------+-----------+-----+-----------+
    |Total                                |  4898|       1051| 3562|      13997|
    +-------------------------------------+------+-----------+-----+-----------+

    * Register: 
    +---------------------------------------------+-----+----+-----+-----------+
    |                     Name                    |  FF | LUT| Bits| Const Bits|
    +---------------------------------------------+-----+----+-----+-----------+
    |AUU_M_imag_addr_2_reg_8257                   |   11|   0|   11|          0|
    |AUU_M_real_addr_2_reg_8252                   |   11|   0|   11|          0|
    |B_V_reg_8010                                 |   56|   0|   56|          0|
    |B_fourth_power_V_reg_8052                    |   35|   0|   35|          0|
    |B_squared_V_reg_8020                         |   49|   0|   49|          0|
    |B_third_power_V_reg_8047                     |   42|   0|   42|          0|
    |DFTpts_reg_6884                              |   11|   0|   11|          0|
    |Ex_V_reg_7978                                |   11|   0|   11|          0|
    |FFT_Buffer_im_addr_1_reg_6859                |   10|   0|   10|          0|
    |FFT_Buffer_im_addr_2_reg_6865                |   10|   0|   10|          0|
    |FFT_Buffer_im_addr_4_reg_6949                |   10|   0|   10|          0|
    |FFT_Buffer_im_addr_5_reg_6960                |   10|   0|   10|          0|
    |FFT_Buffer_re_addr_1_reg_6847                |   10|   0|   10|          0|
    |FFT_Buffer_re_addr_2_reg_6853                |   10|   0|   10|          0|
    |FFT_Buffer_re_addr_4_reg_6944                |   10|   0|   10|          0|
    |FFT_Buffer_re_addr_5_reg_6954                |   10|   0|   10|          0|
    |Mx_V_reg_7971                                |   63|   0|   63|          0|
    |Rx_temp_M_imag_addr_3_reg_7424               |    4|   0|    4|          0|
    |Rx_temp_M_imag_addr_5_reg_7506               |    4|   0|    4|          0|
    |Rx_temp_M_imag_addr_6_reg_7595               |    4|   0|    4|          0|
    |Rx_temp_M_imag_addr_9_reg_7572               |    4|   0|    4|          0|
    |Rx_temp_M_real_addr_3_reg_7419               |    4|   0|    4|          0|
    |Rx_temp_M_real_addr_5_reg_7501               |    4|   0|    4|          0|
    |Rx_temp_M_real_addr_6_reg_7590               |    4|   0|    4|          0|
    |Rx_temp_M_real_addr_9_reg_7567               |    4|   0|    4|          0|
    |U_M_imag_addr_2_reg_7393                     |    4|   0|    4|          0|
    |U_M_imag_addr_3_reg_7605                     |    4|   0|    4|          0|
    |U_M_imag_addr_5_reg_7705                     |    4|   0|    4|          0|
    |U_M_real_addr_2_reg_7388                     |    4|   0|    4|          0|
    |U_M_real_addr_3_reg_7600                     |    4|   0|    4|          0|
    |U_M_real_addr_5_reg_7700                     |    4|   0|    4|          0|
    |Un_M_imag_addr_1_reg_7821                    |    2|   0|    3|          1|
    |Un_M_imag_addr_2_reg_7826                    |    2|   0|    3|          1|
    |Un_M_real_addr_1_reg_7811                    |    2|   0|    3|          1|
    |Un_M_real_addr_2_reg_7816                    |    2|   0|    3|          1|
    |add_ln11_reg_7156                            |    2|   0|    2|          0|
    |add_ln12_reg_7172                            |    2|   0|    2|          0|
    |add_ln13_reg_7188                            |    2|   0|    2|          0|
    |add_ln14_reg_7204                            |    2|   0|    2|          0|
    |add_ln201_reg_6632                           |    4|   0|    4|          0|
    |add_ln202_reg_6648                           |    2|   0|    2|          0|
    |add_ln203_reg_6664                           |    2|   0|    2|          0|
    |add_ln204_reg_6677                           |    2|   0|    2|          0|
    |add_ln205_reg_6693                           |    9|   0|    9|          0|
    |add_ln207_2_reg_6717                         |   11|   0|   11|          0|
    |add_ln207_reg_6722                           |    2|   0|    2|          0|
    |add_ln235_2_reg_6979                         |   17|   0|   17|          0|
    |add_ln246_3_reg_7053                         |    7|   0|    7|          0|
    |add_ln246_reg_7012                           |   14|   0|   15|          1|
    |add_ln262_reg_7857                           |   11|   0|   11|          0|
    |add_ln266_reg_7883                           |   11|   0|   11|          0|
    |add_ln285_2_reg_8280                         |   11|   0|   11|          0|
    |add_ln294_2_reg_8353                         |   11|   0|   11|          0|
    |add_ln59_reg_7547                            |    6|   0|    6|          0|
    |ap_CS_fsm                                    |  355|   0|  355|          0|
    |c_reg_6929                                   |   32|   0|   32|          0|
    |closepath_reg_7917                           |    1|   0|    1|          0|
    |complex_M_imag_read_1_reg_2355               |   32|   0|   32|          0|
    |complex_M_imag_read_2_reg_2816               |   32|   0|   32|          0|
    |complex_M_imag_read_3_reg_2875               |   32|   0|   32|          0|
    |complex_M_imag_read_4_reg_2934               |   32|   0|   32|          0|
    |complex_M_imag_read_reg_2220                 |   32|   0|   32|          0|
    |complex_M_real_read_1_reg_2367               |   32|   0|   32|          0|
    |complex_M_real_read_2_reg_2829               |   32|   0|   32|          0|
    |complex_M_real_read_3_reg_2888               |   32|   0|   32|          0|
    |complex_M_real_read_4_reg_2946               |   32|   0|   32|          0|
    |complex_M_real_read_reg_2233                 |   32|   0|   32|          0|
    |cos_basis_reg_8003                           |    1|   0|    1|          0|
    |count_0_i_reg_2257                           |    3|   0|    3|          0|
    |count_reg_7371                               |    3|   0|    3|          0|
    |eig_mat_M_imag_addr_2_reg_7301               |    4|   0|    4|          0|
    |eig_mat_M_real_addr_3_reg_7296               |    4|   0|    4|          0|
    |eigval_0_reg_7398                            |   32|   0|   32|          0|
    |eigval_3_1_fu_500                            |   32|   0|   32|          0|
    |eigval_3_2_fu_504                            |   32|   0|   32|          0|
    |eigval_3_3_fu_508                            |   32|   0|   32|          0|
    |eigval_3_fu_496                              |   32|   0|   32|          0|
    |flag_0_i_reg_2586                            |   32|   0|   32|          0|
    |flag_reg_2574                                |    2|   0|    2|          0|
    |fourth_order_double_14_reg_8072              |   33|   0|   33|          0|
    |grp_qrf_basic_fu_2991_ap_start_reg           |    1|   0|    1|          0|
    |grp_scaled_fixed2ieee_fu_3034_ap_start_reg   |    1|   0|    1|          0|
    |grp_sin_or_cos_float_s_fu_3001_ap_start_reg  |    1|   0|    1|          0|
    |grp_sin_or_cos_float_s_fu_3017_ap_start_reg  |    1|   0|    1|          0|
    |i16_0_i_reg_2187                             |    4|   0|    4|          0|
    |i17_0_i_reg_2198                             |    3|   0|    3|          0|
    |i19_0_i_reg_2269                             |    3|   0|    3|          0|
    |i25_0_i_reg_2388                             |    3|   0|    3|          0|
    |i31_0_reg_2794                               |    3|   0|    3|          0|
    |i33_0_reg_2853                               |    9|   0|    9|          0|
    |i36_0_reg_2923                               |    9|   0|    9|          0|
    |i38_0_reg_2980                               |    9|   0|    9|          0|
    |i_0_i40_reg_2165                             |    3|   0|    3|          0|
    |i_0_i_i_i_reg_1859                           |    4|   0|    4|          0|
    |i_0_i_reg_1914                               |   32|   0|   32|          0|
    |i_10_reg_7272                                |    3|   0|    3|          0|
    |i_11_reg_7721                                |    3|   0|    3|          0|
    |i_12_reg_7738                                |    2|   0|    2|          0|
    |i_13_reg_7409                                |    3|   0|    3|          0|
    |i_14_reg_7477                                |    2|   0|    2|          0|
    |i_15_reg_8121                                |    3|   0|    3|          0|
    |i_16_reg_7695                                |    3|   0|    3|          0|
    |i_17_reg_8224                                |    9|   0|    9|          0|
    |i_18_reg_8314                                |    9|   0|    9|          0|
    |i_5_reg_1891                                 |   10|   0|   10|          0|
    |i_6_cast_reg_6911                            |   10|   0|   32|         22|
    |i_6_reg_6820                                 |   11|   0|   11|          0|
    |i_7_reg_6966                                 |   32|   0|   32|          0|
    |i_8_reg_7223                                 |    3|   0|    3|          0|
    |i_9_reg_7264                                 |    4|   0|    4|          0|
    |i_reg_8414                                   |    9|   0|    9|          0|
    |icmp_ln125_reg_6843                          |    1|   0|    1|          0|
    |icmp_ln254_reg_7849                          |    1|   0|    1|          0|
    |icmp_ln256_reg_7853                          |    1|   0|    1|          0|
    |icmp_ln44_reg_7447                           |    1|   0|    1|          0|
    |icmp_ln833_1_reg_7948                        |    1|   0|    1|          0|
    |icmp_ln833_2_reg_7996                        |    1|   0|    1|          0|
    |icmp_ln833_reg_7990                          |    1|   0|    1|          0|
    |icmp_ln87_1_reg_7767                         |    1|   0|    1|          0|
    |icmp_ln87_2_reg_7772                         |    1|   0|    1|          0|
    |icmp_ln87_3_reg_7777                         |    1|   0|    1|          0|
    |icmp_ln87_reg_7762                           |    1|   0|    1|          0|
    |input_assign_reg_1836                        |   11|   0|   11|          0|
    |isNeg_reg_7984                               |    1|   0|    1|          0|
    |j18_0_i_reg_2209                             |    3|   0|    3|          0|
    |j20_0_i_reg_2281                             |    3|   0|    3|          0|
    |j22_0_i_reg_2304                             |   32|   0|   32|          0|
    |j23_0_in_i_reg_2313                          |   32|   0|   32|          0|
    |j24_0_in_i_reg_2379                          |   32|   0|   32|          0|
    |j25_0_reg_1824                               |   11|   0|   11|          0|
    |j26_0_reg_1923                               |   11|   0|   11|          0|
    |j32_0_reg_2805                               |    3|   0|    3|          0|
    |j34_0_reg_2864                               |    3|   0|    3|          0|
    |j_0_i41_reg_2176                             |    3|   0|    3|          0|
    |j_0_in_i_reg_2596                            |   32|   0|   32|          0|
    |j_10_reg_7610                                |   32|   0|   32|          0|
    |j_11_reg_7516                                |   32|   0|   32|          0|
    |j_12_reg_8139                                |    3|   0|    3|          0|
    |j_13_reg_8242                                |    3|   0|    3|          0|
    |j_14_reg_2292                                |    2|   0|    2|          0|
    |j_15_reg_7743                                |   32|   0|   32|          0|
    |j_1_reg_6974                                 |   11|   0|   11|          0|
    |j_2_reg_6919                                 |   10|   0|   10|          0|
    |j_3_reg_7236                                 |    3|   0|    3|          0|
    |j_4_reg_7286                                 |    3|   0|    3|          0|
    |j_8_reg_7511                                 |   32|   0|   32|          0|
    |j_9_reg_7442                                 |    3|   0|    3|          0|
    |j_reg_6797                                   |   11|   0|   11|          0|
    |jj_0_reg_1982                                |   11|   0|   11|          0|
    |jj_reg_6997                                  |   11|   0|   11|          0|
    |k35_0_reg_2901                               |    3|   0|    3|          0|
    |k37_0_reg_2958                               |    3|   0|    3|          0|
    |k_0_i_reg_2246                               |    3|   0|    3|          0|
    |k_0_reg_2842                                 |    2|   0|    2|          0|
    |k_2_reg_8162                                 |    2|   0|    2|          0|
    |k_3_reg_8338                                 |    3|   0|    3|          0|
    |k_4_reg_8265                                 |    3|   0|    3|          0|
    |k_reg_7309                                   |    3|   0|    3|          0|
    |l27_0_reg_1994                               |    4|   0|    4|          0|
    |l_0_i_reg_2062                               |    4|   0|    4|          0|
    |l_0_reg_1802                                 |    4|   0|    4|          0|
    |l_1_reg_7020                                 |    4|   0|    4|          0|
    |l_2_reg_7102                                 |    4|   0|    4|          0|
    |l_reg_6741                                   |    4|   0|    4|          0|
    |m_0_i_reg_2343                               |    3|   0|    3|          0|
    |m_reg_7638                                   |    3|   0|    3|          0|
    |midsum_reg_7685                              |   32|   0|   32|          0|
    |n28_0_reg_2005                               |    3|   0|    3|          0|
    |n_0_reg_1813                                 |    3|   0|    3|          0|
    |n_1_reg_6783                                 |    3|   0|    3|          0|
    |n_reg_7038                                   |    3|   0|    3|          0|
    |numBF_reg_6906                               |   10|   0|   32|         22|
    |p_0_i_i_i_reg_1870                           |   10|   0|   10|          0|
    |p_Val2_74_reg_7954                           |  124|   0|  124|          0|
    |p_Val2_75_reg_7965                           |    3|   0|    3|          0|
    |p_r_M_imag_reg_2038                          |   32|   0|   32|          0|
    |p_r_M_real_reg_2050                          |   32|   0|   32|          0|
    |p_x_assign_5_reg_1902                        |   32|   0|   32|          0|
    |p_x_assign_6_reg_8112                        |   32|   0|   32|          0|
    |p_x_assign_reg_2331                          |   32|   0|   32|          0|
    |phi_ln11_1_reg_2085                          |    2|   0|    2|          0|
    |phi_ln11_reg_2073                            |    2|   0|    2|          0|
    |phi_ln12_1_reg_2108                          |    2|   0|    2|          0|
    |phi_ln12_reg_2096                            |    2|   0|    2|          0|
    |phi_ln13_1_reg_2131                          |    2|   0|    2|          0|
    |phi_ln13_reg_2119                            |    2|   0|    2|          0|
    |phi_ln14_1_reg_2154                          |    2|   0|    2|          0|
    |phi_ln14_reg_2142                            |    2|   0|    2|          0|
    |phi_ln201_1_reg_1653                         |    2|   0|    2|          0|
    |phi_ln201_reg_1641                           |    4|   0|    4|          0|
    |phi_ln202_1_reg_1676                         |    2|   0|    2|          0|
    |phi_ln202_reg_1664                           |    2|   0|    2|          0|
    |phi_ln203_1_reg_1699                         |    1|   0|    1|          0|
    |phi_ln203_reg_1687                           |    2|   0|    2|          0|
    |phi_ln204_1_reg_1722                         |    2|   0|    2|          0|
    |phi_ln204_reg_1710                           |    2|   0|    2|          0|
    |phi_ln205_1_reg_1745                         |    2|   0|    2|          0|
    |phi_ln205_reg_1733                           |    9|   0|    9|          0|
    |phi_ln206_reg_1756                           |    9|   0|    9|          0|
    |phi_ln207_1_reg_1791                         |    9|   0|    9|          0|
    |phi_ln207_reg_1767                           |    2|   0|    2|          0|
    |phi_mul5_reg_2771                            |   11|   0|   11|          0|
    |phi_mul7_reg_2912                            |   11|   0|   11|          0|
    |phi_mul9_reg_2969                            |   11|   0|   11|          0|
    |phi_mul_reg_1779                             |   11|   0|   11|          0|
    |q_0_i_reg_2322                               |   32|   0|   32|          0|
    |q_1_reg_7562                                 |   32|   0|   32|          0|
    |r_V_22_reg_8015                              |   49|   0|   98|         49|
    |reg_3220                                     |   64|   0|   64|          0|
    |reg_3225                                     |   32|   0|   32|          0|
    |reg_3231                                     |   32|   0|   32|          0|
    |reg_3259                                     |   32|   0|   32|          0|
    |reg_3266                                     |   32|   0|   32|          0|
    |reg_3272                                     |   32|   0|   32|          0|
    |reg_3277                                     |   32|   0|   32|          0|
    |reg_3282                                     |   32|   0|   32|          0|
    |reg_3288                                     |   32|   0|   32|          0|
    |reg_3298                                     |   64|   0|   64|          0|
    |reg_3303                                     |   64|   0|   64|          0|
    |reg_3308                                     |   32|   0|   32|          0|
    |reg_3318                                     |   32|   0|   32|          0|
    |reg_3334                                     |   32|   0|   32|          0|
    |reg_3341                                     |   32|   0|   32|          0|
    |reg_3351                                     |   32|   0|   32|          0|
    |reg_3379                                     |   32|   0|   32|          0|
    |reg_3408                                     |   32|   0|   32|          0|
    |result_V_reg_8087                            |   63|   0|   63|          0|
    |resultf_reg_8097                             |   64|   0|   64|          0|
    |results_sign_V_2_reg_7898                    |    1|   0|    1|          0|
    |ret_V_28_reg_8092                            |   12|   0|   12|          0|
    |ret_V_31_reg_7933                            |  170|   0|  170|          0|
    |ret_V_reg_8082                               |   64|   0|   64|          0|
    |reversed_reg_1848                            |   32|   0|   32|          0|
    |s_reg_6935                                   |   32|   0|   32|          0|
    |sext_ln57_cast_reg_7539                      |    4|   0|    6|          2|
    |sext_ln70_reg_7585                           |    4|   0|    6|          2|
    |shl_ln_reg_6746                              |    4|   0|   14|         10|
    |sinpitheta_reg_8107                          |   32|   0|   32|          0|
    |sort_index_0_0_reg_1970                      |   32|   0|   32|          0|
    |sort_index_0_1_be_reg_2508                   |   32|   0|   32|          0|
    |sort_index_0_1_reg_2432                      |   32|   0|   32|          0|
    |sort_index_0_2_reg_7786                      |   32|   0|   32|          0|
    |sort_index_0_3_be_reg_2723                   |   32|   0|   32|          0|
    |sort_index_0_3_reg_2562                      |   32|   0|   32|          0|
    |sort_index_0_45_reg_2675                     |   32|   0|   32|          0|
    |sort_index_0_4_reg_2605                      |   32|   0|   32|          0|
    |sort_index_0_reg_2443                        |    3|   0|    3|          0|
    |sort_index_1_0_reg_1958                      |   32|   0|   32|          0|
    |sort_index_1_1_be_reg_2490                   |   32|   0|   32|          0|
    |sort_index_1_1_reg_2421                      |   32|   0|   32|          0|
    |sort_index_1_3_be_reg_2708                   |   32|   0|   32|          0|
    |sort_index_1_3_reg_2550                      |   32|   0|   32|          0|
    |sort_index_1_4_reg_2657                      |   32|   0|   32|          0|
    |sort_index_2_0_reg_1946                      |   32|   0|   32|          0|
    |sort_index_2_1_be_reg_2472                   |   32|   0|   32|          0|
    |sort_index_2_1_reg_2410                      |   32|   0|   32|          0|
    |sort_index_2_3_be_reg_2693                   |   32|   0|   32|          0|
    |sort_index_2_3_reg_2538                      |   32|   0|   32|          0|
    |sort_index_2_4_reg_2639                      |   32|   0|   32|          0|
    |sort_index_3_0_reg_1934                      |   32|   0|   32|          0|
    |sort_index_3_1_be_reg_2454                   |   32|   0|   32|          0|
    |sort_index_3_1_reg_2399                      |   32|   0|   32|          0|
    |sort_index_3_3_reg_2526                      |   32|   0|   32|          0|
    |sort_index_3_4_reg_2620                      |   32|   0|   32|          0|
    |stage_0_i_reg_1879                           |    4|   0|    4|          0|
    |temp_1_reg_6876                              |   32|   0|   32|          0|
    |temp_mat_M_imag_add_1_reg_7094               |    4|   0|    4|          0|
    |temp_mat_M_imag_add_5_reg_8154               |    4|   0|    4|          0|
    |temp_mat_M_real_add_1_reg_7089               |    4|   0|    4|          0|
    |temp_mat_M_real_add_5_reg_8149               |    4|   0|    4|          0|
    |temp_reg_6871                                |   32|   0|   32|          0|
    |tmp_42_cast_reg_7025                         |   15|   0|   17|          2|
    |tmp_5_reg_6901                               |   64|   0|   64|          0|
    |tmp_7_i_i1_reg_7665                          |   32|   0|   32|          0|
    |tmp_8_i_i_reg_7670                           |   32|   0|   32|          0|
    |tmp_9_i_i_reg_7675                           |   32|   0|   32|          0|
    |tmp_V_4_reg_7911                             |   52|   0|   52|          0|
    |tmp_V_reg_7904                               |   11|   0|   11|          0|
    |trunc_ln57_reg_7524                          |    4|   0|    4|          0|
    |trunc_ln601_reg_7928                         |    7|   0|    7|          0|
    |trunc_ln662_1_reg_8067                       |   48|   0|   48|          0|
    |trunc_ln6_reg_6889                           |   10|   0|   10|          0|
    |trunc_ln92_reg_7782                          |    2|   0|    2|          0|
    |trunc_ln_i_i_reg_7960                        |    3|   0|    3|          0|
    |trunc_ln_reg_8062                            |   56|   0|   56|          0|
    |w_M_imag_addr_1_reg_8373                     |    9|   0|    9|          0|
    |w_M_real_addr_2_reg_8368                     |    9|   0|    9|          0|
    |x29_0_reg_2760                               |    3|   0|    3|          0|
    |x_0_i_reg_2016                               |    3|   0|    3|          0|
    |x_0_reg_2738                                 |    3|   0|    3|          0|
    |x_1_reg_7801                                 |    3|   0|    3|          0|
    |x_2_reg_7865                                 |    3|   0|    3|          0|
    |x_reg_7061                                   |    3|   0|    3|          0|
    |y30_0_reg_2783                               |    9|   0|    9|          0|
    |y_0_i_reg_2027                               |    3|   0|    3|          0|
    |y_0_reg_2749                                 |    3|   0|    3|          0|
    |y_1_reg_7878                                 |    9|   0|    9|          0|
    |y_2_reg_7834                                 |    3|   0|    3|          0|
    |y_reg_7079                                   |    3|   0|    3|          0|
    |zext_ln1044_reg_7376                         |    3|   0|    6|          3|
    |zext_ln105_1_reg_7084                        |    3|   0|    7|          4|
    |zext_ln105_reg_7066                          |    3|   0|    7|          4|
    |zext_ln109_reg_6812                          |   11|   0|   32|         21|
    |zext_ln162_reg_6895                          |   11|   0|   32|         21|
    |zext_ln20_reg_7228                           |    3|   0|    6|          3|
    |zext_ln228_reg_6751                          |    4|   0|   15|         11|
    |zext_ln229_1_reg_6788                        |    3|   0|   17|         14|
    |zext_ln22_1_reg_7241                         |    6|   0|   64|         58|
    |zext_ln244_reg_7030                          |    4|   0|    7|          3|
    |zext_ln255_reg_7806                          |    3|   0|    6|          3|
    |zext_ln271_reg_8131                          |    3|   0|    6|          3|
    |zext_ln277_1_reg_8144                        |    3|   0|    5|          2|
    |zext_ln277_reg_8126                          |    3|   0|    5|          2|
    |zext_ln281_reg_8234                          |    9|   0|   12|          3|
    |zext_ln287_1_reg_8247                        |    3|   0|    6|          3|
    |zext_ln287_reg_8229                          |    9|   0|   11|          2|
    |zext_ln293_reg_8330                          |    9|   0|   12|          3|
    |zext_ln294_1_reg_8325                        |    9|   0|   11|          2|
    |zext_ln294_reg_8319                          |    9|   0|   64|         55|
    |zext_ln301_reg_8419                          |    9|   0|   64|         55|
    |zext_ln30_reg_7277                           |    3|   0|    6|          3|
    |zext_ln36_reg_7291                           |    3|   0|    6|          3|
    |zext_ln45_1_reg_7414                         |    3|   0|    6|          3|
    |zext_ln47_1_reg_7451                         |    6|   0|   64|         58|
    |zext_ln498_reg_8026                          |    8|   0|   64|         56|
    |zext_ln51_reg_7467                           |    2|   0|   32|         30|
    |zext_ln52_reg_7492                           |    2|   0|    6|          4|
    |zext_ln99_reg_7071                           |    3|   0|    6|          3|
    +---------------------------------------------+-----+----+-----+-----------+
    |Total                                        | 5349|   0| 5898|        549|
    +---------------------------------------------+-----+----+-----+-----------+



================================================================
== Interface
================================================================
* Summary: 
+----------------------+-----+-----+------------+--------------+--------------+
|       RTL Ports      | Dir | Bits|  Protocol  | Source Object|    C Type    |
+----------------------+-----+-----+------------+--------------+--------------+
|ap_clk                |  in |    1| ap_ctrl_hs |     music    | return value |
|ap_rst                |  in |    1| ap_ctrl_hs |     music    | return value |
|ap_start              |  in |    1| ap_ctrl_hs |     music    | return value |
|ap_done               | out |    1| ap_ctrl_hs |     music    | return value |
|ap_idle               | out |    1| ap_ctrl_hs |     music    | return value |
|ap_ready              | out |    1| ap_ctrl_hs |     music    | return value |
|X_address0            | out |   16|  ap_memory |       X      |     array    |
|X_ce0                 | out |    1|  ap_memory |       X      |     array    |
|X_q0                  |  in |   32|  ap_memory |       X      |     array    |
|Xj_f_M_real_address0  | out |   16|  ap_memory |  Xj_f_M_real |     array    |
|Xj_f_M_real_ce0       | out |    1|  ap_memory |  Xj_f_M_real |     array    |
|Xj_f_M_real_we0       | out |    1|  ap_memory |  Xj_f_M_real |     array    |
|Xj_f_M_real_d0        | out |   32|  ap_memory |  Xj_f_M_real |     array    |
|Xj_f_M_real_q0        |  in |   32|  ap_memory |  Xj_f_M_real |     array    |
|Xj_f_M_imag_address0  | out |   16|  ap_memory |  Xj_f_M_imag |     array    |
|Xj_f_M_imag_ce0       | out |    1|  ap_memory |  Xj_f_M_imag |     array    |
|Xj_f_M_imag_we0       | out |    1|  ap_memory |  Xj_f_M_imag |     array    |
|Xj_f_M_imag_d0        | out |   32|  ap_memory |  Xj_f_M_imag |     array    |
|Xj_f_M_imag_q0        |  in |   32|  ap_memory |  Xj_f_M_imag |     array    |
|P_sm_address0         | out |    9|  ap_memory |     P_sm     |     array    |
|P_sm_ce0              | out |    1|  ap_memory |     P_sm     |     array    |
|P_sm_we0              | out |    1|  ap_memory |     P_sm     |     array    |
|P_sm_d0               | out |   32|  ap_memory |     P_sm     |     array    |
+----------------------+-----+-----+------------+--------------+--------------+

