

================================================================
== Vivado HLS Report for 'qrf_top_Loop_1_proc3'
================================================================
* Date:           Fri Jul 31 00:56:26 2020

* Version:        2019.1 (Build 2552052 on Fri May 24 15:28:33 MDT 2019)
* Project:        DOA_Estimation_proj
* Solution:       solution2
* Product family: zynq
* Target device:  xc7z020-clg400-1


================================================================
== Performance Estimates
================================================================
+ Timing (ns): 
    * Summary: 
    +--------+-------+----------+------------+
    |  Clock | Target| Estimated| Uncertainty|
    +--------+-------+----------+------------+
    |ap_clk  |  20.00|    17.323|        2.50|
    +--------+-------+----------+------------+

+ Latency (clock cycles): 
    * Summary: 
    +-----+------+-----+------+---------+
    |   Latency  |  Interval  | Pipeline|
    | min |  max | min |  max |   Type  |
    +-----+------+-----+------+---------+
    |  118|  1666|  118|  1666|   none  |
    +-----+------+-----+------+---------+

    + Detail: 
        * Instance: 
        N/A

        * Loop: 
        +-----------------------------+-----+------+----------+-----------+-----------+------+----------+
        |                             |   Latency  | Iteration|  Initiation Interval  | Trip |          |
        |          Loop Name          | min |  max |  Latency |  achieved |   target  | Count| Pipelined|
        +-----------------------------+-----+------+----------+-----------+-----------+------+----------+
        |- Loop 1                     |   19|    19|         5|          -|          -|     4|    no    |
        | + Loop 1.1                  |    3|     3|         1|          -|          -|     4|    no    |
        |- Loop 2                     |   19|    19|         5|          -|          -|     4|    no    |
        | + Loop 2.1                  |    3|     3|         1|          -|          -|     4|    no    |
        |- qrf_in_row_assign          |   52|    52|        13|          -|          -|     4|    no    |
        | + qrf_in_col_assign_Qi      |    4|     4|         1|          1|          1|     4|    yes   |
        | + qrf_in_col_assign_Ri      |    4|     4|         2|          1|          1|     4|    yes   |
        |- qrf_col_loop_qrf_row_loop  |   24|  1572|  2 ~ 131 |          -|          -|    12|    no    |
        | + qrf_r_update              |   41|    41|        18|          8|          8|     4|    yes   |
        | + qrf_q_update              |   41|    41|        18|          8|          8|     4|    yes   |
        +-----------------------------+-----+------+----------+-----------+-----------+------+----------+



================================================================
== Utilization Estimates
================================================================
* Summary: 
+-----------------+---------+-------+--------+-------+-----+
|       Name      | BRAM_18K| DSP48E|   FF   |  LUT  | URAM|
+-----------------+---------+-------+--------+-------+-----+
|DSP              |        -|      -|       -|      -|    -|
|Expression       |        -|      -|       0|   1409|    -|
|FIFO             |        -|      -|       -|      -|    -|
|Instance         |        -|     37|    4575|  11594|    -|
|Memory           |        -|      -|       -|      -|    -|
|Multiplexer      |        -|      -|       -|   2060|    -|
|Register         |        0|      -|    2967|    192|    -|
+-----------------+---------+-------+--------+-------+-----+
|Total            |        0|     37|    7542|  15255|    0|
+-----------------+---------+-------+--------+-------+-----+
|Available        |      280|    220|  106400|  53200|    0|
+-----------------+---------+-------+--------+-------+-----+
|Utilization (%)  |        0|     16|       7|     28|    0|
+-----------------+---------+-------+--------+-------+-----+

+ Detail: 
    * Instance: 
    +--------------------------+----------------------+---------+-------+-----+-----+-----+
    |         Instance         |        Module        | BRAM_18K| DSP48E|  FF | LUT | URAM|
    +--------------------------+----------------------+---------+-------+-----+-----+-----+
    |music_fadd_32ns_3lbW_U24  |music_fadd_32ns_3lbW  |        0|      2|  227|  403|    0|
    |music_faddfsub_32jbC_U21  |music_faddfsub_32jbC  |        0|      2|  227|  403|    0|
    |music_faddfsub_32jbC_U22  |music_faddfsub_32jbC  |        0|      2|  227|  403|    0|
    |music_fcmp_32ns_3ocq_U39  |music_fcmp_32ns_3ocq  |        0|      0|   66|  239|    0|
    |music_fcmp_32ns_3ocq_U40  |music_fcmp_32ns_3ocq  |        0|      0|   66|  239|    0|
    |music_fcmp_32ns_3ocq_U41  |music_fcmp_32ns_3ocq  |        0|      0|   66|  239|    0|
    |music_fcmp_32ns_3ocq_U42  |music_fcmp_32ns_3ocq  |        0|      0|   66|  239|    0|
    |music_fcmp_32ns_3ocq_U43  |music_fcmp_32ns_3ocq  |        0|      0|   66|  239|    0|
    |music_fcmp_32ns_3ocq_U44  |music_fcmp_32ns_3ocq  |        0|      0|   66|  239|    0|
    |music_fcmp_32ns_3ocq_U45  |music_fcmp_32ns_3ocq  |        0|      0|   66|  239|    0|
    |music_fcmp_32ns_3ocq_U46  |music_fcmp_32ns_3ocq  |        0|      0|   66|  239|    0|
    |music_fcmp_32ns_3ocq_U47  |music_fcmp_32ns_3ocq  |        0|      0|   66|  239|    0|
    |music_fdiv_32ns_3ncg_U35  |music_fdiv_32ns_3ncg  |        0|      0|  363|  986|    0|
    |music_fdiv_32ns_3ncg_U36  |music_fdiv_32ns_3ncg  |        0|      0|  363|  986|    0|
    |music_fdiv_32ns_3ncg_U37  |music_fdiv_32ns_3ncg  |        0|      0|  363|  986|    0|
    |music_fdiv_32ns_3ncg_U38  |music_fdiv_32ns_3ncg  |        0|      0|  363|  986|    0|
    |music_fmul_32ns_3mb6_U26  |music_fmul_32ns_3mb6  |        0|      3|  128|  320|    0|
    |music_fmul_32ns_3mb6_U27  |music_fmul_32ns_3mb6  |        0|      3|  128|  320|    0|
    |music_fmul_32ns_3mb6_U28  |music_fmul_32ns_3mb6  |        0|      3|  128|  320|    0|
    |music_fmul_32ns_3mb6_U29  |music_fmul_32ns_3mb6  |        0|      3|  128|  320|    0|
    |music_fmul_32ns_3mb6_U30  |music_fmul_32ns_3mb6  |        0|      3|  128|  320|    0|
    |music_fmul_32ns_3mb6_U31  |music_fmul_32ns_3mb6  |        0|      3|  128|  320|    0|
    |music_fmul_32ns_3mb6_U32  |music_fmul_32ns_3mb6  |        0|      3|  128|  320|    0|
    |music_fmul_32ns_3mb6_U33  |music_fmul_32ns_3mb6  |        0|      3|  128|  320|    0|
    |music_fmul_32ns_3mb6_U34  |music_fmul_32ns_3mb6  |        0|      3|  128|  320|    0|
    |music_fsqrt_32ns_pcA_U48  |music_fsqrt_32ns_pcA  |        0|      0|  242|  604|    0|
    |music_fsub_32ns_3kbM_U23  |music_fsub_32ns_3kbM  |        0|      2|  227|  403|    0|
    |music_fsub_32ns_3kbM_U25  |music_fsub_32ns_3kbM  |        0|      2|  227|  403|    0|
    +--------------------------+----------------------+---------+-------+-----+-----+-----+
    |Total                     |                      |        0|     37| 4575|11594|    0|
    +--------------------------+----------------------+---------+-------+-----+-----+-----+

    * DSP48E: 
    N/A

    * Memory: 
    N/A

    * FIFO: 
    N/A

    * Expression: 
    +---------------------------+----------+-------+---+----+------------+------------+
    |       Variable Name       | Operation| DSP48E| FF| LUT| Bitwidth P0| Bitwidth P1|
    +---------------------------+----------+-------+---+----+------------+------------+
    |add_ln1067_1_fu_1129_p2    |     +    |      0|  0|  15|           6|           6|
    |add_ln1067_fu_1095_p2      |     +    |      0|  0|  15|           6|           6|
    |add_ln114_2_fu_2145_p2     |     +    |      0|  0|  15|           5|           5|
    |add_ln114_3_fu_2194_p2     |     +    |      0|  0|  15|           5|           5|
    |add_ln114_4_fu_2205_p2     |     +    |      0|  0|  15|           5|           5|
    |add_ln114_fu_2134_p2       |     +    |      0|  0|  15|           5|           5|
    |add_ln459_1_fu_1011_p2     |     +    |      0|  0|  10|           2|           1|
    |add_ln459_fu_991_p2        |     +    |      0|  0|  10|           2|           1|
    |add_ln460_1_fu_1049_p2     |     +    |      0|  0|  10|           2|           1|
    |add_ln460_fu_1029_p2       |     +    |      0|  0|  10|           2|           1|
    |add_ln482_fu_1156_p2       |     +    |      0|  0|  15|           6|           6|
    |add_ln486_fu_1183_p2       |     +    |      0|  0|  13|           4|           1|
    |add_ln503_1_fu_1310_p2     |     +    |      0|  0|  15|           5|           5|
    |add_ln503_2_fu_1334_p2     |     +    |      0|  0|  15|           5|           5|
    |add_ln513_1_fu_1204_p2     |     +    |      0|  0|  12|           3|           1|
    |add_ln513_fu_1264_p2       |     +    |      0|  0|  12|           3|           2|
    |add_ln521_1_fu_2164_p2     |     +    |      0|  0|  39|          32|          32|
    |add_ln521_fu_2156_p2       |     +    |      0|  0|  12|           3|           3|
    |c_2_fu_1113_p2             |     +    |      0|  0|  12|           3|           1|
    |c_fu_1146_p2               |     +    |      0|  0|  12|           3|           1|
    |grp_fu_825_p2              |     +    |      0|  0|  10|           2|           2|
    |k_1_fu_2175_p2             |     +    |      0|  0|  12|           3|           1|
    |k_fu_2119_p2               |     +    |      0|  0|  12|           3|           1|
    |r_fu_1073_p2               |     +    |      0|  0|  12|           3|           1|
    |sub_ln499_1_fu_1238_p2     |     -    |      0|  0|  12|           3|           3|
    |sub_ln499_fu_1232_p2       |     -    |      0|  0|  12|           3|           3|
    |and_ln179_1_fu_1715_p2     |    and   |      0|  0|   2|           1|           1|
    |and_ln179_2_fu_1683_p2     |    and   |      0|  0|   2|           1|           1|
    |and_ln179_3_fu_1689_p2     |    and   |      0|  0|   2|           1|           1|
    |and_ln179_4_fu_1693_p2     |    and   |      0|  0|   2|           1|           1|
    |and_ln179_5_fu_1699_p2     |    and   |      0|  0|   2|           1|           1|
    |and_ln179_6_fu_1703_p2     |    and   |      0|  0|   2|           1|           1|
    |and_ln179_7_fu_1709_p2     |    and   |      0|  0|   2|           1|           1|
    |and_ln179_fu_1679_p2       |    and   |      0|  0|   2|           1|           1|
    |and_ln184_1_fu_1727_p2     |    and   |      0|  0|   2|           1|           1|
    |and_ln184_2_fu_1731_p2     |    and   |      0|  0|   2|           1|           1|
    |and_ln184_3_fu_1737_p2     |    and   |      0|  0|   2|           1|           1|
    |and_ln184_4_fu_1741_p2     |    and   |      0|  0|   2|           1|           1|
    |and_ln184_5_fu_1799_p2     |    and   |      0|  0|   2|           1|           1|
    |and_ln184_6_fu_1805_p2     |    and   |      0|  0|   2|           1|           1|
    |and_ln184_7_fu_1811_p2     |    and   |      0|  0|   2|           1|           1|
    |and_ln184_fu_1721_p2       |    and   |      0|  0|   2|           1|           1|
    |and_ln189_1_fu_2027_p2     |    and   |      0|  0|   2|           1|           1|
    |and_ln189_2_fu_1775_p2     |    and   |      0|  0|   2|           1|           1|
    |and_ln189_3_fu_2031_p2     |    and   |      0|  0|   2|           1|           1|
    |and_ln189_4_fu_1747_p2     |    and   |      0|  0|   2|           1|           1|
    |and_ln189_5_fu_1753_p2     |    and   |      0|  0|   2|           1|           1|
    |and_ln189_6_fu_1759_p2     |    and   |      0|  0|   2|           1|           1|
    |and_ln189_7_fu_1763_p2     |    and   |      0|  0|   2|           1|           1|
    |and_ln189_8_fu_1769_p2     |    and   |      0|  0|   2|           1|           1|
    |and_ln189_fu_2037_p2       |    and   |      0|  0|   2|           1|           1|
    |and_ln201_1_fu_1904_p2     |    and   |      0|  0|   2|           1|           1|
    |and_ln201_fu_2091_p2       |    and   |      0|  0|   2|           1|           1|
    |and_ln284_1_fu_1915_p2     |    and   |      0|  0|   2|           1|           1|
    |and_ln284_2_fu_1942_p2     |    and   |      0|  0|   2|           1|           1|
    |and_ln284_3_fu_1920_p2     |    and   |      0|  0|   2|           1|           1|
    |and_ln284_4_fu_1925_p2     |    and   |      0|  0|   2|           1|           1|
    |and_ln284_5_fu_1930_p2     |    and   |      0|  0|   2|           1|           1|
    |and_ln284_6_fu_1936_p2     |    and   |      0|  0|   2|           1|           1|
    |and_ln284_fu_1910_p2       |    and   |      0|  0|   2|           1|           1|
    |and_ln306_1_fu_2097_p2     |    and   |      0|  0|   2|           1|           1|
    |and_ln306_2_fu_2102_p2     |    and   |      0|  0|   2|           1|           1|
    |and_ln306_fu_2107_p2       |    and   |      0|  0|   2|           1|           1|
    |icmp_ln179_1_fu_1486_p2    |   icmp   |      0|  0|  18|          23|           1|
    |icmp_ln179_2_fu_1498_p2    |   icmp   |      0|  0|  11|           8|           2|
    |icmp_ln179_3_fu_1504_p2    |   icmp   |      0|  0|  18|          23|           1|
    |icmp_ln179_4_fu_1526_p2    |   icmp   |      0|  0|  11|           8|           2|
    |icmp_ln179_5_fu_1532_p2    |   icmp   |      0|  0|  18|          23|           1|
    |icmp_ln179_6_fu_1554_p2    |   icmp   |      0|  0|  11|           8|           2|
    |icmp_ln179_7_fu_1560_p2    |   icmp   |      0|  0|  18|          23|           1|
    |icmp_ln179_fu_1480_p2      |   icmp   |      0|  0|  11|           8|           2|
    |icmp_ln189_1_fu_1639_p2    |   icmp   |      0|  0|  18|          23|           1|
    |icmp_ln189_2_fu_1661_p2    |   icmp   |      0|  0|  11|           8|           2|
    |icmp_ln189_3_fu_1667_p2    |   icmp   |      0|  0|  18|          23|           1|
    |icmp_ln189_fu_1633_p2      |   icmp   |      0|  0|  11|           8|           2|
    |icmp_ln201_1_fu_2079_p2    |   icmp   |      0|  0|  18|          23|           1|
    |icmp_ln201_2_fu_1886_p2    |   icmp   |      0|  0|  11|           8|           2|
    |icmp_ln201_3_fu_1892_p2    |   icmp   |      0|  0|  18|          23|           1|
    |icmp_ln201_fu_2073_p2      |   icmp   |      0|  0|  11|           8|           2|
    |icmp_ln459_1_fu_1023_p2    |   icmp   |      0|  0|   8|           2|           2|
    |icmp_ln459_fu_1017_p2      |   icmp   |      0|  0|   8|           2|           2|
    |icmp_ln460_1_fu_1061_p2    |   icmp   |      0|  0|   8|           2|           2|
    |icmp_ln460_fu_1055_p2      |   icmp   |      0|  0|   8|           2|           2|
    |icmp_ln471_fu_1067_p2      |   icmp   |      0|  0|   9|           3|           4|
    |icmp_ln472_fu_1107_p2      |   icmp   |      0|  0|   9|           3|           4|
    |icmp_ln474_fu_1119_p2      |   icmp   |      0|  0|   9|           3|           3|
    |icmp_ln480_fu_1140_p2      |   icmp   |      0|  0|   9|           3|           4|
    |icmp_ln486_fu_1177_p2      |   icmp   |      0|  0|   9|           4|           4|
    |icmp_ln490_1_fu_1210_p2    |   icmp   |      0|  0|   9|           3|           2|
    |icmp_ln490_fu_1167_p2      |   icmp   |      0|  0|   9|           3|           2|
    |icmp_ln498_fu_1189_p2      |   icmp   |      0|  0|   8|           2|           1|
    |icmp_ln499_fu_1292_p2      |   icmp   |      0|  0|   9|           3|           3|
    |icmp_ln511_fu_2113_p2      |   icmp   |      0|  0|   9|           3|           4|
    |icmp_ln513_fu_2125_p2      |   icmp   |      0|  0|   9|           3|           3|
    |icmp_ln519_fu_2169_p2      |   icmp   |      0|  0|   9|           3|           4|
    |icmp_ln521_fu_2185_p2      |   icmp   |      0|  0|  18|          32|          32|
    |ap_block_state1            |    or    |      0|  0|   2|           1|           1|
    |or_ln179_1_fu_1510_p2      |    or    |      0|  0|   2|           1|           1|
    |or_ln179_2_fu_1538_p2      |    or    |      0|  0|   2|           1|           1|
    |or_ln179_3_fu_1566_p2      |    or    |      0|  0|   2|           1|           1|
    |or_ln179_fu_1492_p2        |    or    |      0|  0|   2|           1|           1|
    |or_ln189_1_fu_1673_p2      |    or    |      0|  0|   2|           1|           1|
    |or_ln189_fu_1645_p2        |    or    |      0|  0|   2|           1|           1|
    |or_ln201_1_fu_1898_p2      |    or    |      0|  0|   2|           1|           1|
    |or_ln201_fu_2085_p2        |    or    |      0|  0|   2|           1|           1|
    |d1_3_fu_1844_p3            |  select  |      0|  0|  32|           1|          32|
    |d1_fu_1839_p3              |  select  |      0|  0|  32|           1|          32|
    |d2_4_fu_1856_p3            |  select  |      0|  0|  32|           1|          32|
    |d2_fu_1851_p3              |  select  |      0|  0|  32|           1|          32|
    |d3_1_fu_2050_p3            |  select  |      0|  0|  32|           1|          32|
    |d3_4_fu_1781_p3            |  select  |      0|  0|  32|           1|          32|
    |d3_5_fu_1817_p3            |  select  |      0|  0|  32|           1|          32|
    |d3_6_fu_1863_p3            |  select  |      0|  0|  32|           1|          32|
    |largest_1_fu_2043_p3       |  select  |      0|  0|  32|           1|          32|
    |largest_6_fu_1787_p3       |  select  |      0|  0|  32|           1|          32|
    |largest_7_fu_1824_p3       |  select  |      0|  0|  32|           1|          32|
    |largest_8_fu_1831_p3       |  select  |      0|  0|  32|           1|          32|
    |select_ln486_1_fu_1216_p3  |  select  |      0|  0|   2|           1|           1|
    |select_ln486_2_fu_1244_p3  |  select  |      0|  0|   3|           1|           3|
    |select_ln486_3_fu_1252_p3  |  select  |      0|  0|   3|           1|           3|
    |select_ln486_4_fu_1270_p3  |  select  |      0|  0|   3|           1|           3|
    |select_ln486_fu_1195_p3    |  select  |      0|  0|   2|           1|           2|
    |ap_enable_pp1              |    xor   |      0|  0|   2|           1|           2|
    |ap_enable_pp2              |    xor   |      0|  0|   2|           1|           2|
    |ap_enable_pp3              |    xor   |      0|  0|   2|           1|           2|
    |ap_enable_reg_pp1_iter1    |    xor   |      0|  0|   2|           2|           1|
    |xor_ln155_1_fu_1971_p2     |    xor   |      0|  0|  33|          32|          33|
    |xor_ln155_2_fu_1986_p2     |    xor   |      0|  0|  33|          32|          33|
    |xor_ln155_fu_2016_p2       |    xor   |      0|  0|  33|          32|          33|
    |xor_ln179_fu_1793_p2       |    xor   |      0|  0|   2|           2|           1|
    |xor_ln444_fu_2001_p2       |    xor   |      0|  0|  33|          32|          33|
    |xor_ln486_fu_1282_p2       |    xor   |      0|  0|  32|          32|           2|
    +---------------------------+----------+-------+---+----+------------+------------+
    |Total                      |          |      0|  0|1409|         678|         790|
    +---------------------------+----------+-------+---+----+------------+------------+

    * Multiplexer: 
    +-----------------------------------------+-----+-----------+-----+-----------+
    |                   Name                  | LUT | Input Size| Bits| Total Bits|
    +-----------------------------------------+-----+-----------+-----+-----------+
    |Qi_M_imag_address0                       |   27|          5|    4|         20|
    |Qi_M_imag_address1                       |   21|          4|    4|         16|
    |Qi_M_imag_d1                             |   15|          3|   32|         96|
    |Qi_M_real_address0                       |   27|          5|    4|         20|
    |Qi_M_real_address1                       |   21|          4|    4|         16|
    |Qi_M_real_d0                             |   15|          3|   32|         96|
    |Qi_M_real_d1                             |   15|          3|   32|         96|
    |Ri_M_imag_address0                       |   33|          6|    4|         24|
    |Ri_M_imag_address1                       |   33|          6|    4|         24|
    |Ri_M_imag_d0                             |   21|          4|   32|        128|
    |Ri_M_imag_d1                             |   15|          3|   32|         96|
    |Ri_M_real_address0                       |   33|          6|    4|         24|
    |Ri_M_real_address1                       |   33|          6|    4|         24|
    |Ri_M_real_d0                             |   21|          4|   32|        128|
    |Ri_M_real_d1                             |   15|          3|   32|         96|
    |ap_NS_fsm                                |  509|        116|    1|        116|
    |ap_done                                  |    9|          2|    1|          2|
    |ap_enable_reg_pp1_iter1                  |   15|          3|    1|          3|
    |ap_enable_reg_pp2_iter2                  |    9|          2|    1|          2|
    |ap_enable_reg_pp3_iter2                  |    9|          2|    1|          2|
    |ap_phi_mux_k13_0_i_phi_fu_660_p4         |    9|          2|    3|          6|
    |ap_phi_mux_k_0_i_phi_fu_649_p4           |    9|          2|    3|          6|
    |ap_phi_mux_p_f_assign_phi_fu_544_p4      |   15|          3|   32|         96|
    |ap_phi_mux_s_tmp_M_imag_2_phi_fu_534_p4  |    9|          2|   32|         64|
    |ap_phi_mux_s_tmp_M_imag_phi_fu_512_p4    |    9|          2|   32|         64|
    |ap_phi_mux_tmp_M_imag_3_phi_fu_490_p4    |    9|          2|   32|         64|
    |ap_phi_mux_tmp_M_real_1_phi_fu_480_p4    |    9|          2|   32|         64|
    |ap_phi_mux_tmp_M_real_2_phi_fu_501_p4    |    9|          2|   32|         64|
    |ap_phi_mux_tmp_M_real_phi_fu_523_p4      |    9|          2|   32|         64|
    |c12_0_i_reg_421                          |    9|          2|    3|          6|
    |c_0_i_reg_410                            |    9|          2|    3|          6|
    |grp_fu_667_opcode                        |   15|          3|    2|          6|
    |grp_fu_667_p0                            |   44|          9|   32|        288|
    |grp_fu_667_p1                            |   44|          9|   32|        288|
    |grp_fu_671_opcode                        |   15|          3|    2|          6|
    |grp_fu_671_p0                            |   38|          7|   32|        224|
    |grp_fu_671_p1                            |   38|          7|   32|        224|
    |grp_fu_695_p0                            |   56|         13|   32|        416|
    |grp_fu_695_p1                            |   53|         12|   32|        384|
    |grp_fu_699_p0                            |   50|         11|   32|        352|
    |grp_fu_699_p1                            |   44|          9|   32|        288|
    |grp_fu_703_p0                            |   21|          4|   32|        128|
    |grp_fu_703_p1                            |   21|          4|   32|        128|
    |grp_fu_711_p0                            |   15|          3|   32|         96|
    |grp_fu_711_p1                            |   15|          3|   32|         96|
    |grp_fu_716_p0                            |   15|          3|   32|         96|
    |grp_fu_763_p0                            |   21|          4|   32|        128|
    |grp_fu_763_p1                            |   21|          4|   32|        128|
    |grp_fu_767_p0                            |   21|          4|   32|        128|
    |grp_fu_767_p1                            |   21|          4|   32|        128|
    |grp_fu_771_p0                            |   15|          3|   32|         96|
    |grp_fu_771_p1                            |   15|          3|   32|         96|
    |grp_fu_780_opcode                        |   15|          3|    5|         15|
    |grp_fu_780_p0                            |   38|          7|   32|        224|
    |grp_fu_780_p1                            |   15|          3|   32|         96|
    |grp_fu_784_opcode                        |   15|          3|    5|         15|
    |grp_fu_784_p0                            |   27|          5|   32|        160|
    |grp_fu_784_p1                            |   21|          4|   32|        128|
    |grp_fu_788_opcode                        |   15|          3|    5|         15|
    |grp_fu_788_p0                            |   15|          3|   32|         96|
    |grp_fu_788_p1                            |   15|          3|   32|         96|
    |grp_fu_792_opcode                        |   15|          3|    5|         15|
    |grp_fu_792_p0                            |   15|          3|   32|         96|
    |grp_fu_792_p1                            |   15|          3|   32|         96|
    |grp_fu_825_p0                            |   15|          3|    2|          6|
    |i_0_i_reg_454                            |    9|          2|    2|          4|
    |indvar_flatten_reg_432                   |    9|          2|    4|          8|
    |j_0_i_reg_443                            |    9|          2|    3|          6|
    |k13_0_i_reg_656                          |    9|          2|    3|          6|
    |k_0_i_reg_645                            |    9|          2|    3|          6|
    |mag_M_real_reg_632                       |    9|          2|   32|         64|
    |p_r_M_imag_2_reg_609                     |    9|          2|   32|         64|
    |p_r_M_imag_3_reg_575                     |    9|          2|   32|         64|
    |p_r_M_imag_5_reg_552                     |    9|          2|   32|         64|
    |p_r_M_real_2_reg_620                     |    9|          2|   32|         64|
    |p_r_M_real_3_reg_597                     |    9|          2|   32|         64|
    |p_r_M_real_5_reg_586                     |    9|          2|   32|         64|
    |p_r_M_real_6_reg_563                     |    9|          2|   32|         64|
    |phi_ln459_1_reg_364                      |    9|          2|    2|          4|
    |phi_ln459_reg_352                        |    9|          2|    2|          4|
    |phi_ln460_1_reg_387                      |    9|          2|    2|          4|
    |phi_ln460_reg_375                        |    9|          2|    2|          4|
    |r_0_i_reg_398                            |    9|          2|    3|          6|
    |s_tmp_M_imag_2_reg_530                   |    9|          2|   32|         64|
    |s_tmp_M_imag_reg_508                     |    9|          2|   32|         64|
    |sqrt_mag_a_mag_b_reg_465                 |    9|          2|   32|         64|
    |tmp_M_imag_3_reg_486                     |    9|          2|   32|         64|
    |tmp_M_real_1_reg_477                     |    9|          2|   32|         64|
    |tmp_M_real_2_reg_497                     |    9|          2|   32|         64|
    |tmp_M_real_reg_519                       |    9|          2|   32|         64|
    +-----------------------------------------+-----+-----------+-----+-----------+
    |Total                                    | 2060|        431| 1893|       7327|
    +-----------------------------------------+-----+-----------+-----+-----------+

    * Register: 
    +-----------------------------------------+-----+----+-----+-----------+
    |                   Name                  |  FF | LUT| Bits| Const Bits|
    +-----------------------------------------+-----+----+-----+-----------+
    |Qi_M_imag_addr_1_reg_2268                |    4|   0|    4|          0|
    |Qi_M_imag_addr_3_reg_2740                |    4|   0|    4|          0|
    |Qi_M_imag_addr_3_reg_2740_pp3_iter1_reg  |    4|   0|    4|          0|
    |Qi_M_imag_addr_4_reg_2746                |    4|   0|    4|          0|
    |Qi_M_real_addr_1_reg_2263                |    4|   0|    4|          0|
    |Qi_M_real_addr_3_reg_2729                |    4|   0|    4|          0|
    |Qi_M_real_addr_3_reg_2729_pp3_iter1_reg  |    4|   0|    4|          0|
    |Qi_M_real_addr_4_reg_2735                |    4|   0|    4|          0|
    |Ri_M_imag_addr_2_reg_2367                |    4|   0|    4|          0|
    |Ri_M_imag_addr_3_reg_2384                |    4|   0|    4|          0|
    |Ri_M_imag_addr_4_reg_2699                |    4|   0|    4|          0|
    |Ri_M_imag_addr_4_reg_2699_pp2_iter1_reg  |    4|   0|    4|          0|
    |Ri_M_imag_addr_5_reg_2705                |    4|   0|    4|          0|
    |Ri_M_real_addr_2_reg_2361                |    4|   0|    4|          0|
    |Ri_M_real_addr_3_reg_2379                |    4|   0|    4|          0|
    |Ri_M_real_addr_4_reg_2687                |    4|   0|    4|          0|
    |Ri_M_real_addr_4_reg_2687_pp2_iter1_reg  |    4|   0|    4|          0|
    |Ri_M_real_addr_5_reg_2693                |    4|   0|    4|          0|
    |add_ln459_reg_2216                       |    2|   0|    2|          0|
    |add_ln460_reg_2232                       |    2|   0|    2|          0|
    |add_ln486_reg_2312                       |    4|   0|    4|          0|
    |add_ln521_1_reg_2711                     |   32|   0|   32|          0|
    |and_ln179_1_reg_2505                     |    1|   0|    1|          0|
    |and_ln184_7_reg_2511                     |    1|   0|    1|          0|
    |and_ln189_reg_2627                       |    1|   0|    1|          0|
    |and_ln201_1_reg_2548                     |    1|   0|    1|          0|
    |and_ln201_reg_2646                       |    1|   0|    1|          0|
    |and_ln284_2_reg_2568                     |    1|   0|    1|          0|
    |and_ln306_reg_2660                       |    1|   0|    1|          0|
    |ap_CS_fsm                                |  115|   0|  115|          0|
    |ap_done_reg                              |    1|   0|    1|          0|
    |ap_enable_reg_pp1_iter0                  |    1|   0|    1|          0|
    |ap_enable_reg_pp1_iter1                  |    1|   0|    1|          0|
    |ap_enable_reg_pp2_iter0                  |    1|   0|    1|          0|
    |ap_enable_reg_pp2_iter1                  |    1|   0|    1|          0|
    |ap_enable_reg_pp2_iter2                  |    1|   0|    1|          0|
    |ap_enable_reg_pp3_iter0                  |    1|   0|    1|          0|
    |ap_enable_reg_pp3_iter1                  |    1|   0|    1|          0|
    |ap_enable_reg_pp3_iter2                  |    1|   0|    1|          0|
    |c12_0_i_reg_421                          |    3|   0|    3|          0|
    |c_0_i_reg_410                            |    3|   0|    3|          0|
    |c_tmp_M_imag_reg_2612                    |   32|   0|   32|          0|
    |c_tmp_M_real_1_reg_2607                  |   32|   0|   32|          0|
    |complex_M_imag_writ_1_reg_2669           |   32|   0|   32|          0|
    |complex_M_imag_writ_reg_2622             |   32|   0|   32|          0|
    |d1_4_reg_2394                            |   31|   0|   32|          1|
    |d2_5_reg_2406                            |   31|   0|   32|          1|
    |d3_5_reg_2518                            |   31|   0|   32|          1|
    |d3_7_reg_2433                            |   31|   0|   32|          1|
    |d3_reg_2485                              |   31|   0|   32|          1|
    |i_0_i_reg_454                            |    2|   0|    2|          0|
    |icmp_ln480_reg_2284                      |    1|   0|    1|          0|
    |icmp_ln511_reg_2674                      |    1|   0|    1|          0|
    |icmp_ln513_reg_2683                      |    1|   0|    1|          0|
    |icmp_ln519_reg_2716                      |    1|   0|    1|          0|
    |icmp_ln521_reg_2725                      |    1|   0|    1|          0|
    |indvar_flatten_reg_432                   |    4|   0|    4|          0|
    |j_0_i_reg_443                            |    3|   0|    3|          0|
    |k13_0_i_reg_656                          |    3|   0|    3|          0|
    |k_0_i_reg_645                            |    3|   0|    3|          0|
    |k_1_reg_2720                             |    3|   0|    3|          0|
    |k_reg_2678                               |    3|   0|    3|          0|
    |largest_10_reg_2477                      |   31|   0|   32|          1|
    |largest_1_reg_2632                       |   31|   0|   32|          1|
    |largest_8_reg_2523                       |   31|   0|   32|          1|
    |largest_9_reg_2419                       |   31|   0|   32|          1|
    |mag_M_real_reg_632                       |   32|   0|   32|          0|
    |or_ln179_1_reg_2453                      |    1|   0|    1|          0|
    |or_ln179_2_reg_2461                      |    1|   0|    1|          0|
    |or_ln179_3_reg_2469                      |    1|   0|    1|          0|
    |or_ln179_reg_2445                        |    1|   0|    1|          0|
    |or_ln189_1_reg_2499                      |    1|   0|    1|          0|
    |or_ln189_reg_2493                        |    1|   0|    1|          0|
    |p_Val2_39_reg_2389                       |   32|   0|   32|          0|
    |p_r_M_imag_2_reg_609                     |   32|   0|   32|          0|
    |p_r_M_imag_3_reg_575                     |   32|   0|   32|          0|
    |p_r_M_imag_5_reg_552                     |   32|   0|   32|          0|
    |p_r_M_real_2_reg_620                     |   32|   0|   32|          0|
    |p_r_M_real_3_reg_597                     |   32|   0|   32|          0|
    |p_r_M_real_5_reg_586                     |   32|   0|   32|          0|
    |p_r_M_real_6_reg_563                     |   32|   0|   32|          0|
    |p_t_imag_2_reg_2756                      |   32|   0|   32|          0|
    |p_t_imag_3_reg_2766                      |   32|   0|   32|          0|
    |p_t_real_2_reg_2751                      |   32|   0|   32|          0|
    |p_t_real_3_reg_2761                      |   32|   0|   32|          0|
    |phi_ln459_1_reg_364                      |    2|   0|    2|          0|
    |phi_ln459_reg_352                        |    2|   0|    2|          0|
    |phi_ln460_1_reg_387                      |    2|   0|    2|          0|
    |phi_ln460_reg_375                        |    2|   0|    2|          0|
    |r_0_i_reg_398                            |    3|   0|    3|          0|
    |r_reg_2252                               |    3|   0|    3|          0|
    |reg_830                                  |   32|   0|   32|          0|
    |reg_837                                  |   32|   0|   32|          0|
    |reg_844                                  |   32|   0|   32|          0|
    |reg_853                                  |   32|   0|   32|          0|
    |reg_862                                  |   32|   0|   32|          0|
    |reg_868                                  |   32|   0|   32|          0|
    |reg_874                                  |   32|   0|   32|          0|
    |reg_880                                  |   32|   0|   32|          0|
    |reg_886                                  |   32|   0|   32|          0|
    |reg_892                                  |   32|   0|   32|          0|
    |reg_900                                  |   32|   0|   32|          0|
    |reg_912                                  |   32|   0|   32|          0|
    |reg_917                                  |   32|   0|   32|          0|
    |reg_922                                  |   32|   0|   32|          0|
    |reg_927                                  |   32|   0|   32|          0|
    |reg_932                                  |   32|   0|   32|          0|
    |reg_937                                  |   32|   0|   32|          0|
    |reg_943                                  |   32|   0|   32|          0|
    |reg_949                                  |   32|   0|   32|          0|
    |reg_955                                  |   32|   0|   32|          0|
    |reg_961                                  |   32|   0|   32|          0|
    |reg_966                                  |   32|   0|   32|          0|
    |reg_971                                  |   32|   0|   32|          0|
    |reg_976                                  |   32|   0|   32|          0|
    |reg_981                                  |   32|   0|   32|          0|
    |reg_986                                  |   32|   0|   32|          0|
    |s_tmp_M_imag_2_reg_530                   |   32|   0|   32|          0|
    |s_tmp_M_imag_reg_508                     |   32|   0|   32|          0|
    |s_tmp_M_real_1_reg_2617                  |   32|   0|   32|          0|
    |s_tmp_M_real_reg_2664                    |   32|   0|   32|          0|
    |select_ln486_1_reg_2322                  |    1|   0|    1|          0|
    |select_ln486_3_reg_2331                  |    3|   0|    3|          0|
    |select_ln486_4_reg_2336                  |    3|   0|    3|          0|
    |select_ln486_reg_2317                    |    2|   0|    2|          0|
    |sqrt_mag_a_mag_b_reg_465                 |   32|   0|   32|          0|
    |tmp_2_i_i2_reg_2597                      |   32|   0|   32|          0|
    |tmp_5_i_i2_reg_2587                      |   32|   0|   32|          0|
    |tmp_6_i_i2_reg_2592                      |   32|   0|   32|          0|
    |tmp_7_i_i2_reg_2602                      |   32|   0|   32|          0|
    |tmp_M_imag_3_reg_486                     |   32|   0|   32|          0|
    |tmp_M_real_1_reg_477                     |   32|   0|   32|          0|
    |tmp_M_real_2_reg_497                     |   32|   0|   32|          0|
    |tmp_M_real_reg_519                       |   32|   0|   32|          0|
    |tmp_i_i1_reg_2577                        |   32|   0|   32|          0|
    |tmp_i_i2_reg_2582                        |   32|   0|   32|          0|
    |tmp_i_i7_reg_2650                        |   32|   0|   32|          0|
    |tmp_i_i_reg_2558                         |   32|   0|   32|          0|
    |x3_1_reg_2552                            |   32|   0|   32|          0|
    |xor_ln486_reg_2341                       |   32|   0|   32|          0|
    |zext_ln1067_1_reg_2257                   |    3|   0|    6|          3|
    |zext_ln482_1_reg_2293                    |    6|   0|   64|         58|
    |zext_ln486_reg_2326                      |    1|   0|    3|          2|
    |zext_ln498_reg_2346                      |    2|   0|    3|          1|
    |zext_ln503_2_reg_2373                    |    2|   0|    5|          3|
    |zext_ln503_reg_2355                      |    2|   0|    5|          3|
    |Qi_M_imag_addr_4_reg_2746                |   64|  32|    4|          0|
    |Qi_M_real_addr_4_reg_2735                |   64|  32|    4|          0|
    |Ri_M_imag_addr_5_reg_2705                |   64|  32|    4|          0|
    |Ri_M_real_addr_5_reg_2693                |   64|  32|    4|          0|
    |icmp_ln513_reg_2683                      |   64|  32|    1|          0|
    |icmp_ln521_reg_2725                      |   64|  32|    1|          0|
    +-----------------------------------------+-----+----+-----+-----------+
    |Total                                    | 2967| 192| 2680|         79|
    +-----------------------------------------+-----+----+-----+-----------+



================================================================
== Interface
================================================================
* Summary: 
+--------------------+-----+-----+------------+----------------------+--------------+
|      RTL Ports     | Dir | Bits|  Protocol  |     Source Object    |    C Type    |
+--------------------+-----+-----+------------+----------------------+--------------+
|ap_clk              |  in |    1| ap_ctrl_hs | qrf_top_Loop_1_proc3 | return value |
|ap_rst              |  in |    1| ap_ctrl_hs | qrf_top_Loop_1_proc3 | return value |
|ap_start            |  in |    1| ap_ctrl_hs | qrf_top_Loop_1_proc3 | return value |
|ap_done             | out |    1| ap_ctrl_hs | qrf_top_Loop_1_proc3 | return value |
|ap_continue         |  in |    1| ap_ctrl_hs | qrf_top_Loop_1_proc3 | return value |
|ap_idle             | out |    1| ap_ctrl_hs | qrf_top_Loop_1_proc3 | return value |
|ap_ready            | out |    1| ap_ctrl_hs | qrf_top_Loop_1_proc3 | return value |
|Qi_M_real_address0  | out |    4|  ap_memory |       Qi_M_real      |     array    |
|Qi_M_real_ce0       | out |    1|  ap_memory |       Qi_M_real      |     array    |
|Qi_M_real_we0       | out |    1|  ap_memory |       Qi_M_real      |     array    |
|Qi_M_real_d0        | out |   32|  ap_memory |       Qi_M_real      |     array    |
|Qi_M_real_q0        |  in |   32|  ap_memory |       Qi_M_real      |     array    |
|Qi_M_real_address1  | out |    4|  ap_memory |       Qi_M_real      |     array    |
|Qi_M_real_ce1       | out |    1|  ap_memory |       Qi_M_real      |     array    |
|Qi_M_real_we1       | out |    1|  ap_memory |       Qi_M_real      |     array    |
|Qi_M_real_d1        | out |   32|  ap_memory |       Qi_M_real      |     array    |
|Qi_M_real_q1        |  in |   32|  ap_memory |       Qi_M_real      |     array    |
|Qi_M_imag_address0  | out |    4|  ap_memory |       Qi_M_imag      |     array    |
|Qi_M_imag_ce0       | out |    1|  ap_memory |       Qi_M_imag      |     array    |
|Qi_M_imag_we0       | out |    1|  ap_memory |       Qi_M_imag      |     array    |
|Qi_M_imag_d0        | out |   32|  ap_memory |       Qi_M_imag      |     array    |
|Qi_M_imag_q0        |  in |   32|  ap_memory |       Qi_M_imag      |     array    |
|Qi_M_imag_address1  | out |    4|  ap_memory |       Qi_M_imag      |     array    |
|Qi_M_imag_ce1       | out |    1|  ap_memory |       Qi_M_imag      |     array    |
|Qi_M_imag_we1       | out |    1|  ap_memory |       Qi_M_imag      |     array    |
|Qi_M_imag_d1        | out |   32|  ap_memory |       Qi_M_imag      |     array    |
|Qi_M_imag_q1        |  in |   32|  ap_memory |       Qi_M_imag      |     array    |
|Ri_M_real_address0  | out |    4|  ap_memory |       Ri_M_real      |     array    |
|Ri_M_real_ce0       | out |    1|  ap_memory |       Ri_M_real      |     array    |
|Ri_M_real_we0       | out |    1|  ap_memory |       Ri_M_real      |     array    |
|Ri_M_real_d0        | out |   32|  ap_memory |       Ri_M_real      |     array    |
|Ri_M_real_q0        |  in |   32|  ap_memory |       Ri_M_real      |     array    |
|Ri_M_real_address1  | out |    4|  ap_memory |       Ri_M_real      |     array    |
|Ri_M_real_ce1       | out |    1|  ap_memory |       Ri_M_real      |     array    |
|Ri_M_real_we1       | out |    1|  ap_memory |       Ri_M_real      |     array    |
|Ri_M_real_d1        | out |   32|  ap_memory |       Ri_M_real      |     array    |
|Ri_M_real_q1        |  in |   32|  ap_memory |       Ri_M_real      |     array    |
|Ri_M_imag_address0  | out |    4|  ap_memory |       Ri_M_imag      |     array    |
|Ri_M_imag_ce0       | out |    1|  ap_memory |       Ri_M_imag      |     array    |
|Ri_M_imag_we0       | out |    1|  ap_memory |       Ri_M_imag      |     array    |
|Ri_M_imag_d0        | out |   32|  ap_memory |       Ri_M_imag      |     array    |
|Ri_M_imag_q0        |  in |   32|  ap_memory |       Ri_M_imag      |     array    |
|Ri_M_imag_address1  | out |    4|  ap_memory |       Ri_M_imag      |     array    |
|Ri_M_imag_ce1       | out |    1|  ap_memory |       Ri_M_imag      |     array    |
|Ri_M_imag_we1       | out |    1|  ap_memory |       Ri_M_imag      |     array    |
|Ri_M_imag_d1        | out |   32|  ap_memory |       Ri_M_imag      |     array    |
|Ri_M_imag_q1        |  in |   32|  ap_memory |       Ri_M_imag      |     array    |
|A_M_real_address0   | out |    4|  ap_memory |       A_M_real       |     array    |
|A_M_real_ce0        | out |    1|  ap_memory |       A_M_real       |     array    |
|A_M_real_q0         |  in |   32|  ap_memory |       A_M_real       |     array    |
|A_M_imag_address0   | out |    4|  ap_memory |       A_M_imag       |     array    |
|A_M_imag_ce0        | out |    1|  ap_memory |       A_M_imag       |     array    |
|A_M_imag_q0         |  in |   32|  ap_memory |       A_M_imag       |     array    |
+--------------------+-----+-----+------------+----------------------+--------------+

