

================================================================
== Vivado HLS Report for 'qrf_magnitude_float_s'
================================================================
* Date:           Thu Jul 30 19:06:23 2020

* Version:        2019.1 (Build 2552052 on Fri May 24 15:28:33 MDT 2019)
* Project:        DOA_Estimation_proj
* Solution:       solution2
* Product family: zynq
* Target device:  xc7z020-clg400-1


================================================================
== Performance Estimates
================================================================
+ Timing (ns): 
    * Summary: 
    +--------+-------+----------+------------+
    |  Clock | Target| Estimated| Uncertainty|
    +--------+-------+----------+------------+
    |ap_clk  |  20.00|    16.877|        2.50|
    +--------+-------+----------+------------+

+ Latency (clock cycles): 
    * Summary: 
    +-----+-----+-----+-----+---------+
    |  Latency  |  Interval | Pipeline|
    | min | max | min | max |   Type  |
    +-----+-----+-----+-----+---------+
    |    3|   28|    3|   28|   none  |
    +-----+-----+-----+-----+---------+

    + Detail: 
        * Instance: 
        N/A

        * Loop: 
        N/A



================================================================
== Utilization Estimates
================================================================
* Summary: 
+-----------------+---------+-------+--------+-------+-----+
|       Name      | BRAM_18K| DSP48E|   FF   |  LUT  | URAM|
+-----------------+---------+-------+--------+-------+-----+
|DSP              |        -|      -|       -|      -|    -|
|Expression       |        -|      -|       0|    523|    -|
|FIFO             |        -|      -|       -|      -|    -|
|Instance         |        -|     13|    2763|   7479|    -|
|Memory           |        -|      -|       -|      -|    -|
|Multiplexer      |        -|      -|       -|    269|    -|
|Register         |        -|      -|     634|      -|    -|
+-----------------+---------+-------+--------+-------+-----+
|Total            |        0|     13|    3397|   8271|    0|
+-----------------+---------+-------+--------+-------+-----+
|Available        |      280|    220|  106400|  53200|    0|
+-----------------+---------+-------+--------+-------+-----+
|Utilization (%)  |        0|      5|       3|     15|    0|
+-----------------+---------+-------+--------+-------+-----+

+ Detail: 
    * Instance: 
    +--------------------------+----------------------+---------+-------+-----+-----+-----+
    |         Instance         |        Module        | BRAM_18K| DSP48E|  FF | LUT | URAM|
    +--------------------------+----------------------+---------+-------+-----+-----+-----+
    |music_fadd_32ns_3hbi_U19  |music_fadd_32ns_3hbi  |        0|      2|  227|  403|    0|
    |music_fadd_32ns_3hbi_U20  |music_fadd_32ns_3hbi  |        0|      2|  227|  403|    0|
    |music_fcmp_32ns_3kbM_U27  |music_fcmp_32ns_3kbM  |        0|      0|   66|  239|    0|
    |music_fcmp_32ns_3kbM_U28  |music_fcmp_32ns_3kbM  |        0|      0|   66|  239|    0|
    |music_fcmp_32ns_3kbM_U29  |music_fcmp_32ns_3kbM  |        0|      0|   66|  239|    0|
    |music_fcmp_32ns_3kbM_U30  |music_fcmp_32ns_3kbM  |        0|      0|   66|  239|    0|
    |music_fcmp_32ns_3kbM_U31  |music_fcmp_32ns_3kbM  |        0|      0|   66|  239|    0|
    |music_fcmp_32ns_3kbM_U32  |music_fcmp_32ns_3kbM  |        0|      0|   66|  239|    0|
    |music_fcmp_32ns_3kbM_U33  |music_fcmp_32ns_3kbM  |        0|      0|   66|  239|    0|
    |music_fcmp_32ns_3kbM_U34  |music_fcmp_32ns_3kbM  |        0|      0|   66|  239|    0|
    |music_fcmp_32ns_3kbM_U35  |music_fcmp_32ns_3kbM  |        0|      0|   66|  239|    0|
    |music_fdiv_32ns_3jbC_U24  |music_fdiv_32ns_3jbC  |        0|      0|  363|  986|    0|
    |music_fdiv_32ns_3jbC_U25  |music_fdiv_32ns_3jbC  |        0|      0|  363|  986|    0|
    |music_fdiv_32ns_3jbC_U26  |music_fdiv_32ns_3jbC  |        0|      0|  363|  986|    0|
    |music_fmul_32ns_3ibs_U21  |music_fmul_32ns_3ibs  |        0|      3|  128|  320|    0|
    |music_fmul_32ns_3ibs_U22  |music_fmul_32ns_3ibs  |        0|      3|  128|  320|    0|
    |music_fmul_32ns_3ibs_U23  |music_fmul_32ns_3ibs  |        0|      3|  128|  320|    0|
    |music_fsqrt_32ns_lbW_U36  |music_fsqrt_32ns_lbW  |        0|      0|  242|  604|    0|
    +--------------------------+----------------------+---------+-------+-----+-----+-----+
    |Total                     |                      |        0|     13| 2763| 7479|    0|
    +--------------------------+----------------------+---------+-------+-----+-----+-----+

    * DSP48E: 
    N/A

    * Memory: 
    N/A

    * FIFO: 
    N/A

    * Expression: 
    +------------------------+----------+-------+---+----+------------+------------+
    |      Variable Name     | Operation| DSP48E| FF| LUT| Bitwidth P0| Bitwidth P1|
    +------------------------+----------+-------+---+----+------------+------------+
    |and_ln179_1_fu_411_p2   |    and   |      0|  0|   2|           1|           1|
    |and_ln179_2_fu_379_p2   |    and   |      0|  0|   2|           1|           1|
    |and_ln179_3_fu_385_p2   |    and   |      0|  0|   2|           1|           1|
    |and_ln179_4_fu_389_p2   |    and   |      0|  0|   2|           1|           1|
    |and_ln179_5_fu_395_p2   |    and   |      0|  0|   2|           1|           1|
    |and_ln179_6_fu_399_p2   |    and   |      0|  0|   2|           1|           1|
    |and_ln179_7_fu_405_p2   |    and   |      0|  0|   2|           1|           1|
    |and_ln179_fu_375_p2     |    and   |      0|  0|   2|           1|           1|
    |and_ln184_1_fu_423_p2   |    and   |      0|  0|   2|           1|           1|
    |and_ln184_2_fu_427_p2   |    and   |      0|  0|   2|           1|           1|
    |and_ln184_3_fu_433_p2   |    and   |      0|  0|   2|           1|           1|
    |and_ln184_4_fu_437_p2   |    and   |      0|  0|   2|           1|           1|
    |and_ln184_5_fu_501_p2   |    and   |      0|  0|   2|           1|           1|
    |and_ln184_6_fu_507_p2   |    and   |      0|  0|   2|           1|           1|
    |and_ln184_7_fu_513_p2   |    and   |      0|  0|   2|           1|           1|
    |and_ln184_fu_417_p2     |    and   |      0|  0|   2|           1|           1|
    |and_ln189_1_fu_471_p2   |    and   |      0|  0|   2|           1|           1|
    |and_ln189_2_fu_449_p2   |    and   |      0|  0|   2|           1|           1|
    |and_ln189_3_fu_455_p2   |    and   |      0|  0|   2|           1|           1|
    |and_ln189_4_fu_459_p2   |    and   |      0|  0|   2|           1|           1|
    |and_ln189_5_fu_465_p2   |    and   |      0|  0|   2|           1|           1|
    |and_ln189_fu_443_p2     |    and   |      0|  0|   2|           1|           1|
    |and_ln201_fu_603_p2     |    and   |      0|  0|   2|           1|           1|
    |icmp_ln179_1_fu_289_p2  |   icmp   |      0|  0|  18|          23|           1|
    |icmp_ln179_2_fu_301_p2  |   icmp   |      0|  0|  11|           8|           2|
    |icmp_ln179_3_fu_307_p2  |   icmp   |      0|  0|  18|          23|           1|
    |icmp_ln179_4_fu_329_p2  |   icmp   |      0|  0|  11|           8|           2|
    |icmp_ln179_5_fu_335_p2  |   icmp   |      0|  0|  18|          23|           1|
    |icmp_ln179_6_fu_357_p2  |   icmp   |      0|  0|  11|           8|           2|
    |icmp_ln179_7_fu_363_p2  |   icmp   |      0|  0|  18|          23|           1|
    |icmp_ln179_fu_283_p2    |   icmp   |      0|  0|  11|           8|           2|
    |icmp_ln201_1_fu_591_p2  |   icmp   |      0|  0|  18|          23|           1|
    |icmp_ln201_fu_585_p2    |   icmp   |      0|  0|  11|           8|           2|
    |or_ln179_1_fu_313_p2    |    or    |      0|  0|   2|           1|           1|
    |or_ln179_2_fu_341_p2    |    or    |      0|  0|   2|           1|           1|
    |or_ln179_3_fu_369_p2    |    or    |      0|  0|   2|           1|           1|
    |or_ln179_fu_295_p2      |    or    |      0|  0|   2|           1|           1|
    |or_ln201_fu_597_p2      |    or    |      0|  0|   2|           1|           1|
    |d1_3_fu_519_p3          |  select  |      0|  0|  32|           1|          32|
    |d1_fu_489_p3            |  select  |      0|  0|  32|           1|          32|
    |d2_3_fu_532_p3          |  select  |      0|  0|  32|           1|          32|
    |d2_fu_526_p3            |  select  |      0|  0|  32|           1|          32|
    |d3_1_fu_477_p3          |  select  |      0|  0|  32|           1|          32|
    |d3_2_fu_539_p3          |  select  |      0|  0|  32|           1|          32|
    |d3_3_fu_546_p3          |  select  |      0|  0|  32|           1|          32|
    |largest_1_fu_483_p3     |  select  |      0|  0|  32|           1|          32|
    |largest_2_fu_553_p3     |  select  |      0|  0|  32|           1|          32|
    |largest_3_fu_560_p3     |  select  |      0|  0|  32|           1|          32|
    |xor_ln179_fu_495_p2     |    xor   |      0|  0|   2|           2|           1|
    +------------------------+----------+-------+---+----+------------+------------+
    |Total                   |          |      0|  0| 523|         195|         364|
    +------------------------+----------+-------+---+----+------------+------------+

    * Multiplexer: 
    +-----------------------------+-----+-----------+-----+-----------+
    |             Name            | LUT | Input Size| Bits| Total Bits|
    +-----------------------------+-----+-----------+-----+-----------+
    |ap_NS_fsm                    |  137|         30|    1|         30|
    |ap_phi_mux_p_0_phi_fu_60_p4  |    9|          2|   32|         64|
    |ap_return                    |    9|          2|   32|         64|
    |grp_fu_101_opcode            |   15|          3|    5|         15|
    |grp_fu_101_p0                |   15|          3|   32|         96|
    |grp_fu_101_p1                |   15|          3|   32|         96|
    |grp_fu_67_p0                 |   15|          3|   32|         96|
    |grp_fu_67_p1                 |   15|          3|   32|         96|
    |grp_fu_76_p0                 |   15|          3|   32|         96|
    |grp_fu_76_p1                 |   15|          3|   32|         96|
    |p_0_reg_56                   |    9|          2|   32|         64|
    +-----------------------------+-----+-----------+-----+-----------+
    |Total                        |  269|         57|  294|        813|
    +-----------------------------+-----+-----------+-----+-----------+

    * Register: 
    +--------------------+----+----+-----+-----------+
    |        Name        | FF | LUT| Bits| Const Bits|
    +--------------------+----+----+-----+-----------+
    |and_ln201_reg_710   |   1|   0|    1|          0|
    |ap_CS_fsm           |  29|   0|   29|          0|
    |ap_return_preg      |  32|   0|   32|          0|
    |d1_3_reg_685        |  31|   0|   32|          1|
    |d1_4_reg_609        |  31|   0|   32|          1|
    |d2_3_reg_690        |  31|   0|   32|          1|
    |d2_4_reg_621        |  31|   0|   32|          1|
    |d3_3_reg_695        |  31|   0|   32|          1|
    |d3_reg_646          |  31|   0|   32|          1|
    |largest_3_reg_700   |  31|   0|   32|          1|
    |largest_4_reg_633   |  31|   0|   32|          1|
    |or_ln179_1_reg_664  |   1|   0|    1|          0|
    |or_ln179_2_reg_671  |   1|   0|    1|          0|
    |or_ln179_3_reg_678  |   1|   0|    1|          0|
    |or_ln179_reg_657    |   1|   0|    1|          0|
    |p_0_reg_56          |  32|   0|   32|          0|
    |reg_143             |  32|   0|   32|          0|
    |s2_reg_747          |  32|   0|   32|          0|
    |tmp_i_i_reg_752     |  32|   0|   32|          0|
    |x1_reg_714          |  32|   0|   32|          0|
    |x1_sqd_reg_732      |  32|   0|   32|          0|
    |x2_reg_720          |  32|   0|   32|          0|
    |x2_sqd_reg_737      |  32|   0|   32|          0|
    |x3_reg_726          |  32|   0|   32|          0|
    |x3_sqd_reg_742      |  32|   0|   32|          0|
    +--------------------+----+----+-----+-----------+
    |Total               | 634|   0|  642|          8|
    +--------------------+----+----+-----+-----------+



================================================================
== Interface
================================================================
* Summary: 
+-----------+-----+-----+------------+----------------------+--------------+
| RTL Ports | Dir | Bits|  Protocol  |     Source Object    |    C Type    |
+-----------+-----+-----+------------+----------------------+--------------+
|ap_clk     |  in |    1| ap_ctrl_hs | qrf_magnitude<float> | return value |
|ap_rst     |  in |    1| ap_ctrl_hs | qrf_magnitude<float> | return value |
|ap_start   |  in |    1| ap_ctrl_hs | qrf_magnitude<float> | return value |
|ap_done    | out |    1| ap_ctrl_hs | qrf_magnitude<float> | return value |
|ap_idle    | out |    1| ap_ctrl_hs | qrf_magnitude<float> | return value |
|ap_ready   | out |    1| ap_ctrl_hs | qrf_magnitude<float> | return value |
|ap_return  | out |   32| ap_ctrl_hs | qrf_magnitude<float> | return value |
|a_M_real   |  in |   32|   ap_none  |       a_M_real       |    scalar    |
|a_M_imag   |  in |   32|   ap_none  |       a_M_imag       |    scalar    |
|b_M_real   |  in |   32|   ap_none  |       b_M_real       |    scalar    |
|b_M_imag   |  in |   32|   ap_none  |       b_M_imag       |    scalar    |
+-----------+-----+-----+------------+----------------------+--------------+

