

================================================================
== Vivado HLS Report for 'sin_or_cos_float_s'
================================================================
* Date:           Thu Jul 30 19:06:22 2020

* Version:        2019.1 (Build 2552052 on Fri May 24 15:28:33 MDT 2019)
* Project:        DOA_Estimation_proj
* Solution:       solution2
* Product family: zynq
* Target device:  xc7z020-clg400-1


================================================================
== Performance Estimates
================================================================
+ Timing (ns): 
    * Summary: 
    +--------+-------+----------+------------+
    |  Clock | Target| Estimated| Uncertainty|
    +--------+-------+----------+------------+
    |ap_clk  |  20.00|    17.495|        2.50|
    +--------+-------+----------+------------+

+ Latency (clock cycles): 
    * Summary: 
    +-----+-----+-----+-----+---------+
    |  Latency  |  Interval | Pipeline|
    | min | max | min | max |   Type  |
    +-----+-----+-----+-----+---------+
    |   12|   13|   12|   13|   none  |
    +-----+-----+-----+-----+---------+

    + Detail: 
        * Instance: 
        +--------------------------------+---------------------+-----+-----+-----+-----+---------+
        |                                |                     |  Latency  |  Interval | Pipeline|
        |            Instance            |        Module       | min | max | min | max |   Type  |
        +--------------------------------+---------------------+-----+-----+-----+-----+---------+
        |grp_scaled_fixed2ieee_1_fu_218  |scaled_fixed2ieee_1  |    5|    6|    5|    6|   none  |
        +--------------------------------+---------------------+-----+-----+-----+-----+---------+

        * Loop: 
        N/A



================================================================
== Utilization Estimates
================================================================
* Summary: 
+-----------------+---------+-------+--------+-------+-----+
|       Name      | BRAM_18K| DSP48E|   FF   |  LUT  | URAM|
+-----------------+---------+-------+--------+-------+-----+
|DSP              |        -|      2|       -|      -|    -|
|Expression       |        -|     11|      40|   1428|    -|
|FIFO             |        -|      -|       -|      -|    -|
|Instance         |        -|      -|     267|    933|    -|
|Memory           |        -|      -|     168|    293|    -|
|Multiplexer      |        -|      -|       -|     44|    -|
|Register         |        -|      -|     462|      -|    -|
+-----------------+---------+-------+--------+-------+-----+
|Total            |        0|     13|     937|   2698|    0|
+-----------------+---------+-------+--------+-------+-----+
|Available        |      280|    220|  106400|  53200|    0|
+-----------------+---------+-------+--------+-------+-----+
|Utilization (%)  |        0|      5|   ~0   |      5|    0|
+-----------------+---------+-------+--------+-------+-----+

+ Detail: 
    * Instance: 
    +--------------------------------+---------------------+---------+-------+-----+-----+-----+
    |            Instance            |        Module       | BRAM_18K| DSP48E|  FF | LUT | URAM|
    +--------------------------------+---------------------+---------+-------+-----+-----+-----+
    |music_mux_164_1_1_1_U4          |music_mux_164_1_1_1  |        0|      0|    0|   65|    0|
    |music_mux_164_1_1_1_U5          |music_mux_164_1_1_1  |        0|      0|    0|   65|    0|
    |music_mux_83_1_1_1_U3           |music_mux_83_1_1_1   |        0|      0|    0|   65|    0|
    |grp_scaled_fixed2ieee_1_fu_218  |scaled_fixed2ieee_1  |        0|      0|  267|  738|    0|
    +--------------------------------+---------------------+---------+-------+-----+-----+-----+
    |Total                           |                     |        0|      0|  267|  933|    0|
    +--------------------------------+---------------------+---------+-------+-----+-----+-----+

    * DSP48E: 
    +-------------------------+----------------------+-----------+
    |         Instance        |        Module        | Expression|
    +-------------------------+----------------------+-----------+
    |music_mul_mul_15nfYi_U6  |music_mul_mul_15nfYi  |  i0 * i0  |
    |music_mul_mul_15ng8j_U7  |music_mul_mul_15ng8j  |  i0 * i1  |
    +-------------------------+----------------------+-----------+

    * Memory: 
    +------------------------+----------------------+---------+-----+-----+-----+------+-----+------+-------------+
    |         Memory         |        Module        | BRAM_18K|  FF | LUT | URAM| Words| Bits| Banks| W*Bits*Banks|
    +------------------------+----------------------+---------+-----+-----+-----+------+-----+------+-------------+
    |ref_4oPi_table_100_V_U  |sin_or_cos_float_bkb  |        0|  100|   21|    0|    13|  100|     1|         1300|
    |second_order_float_2_U  |sin_or_cos_float_cud  |        0|   30|  120|    0|   256|   30|     1|         7680|
    |second_order_float_3_U  |sin_or_cos_float_dEe  |        0|   23|   92|    0|   256|   23|     1|         5888|
    |second_order_float_s_U  |sin_or_cos_float_eOg  |        0|   15|   60|    0|   256|   15|     1|         3840|
    +------------------------+----------------------+---------+-----+-----+-----+------+-----+------+-------------+
    |Total                   |                      |        0|  168|  293|    0|   781|  168|     4|        18708|
    +------------------------+----------------------+---------+-----+-----+-----+------+-----+------+-------------+

    * FIFO: 
    N/A

    * Expression: 
    +--------------------------+----------+-------+----+-----+------------+------------+
    |       Variable Name      | Operation| DSP48E| FF | LUT | Bitwidth P0| Bitwidth P1|
    +--------------------------+----------+-------+----+-----+------------+------------+
    |r_V_12_fu_638_p2          |     *    |      2|   0|   33|          23|          22|
    |r_V_14_fu_725_p2          |     *    |      4|   0|   28|          30|          29|
    |ret_V_8_fu_322_p2         |     *    |      5|   0|   91|          80|          24|
    |add_ln114_1_fu_256_p2     |     +    |      0|   0|   15|           7|           8|
    |add_ln114_fu_370_p2       |     +    |      0|   0|   15|           8|           8|
    |ret_V_5_fu_711_p2         |     +    |      0|   0|   64|          30|          30|
    |ret_V_9_fu_702_p2         |     +    |      0|   0|   64|          30|          30|
    |Ex_V_fu_459_p2            |     -    |      0|   0|   15|           8|           8|
    |Mx_bits_V_1_fu_359_p2     |     -    |      0|   0|   65|           1|          58|
    |ret_V_fu_746_p2           |     -    |      0|   0|   15|           1|           9|
    |sub_ln1311_fu_477_p2      |     -    |      0|   0|   15|           1|           9|
    |and_ln300_1_fu_912_p2     |    and   |      0|   0|    2|           1|           1|
    |and_ln300_fu_868_p2       |    and   |      0|   0|    2|           1|           1|
    |and_ln307_fu_943_p2       |    and   |      0|   0|    2|           1|           1|
    |val_assign_fu_423_p3      |   cttz   |      0|  40|   36|          32|           0|
    |closepath_fu_250_p2       |   icmp   |      0|   0|   11|           8|           7|
    |icmp_ln833_1_fu_365_p2    |   icmp   |      0|   0|   18|          23|           1|
    |icmp_ln833_2_fu_604_p2    |   icmp   |      0|   0|   11|           8|           2|
    |icmp_ln833_fu_599_p2      |   icmp   |      0|   0|   11|           8|           1|
    |lshr_ln1287_fu_503_p2     |   lshr   |      0|   0|   89|          29|          29|
    |or_ln300_fu_930_p2        |    or    |      0|   0|    2|           1|           1|
    |or_ln311_fu_884_p2        |    or    |      0|   0|    2|           1|           1|
    |addr_V_fu_262_p3          |  select  |      0|   0|    8|           1|           6|
    |cos_basis_fu_676_p3       |  select  |      0|   0|    2|           1|           1|
    |p_Repl2_3_fu_947_p3       |  select  |      0|   0|    2|           1|           1|
    |p_Val2_25_fu_348_p3       |  select  |      0|   0|    3|           1|           1|
    |p_Val2_7_fu_382_p3        |  select  |      0|   0|   58|           1|          58|
    |ret_V_6_fu_904_p3         |  select  |      0|   0|    8|           1|           8|
    |ret_V_7_fu_935_p3         |  select  |      0|   0|   23|           1|          23|
    |select_ln1310_fu_519_p3   |  select  |      0|   0|   32|           1|          32|
    |select_ln271_fu_861_p3    |  select  |      0|   0|    2|           1|           1|
    |select_ln272_1_fu_689_p3  |  select  |      0|   0|   29|           1|           2|
    |select_ln272_fu_682_p3    |  select  |      0|   0|    8|           1|           1|
    |select_ln300_2_fu_922_p3  |  select  |      0|   0|    2|           1|           2|
    |select_ln307_fu_872_p3    |  select  |      0|   0|    7|           1|           7|
    |select_ln311_1_fu_897_p3  |  select  |      0|   0|    8|           1|           2|
    |select_ln311_fu_889_p3    |  select  |      0|   0|    2|           1|           1|
    |select_ln482_fu_375_p3    |  select  |      0|   0|    8|           1|           8|
    |ush_fu_483_p3             |  select  |      0|   0|    9|           1|           9|
    |r_V_10_fu_439_p2          |    shl   |      0|   0|  170|          58|          58|
    |r_V_9_fu_292_p2           |    shl   |      0|   0|  330|         100|         100|
    |shl_ln1253_fu_513_p2      |    shl   |      0|   0|  101|          32|          32|
    |sin_basis_fu_578_p2       |    xor   |      0|   0|    2|           1|           1|
    |xor_ln25_fu_572_p2        |    xor   |      0|   0|    2|           1|           2|
    |xor_ln271_fu_671_p2       |    xor   |      0|   0|    2|           1|           2|
    |xor_ln300_fu_916_p2       |    xor   |      0|   0|    2|           2|           1|
    |xor_ln311_fu_879_p2       |    xor   |      0|   0|    2|           1|           2|
    +--------------------------+----------+-------+----+-----+------------+------------+
    |Total                     |          |     11|  40| 1428|         545|         641|
    +--------------------------+----------+-------+----+-----+------------+------------+

    * Multiplexer: 
    +-----------+----+-----------+-----+-----------+
    |    Name   | LUT| Input Size| Bits| Total Bits|
    +-----------+----+-----------+-----+-----------+
    |ap_NS_fsm  |  44|          9|    1|          9|
    +-----------+----+-----------+-----+-----------+
    |Total      |  44|          9|    1|          9|
    +-----------+----+-----------+-----+-----------+

    * Register: 
    +---------------------------------------------+----+----+-----+-----------+
    |                     Name                    | FF | LUT| Bits| Const Bits|
    +---------------------------------------------+----+----+-----+-----------+
    |B_V_reg_1068                                 |  22|   0|   22|          0|
    |B_trunc_V_reg_1073                           |  15|   0|   15|          0|
    |Ex_V_reg_1057                                |   8|   0|    8|          0|
    |Med_V_reg_1014                               |  80|   0|   80|          0|
    |Mx_V_reg_1052                                |  29|   0|   29|          0|
    |Mx_bits_V_1_reg_1035                         |  58|   0|   58|          0|
    |and_ln300_reg_1142                           |   1|   0|    1|          0|
    |ap_CS_fsm                                    |   8|   0|    8|          0|
    |closepath_reg_998                            |   1|   0|    1|          0|
    |cos_basis_reg_1127                           |   1|   0|    1|          0|
    |grp_scaled_fixed2ieee_1_fu_218_ap_start_reg  |   1|   0|    1|          0|
    |icmp_ln833_1_reg_1040                        |   1|   0|    1|          0|
    |icmp_ln833_2_reg_1104                        |   1|   0|    1|          0|
    |icmp_ln833_reg_1098                          |   1|   0|    1|          0|
    |p_Result_s_reg_979                           |   1|   0|    1|          0|
    |p_Val2_24_reg_1019                           |  58|   0|   58|          0|
    |p_Val2_25_reg_1024                           |   3|   0|    3|          0|
    |result_V_reg_1132                            |  29|   0|   29|          0|
    |ret_V_6_reg_1152                             |   8|   0|    8|          0|
    |ret_V_7_reg_1157                             |  23|   0|   23|          0|
    |ret_V_reg_1137                               |   9|   0|    9|          0|
    |select_ln311_reg_1147                        |   1|   0|    1|          0|
    |t1_V_reg_1112                                |  29|   0|   29|          0|
    |tmp_V_1_reg_992                              |  23|   0|   23|          0|
    |tmp_V_reg_985                                |   8|   0|    8|          0|
    |tmp_reg_1062                                 |   1|   0|    1|          0|
    |trunc_ln1_reg_1117                           |  22|   0|   22|          0|
    |trunc_ln601_reg_1009                         |   4|   0|    4|          0|
    |trunc_ln662_2_reg_1122                       |  14|   0|   14|          0|
    |trunc_ln745_reg_1030                         |   1|   0|    1|          0|
    |xor_ln25_reg_1078                            |   1|   0|    1|          0|
    +---------------------------------------------+----+----+-----+-----------+
    |Total                                        | 462|   0|  462|          0|
    +---------------------------------------------+----+----+-----+-----------+



================================================================
== Interface
================================================================
* Summary: 
+-----------+-----+-----+------------+-------------------+--------------+
| RTL Ports | Dir | Bits|  Protocol  |   Source Object   |    C Type    |
+-----------+-----+-----+------------+-------------------+--------------+
|ap_clk     |  in |    1| ap_ctrl_hs | sin_or_cos<float> | return value |
|ap_rst     |  in |    1| ap_ctrl_hs | sin_or_cos<float> | return value |
|ap_start   |  in |    1| ap_ctrl_hs | sin_or_cos<float> | return value |
|ap_done    | out |    1| ap_ctrl_hs | sin_or_cos<float> | return value |
|ap_idle    | out |    1| ap_ctrl_hs | sin_or_cos<float> | return value |
|ap_ready   | out |    1| ap_ctrl_hs | sin_or_cos<float> | return value |
|ap_return  | out |   32| ap_ctrl_hs | sin_or_cos<float> | return value |
|t_in       |  in |   32|   ap_none  |        t_in       |    scalar    |
|do_cos     |  in |    1|   ap_none  |       do_cos      |    scalar    |
+-----------+-----+-----+------------+-------------------+--------------+

