

================================================================
== Vivado HLS Report for 'fft_stage_123'
================================================================
* Date:           Sat Aug  1 17:58:02 2020

* Version:        2019.1 (Build 2552052 on Fri May 24 15:28:33 MDT 2019)
* Project:        hls_proj
* Solution:       solution7
* Product family: zynq
* Target device:  xc7z020-clg400-1


================================================================
== Performance Estimates
================================================================
+ Timing (ns): 
    * Summary: 
    +--------+-------+----------+------------+
    |  Clock | Target| Estimated| Uncertainty|
    +--------+-------+----------+------------+
    |ap_clk  |  10.00|     7.998|        1.25|
    +--------+-------+----------+------------+

+ Latency (clock cycles): 
    * Summary: 
    +------+------+------+------+---------+
    |   Latency   |   Interval  | Pipeline|
    |  min |  max |  min |  max |   Type  |
    +------+------+------+------+---------+
    |  1041|  1041|  1041|  1041|   none  |
    +------+------+------+------+---------+

    + Detail: 
        * Instance: 
        N/A

        * Loop: 
        +---------------------------+------+------+----------+-----------+-----------+------+----------+
        |                           |   Latency   | Iteration|  Initiation Interval  | Trip |          |
        |         Loop Name         |  min |  max |  Latency |  achieved |   target  | Count| Pipelined|
        +---------------------------+------+------+----------+-----------+-----------+------+----------+
        |- butterfly_loop_dft_loop  |  1039|  1039|        18|          2|          2|   512|    yes   |
        +---------------------------+------+------+----------+-----------+-----------+------+----------+



================================================================
== Utilization Estimates
================================================================
* Summary: 
+-----------------+---------+-------+--------+-------+-----+
|       Name      | BRAM_18K| DSP48E|   FF   |  LUT  | URAM|
+-----------------+---------+-------+--------+-------+-----+
|DSP              |        -|      -|       -|      -|    -|
|Expression       |        -|      -|       0|    110|    -|
|FIFO             |        -|      -|       -|      -|    -|
|Instance         |        -|     12|     901|   1812|    -|
|Memory           |        2|      -|       0|      0|    -|
|Multiplexer      |        -|      -|       -|    234|    -|
|Register         |        0|      -|     796|    128|    -|
+-----------------+---------+-------+--------+-------+-----+
|Total            |        2|     12|    1697|   2284|    0|
+-----------------+---------+-------+--------+-------+-----+
|Available        |      280|    220|  106400|  53200|    0|
+-----------------+---------+-------+--------+-------+-----+
|Utilization (%)  |    ~0   |      5|       1|      4|    0|
+-----------------+---------+-------+--------+-------+-----+

+ Detail: 
    * Instance: 
    +--------------------------+----------------------+---------+-------+-----+-----+-----+
    |         Instance         |        Module        | BRAM_18K| DSP48E|  FF | LUT | URAM|
    +--------------------------+----------------------+---------+-------+-----+-----+-----+
    |music_fadd_32ns_3dEe_U57  |music_fadd_32ns_3dEe  |        0|      2|  205|  390|    0|
    |music_faddfsub_32bkb_U55  |music_faddfsub_32bkb  |        0|      2|  205|  390|    0|
    |music_fmul_32ns_3eOg_U58  |music_fmul_32ns_3eOg  |        0|      3|  143|  321|    0|
    |music_fmul_32ns_3eOg_U59  |music_fmul_32ns_3eOg  |        0|      3|  143|  321|    0|
    |music_fsub_32ns_3cud_U56  |music_fsub_32ns_3cud  |        0|      2|  205|  390|    0|
    +--------------------------+----------------------+---------+-------+-----+-----+-----+
    |Total                     |                      |        0|     12|  901| 1812|    0|
    +--------------------------+----------------------+---------+-------+-----+-----+-----+

    * DSP48E: 
    N/A

    * Memory: 
    +------------+----------------------+---------+---+----+-----+------+-----+------+-------------+
    |   Memory   |        Module        | BRAM_18K| FF| LUT| URAM| Words| Bits| Banks| W*Bits*Banks|
    +------------+----------------------+---------+---+----+-----+------+-----+------+-------------+
    |W_imag29_U  |fft_stage_119_W_ig8j  |        1|  0|   0|    0|   512|   32|     1|        16384|
    |W_real38_U  |fft_stage_119_W_rfYi  |        1|  0|   0|    0|   512|   32|     1|        16384|
    +------------+----------------------+---------+---+----+-----+------+-----+------+-------------+
    |Total       |                      |        2|  0|   0|    0|  1024|   64|     2|        32768|
    +------------+----------------------+---------+---+----+-----+------+-----+------+-------------+

    * FIFO: 
    N/A

    * Expression: 
    +--------------------------+----------+-------+---+----+------------+------------+
    |       Variable Name      | Operation| DSP48E| FF| LUT| Bitwidth P0| Bitwidth P1|
    +--------------------------+----------+-------+---+----+------------+------------+
    |add_ln181_fu_271_p2       |     +    |      0|  0|  14|           1|          10|
    |i_lower_fu_343_p2         |     +    |      0|  0|  14|           6|          10|
    |j_fu_277_p2               |     +    |      0|  0|  15|           1|           6|
    |t_fu_355_p2               |     +    |      0|  0|  15|           1|           5|
    |ap_condition_511          |    and   |      0|  0|   2|           1|           1|
    |ap_condition_515          |    and   |      0|  0|   2|           1|           1|
    |icmp_ln181_fu_265_p2      |   icmp   |      0|  0|  13|          10|          11|
    |icmp_ln184_fu_283_p2      |   icmp   |      0|  0|  11|           5|           6|
    |ap_block_state1           |    or    |      0|  0|   2|           1|           1|
    |select_ln181_8_fu_309_p3  |  select  |      0|  0|   9|           1|           9|
    |select_ln181_9_fu_323_p3  |  select  |      0|  0|   6|           1|           6|
    |select_ln181_fu_289_p3    |  select  |      0|  0|   5|           1|           1|
    |ap_enable_pp0             |    xor   |      0|  0|   2|           1|           2|
    +--------------------------+----------+-------+---+----+------------+------------+
    |Total                     |          |      0|  0| 110|          31|          69|
    +--------------------------+----------+-------+---+----+------------+------------+

    * Multiplexer: 
    +-----------------------------------------+----+-----------+-----+-----------+
    |                   Name                  | LUT| Input Size| Bits| Total Bits|
    +-----------------------------------------+----+-----------+-----+-----------+
    |ap_NS_fsm                                |  27|          5|    1|          5|
    |ap_done                                  |   9|          2|    1|          2|
    |ap_enable_reg_pp0_iter8                  |   9|          2|    1|          2|
    |ap_phi_mux_indvar_flatten_phi_fu_192_p4  |   9|          2|   10|         20|
    |ap_phi_mux_j_0_phi_fu_203_p4             |   9|          2|    6|         12|
    |ap_phi_mux_t_0_phi_fu_214_p4             |   9|          2|    5|         10|
    |grp_fu_221_opcode                        |  15|          3|    2|          6|
    |grp_fu_221_p0                            |  15|          3|   32|         96|
    |grp_fu_221_p1                            |  15|          3|   32|         96|
    |grp_fu_225_p0                            |  15|          3|   32|         96|
    |grp_fu_225_p1                            |  15|          3|   32|         96|
    |grp_fu_229_p0                            |  15|          3|   32|         96|
    |grp_fu_229_p1                            |  15|          3|   32|         96|
    |grp_fu_233_p0                            |  15|          3|   32|         96|
    |grp_fu_237_p0                            |  15|          3|   32|         96|
    |indvar_flatten_reg_188                   |   9|          2|   10|         20|
    |j_0_reg_199                              |   9|          2|    6|         12|
    |t_0_reg_210                              |   9|          2|    5|         10|
    +-----------------------------------------+----+-----------+-----+-----------+
    |Total                                    | 234|         48|  303|        867|
    +-----------------------------------------+----+-----------+-----+-----------+

    * Register: 
    +-------------------------+----+----+-----+-----------+
    |           Name          | FF | LUT| Bits| Const Bits|
    +-------------------------+----+----+-----+-----------+
    |W_imag29_load_reg_419    |  32|   0|   32|          0|
    |W_real38_load_reg_414    |  32|   0|   32|          0|
    |X_I_load_1_reg_496       |  32|   0|   32|          0|
    |X_I_load_reg_430         |  32|   0|   32|          0|
    |X_R_load_1_reg_473       |  32|   0|   32|          0|
    |X_R_load_reg_424         |  32|   0|   32|          0|
    |add_ln181_reg_368        |  10|   0|   10|          0|
    |ap_CS_fsm                |   4|   0|    4|          0|
    |ap_done_reg              |   1|   0|    1|          0|
    |ap_enable_reg_pp0_iter0  |   1|   0|    1|          0|
    |ap_enable_reg_pp0_iter1  |   1|   0|    1|          0|
    |ap_enable_reg_pp0_iter2  |   1|   0|    1|          0|
    |ap_enable_reg_pp0_iter3  |   1|   0|    1|          0|
    |ap_enable_reg_pp0_iter4  |   1|   0|    1|          0|
    |ap_enable_reg_pp0_iter5  |   1|   0|    1|          0|
    |ap_enable_reg_pp0_iter6  |   1|   0|    1|          0|
    |ap_enable_reg_pp0_iter7  |   1|   0|    1|          0|
    |ap_enable_reg_pp0_iter8  |   1|   0|    1|          0|
    |i_reg_393                |  10|   0|   10|          0|
    |icmp_ln181_reg_364       |   1|   0|    1|          0|
    |indvar_flatten_reg_188   |  10|   0|   10|          0|
    |j_0_reg_199              |   6|   0|    6|          0|
    |reg_241                  |  32|   0|   32|          0|
    |reg_247                  |  32|   0|   32|          0|
    |select_ln181_9_reg_388   |   6|   0|    6|          0|
    |select_ln181_reg_373     |   5|   0|    5|          0|
    |t_0_reg_210              |   5|   0|    5|          0|
    |t_reg_436                |   5|   0|    5|          0|
    |temp_I_reg_490           |  32|   0|   32|          0|
    |temp_R_reg_479           |  32|   0|   32|          0|
    |tmp_1_reg_446            |  32|   0|   32|          0|
    |tmp_2_reg_451            |  32|   0|   32|          0|
    |tmp_3_reg_456            |  32|   0|   32|          0|
    |tmp_reg_441              |  32|   0|   32|          0|
    |zext_ln194_reg_398       |  10|   0|   64|         54|
    |zext_ln196_reg_461       |  10|   0|   64|         54|
    |i_reg_393                |  64|  32|   10|          0|
    |icmp_ln181_reg_364       |  64|  32|    1|          0|
    |zext_ln194_reg_398       |  64|  32|   64|         54|
    |zext_ln196_reg_461       |  64|  32|   64|         54|
    +-------------------------+----+----+-----+-----------+
    |Total                    | 796| 128|  787|        216|
    +-------------------------+----+----+-----+-----------+



================================================================
== Interface
================================================================
* Summary: 
+----------------+-----+-----+------------+---------------+--------------+
|    RTL Ports   | Dir | Bits|  Protocol  | Source Object |    C Type    |
+----------------+-----+-----+------------+---------------+--------------+
|ap_clk          |  in |    1| ap_ctrl_hs | fft_stage.123 | return value |
|ap_rst          |  in |    1| ap_ctrl_hs | fft_stage.123 | return value |
|ap_start        |  in |    1| ap_ctrl_hs | fft_stage.123 | return value |
|ap_done         | out |    1| ap_ctrl_hs | fft_stage.123 | return value |
|ap_continue     |  in |    1| ap_ctrl_hs | fft_stage.123 | return value |
|ap_idle         | out |    1| ap_ctrl_hs | fft_stage.123 | return value |
|ap_ready        | out |    1| ap_ctrl_hs | fft_stage.123 | return value |
|X_R_address0    | out |   10|  ap_memory |      X_R      |     array    |
|X_R_ce0         | out |    1|  ap_memory |      X_R      |     array    |
|X_R_q0          |  in |   32|  ap_memory |      X_R      |     array    |
|X_R_address1    | out |   10|  ap_memory |      X_R      |     array    |
|X_R_ce1         | out |    1|  ap_memory |      X_R      |     array    |
|X_R_q1          |  in |   32|  ap_memory |      X_R      |     array    |
|X_I_address0    | out |   10|  ap_memory |      X_I      |     array    |
|X_I_ce0         | out |    1|  ap_memory |      X_I      |     array    |
|X_I_q0          |  in |   32|  ap_memory |      X_I      |     array    |
|X_I_address1    | out |   10|  ap_memory |      X_I      |     array    |
|X_I_ce1         | out |    1|  ap_memory |      X_I      |     array    |
|X_I_q1          |  in |   32|  ap_memory |      X_I      |     array    |
|Out_R_address0  | out |   10|  ap_memory |     Out_R     |     array    |
|Out_R_ce0       | out |    1|  ap_memory |     Out_R     |     array    |
|Out_R_we0       | out |    1|  ap_memory |     Out_R     |     array    |
|Out_R_d0        | out |   32|  ap_memory |     Out_R     |     array    |
|Out_R_address1  | out |   10|  ap_memory |     Out_R     |     array    |
|Out_R_ce1       | out |    1|  ap_memory |     Out_R     |     array    |
|Out_R_we1       | out |    1|  ap_memory |     Out_R     |     array    |
|Out_R_d1        | out |   32|  ap_memory |     Out_R     |     array    |
|Out_I_address0  | out |   10|  ap_memory |     Out_I     |     array    |
|Out_I_ce0       | out |    1|  ap_memory |     Out_I     |     array    |
|Out_I_we0       | out |    1|  ap_memory |     Out_I     |     array    |
|Out_I_d0        | out |   32|  ap_memory |     Out_I     |     array    |
|Out_I_address1  | out |   10|  ap_memory |     Out_I     |     array    |
|Out_I_ce1       | out |    1|  ap_memory |     Out_I     |     array    |
|Out_I_we1       | out |    1|  ap_memory |     Out_I     |     array    |
|Out_I_d1        | out |   32|  ap_memory |     Out_I     |     array    |
+----------------+-----+-----+------------+---------------+--------------+

