

================================================================
== Vivado HLS Report for 'fft_stage_122'
================================================================
* Date:           Sat Aug  1 17:58:01 2020

* Version:        2019.1 (Build 2552052 on Fri May 24 15:28:33 MDT 2019)
* Project:        hls_proj
* Solution:       solution7
* Product family: zynq
* Target device:  xc7z020-clg400-1


================================================================
== Performance Estimates
================================================================
+ Timing (ns): 
    * Summary: 
    +--------+-------+----------+------------+
    |  Clock | Target| Estimated| Uncertainty|
    +--------+-------+----------+------------+
    |ap_clk  |  10.00|     7.980|        1.25|
    +--------+-------+----------+------------+

+ Latency (clock cycles): 
    * Summary: 
    +------+------+------+------+---------+
    |   Latency   |   Interval  | Pipeline|
    |  min |  max |  min |  max |   Type  |
    +------+------+------+------+---------+
    |  1041|  1041|  1041|  1041|   none  |
    +------+------+------+------+---------+

    + Detail: 
        * Instance: 
        N/A

        * Loop: 
        +---------------------------+------+------+----------+-----------+-----------+------+----------+
        |                           |   Latency   | Iteration|  Initiation Interval  | Trip |          |
        |         Loop Name         |  min |  max |  Latency |  achieved |   target  | Count| Pipelined|
        +---------------------------+------+------+----------+-----------+-----------+------+----------+
        |- butterfly_loop_dft_loop  |  1039|  1039|        18|          2|          2|   512|    yes   |
        +---------------------------+------+------+----------+-----------+-----------+------+----------+



================================================================
== Utilization Estimates
================================================================
* Summary: 
+-----------------+---------+-------+--------+-------+-----+
|       Name      | BRAM_18K| DSP48E|   FF   |  LUT  | URAM|
+-----------------+---------+-------+--------+-------+-----+
|DSP              |        -|      -|       -|      -|    -|
|Expression       |        -|      -|       0|    110|    -|
|FIFO             |        -|      -|       -|      -|    -|
|Instance         |        -|     12|     901|   1812|    -|
|Memory           |        2|      -|       0|      0|    -|
|Multiplexer      |        -|      -|       -|    234|    -|
|Register         |        0|      -|     797|    128|    -|
+-----------------+---------+-------+--------+-------+-----+
|Total            |        2|     12|    1698|   2284|    0|
+-----------------+---------+-------+--------+-------+-----+
|Available        |      280|    220|  106400|  53200|    0|
+-----------------+---------+-------+--------+-------+-----+
|Utilization (%)  |    ~0   |      5|       1|      4|    0|
+-----------------+---------+-------+--------+-------+-----+

+ Detail: 
    * Instance: 
    +--------------------------+----------------------+---------+-------+-----+-----+-----+
    |         Instance         |        Module        | BRAM_18K| DSP48E|  FF | LUT | URAM|
    +--------------------------+----------------------+---------+-------+-----+-----+-----+
    |music_fadd_32ns_3dEe_U48  |music_fadd_32ns_3dEe  |        0|      2|  205|  390|    0|
    |music_faddfsub_32bkb_U46  |music_faddfsub_32bkb  |        0|      2|  205|  390|    0|
    |music_fmul_32ns_3eOg_U49  |music_fmul_32ns_3eOg  |        0|      3|  143|  321|    0|
    |music_fmul_32ns_3eOg_U50  |music_fmul_32ns_3eOg  |        0|      3|  143|  321|    0|
    |music_fsub_32ns_3cud_U47  |music_fsub_32ns_3cud  |        0|      2|  205|  390|    0|
    +--------------------------+----------------------+---------+-------+-----+-----+-----+
    |Total                     |                      |        0|     12|  901| 1812|    0|
    +--------------------------+----------------------+---------+-------+-----+-----+-----+

    * DSP48E: 
    N/A

    * Memory: 
    +------------+----------------------+---------+---+----+-----+------+-----+------+-------------+
    |   Memory   |        Module        | BRAM_18K| FF| LUT| URAM| Words| Bits| Banks| W*Bits*Banks|
    +------------+----------------------+---------+---+----+-----+------+-----+------+-------------+
    |W_imag30_U  |fft_stage_119_W_ig8j  |        1|  0|   0|    0|   512|   32|     1|        16384|
    |W_real39_U  |fft_stage_119_W_rfYi  |        1|  0|   0|    0|   512|   32|     1|        16384|
    +------------+----------------------+---------+---+----+-----+------+-----+------+-------------+
    |Total       |                      |        2|  0|   0|    0|  1024|   64|     2|        32768|
    +------------+----------------------+---------+---+----+-----+------+-----+------+-------------+

    * FIFO: 
    N/A

    * Expression: 
    +---------------------------+----------+-------+---+----+------------+------------+
    |       Variable Name       | Operation| DSP48E| FF| LUT| Bitwidth P0| Bitwidth P1|
    +---------------------------+----------+-------+---+----+------------+------------+
    |add_ln181_fu_269_p2        |     +    |      0|  0|  14|           1|          10|
    |i_lower_fu_341_p2          |     +    |      0|  0|  14|           5|          10|
    |j_fu_275_p2                |     +    |      0|  0|  15|           1|           5|
    |t_fu_353_p2                |     +    |      0|  0|  15|           1|           6|
    |ap_condition_510           |    and   |      0|  0|   2|           1|           1|
    |ap_condition_514           |    and   |      0|  0|   2|           1|           1|
    |icmp_ln181_fu_263_p2       |   icmp   |      0|  0|  13|          10|          11|
    |icmp_ln184_fu_281_p2       |   icmp   |      0|  0|  11|           6|           7|
    |ap_block_state1            |    or    |      0|  0|   2|           1|           1|
    |select_ln181_11_fu_307_p3  |  select  |      0|  0|   9|           1|           9|
    |select_ln181_12_fu_321_p3  |  select  |      0|  0|   5|           1|           5|
    |select_ln181_fu_287_p3     |  select  |      0|  0|   6|           1|           1|
    |ap_enable_pp0              |    xor   |      0|  0|   2|           1|           2|
    +---------------------------+----------+-------+---+----+------------+------------+
    |Total                      |          |      0|  0| 110|          31|          69|
    +---------------------------+----------+-------+---+----+------------+------------+

    * Multiplexer: 
    +-----------------------------------------+----+-----------+-----+-----------+
    |                   Name                  | LUT| Input Size| Bits| Total Bits|
    +-----------------------------------------+----+-----------+-----+-----------+
    |ap_NS_fsm                                |  27|          5|    1|          5|
    |ap_done                                  |   9|          2|    1|          2|
    |ap_enable_reg_pp0_iter8                  |   9|          2|    1|          2|
    |ap_phi_mux_indvar_flatten_phi_fu_190_p4  |   9|          2|   10|         20|
    |ap_phi_mux_j_0_phi_fu_201_p4             |   9|          2|    5|         10|
    |ap_phi_mux_t_0_phi_fu_212_p4             |   9|          2|    6|         12|
    |grp_fu_219_opcode                        |  15|          3|    2|          6|
    |grp_fu_219_p0                            |  15|          3|   32|         96|
    |grp_fu_219_p1                            |  15|          3|   32|         96|
    |grp_fu_223_p0                            |  15|          3|   32|         96|
    |grp_fu_223_p1                            |  15|          3|   32|         96|
    |grp_fu_227_p0                            |  15|          3|   32|         96|
    |grp_fu_227_p1                            |  15|          3|   32|         96|
    |grp_fu_231_p0                            |  15|          3|   32|         96|
    |grp_fu_235_p0                            |  15|          3|   32|         96|
    |indvar_flatten_reg_186                   |   9|          2|   10|         20|
    |j_0_reg_197                              |   9|          2|    5|         10|
    |t_0_reg_208                              |   9|          2|    6|         12|
    +-----------------------------------------+----+-----------+-----+-----------+
    |Total                                    | 234|         48|  303|        867|
    +-----------------------------------------+----+-----------+-----+-----------+

    * Register: 
    +-------------------------+----+----+-----+-----------+
    |           Name          | FF | LUT| Bits| Const Bits|
    +-------------------------+----+----+-----+-----------+
    |W_imag30_load_reg_417    |  32|   0|   32|          0|
    |W_real39_load_reg_412    |  32|   0|   32|          0|
    |X_I_load_1_reg_494       |  32|   0|   32|          0|
    |X_I_load_reg_428         |  32|   0|   32|          0|
    |X_R_load_1_reg_471       |  32|   0|   32|          0|
    |X_R_load_reg_422         |  32|   0|   32|          0|
    |add_ln181_reg_366        |  10|   0|   10|          0|
    |ap_CS_fsm                |   4|   0|    4|          0|
    |ap_done_reg              |   1|   0|    1|          0|
    |ap_enable_reg_pp0_iter0  |   1|   0|    1|          0|
    |ap_enable_reg_pp0_iter1  |   1|   0|    1|          0|
    |ap_enable_reg_pp0_iter2  |   1|   0|    1|          0|
    |ap_enable_reg_pp0_iter3  |   1|   0|    1|          0|
    |ap_enable_reg_pp0_iter4  |   1|   0|    1|          0|
    |ap_enable_reg_pp0_iter5  |   1|   0|    1|          0|
    |ap_enable_reg_pp0_iter6  |   1|   0|    1|          0|
    |ap_enable_reg_pp0_iter7  |   1|   0|    1|          0|
    |ap_enable_reg_pp0_iter8  |   1|   0|    1|          0|
    |i_reg_391                |  10|   0|   10|          0|
    |icmp_ln181_reg_362       |   1|   0|    1|          0|
    |indvar_flatten_reg_186   |  10|   0|   10|          0|
    |j_0_reg_197              |   5|   0|    5|          0|
    |reg_239                  |  32|   0|   32|          0|
    |reg_245                  |  32|   0|   32|          0|
    |select_ln181_12_reg_386  |   5|   0|    5|          0|
    |select_ln181_reg_371     |   6|   0|    6|          0|
    |t_0_reg_208              |   6|   0|    6|          0|
    |t_reg_434                |   6|   0|    6|          0|
    |temp_I_reg_488           |  32|   0|   32|          0|
    |temp_R_reg_477           |  32|   0|   32|          0|
    |tmp_1_reg_444            |  32|   0|   32|          0|
    |tmp_2_reg_449            |  32|   0|   32|          0|
    |tmp_3_reg_454            |  32|   0|   32|          0|
    |tmp_reg_439              |  32|   0|   32|          0|
    |zext_ln194_reg_396       |  10|   0|   64|         54|
    |zext_ln196_reg_459       |  10|   0|   64|         54|
    |i_reg_391                |  64|  32|   10|          0|
    |icmp_ln181_reg_362       |  64|  32|    1|          0|
    |zext_ln194_reg_396       |  64|  32|   64|         54|
    |zext_ln196_reg_459       |  64|  32|   64|         54|
    +-------------------------+----+----+-----+-----------+
    |Total                    | 797| 128|  788|        216|
    +-------------------------+----+----+-----+-----------+



================================================================
== Interface
================================================================
* Summary: 
+----------------+-----+-----+------------+---------------+--------------+
|    RTL Ports   | Dir | Bits|  Protocol  | Source Object |    C Type    |
+----------------+-----+-----+------------+---------------+--------------+
|ap_clk          |  in |    1| ap_ctrl_hs | fft_stage.122 | return value |
|ap_rst          |  in |    1| ap_ctrl_hs | fft_stage.122 | return value |
|ap_start        |  in |    1| ap_ctrl_hs | fft_stage.122 | return value |
|ap_done         | out |    1| ap_ctrl_hs | fft_stage.122 | return value |
|ap_continue     |  in |    1| ap_ctrl_hs | fft_stage.122 | return value |
|ap_idle         | out |    1| ap_ctrl_hs | fft_stage.122 | return value |
|ap_ready        | out |    1| ap_ctrl_hs | fft_stage.122 | return value |
|X_R_address0    | out |   10|  ap_memory |      X_R      |     array    |
|X_R_ce0         | out |    1|  ap_memory |      X_R      |     array    |
|X_R_q0          |  in |   32|  ap_memory |      X_R      |     array    |
|X_R_address1    | out |   10|  ap_memory |      X_R      |     array    |
|X_R_ce1         | out |    1|  ap_memory |      X_R      |     array    |
|X_R_q1          |  in |   32|  ap_memory |      X_R      |     array    |
|X_I_address0    | out |   10|  ap_memory |      X_I      |     array    |
|X_I_ce0         | out |    1|  ap_memory |      X_I      |     array    |
|X_I_q0          |  in |   32|  ap_memory |      X_I      |     array    |
|X_I_address1    | out |   10|  ap_memory |      X_I      |     array    |
|X_I_ce1         | out |    1|  ap_memory |      X_I      |     array    |
|X_I_q1          |  in |   32|  ap_memory |      X_I      |     array    |
|Out_R_address0  | out |   10|  ap_memory |     Out_R     |     array    |
|Out_R_ce0       | out |    1|  ap_memory |     Out_R     |     array    |
|Out_R_we0       | out |    1|  ap_memory |     Out_R     |     array    |
|Out_R_d0        | out |   32|  ap_memory |     Out_R     |     array    |
|Out_R_address1  | out |   10|  ap_memory |     Out_R     |     array    |
|Out_R_ce1       | out |    1|  ap_memory |     Out_R     |     array    |
|Out_R_we1       | out |    1|  ap_memory |     Out_R     |     array    |
|Out_R_d1        | out |   32|  ap_memory |     Out_R     |     array    |
|Out_I_address0  | out |   10|  ap_memory |     Out_I     |     array    |
|Out_I_ce0       | out |    1|  ap_memory |     Out_I     |     array    |
|Out_I_we0       | out |    1|  ap_memory |     Out_I     |     array    |
|Out_I_d0        | out |   32|  ap_memory |     Out_I     |     array    |
|Out_I_address1  | out |   10|  ap_memory |     Out_I     |     array    |
|Out_I_ce1       | out |    1|  ap_memory |     Out_I     |     array    |
|Out_I_we1       | out |    1|  ap_memory |     Out_I     |     array    |
|Out_I_d1        | out |   32|  ap_memory |     Out_I     |     array    |
+----------------+-----+-----+------------+---------------+--------------+

