

================================================================
== Vivado HLS Report for 'scaled_fixed2ieee'
================================================================
* Date:           Fri Jul 31 00:56:17 2020

* Version:        2019.1 (Build 2552052 on Fri May 24 15:28:33 MDT 2019)
* Project:        DOA_Estimation_proj
* Solution:       solution2
* Product family: zynq
* Target device:  xc7z020-clg400-1


================================================================
== Performance Estimates
================================================================
+ Timing (ns): 
    * Summary: 
    +--------+-------+----------+------------+
    |  Clock | Target| Estimated| Uncertainty|
    +--------+-------+----------+------------+
    |ap_clk  |  20.00|    13.509|        2.50|
    +--------+-------+----------+------------+

+ Latency (clock cycles): 
    * Summary: 
    +-----+-----+-----+-----+---------+
    |  Latency  |  Interval | Pipeline|
    | min | max | min | max |   Type  |
    +-----+-----+-----+-----+---------+
    |   19|   27|   19|   27|   none  |
    +-----+-----+-----+-----+---------+

    + Detail: 
        * Instance: 
        N/A

        * Loop: 
        +----------+-----+-----+----------+-----------+-----------+-------+----------+
        |          |  Latency  | Iteration|  Initiation Interval  |  Trip |          |
        | Loop Name| min | max |  Latency |  achieved |   target  | Count | Pipelined|
        +----------+-----+-----+----------+-----------+-----------+-------+----------+
        |- Loop 1  |    6|    6|         2|          -|          -|      3|    no    |
        |- Loop 2  |    8|    8|         2|          -|          -|      4|    no    |
        |- Loop 3  |    2|    9|         2|          -|          -| 1 ~ 4 |    no    |
        +----------+-----+-----+----------+-----------+-----------+-------+----------+

============================================================
+ Verbose Summary: Synthesis Manager
============================================================
InlineROM: 1
ExposeGlobal: 0
============================================================
+ Verbose Summary: CDFG Model
============================================================
IsTopModel: 0
ResetActiveHigh: 1
IsCombinational: 0
IsDatapathOnly: 0
HasWiredReturn: 1
HasMFsm: 0
HasVarLatency: 1
IsPipeline: 0
IsRtlPipelined: 0
IsInstanceOverlapped: 0
IsDontTouch: 0
HasImplIP: 0
IsGatedGlobalClock: 0


============================================================
+ Verbose Summary: Schedule
============================================================
* Number of FSM states : 7
* Pipeline : 0
* Dataflow Pipeline: 0

* FSM state transitions: 
1 --> 2 
2 --> 3 4 
3 --> 2 
4 --> 5 6 
5 --> 4 
6 --> 7 
7 --> 6 

* FSM state operations: 

State 1 <SV = 0> <Delay = 1.76>
ST_1 : Operation 8 [1/1] (0.00ns)   --->   "%prescale_read = call i12 @_ssdm_op_Read.ap_auto.i12(i12 %prescale)"   --->   Operation 8 'read' 'prescale_read' <Predicate = true> <Delay = 0.00>
ST_1 : Operation 9 [1/1] (0.00ns)   --->   "%in_V_read = call i63 @_ssdm_op_Read.ap_auto.i63(i63 %in_V)"   --->   Operation 9 'read' 'in_V_read' <Predicate = true> <Delay = 0.00>
ST_1 : Operation 10 [1/1] (0.00ns)   --->   "%out_bits_V = alloca [4 x i32], align 4" [r:/builds/2019.1/continuous/2019_05_24_2552052/src/products/hls/hls_lib/src/hls\utils/x_hls_float_utils.h:422]   --->   Operation 10 'alloca' 'out_bits_V' <Predicate = true> <Delay = 0.00> <Core = "RAM">   --->   Core 37 'RAM' <Latency = 1> <II = 1> <Delay = 2.32> <Storage> <Opcode : 'load' 'store'> <Ports = 2> <Width = 32> <Depth = 4> <RAM>
ST_1 : Operation 11 [1/1] (0.00ns)   --->   "%c = alloca [4 x i32], align 16" [r:/builds/2019.1/continuous/2019_05_24_2552052/src/products/hls/hls_lib/src/hls\utils/x_hls_float_utils.h:433]   --->   Operation 11 'alloca' 'c' <Predicate = true> <Delay = 0.00> <Core = "RAM">   --->   Core 37 'RAM' <Latency = 1> <II = 1> <Delay = 2.32> <Storage> <Opcode : 'load' 'store'> <Ports = 2> <Width = 32> <Depth = 4> <RAM>
ST_1 : Operation 12 [1/1] (1.76ns)   --->   "br label %.preheader" [r:/builds/2019.1/continuous/2019_05_24_2552052/src/products/hls/hls_lib/src/hls\utils/x_hls_float_utils.h:423]   --->   Operation 12 'br' <Predicate = true> <Delay = 1.76>

State 2 <SV = 1> <Delay = 2.32>
ST_2 : Operation 13 [1/1] (0.00ns)   --->   "%i_0 = phi i2 [ %i, %0 ], [ 0, %.preheader.preheader ]"   --->   Operation 13 'phi' 'i_0' <Predicate = true> <Delay = 0.00>
ST_2 : Operation 14 [1/1] (0.95ns)   --->   "%icmp_ln423 = icmp eq i2 %i_0, -1" [r:/builds/2019.1/continuous/2019_05_24_2552052/src/products/hls/hls_lib/src/hls\utils/x_hls_float_utils.h:423]   --->   Operation 14 'icmp' 'icmp_ln423' <Predicate = true> <Delay = 0.95> <Core = "Cmp">   --->   Core 25 'Cmp' <Latency = 0> <II = 1> <Delay = 2.78> <FuncUnit> <Opcode : 'icmp'> <InPorts = 2> <OutPorts = 1>
ST_2 : Operation 15 [1/1] (0.00ns)   --->   "call void (...)* @_ssdm_op_SpecLoopTripCount(i64 3, i64 3, i64 3)"   --->   Operation 15 'speclooptripcount' <Predicate = true> <Delay = 0.00>
ST_2 : Operation 16 [1/1] (1.56ns)   --->   "%i = add i2 %i_0, 1" [r:/builds/2019.1/continuous/2019_05_24_2552052/src/products/hls/hls_lib/src/hls\utils/x_hls_float_utils.h:423]   --->   Operation 16 'add' 'i' <Predicate = true> <Delay = 1.56> <Core = "AddSub">   --->   Core 14 'AddSub' <Latency = 0> <II = 1> <Delay = 2.55> <FuncUnit> <Opcode : 'add' 'sub'> <InPorts = 2> <OutPorts = 1>
ST_2 : Operation 17 [1/1] (0.00ns)   --->   "br i1 %icmp_ln423, label %1, label %0" [r:/builds/2019.1/continuous/2019_05_24_2552052/src/products/hls/hls_lib/src/hls\utils/x_hls_float_utils.h:423]   --->   Operation 17 'br' <Predicate = true> <Delay = 0.00>
ST_2 : Operation 18 [1/1] (0.00ns)   --->   "%zext_ln424 = zext i2 %i_0 to i64" [r:/builds/2019.1/continuous/2019_05_24_2552052/src/products/hls/hls_lib/src/hls\utils/x_hls_float_utils.h:424]   --->   Operation 18 'zext' 'zext_ln424' <Predicate = (!icmp_ln423)> <Delay = 0.00>
ST_2 : Operation 19 [1/1] (0.00ns)   --->   "%out_bits_V_addr_1 = getelementptr [4 x i32]* %out_bits_V, i64 0, i64 %zext_ln424" [r:/builds/2019.1/continuous/2019_05_24_2552052/src/products/hls/hls_lib/src/hls\utils/x_hls_float_utils.h:425]   --->   Operation 19 'getelementptr' 'out_bits_V_addr_1' <Predicate = (!icmp_ln423)> <Delay = 0.00>
ST_2 : Operation 20 [2/2] (2.32ns)   --->   "%p_Val2_s = load i32* %out_bits_V_addr_1, align 4" [r:/builds/2019.1/continuous/2019_05_24_2552052/src/products/hls/hls_lib/src/hls\utils/x_hls_float_utils.h:425]   --->   Operation 20 'load' 'p_Val2_s' <Predicate = (!icmp_ln423)> <Delay = 2.32> <Core = "RAM">   --->   Core 37 'RAM' <Latency = 1> <II = 1> <Delay = 2.32> <Storage> <Opcode : 'load' 'store'> <Ports = 2> <Width = 32> <Depth = 4> <RAM>
ST_2 : Operation 21 [1/1] (0.00ns)   --->   "%trunc_ln566 = trunc i63 %in_V_read to i15" [r:/builds/2019.1/continuous/2019_05_24_2552052/src/products/hls/hls_lib/src/hls\utils/x_hls_float_utils.h:429]   --->   Operation 21 'trunc' 'trunc_ln566' <Predicate = (icmp_ln423)> <Delay = 0.00>
ST_2 : Operation 22 [1/1] (0.00ns)   --->   "%out_bits_V_addr = getelementptr [4 x i32]* %out_bits_V, i64 0, i64 3" [r:/builds/2019.1/continuous/2019_05_24_2552052/src/products/hls/hls_lib/src/hls\utils/x_hls_float_utils.h:429]   --->   Operation 22 'getelementptr' 'out_bits_V_addr' <Predicate = (icmp_ln423)> <Delay = 0.00>
ST_2 : Operation 23 [1/1] (0.00ns)   --->   "%tmp = call i32 @_ssdm_op_BitConcatenate.i32.i15.i17(i15 %trunc_ln566, i17 -65536)" [r:/builds/2019.1/continuous/2019_05_24_2552052/src/products/hls/hls_lib/src/hls\utils/x_hls_float_utils.h:430]   --->   Operation 23 'bitconcatenate' 'tmp' <Predicate = (icmp_ln423)> <Delay = 0.00>
ST_2 : Operation 24 [1/1] (0.00ns)   --->   "call void (...)* @_ssdm_op_SpecBRAMWithByteEnable([4 x i32]* %out_bits_V)" [r:/builds/2019.1/continuous/2019_05_24_2552052/src/products/hls/hls_lib/src/hls\utils/x_hls_float_utils.h:430]   --->   Operation 24 'specbramwithbyteenable' <Predicate = (icmp_ln423)> <Delay = 0.00>
ST_2 : Operation 25 [1/1] (2.32ns)   --->   "call void @_ssdm_op_Write.bram.i32(i32* %out_bits_V_addr, i32 %tmp, i4 -4)" [r:/builds/2019.1/continuous/2019_05_24_2552052/src/products/hls/hls_lib/src/hls\utils/x_hls_float_utils.h:430]   --->   Operation 25 'store' <Predicate = (icmp_ln423)> <Delay = 2.32> <Core = "RAM">   --->   Core 37 'RAM' <Latency = 1> <II = 1> <Delay = 2.32> <Storage> <Opcode : 'load' 'store'> <Ports = 2> <Width = 32> <Depth = 4> <RAM>
ST_2 : Operation 26 [1/1] (1.76ns)   --->   "br label %2" [r:/builds/2019.1/continuous/2019_05_24_2552052/src/products/hls/hls_lib/src/hls\utils/x_hls_float_utils.h:434]   --->   Operation 26 'br' <Predicate = (icmp_ln423)> <Delay = 1.76>

State 3 <SV = 2> <Delay = 13.5>
ST_3 : Operation 27 [1/1] (0.00ns)   --->   "%shl_ln = call i6 @_ssdm_op_BitConcatenate.i6.i2.i4(i2 %i_0, i4 0)" [r:/builds/2019.1/continuous/2019_05_24_2552052/src/products/hls/hls_lib/src/hls\utils/x_hls_float_utils.h:424]   --->   Operation 27 'bitconcatenate' 'shl_ln' <Predicate = true> <Delay = 0.00>
ST_3 : Operation 28 [1/1] (1.82ns)   --->   "%sub_ln424 = sub i6 -2, %shl_ln" [r:/builds/2019.1/continuous/2019_05_24_2552052/src/products/hls/hls_lib/src/hls\utils/x_hls_float_utils.h:424]   --->   Operation 28 'sub' 'sub_ln424' <Predicate = true> <Delay = 1.82> <Core = "AddSub">   --->   Core 14 'AddSub' <Latency = 0> <II = 1> <Delay = 2.55> <FuncUnit> <Opcode : 'add' 'sub'> <InPorts = 2> <OutPorts = 1>
ST_3 : Operation 29 [1/1] (1.82ns)   --->   "%sub_ln425 = sub i6 -17, %shl_ln" [r:/builds/2019.1/continuous/2019_05_24_2552052/src/products/hls/hls_lib/src/hls\utils/x_hls_float_utils.h:425]   --->   Operation 29 'sub' 'sub_ln425' <Predicate = true> <Delay = 1.82> <Core = "AddSub">   --->   Core 14 'AddSub' <Latency = 0> <II = 1> <Delay = 2.55> <FuncUnit> <Opcode : 'add' 'sub'> <InPorts = 2> <OutPorts = 1>
ST_3 : Operation 30 [1/1] (1.42ns)   --->   "%icmp_ln566 = icmp ugt i6 %sub_ln425, %sub_ln424" [r:/builds/2019.1/continuous/2019_05_24_2552052/src/products/hls/hls_lib/src/hls\utils/x_hls_float_utils.h:425]   --->   Operation 30 'icmp' 'icmp_ln566' <Predicate = true> <Delay = 1.42> <Core = "Cmp">   --->   Core 25 'Cmp' <Latency = 0> <II = 1> <Delay = 2.78> <FuncUnit> <Opcode : 'icmp'> <InPorts = 2> <OutPorts = 1>
ST_3 : Operation 31 [1/1] (0.00ns) (grouped into LUT with out node lshr_ln566)   --->   "%tmp_6 = call i63 @llvm.part.select.i63(i63 %in_V_read, i32 62, i32 0)" [r:/builds/2019.1/continuous/2019_05_24_2552052/src/products/hls/hls_lib/src/hls\utils/x_hls_float_utils.h:425]   --->   Operation 31 'partselect' 'tmp_6' <Predicate = true> <Delay = 0.00>
ST_3 : Operation 32 [1/1] (1.82ns)   --->   "%sub_ln566 = sub i6 %sub_ln425, %sub_ln424" [r:/builds/2019.1/continuous/2019_05_24_2552052/src/products/hls/hls_lib/src/hls\utils/x_hls_float_utils.h:425]   --->   Operation 32 'sub' 'sub_ln566' <Predicate = true> <Delay = 1.82> <Core = "AddSub">   --->   Core 14 'AddSub' <Latency = 0> <II = 1> <Delay = 2.55> <FuncUnit> <Opcode : 'add' 'sub'> <InPorts = 2> <OutPorts = 1>
ST_3 : Operation 33 [1/1] (1.82ns)   --->   "%sub_ln566_1 = sub i6 -2, %sub_ln425" [r:/builds/2019.1/continuous/2019_05_24_2552052/src/products/hls/hls_lib/src/hls\utils/x_hls_float_utils.h:425]   --->   Operation 33 'sub' 'sub_ln566_1' <Predicate = true> <Delay = 1.82> <Core = "AddSub">   --->   Core 14 'AddSub' <Latency = 0> <II = 1> <Delay = 2.55> <FuncUnit> <Opcode : 'add' 'sub'> <InPorts = 2> <OutPorts = 1>
ST_3 : Operation 34 [1/1] (1.82ns)   --->   "%sub_ln566_2 = sub i6 %sub_ln424, %sub_ln425" [r:/builds/2019.1/continuous/2019_05_24_2552052/src/products/hls/hls_lib/src/hls\utils/x_hls_float_utils.h:425]   --->   Operation 34 'sub' 'sub_ln566_2' <Predicate = true> <Delay = 1.82> <Core = "AddSub">   --->   Core 14 'AddSub' <Latency = 0> <II = 1> <Delay = 2.55> <FuncUnit> <Opcode : 'add' 'sub'> <InPorts = 2> <OutPorts = 1>
ST_3 : Operation 35 [1/1] (0.00ns) (grouped into LUT with out node sub_ln566_3)   --->   "%select_ln566 = select i1 %icmp_ln566, i6 %sub_ln566, i6 %sub_ln566_2" [r:/builds/2019.1/continuous/2019_05_24_2552052/src/products/hls/hls_lib/src/hls\utils/x_hls_float_utils.h:425]   --->   Operation 35 'select' 'select_ln566' <Predicate = true> <Delay = 0.00> <Core = "Sel">   --->   Core 26 'Sel' <Latency = 0> <II = 1> <Delay = 0.69> <FuncUnit> <Opcode : 'select'> <InPorts = 3> <OutPorts = 1>
ST_3 : Operation 36 [1/1] (0.00ns) (grouped into LUT with out node lshr_ln566)   --->   "%select_ln566_1 = select i1 %icmp_ln566, i63 %tmp_6, i63 %in_V_read" [r:/builds/2019.1/continuous/2019_05_24_2552052/src/products/hls/hls_lib/src/hls\utils/x_hls_float_utils.h:425]   --->   Operation 36 'select' 'select_ln566_1' <Predicate = true> <Delay = 0.00> <Core = "Sel">   --->   Core 26 'Sel' <Latency = 0> <II = 1> <Delay = 0.69> <FuncUnit> <Opcode : 'select'> <InPorts = 3> <OutPorts = 1>
ST_3 : Operation 37 [1/1] (0.00ns) (grouped into LUT with out node lshr_ln566)   --->   "%select_ln566_2 = select i1 %icmp_ln566, i6 %sub_ln566_1, i6 %sub_ln425" [r:/builds/2019.1/continuous/2019_05_24_2552052/src/products/hls/hls_lib/src/hls\utils/x_hls_float_utils.h:425]   --->   Operation 37 'select' 'select_ln566_2' <Predicate = true> <Delay = 0.00> <Core = "Sel">   --->   Core 26 'Sel' <Latency = 0> <II = 1> <Delay = 0.69> <FuncUnit> <Opcode : 'select'> <InPorts = 3> <OutPorts = 1>
ST_3 : Operation 38 [1/1] (1.82ns) (out node of the LUT)   --->   "%sub_ln566_3 = sub i6 -2, %select_ln566" [r:/builds/2019.1/continuous/2019_05_24_2552052/src/products/hls/hls_lib/src/hls\utils/x_hls_float_utils.h:425]   --->   Operation 38 'sub' 'sub_ln566_3' <Predicate = true> <Delay = 1.82> <Core = "AddSub">   --->   Core 14 'AddSub' <Latency = 0> <II = 1> <Delay = 2.55> <FuncUnit> <Opcode : 'add' 'sub'> <InPorts = 2> <OutPorts = 1>
ST_3 : Operation 39 [1/1] (0.00ns) (grouped into LUT with out node lshr_ln566)   --->   "%zext_ln566 = zext i6 %select_ln566_2 to i63" [r:/builds/2019.1/continuous/2019_05_24_2552052/src/products/hls/hls_lib/src/hls\utils/x_hls_float_utils.h:425]   --->   Operation 39 'zext' 'zext_ln566' <Predicate = true> <Delay = 0.00>
ST_3 : Operation 40 [1/1] (0.00ns) (grouped into LUT with out node p_Result_s)   --->   "%zext_ln566_1 = zext i6 %sub_ln566_3 to i63" [r:/builds/2019.1/continuous/2019_05_24_2552052/src/products/hls/hls_lib/src/hls\utils/x_hls_float_utils.h:425]   --->   Operation 40 'zext' 'zext_ln566_1' <Predicate = true> <Delay = 0.00>
ST_3 : Operation 41 [1/1] (4.59ns) (out node of the LUT)   --->   "%lshr_ln566 = lshr i63 %select_ln566_1, %zext_ln566" [r:/builds/2019.1/continuous/2019_05_24_2552052/src/products/hls/hls_lib/src/hls\utils/x_hls_float_utils.h:425]   --->   Operation 41 'lshr' 'lshr_ln566' <Predicate = true> <Delay = 4.59> <Core = "Shift">   --->   Core 28 'Shift' <Latency = 0> <II = 1> <Delay = 4.59> <FuncUnit> <Opcode : 'shl' 'lshr' 'ashr'> <InPorts = 2> <OutPorts = 1>
ST_3 : Operation 42 [1/1] (0.00ns) (grouped into LUT with out node p_Result_s)   --->   "%lshr_ln566_1 = lshr i63 -1, %zext_ln566_1" [r:/builds/2019.1/continuous/2019_05_24_2552052/src/products/hls/hls_lib/src/hls\utils/x_hls_float_utils.h:425]   --->   Operation 42 'lshr' 'lshr_ln566_1' <Predicate = true> <Delay = 0.00> <Core = "Shift">   --->   Core 28 'Shift' <Latency = 0> <II = 1> <Delay = 4.59> <FuncUnit> <Opcode : 'shl' 'lshr' 'ashr'> <InPorts = 2> <OutPorts = 1>
ST_3 : Operation 43 [1/1] (2.94ns) (out node of the LUT)   --->   "%p_Result_s = and i63 %lshr_ln566, %lshr_ln566_1" [r:/builds/2019.1/continuous/2019_05_24_2552052/src/products/hls/hls_lib/src/hls\utils/x_hls_float_utils.h:425]   --->   Operation 43 'and' 'p_Result_s' <Predicate = true> <Delay = 2.94> <Core = "LogicGate">   --->   Core 27 'LogicGate' <Latency = 0> <II = 1> <Delay = 0.97> <FuncUnit> <Opcode : 'and' 'or' 'xor'> <InPorts = 2> <OutPorts = 1>
ST_3 : Operation 44 [1/2] (2.32ns)   --->   "%p_Val2_s = load i32* %out_bits_V_addr_1, align 4" [r:/builds/2019.1/continuous/2019_05_24_2552052/src/products/hls/hls_lib/src/hls\utils/x_hls_float_utils.h:425]   --->   Operation 44 'load' 'p_Val2_s' <Predicate = true> <Delay = 2.32> <Core = "RAM">   --->   Core 37 'RAM' <Latency = 1> <II = 1> <Delay = 2.32> <Storage> <Opcode : 'load' 'store'> <Ports = 2> <Width = 32> <Depth = 4> <RAM>
ST_3 : Operation 45 [1/1] (0.00ns)   --->   "%trunc_ln169 = trunc i63 %p_Result_s to i16" [r:/builds/2019.1/continuous/2019_05_24_2552052/src/products/hls/hls_lib/src/hls\utils/x_hls_float_utils.h:425]   --->   Operation 45 'trunc' 'trunc_ln169' <Predicate = true> <Delay = 0.00>
ST_3 : Operation 46 [1/1] (0.00ns)   --->   "%tmp_2 = call i17 @_ssdm_op_BitConcatenate.i17.i16.i1(i16 %trunc_ln169, i1 true)" [r:/builds/2019.1/continuous/2019_05_24_2552052/src/products/hls/hls_lib/src/hls\utils/x_hls_float_utils.h:426]   --->   Operation 46 'bitconcatenate' 'tmp_2' <Predicate = true> <Delay = 0.00>
ST_3 : Operation 47 [1/1] (0.00ns)   --->   "%p_Result_2 = call i32 @_ssdm_op_PartSet.i32.i32.i17.i32.i32(i32 %p_Val2_s, i17 %tmp_2, i32 15, i32 31)" [r:/builds/2019.1/continuous/2019_05_24_2552052/src/products/hls/hls_lib/src/hls\utils/x_hls_float_utils.h:426]   --->   Operation 47 'partset' 'p_Result_2' <Predicate = true> <Delay = 0.00>
ST_3 : Operation 48 [1/1] (2.32ns)   --->   "call void @_ssdm_op_Write.bram.i32(i32* %out_bits_V_addr_1, i32 %p_Result_2, i4 -1)" [r:/builds/2019.1/continuous/2019_05_24_2552052/src/products/hls/hls_lib/src/hls\utils/x_hls_float_utils.h:426]   --->   Operation 48 'store' <Predicate = true> <Delay = 2.32> <Core = "RAM">   --->   Core 37 'RAM' <Latency = 1> <II = 1> <Delay = 2.32> <Storage> <Opcode : 'load' 'store'> <Ports = 2> <Width = 32> <Depth = 4> <RAM>
ST_3 : Operation 49 [1/1] (0.00ns)   --->   "br label %.preheader" [r:/builds/2019.1/continuous/2019_05_24_2552052/src/products/hls/hls_lib/src/hls\utils/x_hls_float_utils.h:423]   --->   Operation 49 'br' <Predicate = true> <Delay = 0.00>

State 4 <SV = 2> <Delay = 2.32>
ST_4 : Operation 50 [1/1] (0.00ns)   --->   "%i1_0 = phi i3 [ 0, %1 ], [ %i_2, %3 ]"   --->   Operation 50 'phi' 'i1_0' <Predicate = true> <Delay = 0.00>
ST_4 : Operation 51 [1/1] (1.13ns)   --->   "%icmp_ln434 = icmp eq i3 %i1_0, -4" [r:/builds/2019.1/continuous/2019_05_24_2552052/src/products/hls/hls_lib/src/hls\utils/x_hls_float_utils.h:434]   --->   Operation 51 'icmp' 'icmp_ln434' <Predicate = true> <Delay = 1.13> <Core = "Cmp">   --->   Core 25 'Cmp' <Latency = 0> <II = 1> <Delay = 2.78> <FuncUnit> <Opcode : 'icmp'> <InPorts = 2> <OutPorts = 1>
ST_4 : Operation 52 [1/1] (0.00ns)   --->   "call void (...)* @_ssdm_op_SpecLoopTripCount(i64 4, i64 4, i64 4)"   --->   Operation 52 'speclooptripcount' <Predicate = true> <Delay = 0.00>
ST_4 : Operation 53 [1/1] (1.65ns)   --->   "%i_2 = add i3 %i1_0, 1" [r:/builds/2019.1/continuous/2019_05_24_2552052/src/products/hls/hls_lib/src/hls\utils/x_hls_float_utils.h:434]   --->   Operation 53 'add' 'i_2' <Predicate = true> <Delay = 1.65> <Core = "AddSub">   --->   Core 14 'AddSub' <Latency = 0> <II = 1> <Delay = 2.55> <FuncUnit> <Opcode : 'add' 'sub'> <InPorts = 2> <OutPorts = 1>
ST_4 : Operation 54 [1/1] (0.00ns)   --->   "br i1 %icmp_ln434, label %_ZN8ap_fixedILi63ELi1EL9ap_q_mode5EL9ap_o_mode3ELi0EEC1ILi63ELi1ELb0ELS0_5ELS1_3ELi0EEERK13ap_fixed_baseIXT_EXT0_EXT1_EXT2_EXT3_EXT4_EE.exit.preheader, label %3" [r:/builds/2019.1/continuous/2019_05_24_2552052/src/products/hls/hls_lib/src/hls\utils/x_hls_float_utils.h:434]   --->   Operation 54 'br' <Predicate = true> <Delay = 0.00>
ST_4 : Operation 55 [1/1] (0.00ns)   --->   "%zext_ln435 = zext i3 %i1_0 to i64" [r:/builds/2019.1/continuous/2019_05_24_2552052/src/products/hls/hls_lib/src/hls\utils/x_hls_float_utils.h:435]   --->   Operation 55 'zext' 'zext_ln435' <Predicate = (!icmp_ln434)> <Delay = 0.00>
ST_4 : Operation 56 [1/1] (0.00ns)   --->   "%out_bits_V_addr_2 = getelementptr [4 x i32]* %out_bits_V, i64 0, i64 %zext_ln435" [r:/builds/2019.1/continuous/2019_05_24_2552052/src/products/hls/hls_lib/src/hls\utils/x_hls_float_utils.h:435]   --->   Operation 56 'getelementptr' 'out_bits_V_addr_2' <Predicate = (!icmp_ln434)> <Delay = 0.00>
ST_4 : Operation 57 [2/2] (2.32ns)   --->   "%p_Val2_26 = load i32* %out_bits_V_addr_2, align 4" [r:/builds/2019.1/continuous/2019_05_24_2552052/src/products/hls/hls_lib/src/hls\utils/x_hls_float_utils.h:435]   --->   Operation 57 'load' 'p_Val2_26' <Predicate = (!icmp_ln434)> <Delay = 2.32> <Core = "RAM">   --->   Core 37 'RAM' <Latency = 1> <II = 1> <Delay = 2.32> <Storage> <Opcode : 'load' 'store'> <Ports = 2> <Width = 32> <Depth = 4> <RAM>
ST_4 : Operation 58 [1/1] (1.76ns)   --->   "br label %_ZN8ap_fixedILi63ELi1EL9ap_q_mode5EL9ap_o_mode3ELi0EEC1ILi63ELi1ELb0ELS0_5ELS1_3ELi0EEERK13ap_fixed_baseIXT_EXT0_EXT1_EXT2_EXT3_EXT4_EE.exit" [r:/builds/2019.1/continuous/2019_05_24_2552052/src/products/hls/hls_lib/src/hls\utils/x_hls_float_utils.h:441]   --->   Operation 58 'br' <Predicate = (icmp_ln434)> <Delay = 1.76>

State 5 <SV = 3> <Delay = 8.04>
ST_5 : Operation 59 [1/2] (2.32ns)   --->   "%p_Val2_26 = load i32* %out_bits_V_addr_2, align 4" [r:/builds/2019.1/continuous/2019_05_24_2552052/src/products/hls/hls_lib/src/hls\utils/x_hls_float_utils.h:435]   --->   Operation 59 'load' 'p_Val2_26' <Predicate = true> <Delay = 2.32> <Core = "RAM">   --->   Core 37 'RAM' <Latency = 1> <II = 1> <Delay = 2.32> <Storage> <Opcode : 'load' 'store'> <Ports = 2> <Width = 32> <Depth = 4> <RAM>
ST_5 : Operation 60 [1/1] (0.00ns)   --->   "%p_Result_23 = call i32 @_ssdm_op_PartSelect.i32.i32.i32.i32(i32 %p_Val2_26, i32 31, i32 0) nounwind" [r:/builds/2019.1/continuous/2019_05_24_2552052/src/products/hls/hls_lib/hlsmath/include/FloatingPoint/hls_normalize.h:110->r:/builds/2019.1/continuous/2019_05_24_2552052/src/products/hls/hls_lib/src/hls\utils/x_hls_float_utils.h:435]   --->   Operation 60 'partselect' 'p_Result_23' <Predicate = true> <Delay = 0.00>
ST_5 : Operation 61 [1/1] (3.39ns)   --->   "%tmp_i = call i32 @llvm.cttz.i32(i32 %p_Result_23, i1 true) nounwind" [r:/builds/2019.1/continuous/2019_05_24_2552052/src/products/hls/hls_lib/hlsmath/include/FloatingPoint/hls_normalize.h:110->r:/builds/2019.1/continuous/2019_05_24_2552052/src/products/hls/hls_lib/src/hls\utils/x_hls_float_utils.h:435]   --->   Operation 61 'cttz' 'tmp_i' <Predicate = true> <Delay = 3.39> <Core = "CTTZ">   --->   Core 64 'CTTZ' <Latency = 0> <II = 1> <Delay = 3.39> <FuncUnit> <Opcode : 'cttz'> <InPorts = 1> <OutPorts = 1>
ST_5 : Operation 62 [1/1] (0.00ns)   --->   "%c_addr = getelementptr inbounds [4 x i32]* %c, i64 0, i64 %zext_ln435" [r:/builds/2019.1/continuous/2019_05_24_2552052/src/products/hls/hls_lib/src/hls\utils/x_hls_float_utils.h:435]   --->   Operation 62 'getelementptr' 'c_addr' <Predicate = true> <Delay = 0.00>
ST_5 : Operation 63 [1/1] (2.32ns)   --->   "store i32 %tmp_i, i32* %c_addr, align 4" [r:/builds/2019.1/continuous/2019_05_24_2552052/src/products/hls/hls_lib/src/hls\utils/x_hls_float_utils.h:435]   --->   Operation 63 'store' <Predicate = true> <Delay = 2.32> <Core = "RAM">   --->   Core 37 'RAM' <Latency = 1> <II = 1> <Delay = 2.32> <Storage> <Opcode : 'load' 'store'> <Ports = 2> <Width = 32> <Depth = 4> <RAM>
ST_5 : Operation 64 [1/1] (0.00ns)   --->   "br label %2" [r:/builds/2019.1/continuous/2019_05_24_2552052/src/products/hls/hls_lib/src/hls\utils/x_hls_float_utils.h:434]   --->   Operation 64 'br' <Predicate = true> <Delay = 0.00>

State 6 <SV = 3> <Delay = 2.89>
ST_6 : Operation 65 [1/1] (0.00ns)   --->   "%p_0119_0 = phi i63 [ %r_V_17, %_ZNK13ap_fixed_baseILi63ELi1ELb1EL9ap_q_mode5EL9ap_o_mode3ELi0EElsEi.exit ], [ %in_V_read, %_ZN8ap_fixedILi63ELi1EL9ap_q_mode5EL9ap_o_mode3ELi0EEC1ILi63ELi1ELb0ELS0_5ELS1_3ELi0EEERK13ap_fixed_baseIXT_EXT0_EXT1_EXT2_EXT3_EXT4_EE.exit.preheader ]"   --->   Operation 65 'phi' 'p_0119_0' <Predicate = true> <Delay = 0.00>
ST_6 : Operation 66 [1/1] (0.00ns)   --->   "%shift_0 = phi i32 [ %shift, %_ZNK13ap_fixed_baseILi63ELi1ELb1EL9ap_q_mode5EL9ap_o_mode3ELi0EElsEi.exit ], [ 0, %_ZN8ap_fixedILi63ELi1EL9ap_q_mode5EL9ap_o_mode3ELi0EEC1ILi63ELi1ELb0ELS0_5ELS1_3ELi0EEERK13ap_fixed_baseIXT_EXT0_EXT1_EXT2_EXT3_EXT4_EE.exit.preheader ]"   --->   Operation 66 'phi' 'shift_0' <Predicate = true> <Delay = 0.00>
ST_6 : Operation 67 [1/1] (0.00ns)   --->   "%i2_0 = phi i3 [ %i_3, %_ZNK13ap_fixed_baseILi63ELi1ELb1EL9ap_q_mode5EL9ap_o_mode3ELi0EElsEi.exit ], [ 0, %_ZN8ap_fixedILi63ELi1EL9ap_q_mode5EL9ap_o_mode3ELi0EEC1ILi63ELi1ELb0ELS0_5ELS1_3ELi0EEERK13ap_fixed_baseIXT_EXT0_EXT1_EXT2_EXT3_EXT4_EE.exit.preheader ]"   --->   Operation 67 'phi' 'i2_0' <Predicate = true> <Delay = 0.00>
ST_6 : Operation 68 [1/1] (1.13ns)   --->   "%icmp_ln441 = icmp eq i3 %i2_0, -4" [r:/builds/2019.1/continuous/2019_05_24_2552052/src/products/hls/hls_lib/src/hls\utils/x_hls_float_utils.h:441]   --->   Operation 68 'icmp' 'icmp_ln441' <Predicate = true> <Delay = 1.13> <Core = "Cmp">   --->   Core 25 'Cmp' <Latency = 0> <II = 1> <Delay = 2.78> <FuncUnit> <Opcode : 'icmp'> <InPorts = 2> <OutPorts = 1>
ST_6 : Operation 69 [1/1] (0.00ns)   --->   "call void (...)* @_ssdm_op_SpecLoopTripCount(i64 1, i64 4, i64 2)"   --->   Operation 69 'speclooptripcount' <Predicate = true> <Delay = 0.00>
ST_6 : Operation 70 [1/1] (1.65ns)   --->   "%i_3 = add i3 %i2_0, 1" [r:/builds/2019.1/continuous/2019_05_24_2552052/src/products/hls/hls_lib/src/hls\utils/x_hls_float_utils.h:441]   --->   Operation 70 'add' 'i_3' <Predicate = true> <Delay = 1.65> <Core = "AddSub">   --->   Core 14 'AddSub' <Latency = 0> <II = 1> <Delay = 2.55> <FuncUnit> <Opcode : 'add' 'sub'> <InPorts = 2> <OutPorts = 1>
ST_6 : Operation 71 [1/1] (1.76ns)   --->   "br i1 %icmp_ln441, label %.loopexit_ifconv, label %_ZNK13ap_fixed_baseILi63ELi1ELb1EL9ap_q_mode5EL9ap_o_mode3ELi0EElsEi.exit" [r:/builds/2019.1/continuous/2019_05_24_2552052/src/products/hls/hls_lib/src/hls\utils/x_hls_float_utils.h:441]   --->   Operation 71 'br' <Predicate = true> <Delay = 1.76>
ST_6 : Operation 72 [1/1] (0.00ns)   --->   "%zext_ln442 = zext i3 %i2_0 to i64" [r:/builds/2019.1/continuous/2019_05_24_2552052/src/products/hls/hls_lib/src/hls\utils/x_hls_float_utils.h:442]   --->   Operation 72 'zext' 'zext_ln442' <Predicate = (!icmp_ln441)> <Delay = 0.00>
ST_6 : Operation 73 [1/1] (0.00ns)   --->   "%c_addr_1 = getelementptr inbounds [4 x i32]* %c, i64 0, i64 %zext_ln442" [r:/builds/2019.1/continuous/2019_05_24_2552052/src/products/hls/hls_lib/src/hls\utils/x_hls_float_utils.h:442]   --->   Operation 73 'getelementptr' 'c_addr_1' <Predicate = (!icmp_ln441)> <Delay = 0.00>
ST_6 : Operation 74 [2/2] (2.32ns)   --->   "%c_load = load i32* %c_addr_1, align 4" [r:/builds/2019.1/continuous/2019_05_24_2552052/src/products/hls/hls_lib/src/hls\utils/x_hls_float_utils.h:442]   --->   Operation 74 'load' 'c_load' <Predicate = (!icmp_ln441)> <Delay = 2.32> <Core = "RAM">   --->   Core 37 'RAM' <Latency = 1> <II = 1> <Delay = 2.32> <Storage> <Opcode : 'load' 'store'> <Ports = 2> <Width = 32> <Depth = 4> <RAM>

State 7 <SV = 4> <Delay = 12.8>
ST_7 : Operation 75 [1/2] (2.32ns)   --->   "%c_load = load i32* %c_addr_1, align 4" [r:/builds/2019.1/continuous/2019_05_24_2552052/src/products/hls/hls_lib/src/hls\utils/x_hls_float_utils.h:442]   --->   Operation 75 'load' 'c_load' <Predicate = (!icmp_ln441)> <Delay = 2.32> <Core = "RAM">   --->   Core 37 'RAM' <Latency = 1> <II = 1> <Delay = 2.32> <Storage> <Opcode : 'load' 'store'> <Ports = 2> <Width = 32> <Depth = 4> <RAM>
ST_7 : Operation 76 [1/1] (2.55ns)   --->   "%shift = add nsw i32 %c_load, %shift_0" [r:/builds/2019.1/continuous/2019_05_24_2552052/src/products/hls/hls_lib/src/hls\utils/x_hls_float_utils.h:442]   --->   Operation 76 'add' 'shift' <Predicate = (!icmp_ln441)> <Delay = 2.55> <Core = "AddSub">   --->   Core 14 'AddSub' <Latency = 0> <II = 1> <Delay = 2.55> <FuncUnit> <Opcode : 'add' 'sub'> <InPorts = 2> <OutPorts = 1>
ST_7 : Operation 77 [1/1] (0.00ns)   --->   "%isNeg = call i1 @_ssdm_op_BitSelect.i1.i32.i32(i32 %c_load, i32 31)" [r:/builds/2019.1/continuous/2019_05_24_2552052/src/products/hls/hls_lib/src/hls\utils/x_hls_float_utils.h:443]   --->   Operation 77 'bitselect' 'isNeg' <Predicate = (!icmp_ln441)> <Delay = 0.00>
ST_7 : Operation 78 [1/1] (2.55ns)   --->   "%sub_ln1311 = sub nsw i32 0, %c_load" [r:/builds/2019.1/continuous/2019_05_24_2552052/src/products/hls/hls_lib/src/hls\utils/x_hls_float_utils.h:443]   --->   Operation 78 'sub' 'sub_ln1311' <Predicate = (!icmp_ln441)> <Delay = 2.55> <Core = "AddSub">   --->   Core 14 'AddSub' <Latency = 0> <II = 1> <Delay = 2.55> <FuncUnit> <Opcode : 'add' 'sub'> <InPorts = 2> <OutPorts = 1>
ST_7 : Operation 79 [1/1] (0.69ns)   --->   "%ush = select i1 %isNeg, i32 %sub_ln1311, i32 %c_load" [r:/builds/2019.1/continuous/2019_05_24_2552052/src/products/hls/hls_lib/src/hls\utils/x_hls_float_utils.h:443]   --->   Operation 79 'select' 'ush' <Predicate = (!icmp_ln441)> <Delay = 0.69> <Core = "Sel">   --->   Core 26 'Sel' <Latency = 0> <II = 1> <Delay = 0.69> <FuncUnit> <Opcode : 'select'> <InPorts = 3> <OutPorts = 1>
ST_7 : Operation 80 [1/1] (0.00ns)   --->   "%zext_ln1287 = zext i32 %ush to i63" [r:/builds/2019.1/continuous/2019_05_24_2552052/src/products/hls/hls_lib/src/hls\utils/x_hls_float_utils.h:443]   --->   Operation 80 'zext' 'zext_ln1287' <Predicate = (!icmp_ln441)> <Delay = 0.00>
ST_7 : Operation 81 [1/1] (0.00ns) (grouped into LUT with out node r_V_17)   --->   "%r_V = ashr i63 %p_0119_0, %zext_ln1287" [r:/builds/2019.1/continuous/2019_05_24_2552052/src/products/hls/hls_lib/src/hls\utils/x_hls_float_utils.h:443]   --->   Operation 81 'ashr' 'r_V' <Predicate = (!icmp_ln441)> <Delay = 0.00> <Core = "Shift">   --->   Core 28 'Shift' <Latency = 0> <II = 1> <Delay = 4.59> <FuncUnit> <Opcode : 'shl' 'lshr' 'ashr'> <InPorts = 2> <OutPorts = 1>
ST_7 : Operation 82 [1/1] (0.00ns) (grouped into LUT with out node r_V_17)   --->   "%r_V_15 = shl i63 %p_0119_0, %zext_ln1287" [r:/builds/2019.1/continuous/2019_05_24_2552052/src/products/hls/hls_lib/src/hls\utils/x_hls_float_utils.h:443]   --->   Operation 82 'shl' 'r_V_15' <Predicate = (!icmp_ln441)> <Delay = 0.00> <Core = "Shift">   --->   Core 28 'Shift' <Latency = 0> <II = 1> <Delay = 4.59> <FuncUnit> <Opcode : 'shl' 'lshr' 'ashr'> <InPorts = 2> <OutPorts = 1>
ST_7 : Operation 83 [1/1] (4.59ns) (out node of the LUT)   --->   "%r_V_17 = select i1 %isNeg, i63 %r_V, i63 %r_V_15" [r:/builds/2019.1/continuous/2019_05_24_2552052/src/products/hls/hls_lib/src/hls\utils/x_hls_float_utils.h:443]   --->   Operation 83 'select' 'r_V_17' <Predicate = (!icmp_ln441)> <Delay = 4.59> <Core = "Sel">   --->   Core 26 'Sel' <Latency = 0> <II = 1> <Delay = 0.69> <FuncUnit> <Opcode : 'select'> <InPorts = 3> <OutPorts = 1>
ST_7 : Operation 84 [1/1] (2.47ns)   --->   "%icmp_ln444 = icmp eq i32 %c_load, 16" [r:/builds/2019.1/continuous/2019_05_24_2552052/src/products/hls/hls_lib/src/hls\utils/x_hls_float_utils.h:444]   --->   Operation 84 'icmp' 'icmp_ln444' <Predicate = (!icmp_ln441)> <Delay = 2.47> <Core = "Cmp">   --->   Core 25 'Cmp' <Latency = 0> <II = 1> <Delay = 2.78> <FuncUnit> <Opcode : 'icmp'> <InPorts = 2> <OutPorts = 1>
ST_7 : Operation 85 [1/1] (1.76ns)   --->   "br i1 %icmp_ln444, label %_ZN8ap_fixedILi63ELi1EL9ap_q_mode5EL9ap_o_mode3ELi0EEC1ILi63ELi1ELb0ELS0_5ELS1_3ELi0EEERK13ap_fixed_baseIXT_EXT0_EXT1_EXT2_EXT3_EXT4_EE.exit, label %.loopexit_ifconv" [r:/builds/2019.1/continuous/2019_05_24_2552052/src/products/hls/hls_lib/src/hls\utils/x_hls_float_utils.h:444]   --->   Operation 85 'br' <Predicate = (!icmp_ln441)> <Delay = 1.76>
ST_7 : Operation 86 [1/1] (0.00ns) (grouped into LUT with out node significand_V)   --->   "%p_Val2_5_in = phi i63 [ %p_0119_0, %_ZN8ap_fixedILi63ELi1EL9ap_q_mode5EL9ap_o_mode3ELi0EEC1ILi63ELi1ELb0ELS0_5ELS1_3ELi0EEERK13ap_fixed_baseIXT_EXT0_EXT1_EXT2_EXT3_EXT4_EE.exit ], [ %r_V_17, %_ZNK13ap_fixed_baseILi63ELi1ELb1EL9ap_q_mode5EL9ap_o_mode3ELi0EElsEi.exit ]"   --->   Operation 86 'phi' 'p_Val2_5_in' <Predicate = (!icmp_ln444) | (icmp_ln441)> <Delay = 0.00>
ST_7 : Operation 87 [1/1] (0.00ns) (grouped into LUT with out node newexp)   --->   "%shift_1 = phi i32 [ %shift_0, %_ZN8ap_fixedILi63ELi1EL9ap_q_mode5EL9ap_o_mode3ELi0EEC1ILi63ELi1ELb0ELS0_5ELS1_3ELi0EEERK13ap_fixed_baseIXT_EXT0_EXT1_EXT2_EXT3_EXT4_EE.exit ], [ %shift, %_ZNK13ap_fixed_baseILi63ELi1ELb1EL9ap_q_mode5EL9ap_o_mode3ELi0EElsEi.exit ]"   --->   Operation 87 'phi' 'shift_1' <Predicate = (!icmp_ln444) | (icmp_ln441)> <Delay = 0.00>
ST_7 : Operation 88 [1/1] (1.54ns)   --->   "%sub_ln452 = sub i12 1023, %prescale_read" [r:/builds/2019.1/continuous/2019_05_24_2552052/src/products/hls/hls_lib/src/hls\utils/x_hls_float_utils.h:452]   --->   Operation 88 'sub' 'sub_ln452' <Predicate = (!icmp_ln444) | (icmp_ln441)> <Delay = 1.54> <Core = "AddSub">   --->   Core 14 'AddSub' <Latency = 0> <II = 1> <Delay = 2.55> <FuncUnit> <Opcode : 'add' 'sub'> <InPorts = 2> <OutPorts = 1>
ST_7 : Operation 89 [1/1] (0.00ns) (grouped into LUT with out node newexp)   --->   "%sext_ln452 = sext i12 %sub_ln452 to i32" [r:/builds/2019.1/continuous/2019_05_24_2552052/src/products/hls/hls_lib/src/hls\utils/x_hls_float_utils.h:452]   --->   Operation 89 'sext' 'sext_ln452' <Predicate = (!icmp_ln444) | (icmp_ln441)> <Delay = 0.00>
ST_7 : Operation 90 [1/1] (2.55ns) (out node of the LUT)   --->   "%newexp = sub i32 %sext_ln452, %shift_1" [r:/builds/2019.1/continuous/2019_05_24_2552052/src/products/hls/hls_lib/src/hls\utils/x_hls_float_utils.h:452]   --->   Operation 90 'sub' 'newexp' <Predicate = (!icmp_ln444) | (icmp_ln441)> <Delay = 2.55> <Core = "AddSub">   --->   Core 14 'AddSub' <Latency = 0> <II = 1> <Delay = 2.55> <FuncUnit> <Opcode : 'add' 'sub'> <InPorts = 2> <OutPorts = 1>
ST_7 : Operation 91 [1/1] (0.00ns)   --->   "%tmp_8 = call i1 @_ssdm_op_BitSelect.i1.i32.i32(i32 %newexp, i32 31)" [r:/builds/2019.1/continuous/2019_05_24_2552052/src/products/hls/hls_lib/src/hls\utils/x_hls_float_utils.h:453]   --->   Operation 91 'bitselect' 'tmp_8' <Predicate = (!icmp_ln444) | (icmp_ln441)> <Delay = 0.00>
ST_7 : Operation 92 [1/1] (2.78ns)   --->   "%icmp_ln1452 = icmp eq i63 %in_V_read, 0" [r:/builds/2019.1/continuous/2019_05_24_2552052/src/products/hls/hls_lib/src/hls\utils/x_hls_float_utils.h:453]   --->   Operation 92 'icmp' 'icmp_ln1452' <Predicate = (!icmp_ln444) | (icmp_ln441)> <Delay = 2.78> <Core = "Cmp">   --->   Core 25 'Cmp' <Latency = 0> <II = 1> <Delay = 2.78> <FuncUnit> <Opcode : 'icmp'> <InPorts = 2> <OutPorts = 1>
ST_7 : Operation 93 [1/1] (0.97ns)   --->   "%or_ln453 = or i1 %tmp_8, %icmp_ln1452" [r:/builds/2019.1/continuous/2019_05_24_2552052/src/products/hls/hls_lib/src/hls\utils/x_hls_float_utils.h:453]   --->   Operation 93 'or' 'or_ln453' <Predicate = (!icmp_ln444) | (icmp_ln441)> <Delay = 0.97> <Core = "LogicGate">   --->   Core 27 'LogicGate' <Latency = 0> <II = 1> <Delay = 0.97> <FuncUnit> <Opcode : 'and' 'or' 'xor'> <InPorts = 2> <OutPorts = 1>
ST_7 : Operation 94 [1/1] (0.00ns)   --->   "%empty = trunc i32 %newexp to i11" [r:/builds/2019.1/continuous/2019_05_24_2552052/src/products/hls/hls_lib/src/hls\utils/x_hls_float_utils.h:452]   --->   Operation 94 'trunc' 'empty' <Predicate = (!icmp_ln444) | (icmp_ln441)> <Delay = 0.00>
ST_7 : Operation 95 [1/1] (0.00ns) (grouped into LUT with out node significand_V)   --->   "%phitmp1 = call i52 @_ssdm_op_PartSelect.i52.i63.i32.i32(i63 %p_Val2_5_in, i32 10, i32 61)" [r:/builds/2019.1/continuous/2019_05_24_2552052/src/products/hls/hls_lib/src/hls\utils/x_hls_float_utils.h:443]   --->   Operation 95 'partselect' 'phitmp1' <Predicate = (!icmp_ln444) | (icmp_ln441)> <Delay = 0.00>
ST_7 : Operation 96 [1/1] (0.95ns) (out node of the LUT)   --->   "%significand_V = select i1 %or_ln453, i52 0, i52 %phitmp1" [r:/builds/2019.1/continuous/2019_05_24_2552052/src/products/hls/hls_lib/src/hls\utils/x_hls_float_utils.h:453]   --->   Operation 96 'select' 'significand_V' <Predicate = (!icmp_ln444) | (icmp_ln441)> <Delay = 0.95> <Core = "Sel">   --->   Core 26 'Sel' <Latency = 0> <II = 1> <Delay = 0.69> <FuncUnit> <Opcode : 'select'> <InPorts = 3> <OutPorts = 1>
ST_7 : Operation 97 [1/1] (0.69ns)   --->   "%out_exp_V = select i1 %or_ln453, i11 0, i11 %empty" [r:/builds/2019.1/continuous/2019_05_24_2552052/src/products/hls/hls_lib/src/hls\utils/x_hls_float_utils.h:453]   --->   Operation 97 'select' 'out_exp_V' <Predicate = (!icmp_ln444) | (icmp_ln441)> <Delay = 0.69> <Core = "Sel">   --->   Core 26 'Sel' <Latency = 0> <II = 1> <Delay = 0.69> <FuncUnit> <Opcode : 'select'> <InPorts = 3> <OutPorts = 1>
ST_7 : Operation 98 [1/1] (0.00ns)   --->   "%p_Result_24 = call i64 @_ssdm_op_BitConcatenate.i64.i1.i11.i52(i1 false, i11 %out_exp_V, i52 %significand_V)" [r:/builds/2019.1/continuous/2019_05_24_2552052/src/products/hls/hls_lib/src/hls\utils/x_hls_utils.h:495->r:/builds/2019.1/continuous/2019_05_24_2552052/src/products/hls/hls_lib/src/hls\utils/x_hls_utils.h:512->r:/builds/2019.1/continuous/2019_05_24_2552052/src/products/hls/hls_lib/src/hls\utils/x_hls_utils.h:526->r:/builds/2019.1/continuous/2019_05_24_2552052/src/products/hls/hls_lib/src/hls\utils/x_hls_float_utils.h:466]   --->   Operation 98 'bitconcatenate' 'p_Result_24' <Predicate = (!icmp_ln444) | (icmp_ln441)> <Delay = 0.00>
ST_7 : Operation 99 [1/1] (0.00ns)   --->   "%bitcast_ln512 = bitcast i64 %p_Result_24 to double" [r:/builds/2019.1/continuous/2019_05_24_2552052/src/products/hls/hls_lib/src/hls\utils/x_hls_utils.h:512->r:/builds/2019.1/continuous/2019_05_24_2552052/src/products/hls/hls_lib/src/hls\utils/x_hls_utils.h:526->r:/builds/2019.1/continuous/2019_05_24_2552052/src/products/hls/hls_lib/src/hls\utils/x_hls_float_utils.h:466]   --->   Operation 99 'bitcast' 'bitcast_ln512' <Predicate = (!icmp_ln444) | (icmp_ln441)> <Delay = 0.00>
ST_7 : Operation 100 [1/1] (0.00ns)   --->   "ret double %bitcast_ln512" [r:/builds/2019.1/continuous/2019_05_24_2552052/src/products/hls/hls_lib/src/hls\utils/x_hls_float_utils.h:467]   --->   Operation 100 'ret' <Predicate = (!icmp_ln444) | (icmp_ln441)> <Delay = 0.00>


============================================================
+ Verbose Summary: Timing violations
============================================================
Target clock period: 20ns, clock uncertainty: 2.5ns.

 <State 1>: 1.77ns
The critical path consists of the following:
	multiplexor before 'phi' operation ('i') with incoming values : ('i', r:/builds/2019.1/continuous/2019_05_24_2552052/src/products/hls/hls_lib/src/hls\utils/x_hls_float_utils.h:423) [9]  (1.77 ns)

 <State 2>: 2.32ns
The critical path consists of the following:
	'phi' operation ('i') with incoming values : ('i', r:/builds/2019.1/continuous/2019_05_24_2552052/src/products/hls/hls_lib/src/hls\utils/x_hls_float_utils.h:423) [9]  (0 ns)
	'getelementptr' operation ('out_bits_V_addr_1', r:/builds/2019.1/continuous/2019_05_24_2552052/src/products/hls/hls_lib/src/hls\utils/x_hls_float_utils.h:425) [33]  (0 ns)
	'load' operation ('__Val2__', r:/builds/2019.1/continuous/2019_05_24_2552052/src/products/hls/hls_lib/src/hls\utils/x_hls_float_utils.h:425) on array 'out_bits.V', r:/builds/2019.1/continuous/2019_05_24_2552052/src/products/hls/hls_lib/src/hls\utils/x_hls_float_utils.h:422 [34]  (2.32 ns)

 <State 3>: 13.5ns
The critical path consists of the following:
	'sub' operation ('Lo', r:/builds/2019.1/continuous/2019_05_24_2552052/src/products/hls/hls_lib/src/hls\utils/x_hls_float_utils.h:425) [18]  (1.83 ns)
	'sub' operation ('sub_ln566_1', r:/builds/2019.1/continuous/2019_05_24_2552052/src/products/hls/hls_lib/src/hls\utils/x_hls_float_utils.h:425) [22]  (1.83 ns)
	'select' operation ('select_ln566_2', r:/builds/2019.1/continuous/2019_05_24_2552052/src/products/hls/hls_lib/src/hls\utils/x_hls_float_utils.h:425) [26]  (0 ns)
	'lshr' operation ('lshr_ln566', r:/builds/2019.1/continuous/2019_05_24_2552052/src/products/hls/hls_lib/src/hls\utils/x_hls_float_utils.h:425) [30]  (4.6 ns)
	'and' operation ('__Result__', r:/builds/2019.1/continuous/2019_05_24_2552052/src/products/hls/hls_lib/src/hls\utils/x_hls_float_utils.h:425) [32]  (2.94 ns)
	'store' operation ('store_ln426', r:/builds/2019.1/continuous/2019_05_24_2552052/src/products/hls/hls_lib/src/hls\utils/x_hls_float_utils.h:426) of constant <constant:_ssdm_op_Write.bram.i32> on array 'out_bits.V', r:/builds/2019.1/continuous/2019_05_24_2552052/src/products/hls/hls_lib/src/hls\utils/x_hls_float_utils.h:422 [38]  (2.32 ns)

 <State 4>: 2.32ns
The critical path consists of the following:
	'phi' operation ('i') with incoming values : ('i', r:/builds/2019.1/continuous/2019_05_24_2552052/src/products/hls/hls_lib/src/hls\utils/x_hls_float_utils.h:434) [48]  (0 ns)
	'getelementptr' operation ('out_bits_V_addr_2', r:/builds/2019.1/continuous/2019_05_24_2552052/src/products/hls/hls_lib/src/hls\utils/x_hls_float_utils.h:435) [55]  (0 ns)
	'load' operation ('value', r:/builds/2019.1/continuous/2019_05_24_2552052/src/products/hls/hls_lib/src/hls\utils/x_hls_float_utils.h:435) on array 'out_bits.V', r:/builds/2019.1/continuous/2019_05_24_2552052/src/products/hls/hls_lib/src/hls\utils/x_hls_float_utils.h:422 [56]  (2.32 ns)

 <State 5>: 8.04ns
The critical path consists of the following:
	'load' operation ('value', r:/builds/2019.1/continuous/2019_05_24_2552052/src/products/hls/hls_lib/src/hls\utils/x_hls_float_utils.h:435) on array 'out_bits.V', r:/builds/2019.1/continuous/2019_05_24_2552052/src/products/hls/hls_lib/src/hls\utils/x_hls_float_utils.h:422 [56]  (2.32 ns)
	'cttz' operation ('tmp_i', r:/builds/2019.1/continuous/2019_05_24_2552052/src/products/hls/hls_lib/hlsmath/include/FloatingPoint/hls_normalize.h:110->r:/builds/2019.1/continuous/2019_05_24_2552052/src/products/hls/hls_lib/src/hls\utils/x_hls_float_utils.h:435) [58]  (3.4 ns)
	'store' operation ('store_ln435', r:/builds/2019.1/continuous/2019_05_24_2552052/src/products/hls/hls_lib/src/hls\utils/x_hls_float_utils.h:435) of variable 'tmp_i', r:/builds/2019.1/continuous/2019_05_24_2552052/src/products/hls/hls_lib/hlsmath/include/FloatingPoint/hls_normalize.h:110->r:/builds/2019.1/continuous/2019_05_24_2552052/src/products/hls/hls_lib/src/hls\utils/x_hls_float_utils.h:435 on array 'c', r:/builds/2019.1/continuous/2019_05_24_2552052/src/products/hls/hls_lib/src/hls\utils/x_hls_float_utils.h:433 [60]  (2.32 ns)

 <State 6>: 2.9ns
The critical path consists of the following:
	'phi' operation ('i') with incoming values : ('i', r:/builds/2019.1/continuous/2019_05_24_2552052/src/products/hls/hls_lib/src/hls\utils/x_hls_float_utils.h:441) [67]  (0 ns)
	'icmp' operation ('icmp_ln441', r:/builds/2019.1/continuous/2019_05_24_2552052/src/products/hls/hls_lib/src/hls\utils/x_hls_float_utils.h:441) [68]  (1.13 ns)
	multiplexor before 'phi' operation ('r.V') with incoming values : ('in_V_read') ('r.V', r:/builds/2019.1/continuous/2019_05_24_2552052/src/products/hls/hls_lib/src/hls\utils/x_hls_float_utils.h:443) [87]  (1.77 ns)

 <State 7>: 12.9ns
The critical path consists of the following:
	'load' operation ('sh', r:/builds/2019.1/continuous/2019_05_24_2552052/src/products/hls/hls_lib/src/hls\utils/x_hls_float_utils.h:442) on array 'c', r:/builds/2019.1/continuous/2019_05_24_2552052/src/products/hls/hls_lib/src/hls\utils/x_hls_float_utils.h:433 [75]  (2.32 ns)
	'sub' operation ('sub_ln1311', r:/builds/2019.1/continuous/2019_05_24_2552052/src/products/hls/hls_lib/src/hls\utils/x_hls_float_utils.h:443) [78]  (2.55 ns)
	'select' operation ('sh', r:/builds/2019.1/continuous/2019_05_24_2552052/src/products/hls/hls_lib/src/hls\utils/x_hls_float_utils.h:443) [79]  (0.698 ns)
	'shl' operation ('r.V', r:/builds/2019.1/continuous/2019_05_24_2552052/src/products/hls/hls_lib/src/hls\utils/x_hls_float_utils.h:443) [82]  (0 ns)
	'select' operation ('r.V', r:/builds/2019.1/continuous/2019_05_24_2552052/src/products/hls/hls_lib/src/hls\utils/x_hls_float_utils.h:443) [83]  (4.6 ns)
	multiplexor before 'phi' operation ('r.V') with incoming values : ('in_V_read') ('r.V', r:/builds/2019.1/continuous/2019_05_24_2552052/src/products/hls/hls_lib/src/hls\utils/x_hls_float_utils.h:443) [87]  (1.77 ns)
	'phi' operation ('r.V') with incoming values : ('in_V_read') ('r.V', r:/builds/2019.1/continuous/2019_05_24_2552052/src/products/hls/hls_lib/src/hls\utils/x_hls_float_utils.h:443) [87]  (0 ns)
	'select' operation ('significand.V', r:/builds/2019.1/continuous/2019_05_24_2552052/src/products/hls/hls_lib/src/hls\utils/x_hls_float_utils.h:453) [97]  (0.954 ns)


============================================================
+ Verbose Summary: Binding
============================================================
N/A
* FSMD analyzer results:
  - Output states:
 - Input state : 
  - Chain level:
	State 1
	State 2
	State 3
	State 4
	State 5
	State 6
	State 7


============================================================
+ Verbose Summary: Datapath Resource usage 
============================================================
N/A
