

================================================================
== Vivado HLS Report for 'music'
================================================================
* Date:           Sat Aug  1 17:19:25 2020

* Version:        2019.1 (Build 2552052 on Fri May 24 15:28:33 MDT 2019)
* Project:        hls_proj
* Solution:       solution5
* Product family: zynq
* Target device:  xc7z020-clg400-1


================================================================
== Performance Estimates
================================================================
+ Timing (ns): 
    * Summary: 
    +--------+-------+----------+------------+
    |  Clock | Target| Estimated| Uncertainty|
    +--------+-------+----------+------------+
    |ap_clk  |  50.00|    43.750|        6.25|
    +--------+-------+----------+------------+

+ Latency (clock cycles): 
    * Summary: 
    +-----------+------------+-----------+------------+---------+
    |         Latency        |        Interval        | Pipeline|
    |    min    |     max    |    min    |     max    |   Type  |
    +-----------+------------+-----------+------------+---------+
    |  116221157|  2033101045|  116221157|  2033101045|   none  |
    +-----------+------------+-----------+------------+---------+

    + Detail: 
        * Instance: 
        +--------------------------------+--------------------+-----+-----+-----+-----+----------+
        |                                |                    |  Latency  |  Interval | Pipeline |
        |            Instance            |       Module       | min | max | min | max |   Type   |
        +--------------------------------+--------------------+-----+-----+-----+-----+----------+
        |grp_qrf_top_fu_2716             |qrf_top             |  118|  946|  119|  947| dataflow |
        |grp_sin_or_cos_float_s_fu_2726  |sin_or_cos_float_s  |   11|   15|   11|   15|   none   |
        |grp_sin_or_cos_float_s_fu_2742  |sin_or_cos_float_s  |   11|   15|   11|   15|   none   |
        |grp_scaled_fixed2ieee_fu_2759   |scaled_fixed2ieee   |   19|   27|   19|   27|   none   |
        +--------------------------------+--------------------+-----+-----+-----+-----+----------+

        * Loop: 
        +--------------------------------+-----------+------------+--------------------+-----------+-----------+----------+----------+
        |                                |         Latency        |      Iteration     |  Initiation Interval  |   Trip   |          |
        |            Loop Name           |    min    |     max    |       Latency      |  achieved |   target  |   Count  | Pipelined|
        +--------------------------------+-----------+------------+--------------------+-----------+-----------+----------+----------+
        |- Loop 1                        |         49|          49|                   5|          -|          -|        10|    no    |
        | + Loop 1.1                     |          3|           3|                   1|          -|          -|         4|    no    |
        |- Loop 2                        |         19|          19|                   5|          -|          -|         4|    no    |
        | + Loop 2.1                     |          3|           3|                   1|          -|          -|         4|    no    |
        |- Loop 3                        |         11|          11|                   3|          -|          -|         4|    no    |
        | + Loop 3.1                     |          1|           1|                   1|          -|          -|         2|    no    |
        |- Loop 4                        |         19|          19|                   5|          -|          -|         4|    no    |
        | + Loop 4.1                     |          3|           3|                   1|          -|          -|         4|    no    |
        |- Loop 5                        |       1804|        1804|                   5|          -|          -|       361|    no    |
        | + Loop 5.1                     |          3|           3|                   1|          -|          -|         4|    no    |
        |- Loop 6                        |       1447|        1447|                 362|          -|          -|         4|    no    |
        | + Loop 6.1                     |        360|         360|                   1|          -|          -|       361|    no    |
        |- Loop 7                        |    1324940|  1892479900| 132494 ~ 189247990 |          -|          -|        10|    no    |
        | + Loop 7.1                     |     132492|   189247988|  33123 ~ 47311997  |          -|          -|         4|    no    |
        |  ++ Loop 7.1.1                 |      10240|       10240|                  10|          -|          -|      1024|    no    |
        |  ++ Loop 7.1.2                 |      13312|       14336|       13 ~ 14      |          -|          -|      1024|    no    |
        |   +++ Loop 7.1.2.1             |         10|          10|                   1|          -|          -|        10|    no    |
        |  ++ stages                     |        350|    47278200|    35 ~ 4727820    |          -|          -|        10|    no    |
        |   +++ butterfly                |         23|     4727808|      23 ~ 9234     |          -|          -|  1 ~ 512 |    no    |
        |    ++++ DFTpts                 |          9|        9216|                   9|          -|          -| 1 ~ 1024 |    no    |
        |  ++ Loop 7.1.4                 |       9216|        9216|                   9|          -|          -|      1024|    no    |
        |- music_label1                  |  114891776|   140616704|   112199 ~ 137321  |          -|          -|      1024|    no    |
        | + music_label1.1               |        460|         460|                  46|          -|          -|        10|    no    |
        |  ++ music_label1.1.1           |         44|          44|                  11|          -|          -|         4|    no    |
        | + music_label1.2               |       1112|        1112|                 278|          -|          -|         4|    no    |
        |  ++ music_label1.2.1           |        276|         276|                  69|          -|          -|         4|    no    |
        |   +++ Autocorrelation_label17  |         60|          60|                   6|          -|          -|        10|    no    |
        | + music_label1.3               |         19|          19|                   5|          -|          -|         4|    no    |
        |  ++ music_label1.3.1           |          3|           3|                   1|          -|          -|         4|    no    |
        | + music_label1.4               |         19|          19|                   5|          -|          -|         4|    no    |
        |  ++ music_label1.4.1           |          3|           3|                   1|          -|          -|         4|    no    |
        | + music_label1.5               |         19|          19|                   5|          -|          -|         4|    no    |
        |  ++ music_label1.5.1           |          3|           3|                   1|          -|          -|         4|    no    |
        | + music_label1.6               |         19|          19|                   5|          -|          -|         4|    no    |
        |  ++ music_label1.6.1           |          3|           3|                   1|          -|          -|         4|    no    |
        | + music_label1.7               |         40|          40|                  10|          -|          -|         4|    no    |
        |  ++ music_label1.7.1           |          8|           8|                   2|          -|          -|         4|    no    |
        | + music_label1.8               |       4360|       10984|     545 ~ 1373     |          -|          -|         8|    no    |
        |  ++ music_label1.8.1           |        424|         424|                 106|          -|          -|         4|    no    |
        |   +++ music_label1.8.1.1       |        104|         104|                  26|          -|          -|         4|    no    |
        |    ++++ eig_decompose_label7   |         24|          24|                   6|          -|          -|         4|    no    |
        | + music_label1.9               |       1104|        2256|      276 ~ 564     |          -|          -|         4|    no    |
        |  ++ music_label1.9.1           |         48|          48|                  12|          -|          -|         4|    no    |
        |   +++ eig_decompose_label12    |          8|           8|                   2|          -|          -|         4|    no    |
        |  ++ music_label1.9.2           |        117|         369|      39 ~ 123      |          -|          -|         3|    no    |
        |   +++ eig_decompose_label9     |         18|          36|                   9|          -|          -|   2 ~ 4  |    no    |
        |   +++ music_label1.9.2.2       |         15|          81|       15 ~ 27      |          -|          -|   1 ~ 3  |    no    |
        |    ++++ eig_decompose_label8   |         12|          24|                   6|          -|          -|   2 ~ 4  |    no    |
        |  ++ eig_decompose_label11      |         63|          99|       21 ~ 33      |          -|          -|         3|    no    |
        |   +++ eig_decompose_label10    |          6|          18|                   6|          -|          -|   1 ~ 3  |    no    |
        |  ++ eig_decompose_label13      |         36|          36|                   9|          -|          -|         4|    no    |
        | + music_label1.10              |          4|           4|                   1|          -|          -|         4|    no    |
        | + music_label1.11              |         21|          39|       7 ~ 13       |          -|          -|         3|    no    |
        |  ++ music_label1.11.1          |          3|           9|                   3|          -|          -|   1 ~ 3  |    no    |
        | + music_label1.12              |         56|          56|                  14|          -|          -|         4|    no    |
        |  ++ music_label1.12.1          |         12|          12|                   3|          -|          -|         4|    no    |
        | + music_label1.13              |      56332|       73660|    14083 ~ 18415   |          -|          -|         4|    no    |
        |  ++ music_label2               |      14079|       18411|       39 ~ 51      |          -|          -|       361|    no    |
        | + music_label1.14              |        232|         232|                  58|          -|          -|         4|    no    |
        |  ++ music_label1.14.1          |         56|          56|                  14|          -|          -|         4|    no    |
        |   +++ music_label3             |         12|          12|                   6|          -|          -|         2|    no    |
        | + music_label1.15              |      38266|       38266|                 106|          -|          -|       361|    no    |
        |  ++ music_label1.15.1          |        104|         104|                  26|          -|          -|         4|    no    |
        |   +++ music_label4             |         24|          24|                   6|          -|          -|         4|    no    |
        | + music_label1.16              |      10108|       10108|                  28|          -|          -|       361|    no    |
        |  ++ music_label5               |         24|          24|                   6|          -|          -|         4|    no    |
        |- Loop 9                        |       1083|        1083|                   3|          -|          -|       361|    no    |
        +--------------------------------+-----------+------------+--------------------+-----------+-----------+----------+----------+



================================================================
== Utilization Estimates
================================================================
* Summary: 
+-----------------+---------+-------+--------+-------+-----+
|       Name      | BRAM_18K| DSP48E|   FF   |  LUT  | URAM|
+-----------------+---------+-------+--------+-------+-----+
|DSP              |        -|      -|       -|      -|    -|
|Expression       |        -|     67|      73|   5792|    -|
|FIFO             |        -|      -|       -|      -|    -|
|Instance         |       14|    128|   12462|  34483|    0|
|Memory           |       37|      -|    1205|    960|    0|
|Multiplexer      |        -|      -|       -|   4216|    -|
|Register         |        -|      -|    3749|      -|    -|
+-----------------+---------+-------+--------+-------+-----+
|Total            |       51|    195|   17489|  45451|    0|
+-----------------+---------+-------+--------+-------+-----+
|Available        |      280|    220|  106400|  53200|    0|
+-----------------+---------+-------+--------+-------+-----+
|Utilization (%)  |       18|     88|      16|     85|    0|
+-----------------+---------+-------+--------+-------+-----+

+ Detail: 
    * Instance: 
    +--------------------------------+----------------------+---------+-------+------+-------+-----+
    |            Instance            |        Module        | BRAM_18K| DSP48E|  FF  |  LUT  | URAM|
    +--------------------------------+----------------------+---------+-------+------+-------+-----+
    |music_AXILiteS_s_axi_U          |music_AXILiteS_s_axi  |        0|      0|   144|    232|    0|
    |music_data_m_axi_U              |music_data_m_axi      |        2|      0|   512|    580|    0|
    |music_ddiv_64ns_6KfY_U98        |music_ddiv_64ns_6KfY  |        0|      0|   757|   3600|    0|
    |music_dmul_64ns_6JfO_U97        |music_dmul_64ns_6JfO  |        0|     11|   256|    546|    0|
    |music_faddfsub_32jbC_U82        |music_faddfsub_32jbC  |        0|      2|   177|    385|    0|
    |music_faddfsub_32jbC_U83        |music_faddfsub_32jbC  |        0|      2|   177|    385|    0|
    |music_fcmp_32ns_3ocq_U95        |music_fcmp_32ns_3ocq  |        0|      0|    66|    239|    0|
    |music_fdiv_32ns_3ncg_U91        |music_fdiv_32ns_3ncg  |        0|      0|   218|    970|    0|
    |music_fdiv_32ns_3ncg_U92        |music_fdiv_32ns_3ncg  |        0|      0|   218|    970|    0|
    |music_fmul_32ns_3mb6_U85        |music_fmul_32ns_3mb6  |        0|      3|   128|    320|    0|
    |music_fmul_32ns_3mb6_U86        |music_fmul_32ns_3mb6  |        0|      3|   128|    320|    0|
    |music_fmul_32ns_3mb6_U87        |music_fmul_32ns_3mb6  |        0|      3|   128|    320|    0|
    |music_fmul_32ns_3mb6_U88        |music_fmul_32ns_3mb6  |        0|      3|   128|    320|    0|
    |music_fmul_32ns_3mb6_U89        |music_fmul_32ns_3mb6  |        0|      3|   128|    320|    0|
    |music_fmul_32ns_3mb6_U90        |music_fmul_32ns_3mb6  |        0|      3|   128|    320|    0|
    |music_fpext_32ns_IfE_U94        |music_fpext_32ns_IfE  |        0|      0|   100|    138|    0|
    |music_fptrunc_64nHfu_U93        |music_fptrunc_64nHfu  |        0|      0|   128|    277|    0|
    |music_fsqrt_32ns_pcA_U96        |music_fsqrt_32ns_pcA  |        0|      0|   168|    588|    0|
    |music_fsub_32ns_3lbW_U84        |music_fsub_32ns_3lbW  |        0|      2|   177|    385|    0|
    |music_mul_170ns_5Mgi_U100       |music_mul_170ns_5Mgi  |        0|     30|   361|    195|    0|
    |music_mux_164_1_1_1_U102        |music_mux_164_1_1_1   |        0|      0|     0|     65|    0|
    |music_mux_164_1_1_1_U103        |music_mux_164_1_1_1   |        0|      0|     0|     65|    0|
    |music_mux_83_1_1_1_U101         |music_mux_83_1_1_1    |        0|      0|     0|     65|    0|
    |music_sitodp_32nsLf8_U99        |music_sitodp_32nsLf8  |        0|      0|   189|    578|    0|
    |grp_qrf_top_fu_2716             |qrf_top               |        8|     37|  6246|  15548|    0|
    |grp_scaled_fixed2ieee_fu_2759   |scaled_fixed2ieee     |        0|      0|   450|   1598|    0|
    |grp_sin_or_cos_float_s_fu_2726  |sin_or_cos_float_s    |        2|     13|   675|   2577|    0|
    |grp_sin_or_cos_float_s_fu_2742  |sin_or_cos_float_s    |        2|     13|   675|   2577|    0|
    +--------------------------------+----------------------+---------+-------+------+-------+-----+
    |Total                           |                      |       14|    128| 12462|  34483|    0|
    +--------------------------------+----------------------+---------+-------+------+-------+-----+

    * DSP48E: 
    N/A

    * Memory: 
    +-------------------------+----------------------+---------+----+-----+-----+------+-----+------+-------------+
    |          Memory         |        Module        | BRAM_18K| FF | LUT | URAM| Words| Bits| Banks| W*Bits*Banks|
    +-------------------------+----------------------+---------+----+-----+-----+------+-----+------+-------------+
    |AUU_M_real_U             |music_AUU_M_real      |        4|   0|    0|    0|  1444|   32|     1|        46208|
    |AUU_M_imag_U             |music_AUU_M_real      |        4|   0|    0|    0|  1444|   32|     1|        46208|
    |a_theta_M_real_U         |music_AUU_M_real      |        4|   0|    0|    0|  1444|   32|     1|        46208|
    |a_theta_M_imag_U         |music_AUU_M_real      |        4|   0|    0|    0|  1444|   32|     1|        46208|
    |Autocorr_Buffer_M_r_U    |music_Autocorr_BuBew  |        2|   0|    0|    0|    40|   32|     1|         1280|
    |Autocorr_Buffer_M_i_U    |music_Autocorr_BuBew  |        2|   0|    0|    0|    40|   32|     1|         1280|
    |FFT_Buffer_re_U          |music_FFT_Buffer_re   |        2|   0|    0|    0|  1024|   32|     1|        32768|
    |FFT_Buffer_im_U          |music_FFT_Buffer_re   |        2|   0|    0|    0|  1024|   32|     1|        32768|
    |Q_temp_M_real_U          |music_Q_temp_M_real   |        0|  64|    8|    0|    16|   32|     1|          512|
    |Q_temp_M_imag_U          |music_Q_temp_M_real   |        0|  64|    8|    0|    16|   32|     1|          512|
    |R_temp_M_real_U          |music_Q_temp_M_real   |        0|  64|    8|    0|    16|   32|     1|          512|
    |R_temp_M_imag_U          |music_Q_temp_M_real   |        0|  64|    8|    0|    16|   32|     1|          512|
    |Rx_temp_M_real_U         |music_Q_temp_M_real   |        0|  64|    8|    0|    16|   32|     1|          512|
    |Rx_temp_M_imag_U         |music_Q_temp_M_real   |        0|  64|    8|    0|    16|   32|     1|          512|
    |eig_mat_M_real_U         |music_Q_temp_M_real   |        0|  64|    8|    0|    16|   32|     1|          512|
    |eig_mat_M_imag_U         |music_Q_temp_M_real   |        0|  64|    8|    0|    16|   32|     1|          512|
    |U_M_real_U               |music_Q_temp_M_real   |        0|  64|    8|    0|    16|   32|     1|          512|
    |U_M_imag_U               |music_Q_temp_M_real   |        0|  64|    8|    0|    16|   32|     1|          512|
    |temp_mat_M_real_U        |music_Q_temp_M_real   |        0|  64|    8|    0|    16|   32|     1|          512|
    |temp_mat_M_imag_U        |music_Q_temp_M_real   |        0|  64|    8|    0|    16|   32|     1|          512|
    |Un_M_real_U              |music_Un_M_real       |        0|  64|    4|    0|     8|   32|     1|          256|
    |Un_M_imag_U              |music_Un_M_real       |        0|  64|    4|    0|     8|   32|     1|          256|
    |eigval_U                 |music_eigval          |        0|  64|    2|    0|     4|   32|     1|          128|
    |fc_U                     |music_fc              |        2|   0|    0|    0|  1024|   32|     1|        32768|
    |fourth_order_double_4_U  |music_fourth_ordesc4  |        0|  59|  236|    0|   256|   59|     1|        15104|
    |fourth_order_double_5_U  |music_fourth_ordetde  |        0|  52|  208|    0|   256|   52|     1|        13312|
    |fourth_order_double_6_U  |music_fourth_ordeudo  |        0|  44|  176|    0|   256|   44|     1|        11264|
    |fourth_order_double_7_U  |music_fourth_ordevdy  |        0|  33|  132|    0|   256|   33|     1|         8448|
    |fourth_order_double_s_U  |music_fourth_ordewdI  |        0|  25|  100|    0|   256|   25|     1|         6400|
    |p_U                      |music_p               |        0|  32|    2|    0|     4|   32|     1|          128|
    |ref_4oPi_table_256_V_U   |music_ref_4oPi_tarcU  |        8|   0|    0|    0|    10|  256|     1|         2560|
    |sort_index_U             |music_sort_index      |        1|   0|    0|    0|     4|    3|     1|           12|
    |theta_U                  |music_theta           |        1|   0|    0|    0|   361|   32|     1|        11552|
    |w_U                      |music_w               |        1|   0|    0|    0|   361|   32|     1|        11552|
    +-------------------------+----------------------+---------+----+-----+-----+------+-----+------+-------------+
    |Total                    |                      |       37|1205|  960|    0| 11160| 1336|    34|       372812|
    +-------------------------+----------------------+---------+----+-----+-----+------+-----+------+-------------+

    * FIFO: 
    N/A

    * Expression: 
    +--------------------------------------+----------+-------+----+-----+------------+------------+
    |             Variable Name            | Operation| DSP48E| FF | LUT | Bitwidth P0| Bitwidth P1|
    +--------------------------------------+----------+-------+----+-----+------------+------------+
    |r_V_37_fu_5414_p2                     |     *    |      9|   0|   21|          49|          49|
    |r_V_38_fu_5478_p2                     |     *    |      9|   0|   21|          49|          49|
    |r_V_39_fu_5493_p2                     |     *    |      9|   0|   21|          49|          49|
    |r_V_40_fu_5524_p2                     |     *    |      9|   0|   35|          56|          52|
    |r_V_41_fu_5547_p2                     |     *    |      9|   0|   21|          49|          44|
    |r_V_42_fu_5571_p2                     |     *    |      4|   0|   26|          42|          33|
    |r_V_43_fu_5599_p2                     |     *    |      2|   0|   24|          35|          25|
    |r_V_44_fu_5671_p2                     |     *    |     16|   0|   47|          64|          63|
    |add_ln1027_fu_3352_p2                 |     +    |      0|   0|   13|          11|          11|
    |add_ln1044_fu_4328_p2                 |     +    |      0|   0|   15|           6|           6|
    |add_ln1146_1_fu_5637_p2               |     +    |      0|   0|   45|          38|          38|
    |add_ln1146_2_fu_5647_p2               |     +    |      0|   0|   56|          49|          49|
    |add_ln1146_fu_5631_p2                 |     +    |      0|   0|   64|          64|          64|
    |add_ln114_1_fu_5097_p2                |     +    |      0|   0|   13|          11|          11|
    |add_ln114_5_fu_3946_p2                |     +    |      0|   0|   15|           7|           7|
    |add_ln114_6_fu_3957_p2                |     +    |      0|   0|   15|           7|           7|
    |add_ln114_fu_5175_p2                  |     +    |      0|   0|   13|          11|          11|
    |add_ln116_fu_3911_p2                  |     +    |      0|   0|   15|           6|           6|
    |add_ln13_1_fu_3990_p2                 |     +    |      0|   0|   10|           2|           1|
    |add_ln13_fu_3984_p2                   |     +    |      0|   0|   10|           2|           1|
    |add_ln14_1_fu_4028_p2                 |     +    |      0|   0|   10|           2|           1|
    |add_ln14_fu_4022_p2                   |     +    |      0|   0|   10|           2|           1|
    |add_ln15_1_fu_4066_p2                 |     +    |      0|   0|   10|           2|           1|
    |add_ln15_fu_4060_p2                   |     +    |      0|   0|   10|           2|           1|
    |add_ln16_1_fu_4104_p2                 |     +    |      0|   0|   10|           2|           1|
    |add_ln16_fu_4098_p2                   |     +    |      0|   0|   10|           2|           1|
    |add_ln24_fu_4176_p2                   |     +    |      0|   0|   15|           6|           6|
    |add_ln291_1_fu_3152_p2                |     +    |      0|   0|   10|           2|           1|
    |add_ln291_fu_3146_p2                  |     +    |      0|   0|   13|           4|           1|
    |add_ln292_1_fu_3190_p2                |     +    |      0|   0|   10|           2|           1|
    |add_ln292_fu_3184_p2                  |     +    |      0|   0|   10|           2|           1|
    |add_ln293_fu_3222_p2                  |     +    |      0|   0|   10|           2|           1|
    |add_ln294_1_fu_3260_p2                |     +    |      0|   0|   10|           2|           1|
    |add_ln294_fu_3254_p2                  |     +    |      0|   0|   10|           2|           1|
    |add_ln295_1_fu_3298_p2                |     +    |      0|   0|   10|           2|           1|
    |add_ln295_fu_3292_p2                  |     +    |      0|   0|   15|           9|           1|
    |add_ln296_1_fu_3342_p2                |     +    |      0|   0|   15|           9|           1|
    |add_ln296_2_fu_3330_p2                |     +    |      0|   0|   13|          11|           9|
    |add_ln296_fu_3336_p2                  |     +    |      0|   0|   10|           2|           1|
    |add_ln305_1_fu_3445_p2                |     +    |      0|   0|   24|          17|          17|
    |add_ln305_2_fu_3454_p2                |     +    |      0|   0|   38|          31|          31|
    |add_ln305_fu_3428_p2                  |     +    |      0|   0|   19|          14|          14|
    |add_ln310_1_fu_3686_p2                |     +    |      0|   0|   24|          17|          17|
    |add_ln310_2_fu_3695_p2                |     +    |      0|   0|   38|          31|          31|
    |add_ln310_fu_3669_p2                  |     +    |      0|   0|   19|          14|          14|
    |add_ln311_fu_3710_p2                  |     +    |      0|   0|   38|          31|          31|
    |add_ln321_1_fu_3814_p2                |     +    |      0|   0|   24|          17|          17|
    |add_ln321_2_fu_3823_p2                |     +    |      0|   0|   38|          31|          31|
    |add_ln321_3_fu_3833_p2                |     +    |      0|   0|   15|           7|           7|
    |add_ln321_fu_3777_p2                  |     +    |      0|   0|   19|          14|          14|
    |add_ln322_fu_3828_p2                  |     +    |      0|   0|   38|          31|          31|
    |add_ln332_fu_4993_p2                  |     +    |      0|   0|   15|           6|           6|
    |add_ln339_fu_5015_p2                  |     +    |      0|   0|   13|          11|           9|
    |add_ln344_fu_5059_p2                  |     +    |      0|   0|   13|          11|          11|
    |add_ln355_1_fu_6027_p2                |     +    |      0|   0|   15|           5|           5|
    |add_ln355_fu_6016_p2                  |     +    |      0|   0|   15|           5|           5|
    |add_ln357_fu_5989_p2                  |     +    |      0|   0|   15|           6|           6|
    |add_ln366_1_fu_6154_p2                |     +    |      0|   0|   13|          11|          11|
    |add_ln366_2_fu_6148_p2                |     +    |      0|   0|   13|          11|           9|
    |add_ln366_fu_6137_p2                  |     +    |      0|   0|   15|           6|           6|
    |add_ln368_fu_6102_p2                  |     +    |      0|   0|   12|          12|          12|
    |add_ln37_1_fu_4289_p2                 |     +    |      0|   0|   15|           6|           6|
    |add_ln37_fu_4278_p2                   |     +    |      0|   0|   15|           6|           6|
    |add_ln389_1_fu_6246_p2                |     +    |      0|   0|   13|          11|          11|
    |add_ln389_2_fu_6240_p2                |     +    |      0|   0|   13|          11|           9|
    |add_ln389_fu_6229_p2                  |     +    |      0|   0|   12|          12|          12|
    |add_ln39_fu_4239_p2                   |     +    |      0|   0|   15|           6|           6|
    |add_ln49_fu_4388_p2                   |     +    |      0|   0|   15|           6|           6|
    |add_ln51_fu_4424_p2                   |     +    |      0|   0|   15|           6|           6|
    |add_ln59_fu_4487_p2                   |     +    |      0|   0|   15|           6|           6|
    |add_ln65_1_fu_4556_p2                 |     +    |      0|   0|   15|           6|           6|
    |add_ln65_fu_4551_p2                   |     +    |      0|   0|   15|           6|           6|
    |add_ln76_1_fu_4668_p2                 |     +    |      0|   0|   15|           6|           6|
    |add_ln76_fu_4645_p2                   |     +    |      0|   0|   15|           6|           6|
    |add_ln78_fu_4606_p2                   |     +    |      0|   0|   15|           6|           6|
    |add_ln80_fu_4618_p2                   |     +    |      0|   0|   15|           6|           6|
    |add_ln85_fu_4741_p2                   |     +    |      0|   0|   15|           6|           6|
    |count_fu_4306_p2                      |     +    |      0|   0|   12|           3|           1|
    |i_10_fu_4205_p2                       |     +    |      0|   0|   12|           3|           1|
    |i_11_fu_4366_p2                       |     +    |      0|   0|   12|           3|           1|
    |i_12_fu_4758_p2                       |     +    |      0|   0|   12|           3|           1|
    |i_13_fu_4445_p2                       |     +    |      0|   0|   10|           2|           1|
    |i_14_fu_4779_p2                       |     +    |      0|   0|   10|           2|           1|
    |i_15_fu_4723_p2                       |     +    |      0|   0|   12|           3|           1|
    |i_16_fu_5931_p2                       |     +    |      0|   0|   12|           3|           1|
    |i_17_fu_6060_p2                       |     +    |      0|   0|   15|           9|           1|
    |i_18_fu_6187_p2                       |     +    |      0|   0|   15|           9|           1|
    |i_4_fu_3501_p2                        |     +    |      0|   0|   13|           4|           1|
    |i_6_fu_3489_p2                        |     +    |      0|   0|   13|           1|          11|
    |i_7_fu_3642_p2                        |     +    |      0|   0|   39|          32|          32|
    |i_8_fu_4142_p2                        |     +    |      0|   0|   12|           3|           1|
    |i_9_fu_4193_p2                        |     +    |      0|   0|   13|           4|           1|
    |i_fu_6263_p2                          |     +    |      0|   0|   15|           9|           1|
    |i_lower_fu_3625_p2                    |     +    |      0|   0|   39|          32|          32|
    |j_10_fu_4629_p2                       |     +    |      0|   0|   39|          32|           1|
    |j_11_fu_4504_p2                       |     +    |      0|   0|   39|          32|           1|
    |j_12_fu_5967_p2                       |     +    |      0|   0|   12|           3|           1|
    |j_13_fu_6088_p2                       |     +    |      0|   0|   12|           3|           1|
    |j_15_fu_4785_p2                       |     +    |      0|   0|   39|          32|           1|
    |j_1_fu_3657_p2                        |     +    |      0|   0|   13|          11|           1|
    |j_2_fu_3597_p2                        |     +    |      0|   0|   14|          10|           1|
    |j_3_fu_4166_p2                        |     +    |      0|   0|   12|           3|           1|
    |j_5_fu_4229_p2                        |     +    |      0|   0|   12|           3|           1|
    |j_8_fu_4498_p2                        |     +    |      0|   0|   39|           1|          32|
    |j_9_fu_4408_p2                        |     +    |      0|   0|   12|           3|           1|
    |j_fu_3422_p2                          |     +    |      0|   0|   13|          11|           1|
    |jj_fu_3734_p2                         |     +    |      0|   0|   13|          11|           1|
    |k_2_fu_6006_p2                        |     +    |      0|   0|   10|           2|           1|
    |k_3_fu_6219_p2                        |     +    |      0|   0|   12|           3|           1|
    |k_4_fu_6119_p2                        |     +    |      0|   0|   12|           3|           1|
    |k_fu_4256_p2                          |     +    |      0|   0|   12|           3|           1|
    |l_1_fu_3751_p2                        |     +    |      0|   0|   13|           4|           1|
    |l_2_fu_3928_p2                        |     +    |      0|   0|   13|           4|           1|
    |l_fu_3382_p2                          |     +    |      0|   0|   13|           4|           1|
    |m_fu_4679_p2                          |     +    |      0|   0|   12|           3|           2|
    |n_1_fu_3402_p2                        |     +    |      0|   0|   12|           3|           1|
    |n_fu_3800_p2                          |     +    |      0|   0|   12|           3|           1|
    |q_1_fu_4567_p2                        |     +    |      0|   0|   39|           1|          32|
    |ret_V_fu_5657_p2                      |     +    |      0|   0|   64|          64|          64|
    |stage_fu_3603_p2                      |     +    |      0|   0|   13|           4|           1|
    |x_1_fu_4924_p2                        |     +    |      0|   0|   12|           3|           1|
    |x_2_fu_5027_p2                        |     +    |      0|   0|   12|           3|           1|
    |x_fu_3869_p2                          |     +    |      0|   0|   12|           3|           1|
    |y_1_fu_5044_p2                        |     +    |      0|   0|   15|           9|           1|
    |y_2_fu_4978_p2                        |     +    |      0|   0|   12|           3|           1|
    |y_fu_3897_p2                          |     +    |      0|   0|   12|           3|           1|
    |Ex_V_fu_5304_p2                       |     -    |      0|   0|   13|          11|          11|
    |Mx_bits_V_2_fu_5218_p2                |     -    |      0|   0|  131|           1|         124|
    |ret_V_19_fu_5692_p2                   |     -    |      0|   0|   12|           1|          12|
    |sub_ln1311_fu_5322_p2                 |     -    |      0|   0|   12|           1|          12|
    |P_sm_data_1_load_A                    |    and   |      0|   0|    2|           1|           1|
    |P_sm_data_1_load_B                    |    and   |      0|   0|    2|           1|           1|
    |P_sm_last_V_1_load_A                  |    and   |      0|   0|    2|           1|           1|
    |P_sm_last_V_1_load_B                  |    and   |      0|   0|    2|           1|           1|
    |P_sm_user_V_1_load_A                  |    and   |      0|   0|    2|           1|           1|
    |P_sm_user_V_1_load_B                  |    and   |      0|   0|    2|           1|           1|
    |and_ln300_2_fu_5843_p2                |    and   |      0|   0|    2|           1|           1|
    |and_ln300_fu_5814_p2                  |    and   |      0|   0|    2|           1|           1|
    |and_ln97_1_fu_4905_p2                 |    and   |      0|   0|    2|           1|           1|
    |and_ln97_fu_4899_p2                   |    and   |      0|   0|    2|           1|           1|
    |tmp_i_i_i1_fu_5268_p3                 |   cttz   |      0|  73|   71|          64|           0|
    |P_sm_data_1_state_cmp_full            |   icmp   |      0|   0|    8|           2|           1|
    |P_sm_last_V_1_state_cmp_full          |   icmp   |      0|   0|    8|           2|           1|
    |P_sm_user_V_1_state_cmp_full          |   icmp   |      0|   0|    8|           2|           1|
    |closepath_fu_5091_p2                  |   icmp   |      0|   0|   13|          11|          10|
    |icmp_ln109_fu_3863_p2                 |   icmp   |      0|   0|    9|           3|           4|
    |icmp_ln110_fu_3891_p2                 |   icmp   |      0|   0|    9|           3|           4|
    |icmp_ln112_fu_3922_p2                 |   icmp   |      0|   0|    9|           4|           4|
    |icmp_ln123_fu_3495_p2                 |   icmp   |      0|   0|    9|           4|           4|
    |icmp_ln13_1_fu_4016_p2                |   icmp   |      0|   0|    8|           2|           2|
    |icmp_ln13_fu_4010_p2                  |   icmp   |      0|   0|    8|           2|           2|
    |icmp_ln14_1_fu_4054_p2                |   icmp   |      0|   0|    8|           2|           2|
    |icmp_ln14_fu_4048_p2                  |   icmp   |      0|   0|    8|           2|           2|
    |icmp_ln158_fu_3483_p2                 |   icmp   |      0|   0|   13|          11|          12|
    |icmp_ln15_1_fu_4092_p2                |   icmp   |      0|   0|    8|           2|           2|
    |icmp_ln15_fu_4086_p2                  |   icmp   |      0|   0|    8|           2|           2|
    |icmp_ln160_fu_3537_p2                 |   icmp   |      0|   0|   18|          32|          32|
    |icmp_ln16_1_fu_4130_p2                |   icmp   |      0|   0|    8|           2|           2|
    |icmp_ln16_fu_4124_p2                  |   icmp   |      0|   0|    8|           2|           2|
    |icmp_ln225_fu_3558_p2                 |   icmp   |      0|   0|    9|           4|           4|
    |icmp_ln22_fu_4136_p2                  |   icmp   |      0|   0|    9|           3|           4|
    |icmp_ln235_fu_3592_p2                 |   icmp   |      0|   0|   13|          10|          10|
    |icmp_ln23_fu_4160_p2                  |   icmp   |      0|   0|    9|           3|           4|
    |icmp_ln243_fu_3619_p2                 |   icmp   |      0|   0|   18|          22|           1|
    |icmp_ln291_1_fu_3178_p2               |   icmp   |      0|   0|    9|           4|           4|
    |icmp_ln291_fu_3172_p2                 |   icmp   |      0|   0|    8|           2|           2|
    |icmp_ln292_1_fu_3216_p2               |   icmp   |      0|   0|    8|           2|           2|
    |icmp_ln292_fu_3210_p2                 |   icmp   |      0|   0|    8|           2|           2|
    |icmp_ln293_fu_3248_p2                 |   icmp   |      0|   0|    8|           2|           2|
    |icmp_ln294_1_fu_3286_p2               |   icmp   |      0|   0|    8|           2|           2|
    |icmp_ln294_fu_3280_p2                 |   icmp   |      0|   0|    8|           2|           2|
    |icmp_ln295_1_fu_3324_p2               |   icmp   |      0|   0|   13|           9|           9|
    |icmp_ln295_fu_3318_p2                 |   icmp   |      0|   0|    8|           2|           2|
    |icmp_ln296_1_fu_3370_p2               |   icmp   |      0|   0|    8|           2|           2|
    |icmp_ln296_fu_3364_p2                 |   icmp   |      0|   0|   13|           9|           9|
    |icmp_ln29_fu_4187_p2                  |   icmp   |      0|   0|   11|           4|           5|
    |icmp_ln302_fu_3376_p2                 |   icmp   |      0|   0|    9|           4|           4|
    |icmp_ln303_fu_3396_p2                 |   icmp   |      0|   0|    9|           3|           4|
    |icmp_ln304_fu_3416_p2                 |   icmp   |      0|   0|   13|          11|          12|
    |icmp_ln309_fu_3651_p2                 |   icmp   |      0|   0|   13|          11|          12|
    |icmp_ln316_fu_3728_p2                 |   icmp   |      0|   0|   13|          11|          12|
    |icmp_ln318_fu_3745_p2                 |   icmp   |      0|   0|    9|           4|           4|
    |icmp_ln319_fu_3794_p2                 |   icmp   |      0|   0|    9|           3|           4|
    |icmp_ln31_fu_4199_p2                  |   icmp   |      0|   0|    9|           3|           4|
    |icmp_ln329_fu_4918_p2                 |   icmp   |      0|   0|    9|           3|           4|
    |icmp_ln32_fu_4223_p2                  |   icmp   |      0|   0|    9|           3|           4|
    |icmp_ln330_fu_4972_p2                 |   icmp   |      0|   0|    9|           3|           4|
    |icmp_ln331_fu_5003_p2                 |   icmp   |      0|   0|    9|           3|           1|
    |icmp_ln333_fu_5009_p2                 |   icmp   |      0|   0|    9|           3|           1|
    |icmp_ln339_fu_5021_p2                 |   icmp   |      0|   0|    9|           3|           4|
    |icmp_ln341_fu_5038_p2                 |   icmp   |      0|   0|   13|           9|           9|
    |icmp_ln349_fu_5925_p2                 |   icmp   |      0|   0|    9|           3|           4|
    |icmp_ln350_fu_5961_p2                 |   icmp   |      0|   0|    9|           3|           4|
    |icmp_ln353_fu_6000_p2                 |   icmp   |      0|   0|    9|           2|           3|
    |icmp_ln35_fu_4250_p2                  |   icmp   |      0|   0|    9|           3|           4|
    |icmp_ln360_fu_6054_p2                 |   icmp   |      0|   0|   13|           9|           9|
    |icmp_ln361_fu_6082_p2                 |   icmp   |      0|   0|    9|           3|           4|
    |icmp_ln364_fu_6113_p2                 |   icmp   |      0|   0|    9|           3|           4|
    |icmp_ln384_fu_6181_p2                 |   icmp   |      0|   0|   13|           9|           9|
    |icmp_ln387_fu_6213_p2                 |   icmp   |      0|   0|    9|           3|           4|
    |icmp_ln394_fu_6257_p2                 |   icmp   |      0|   0|   13|           9|           9|
    |icmp_ln396_fu_6274_p2                 |   icmp   |      0|   0|   13|           9|           1|
    |icmp_ln397_fu_6280_p2                 |   icmp   |      0|   0|   13|           9|           9|
    |icmp_ln43_fu_4300_p2                  |   icmp   |      0|   0|    9|           3|           4|
    |icmp_ln45_fu_4360_p2                  |   icmp   |      0|   0|    9|           3|           4|
    |icmp_ln46_fu_4402_p2                  |   icmp   |      0|   0|    9|           3|           4|
    |icmp_ln48_fu_4414_p2                  |   icmp   |      0|   0|    9|           3|           3|
    |icmp_ln55_fu_4439_p2                  |   icmp   |      0|   0|    8|           2|           2|
    |icmp_ln57_fu_4477_p2                  |   icmp   |      0|   0|   18|          32|           3|
    |icmp_ln61_fu_4510_p2                  |   icmp   |      0|   0|   18|          32|           2|
    |icmp_ln63_fu_4541_p2                  |   icmp   |      0|   0|   18|          32|           3|
    |icmp_ln74_fu_4635_p2                  |   icmp   |      0|   0|   18|          32|           2|
    |icmp_ln833_1_fu_5170_p2               |   icmp   |      0|   0|   29|          52|           1|
    |icmp_ln833_2_fu_5458_p2               |   icmp   |      0|   0|   13|          11|           2|
    |icmp_ln833_fu_5453_p2                 |   icmp   |      0|   0|   13|          11|           1|
    |icmp_ln83_fu_4717_p2                  |   icmp   |      0|   0|    9|           3|           4|
    |icmp_ln91_fu_4752_p2                  |   icmp   |      0|   0|    9|           3|           4|
    |icmp_ln94_fu_4773_p2                  |   icmp   |      0|   0|    8|           2|           2|
    |icmp_ln96_fu_4791_p2                  |   icmp   |      0|   0|   18|          32|           2|
    |icmp_ln97_1_fu_4869_p2                |   icmp   |      0|   0|   18|          23|           1|
    |icmp_ln97_2_fu_4881_p2                |   icmp   |      0|   0|   11|           8|           2|
    |icmp_ln97_3_fu_4887_p2                |   icmp   |      0|   0|   18|          23|           1|
    |icmp_ln97_fu_4863_p2                  |   icmp   |      0|   0|   11|           8|           2|
    |r_V_fu_5344_p2                        |   lshr   |      0|   0|  180|          63|          63|
    |ap_block_state206_on_subcall_done     |    or    |      0|   0|    2|           1|           1|
    |ap_block_state232                     |    or    |      0|   0|    2|           1|           1|
    |ap_block_state54_io                   |    or    |      0|   0|    2|           1|           1|
    |ap_sync_grp_qrf_top_fu_2716_ap_done   |    or    |      0|   0|    2|           1|           1|
    |ap_sync_grp_qrf_top_fu_2716_ap_ready  |    or    |      0|   0|    2|           1|           1|
    |or_ln300_fu_5861_p2                   |    or    |      0|   0|    2|           1|           1|
    |or_ln311_fu_5823_p2                   |    or    |      0|   0|    2|           1|           1|
    |or_ln334_fu_4956_p2                   |    or    |      0|   0|    4|           4|           1|
    |or_ln97_1_fu_4893_p2                  |    or    |      0|   0|    2|           1|           1|
    |or_ln97_fu_4875_p2                    |    or    |      0|   0|    2|           1|           1|
    |addr_V_fu_5103_p3                     |  select  |      0|   0|   11|           1|           7|
    |j_7_fu_4911_p3                        |  select  |      0|   0|   32|           1|          32|
    |p_Repl2_6_fu_5836_p3                  |  select  |      0|   0|    2|           1|           1|
    |p_Val2_49_fu_5224_p3                  |  select  |      0|   0|  124|           1|         124|
    |p_Val2_70_fu_5207_p3                  |  select  |      0|   0|    3|           1|           1|
    |r_V_36_fu_5356_p3                     |  select  |      0|   0|   63|           1|          63|
    |ret_V_20_fu_5866_p3                   |  select  |      0|   0|   11|           1|          11|
    |ret_V_21_fu_5882_p3                   |  select  |      0|   0|   52|           1|          52|
    |select_ln271_fu_5807_p3               |  select  |      0|   0|    2|           1|           1|
    |select_ln272_2_fu_5469_p3             |  select  |      0|   0|   63|           1|           2|
    |select_ln272_fu_5463_p3               |  select  |      0|   0|   11|           1|           1|
    |select_ln300_4_fu_5853_p3             |  select  |      0|   0|    2|           1|           2|
    |select_ln300_6_fu_5874_p3             |  select  |      0|   0|    2|           1|           2|
    |select_ln311_fu_5828_p3               |  select  |      0|   0|    2|           1|           1|
    |select_ln482_fu_5180_p3               |  select  |      0|   0|   11|           1|          11|
    |ush_fu_5328_p3                        |  select  |      0|   0|   12|           1|          12|
    |DFTpts_fu_3564_p2                     |    shl   |      0|   0|   25|           1|          11|
    |r_V_20_fu_5350_p2                     |    shl   |      0|   0|  180|          63|          63|
    |r_V_34_fu_5140_p2                     |    shl   |      0|   0|  950|         256|         256|
    |r_V_35_fu_5284_p2                     |    shl   |      0|   0|  411|         124|         124|
    |sin_basis_fu_5430_p2                  |    xor   |      0|   0|    2|           1|           2|
    |xor_ln1067_fu_4344_p2                 |    xor   |      0|   0|    4|           3|           4|
    |xor_ln293_fu_3228_p2                  |    xor   |      0|   0|    2|           1|           2|
    |xor_ln300_fu_5847_p2                  |    xor   |      0|   0|    2|           2|           1|
    |xor_ln311_fu_5818_p2                  |    xor   |      0|   0|    2|           1|           2|
    |xor_ln345_fu_5914_p2                  |    xor   |      0|   0|   33|          32|          33|
    |xor_ln444_1_fu_4705_p2                |    xor   |      0|   0|   33|          32|          33|
    |xor_ln444_fu_4689_p2                  |    xor   |      0|   0|   33|          32|          33|
    |xor_ln667_1_fu_6042_p2                |    xor   |      0|   0|   33|          32|          33|
    |xor_ln667_2_fu_6169_p2                |    xor   |      0|   0|   33|          32|          33|
    |xor_ln667_fu_3972_p2                  |    xor   |      0|   0|   33|          32|          33|
    +--------------------------------------+----------+-------+----+-----+------------+------------+
    |Total                                 |          |     67|  73| 5792|        2988|        2879|
    +--------------------------------------+----------+-------+----+-----+------------+------------+

    * Multiplexer: 
    +-------------------------------------+------+-----------+-----+-----------+
    |                 Name                |  LUT | Input Size| Bits| Total Bits|
    +-------------------------------------+------+-----------+-----+-----------+
    |AUU_M_imag_address0                  |    21|          4|   11|         44|
    |AUU_M_imag_d0                        |    15|          3|   32|         96|
    |AUU_M_real_address0                  |    21|          4|   11|         44|
    |AUU_M_real_d0                        |    15|          3|   32|         96|
    |Autocorr_Buffer_M_i_address0         |    21|          4|    6|         24|
    |Autocorr_Buffer_M_i_d0               |    15|          3|   32|         96|
    |Autocorr_Buffer_M_r_address0         |    21|          4|    6|         24|
    |Autocorr_Buffer_M_r_d0               |    15|          3|   32|         96|
    |FFT_Buffer_im_address0               |    33|          6|   10|         60|
    |FFT_Buffer_im_address1               |    33|          6|   10|         60|
    |FFT_Buffer_im_d0                     |    15|          3|   32|         96|
    |FFT_Buffer_im_d1                     |    15|          3|   32|         96|
    |FFT_Buffer_re_address0               |    33|          6|   10|         60|
    |FFT_Buffer_re_address1               |    33|          6|   10|         60|
    |FFT_Buffer_re_d0                     |    15|          3|   32|         96|
    |FFT_Buffer_re_d1                     |    15|          3|   32|         96|
    |P_sm_TDATA_blk_n                     |     9|          2|    1|          2|
    |P_sm_data_1_data_out                 |     9|          2|   32|         64|
    |P_sm_data_1_state                    |    15|          3|    2|          6|
    |P_sm_last_V_1_data_out               |     9|          2|    1|          2|
    |P_sm_last_V_1_state                  |    15|          3|    2|          6|
    |P_sm_user_V_1_data_out               |     9|          2|    1|          2|
    |P_sm_user_V_1_state                  |    15|          3|    2|          6|
    |Q_temp_M_imag_address0               |    21|          4|    4|         16|
    |Q_temp_M_imag_ce0                    |    15|          3|    1|          3|
    |Q_temp_M_imag_d0                     |    15|          3|   32|         96|
    |Q_temp_M_imag_we0                    |    15|          3|    1|          3|
    |Q_temp_M_real_address0               |    21|          4|    4|         16|
    |Q_temp_M_real_ce0                    |    15|          3|    1|          3|
    |Q_temp_M_real_d0                     |    15|          3|   32|         96|
    |Q_temp_M_real_we0                    |    15|          3|    1|          3|
    |R_temp_M_imag_address0               |    21|          4|    4|         16|
    |R_temp_M_imag_ce0                    |    15|          3|    1|          3|
    |R_temp_M_imag_d0                     |    15|          3|   32|         96|
    |R_temp_M_imag_we0                    |    15|          3|    1|          3|
    |R_temp_M_real_address0               |    21|          4|    4|         16|
    |R_temp_M_real_ce0                    |    15|          3|    1|          3|
    |R_temp_M_real_d0                     |    15|          3|   32|         96|
    |R_temp_M_real_we0                    |    15|          3|    1|          3|
    |Rx_temp_M_imag_address0              |    56|         13|    4|         52|
    |Rx_temp_M_imag_d0                    |    33|          6|   32|        192|
    |Rx_temp_M_real_address0              |    56|         13|    4|         52|
    |Rx_temp_M_real_d0                    |    33|          6|   32|        192|
    |U_M_imag_address0                    |    44|          9|    4|         36|
    |U_M_imag_d0                          |    15|          3|   32|         96|
    |U_M_real_address0                    |    44|          9|    4|         36|
    |U_M_real_d0                          |    21|          4|   32|        128|
    |Un_M_imag_address0                   |    27|          5|    3|         15|
    |Un_M_imag_d0                         |    15|          3|   32|         96|
    |Un_M_real_address0                   |    27|          5|    3|         15|
    |Un_M_real_d0                         |    15|          3|   32|         96|
    |a_theta_M_imag_address0              |    27|          5|   11|         55|
    |a_theta_M_imag_d0                    |    15|          3|   32|         96|
    |a_theta_M_real_address0              |    27|          5|   11|         55|
    |a_theta_M_real_d0                    |    15|          3|   32|         96|
    |ap_NS_fsm                            |  1005|        235|    1|        235|
    |complex_M_imag_read_1_reg_2388       |     9|          2|   32|         64|
    |complex_M_imag_read_2_reg_2553       |     9|          2|   32|         64|
    |complex_M_imag_read_3_reg_2612       |     9|          2|   32|         64|
    |complex_M_imag_read_reg_2253         |     9|          2|   32|         64|
    |complex_M_real_read_1_reg_2400       |     9|          2|   32|         64|
    |complex_M_real_read_2_reg_2566       |     9|          2|   32|         64|
    |complex_M_real_read_3_reg_2625       |     9|          2|   32|         64|
    |complex_M_real_read_4_reg_2671       |     9|          2|   32|         64|
    |complex_M_real_read_reg_2266         |     9|          2|   32|         64|
    |count_0_i_reg_2290                   |     9|          2|    3|          6|
    |data_ARADDR                          |    21|          4|   32|        128|
    |data_AWADDR                          |    15|          3|   32|         96|
    |data_WDATA                           |    15|          3|   32|         96|
    |data_blk_n_AR                        |     9|          2|    1|          2|
    |data_blk_n_AW                        |     9|          2|    1|          2|
    |data_blk_n_B                         |     9|          2|    1|          2|
    |data_blk_n_R                         |     9|          2|    1|          2|
    |data_blk_n_W                         |     9|          2|    1|          2|
    |eig_mat_M_imag_address0              |    27|          5|    4|         20|
    |eig_mat_M_imag_ce0                   |    15|          3|    1|          3|
    |eig_mat_M_imag_d0                    |    21|          4|   32|        128|
    |eig_mat_M_real_address0              |    33|          6|    4|         24|
    |eig_mat_M_real_ce0                   |    15|          3|    1|          3|
    |eig_mat_M_real_d0                    |    21|          4|   32|        128|
    |eigval_address0                      |    15|          3|    2|          6|
    |flag_0_i_reg_2456                    |     9|          2|   32|         64|
    |flag_reg_2444                        |     9|          2|    2|          4|
    |grp_fu_2765_opcode                   |    15|          3|    2|          6|
    |grp_fu_2765_p0                       |    59|         14|   32|        448|
    |grp_fu_2765_p1                       |    41|          8|   32|        256|
    |grp_fu_2770_opcode                   |    15|          3|    2|          6|
    |grp_fu_2770_p0                       |    44|          9|   32|        288|
    |grp_fu_2770_p1                       |    15|          3|   32|         96|
    |grp_fu_2803_p0                       |    65|         16|   32|        512|
    |grp_fu_2803_p1                       |    65|         16|   32|        512|
    |grp_fu_2809_p0                       |    56|         13|   32|        416|
    |grp_fu_2809_p1                       |    53|         12|   32|        384|
    |grp_fu_2815_p0                       |    50|         11|   32|        352|
    |grp_fu_2815_p1                       |    50|         11|   32|        352|
    |grp_fu_2821_p0                       |    50|         11|   32|        352|
    |grp_fu_2821_p1                       |    47|         10|   32|        320|
    |grp_fu_2898_p0                       |    15|          3|   32|         96|
    |grp_fu_2898_p1                       |    21|          4|   32|        128|
    |grp_fu_2904_p0                       |    15|          3|   32|         96|
    |grp_fu_2904_p1                       |    21|          4|   32|        128|
    |grp_fu_2914_p0                       |    15|          3|   64|        192|
    |grp_fu_2918_p0                       |    15|          3|   32|         96|
    |grp_fu_2937_p1                       |    15|          3|   64|        192|
    |grp_fu_2944_p0                       |    15|          3|   64|        192|
    |grp_fu_2944_p1                       |    15|          3|   64|        192|
    |grp_sin_or_cos_float_s_fu_2726_t_in  |    15|          3|   32|         96|
    |grp_sin_or_cos_float_s_fu_2742_t_in  |    15|          3|   32|         96|
    |i16_0_i_reg_2220                     |     9|          2|    4|          8|
    |i17_0_i_reg_2231                     |     9|          2|    3|          6|
    |i19_0_i_reg_2302                     |     9|          2|    3|          6|
    |i25_0_i_reg_2421                     |     9|          2|    3|          6|
    |i30_0_reg_2590                       |     9|          2|    9|         18|
    |i33_0_reg_2660                       |     9|          2|    9|         18|
    |i_0_i43_reg_2198                     |     9|          2|    3|          6|
    |i_0_i49_reg_2432                     |     9|          2|    3|          6|
    |i_0_i_i_i_reg_1941                   |     9|          2|    4|          8|
    |i_0_i_reg_1996                       |     9|          2|   32|         64|
    |i_0_reg_2531                         |     9|          2|    3|          6|
    |i_5_reg_1973                         |     9|          2|   10|         20|
    |input_assign_reg_1918                |     9|          2|   11|         22|
    |j18_0_i_reg_2242                     |     9|          2|    3|          6|
    |j20_0_i_reg_2314                     |     9|          2|    3|          6|
    |j22_0_i_reg_2337                     |     9|          2|   32|         64|
    |j23_0_in_i_reg_2346                  |     9|          2|   32|         64|
    |j24_0_in_i_reg_2412                  |     9|          2|   32|         64|
    |j24_0_reg_2005                       |     9|          2|   11|         22|
    |j29_0_reg_2542                       |     9|          2|    3|          6|
    |j31_0_reg_2601                       |     9|          2|    3|          6|
    |j_0_i44_reg_2209                     |     9|          2|    3|          6|
    |j_0_in_i_reg_2466                    |     9|          2|   32|         64|
    |j_0_reg_1906                         |     9|          2|   11|         22|
    |j_14_reg_2325                        |     9|          2|    2|          4|
    |jj_0_reg_2016                        |     9|          2|   11|         22|
    |k32_0_reg_2638                       |     9|          2|    3|          6|
    |k34_0_reg_2683                       |     9|          2|    3|          6|
    |k_0_i_reg_2279                       |     9|          2|    3|          6|
    |k_0_reg_2579                         |     9|          2|    2|          4|
    |l25_0_reg_2027                       |     9|          2|    4|          8|
    |l_0_i_reg_2095                       |     9|          2|    4|          8|
    |l_0_reg_1884                         |     9|          2|    4|          8|
    |m_0_i_reg_2376                       |     9|          2|    3|          6|
    |n26_0_reg_2038                       |     9|          2|    3|          6|
    |n_0_reg_1895                         |     9|          2|    3|          6|
    |p_016_rec_reg_2705                   |     9|          2|    9|         18|
    |p_0_i_i_i_reg_1952                   |     9|          2|   10|         20|
    |p_r_M_imag_reg_2071                  |     9|          2|   32|         64|
    |p_r_M_real_reg_2083                  |     9|          2|   32|         64|
    |p_x_assign_5_reg_1984                |     9|          2|   32|         64|
    |p_x_assign_reg_2364                  |     9|          2|   32|         64|
    |phi_ln13_1_reg_2118                  |     9|          2|    2|          4|
    |phi_ln13_reg_2106                    |     9|          2|    2|          4|
    |phi_ln14_1_reg_2141                  |     9|          2|    2|          4|
    |phi_ln14_reg_2129                    |     9|          2|    2|          4|
    |phi_ln15_1_reg_2164                  |     9|          2|    2|          4|
    |phi_ln15_reg_2152                    |     9|          2|    2|          4|
    |phi_ln16_1_reg_2187                  |     9|          2|    2|          4|
    |phi_ln16_reg_2175                    |     9|          2|    2|          4|
    |phi_ln291_1_reg_1746                 |     9|          2|    2|          4|
    |phi_ln291_reg_1734                   |     9|          2|    4|          8|
    |phi_ln292_1_reg_1769                 |     9|          2|    2|          4|
    |phi_ln292_reg_1757                   |     9|          2|    2|          4|
    |phi_ln293_1_reg_1792                 |     9|          2|    1|          2|
    |phi_ln293_reg_1780                   |     9|          2|    2|          4|
    |phi_ln294_1_reg_1815                 |     9|          2|    2|          4|
    |phi_ln294_reg_1803                   |     9|          2|    2|          4|
    |phi_ln295_1_reg_1838                 |     9|          2|    2|          4|
    |phi_ln295_reg_1826                   |     9|          2|    9|         18|
    |phi_ln296_1_reg_1873                 |     9|          2|    9|         18|
    |phi_ln296_reg_1849                   |     9|          2|    2|          4|
    |phi_mul11_reg_2649                   |     9|          2|   11|         22|
    |phi_mul13_reg_2694                   |     9|          2|   11|         22|
    |phi_mul9_reg_2508                    |     9|          2|   11|         22|
    |phi_mul_reg_1861                     |     9|          2|   11|         22|
    |q_0_i_reg_2355                       |     9|          2|   32|         64|
    |reg_2974                             |     9|          2|   32|         64|
    |reg_2983                             |     9|          2|   32|         64|
    |reversed_reg_1930                    |     9|          2|   32|         64|
    |sort_index_address0                  |    27|          5|    2|         10|
    |sort_index_address1                  |    27|          5|    2|         10|
    |sort_index_d0                        |    15|          3|    3|          9|
    |stage_0_i_reg_1961                   |     9|          2|    4|          8|
    |temp_mat_M_imag_address0             |    41|          8|    4|         32|
    |temp_mat_M_imag_d0                   |    21|          4|   32|        128|
    |temp_mat_M_real_address0             |    41|          8|    4|         32|
    |temp_mat_M_real_d0                   |    21|          4|   32|        128|
    |w_address0                           |    21|          4|    9|         36|
    |x27_0_reg_2497                       |     9|          2|    3|          6|
    |x_0_i_reg_2049                       |     9|          2|    3|          6|
    |x_0_reg_2475                         |     9|          2|    3|          6|
    |y28_0_reg_2520                       |     9|          2|    9|         18|
    |y_0_i_reg_2060                       |     9|          2|    3|          6|
    |y_0_reg_2486                         |     9|          2|    3|          6|
    +-------------------------------------+------+-----------+-----+-----------+
    |Total                                |  4216|        905| 2991|      12146|
    +-------------------------------------+------+-----------+-----+-----------+

    * Register: 
    +---------------------------------------------+-----+----+-----+-----------+
    |                     Name                    |  FF | LUT| Bits| Const Bits|
    +---------------------------------------------+-----+----+-----+-----------+
    |AUU_M_imag_addr_2_reg_7868                   |   11|   0|   11|          0|
    |AUU_M_real_addr_2_reg_7863                   |   11|   0|   11|          0|
    |B_V_reg_7654                                 |   56|   0|   56|          0|
    |B_squared_V_reg_7664                         |   49|   0|   49|          0|
    |Ex_V_reg_7642                                |   11|   0|   11|          0|
    |FFT_Buffer_im_addr_1_reg_6501                |   10|   0|   10|          0|
    |FFT_Buffer_im_addr_2_reg_6507                |   10|   0|   10|          0|
    |FFT_Buffer_im_addr_4_reg_6586                |   10|   0|   10|          0|
    |FFT_Buffer_im_addr_5_reg_6597                |   10|   0|   10|          0|
    |FFT_Buffer_re_addr_1_reg_6489                |   10|   0|   10|          0|
    |FFT_Buffer_re_addr_2_reg_6495                |   10|   0|   10|          0|
    |FFT_Buffer_re_addr_4_reg_6581                |   10|   0|   10|          0|
    |FFT_Buffer_re_addr_5_reg_6591                |   10|   0|   10|          0|
    |Mx_V_reg_7637                                |   63|   0|   63|          0|
    |P_sm_data_1_payload_A                        |   32|   0|   32|          0|
    |P_sm_data_1_payload_B                        |   32|   0|   32|          0|
    |P_sm_data_1_sel_rd                           |    1|   0|    1|          0|
    |P_sm_data_1_sel_wr                           |    1|   0|    1|          0|
    |P_sm_data_1_state                            |    2|   0|    2|          0|
    |P_sm_last_V_1_payload_A                      |    1|   0|    1|          0|
    |P_sm_last_V_1_payload_B                      |    1|   0|    1|          0|
    |P_sm_last_V_1_sel_rd                         |    1|   0|    1|          0|
    |P_sm_last_V_1_sel_wr                         |    1|   0|    1|          0|
    |P_sm_last_V_1_state                          |    2|   0|    2|          0|
    |P_sm_user_V_1_payload_A                      |    1|   0|    1|          0|
    |P_sm_user_V_1_payload_B                      |    1|   0|    1|          0|
    |P_sm_user_V_1_sel_rd                         |    1|   0|    1|          0|
    |P_sm_user_V_1_sel_wr                         |    1|   0|    1|          0|
    |P_sm_user_V_1_state                          |    2|   0|    2|          0|
    |Rx_temp_M_imag_addr_2_reg_7100               |    4|   0|    4|          0|
    |Rx_temp_M_imag_addr_4_reg_7182               |    4|   0|    4|          0|
    |Rx_temp_M_imag_addr_5_reg_7271               |    4|   0|    4|          0|
    |Rx_temp_M_imag_addr_8_reg_7248               |    4|   0|    4|          0|
    |Rx_temp_M_real_addr_2_reg_7095               |    4|   0|    4|          0|
    |Rx_temp_M_real_addr_4_reg_7177               |    4|   0|    4|          0|
    |Rx_temp_M_real_addr_5_reg_7266               |    4|   0|    4|          0|
    |Rx_temp_M_real_addr_8_reg_7243               |    4|   0|    4|          0|
    |U_M_imag_addr_2_reg_7072                     |    4|   0|    4|          0|
    |U_M_imag_addr_3_reg_7281                     |    4|   0|    4|          0|
    |U_M_imag_addr_5_reg_7393                     |    4|   0|    4|          0|
    |U_M_real_addr_2_reg_7067                     |    4|   0|    4|          0|
    |U_M_real_addr_3_reg_7276                     |    4|   0|    4|          0|
    |U_M_real_addr_5_reg_7388                     |    4|   0|    4|          0|
    |Un_M_imag_addr_1_reg_7494                    |    2|   0|    3|          1|
    |Un_M_imag_addr_2_reg_7499                    |    2|   0|    3|          1|
    |Un_M_real_addr_1_reg_7484                    |    2|   0|    3|          1|
    |Un_M_real_addr_2_reg_7489                    |    2|   0|    3|          1|
    |add_ln13_reg_6837                            |    2|   0|    2|          0|
    |add_ln14_reg_6853                            |    2|   0|    2|          0|
    |add_ln15_reg_6869                            |    2|   0|    2|          0|
    |add_ln16_reg_6885                            |    2|   0|    2|          0|
    |add_ln291_reg_6299                           |    4|   0|    4|          0|
    |add_ln292_reg_6315                           |    2|   0|    2|          0|
    |add_ln293_reg_6331                           |    2|   0|    2|          0|
    |add_ln294_reg_6344                           |    2|   0|    2|          0|
    |add_ln295_reg_6360                           |    9|   0|    9|          0|
    |add_ln296_2_reg_6376                         |   11|   0|   11|          0|
    |add_ln296_reg_6381                           |    2|   0|    2|          0|
    |add_ln305_2_reg_6433                         |   31|   0|   31|          0|
    |add_ln310_2_reg_6626                         |   31|   0|   31|          0|
    |add_ln311_reg_6642                           |   31|   0|   31|          0|
    |add_ln321_2_reg_6702                         |   31|   0|   31|          0|
    |add_ln321_3_reg_6712                         |    7|   0|    7|          0|
    |add_ln322_reg_6707                           |   31|   0|   31|          0|
    |add_ln332_reg_7512                           |    6|   0|    6|          0|
    |add_ln339_reg_7540                           |   11|   0|   11|          0|
    |add_ln344_reg_7571                           |   11|   0|   11|          0|
    |add_ln366_2_reg_7891                         |   11|   0|   11|          0|
    |add_ln389_2_reg_7963                         |   11|   0|   11|          0|
    |add_ln65_reg_7223                            |    6|   0|    6|          0|
    |ap_CS_fsm                                    |  234|   0|  234|          0|
    |ap_sync_reg_grp_qrf_top_fu_2716_ap_done      |    1|   0|    1|          0|
    |ap_sync_reg_grp_qrf_top_fu_2716_ap_ready     |    1|   0|    1|          0|
    |c_reg_6566                                   |   32|   0|   32|          0|
    |closepath_reg_7600                           |    1|   0|    1|          0|
    |complex_M_imag_read_1_reg_2388               |   32|   0|   32|          0|
    |complex_M_imag_read_2_reg_2553               |   32|   0|   32|          0|
    |complex_M_imag_read_3_reg_2612               |   32|   0|   32|          0|
    |complex_M_imag_read_reg_2253                 |   32|   0|   32|          0|
    |complex_M_real_read_1_reg_2400               |   32|   0|   32|          0|
    |complex_M_real_read_2_reg_2566               |   32|   0|   32|          0|
    |complex_M_real_read_3_reg_2625               |   32|   0|   32|          0|
    |complex_M_real_read_4_reg_2671               |   32|   0|   32|          0|
    |complex_M_real_read_reg_2266                 |   32|   0|   32|          0|
    |cos_basis_reg_7647                           |    1|   0|    1|          0|
    |count_0_i_reg_2290                           |    3|   0|    3|          0|
    |count_reg_7050                               |    3|   0|    3|          0|
    |data_addr_1_read_reg_6729                    |   32|   0|   32|          0|
    |data_addr_2_read_reg_6734                    |   32|   0|   32|          0|
    |data_addr_read_reg_6444                      |   32|   0|   32|          0|
    |eig_mat_M_imag_addr_2_reg_6980               |    4|   0|    4|          0|
    |eig_mat_M_real_addr_3_reg_6975               |    4|   0|    4|          0|
    |eigval_temp_reg_7077                         |   32|   0|   32|          0|
    |flag_0_i_reg_2456                            |   32|   0|   32|          0|
    |flag_reg_2444                                |    2|   0|    2|          0|
    |grp_qrf_top_fu_2716_ap_start_reg             |    1|   0|    1|          0|
    |grp_scaled_fixed2ieee_fu_2759_ap_start_reg   |    1|   0|    1|          0|
    |grp_sin_or_cos_float_s_fu_2726_ap_start_reg  |    1|   0|    1|          0|
    |grp_sin_or_cos_float_s_fu_2742_ap_start_reg  |    1|   0|    1|          0|
    |i16_0_i_reg_2220                             |    4|   0|    4|          0|
    |i17_0_i_reg_2231                             |    3|   0|    3|          0|
    |i19_0_i_reg_2302                             |    3|   0|    3|          0|
    |i25_0_i_reg_2421                             |    3|   0|    3|          0|
    |i30_0_reg_2590                               |    9|   0|    9|          0|
    |i33_0_reg_2660                               |    9|   0|    9|          0|
    |i_0_i43_reg_2198                             |    3|   0|    3|          0|
    |i_0_i49_reg_2432                             |    3|   0|    3|          0|
    |i_0_i_i_i_reg_1941                           |    4|   0|    4|          0|
    |i_0_i_reg_1996                               |   32|   0|   32|          0|
    |i_0_reg_2531                                 |    3|   0|    3|          0|
    |i_10_reg_6951                                |    3|   0|    3|          0|
    |i_11_reg_7085                                |    3|   0|    3|          0|
    |i_13_reg_7153                                |    2|   0|    2|          0|
    |i_14_reg_7415                                |    2|   0|    2|          0|
    |i_15_reg_7383                                |    3|   0|    3|          0|
    |i_16_reg_7732                                |    3|   0|    3|          0|
    |i_17_reg_7835                                |    9|   0|    9|          0|
    |i_18_reg_7925                                |    9|   0|    9|          0|
    |i_5_cast_reg_6548                            |   10|   0|   32|         22|
    |i_5_reg_1973                                 |   10|   0|   10|          0|
    |i_6_reg_6462                                 |   11|   0|   11|          0|
    |i_7_reg_6603                                 |   32|   0|   32|          0|
    |i_8_reg_6904                                 |    3|   0|    3|          0|
    |i_9_reg_6943                                 |    4|   0|    4|          0|
    |i_reg_8006                                   |    9|   0|    9|          0|
    |icmp_ln160_reg_6485                          |    1|   0|    1|          0|
    |icmp_ln331_reg_7532                          |    1|   0|    1|          0|
    |icmp_ln333_reg_7536                          |    1|   0|    1|          0|
    |icmp_ln396_reg_8016                          |    1|   0|    1|          0|
    |icmp_ln397_reg_8021                          |    1|   0|    1|          0|
    |icmp_ln48_reg_7123                           |    1|   0|    1|          0|
    |icmp_ln833_1_reg_7626                        |    1|   0|    1|          0|
    |icmp_ln833_2_reg_7701                        |    1|   0|    1|          0|
    |icmp_ln833_reg_7695                          |    1|   0|    1|          0|
    |input_assign_reg_1918                        |   11|   0|   11|          0|
    |j18_0_i_reg_2242                             |    3|   0|    3|          0|
    |j20_0_i_reg_2314                             |    3|   0|    3|          0|
    |j22_0_i_reg_2337                             |   32|   0|   32|          0|
    |j23_0_in_i_reg_2346                          |   32|   0|   32|          0|
    |j24_0_in_i_reg_2412                          |   32|   0|   32|          0|
    |j24_0_reg_2005                               |   11|   0|   11|          0|
    |j29_0_reg_2542                               |    3|   0|    3|          0|
    |j31_0_reg_2601                               |    3|   0|    3|          0|
    |j_0_i44_reg_2209                             |    3|   0|    3|          0|
    |j_0_in_i_reg_2466                            |   32|   0|   32|          0|
    |j_0_reg_1906                                 |   11|   0|   11|          0|
    |j_10_reg_7286                                |   32|   0|   32|          0|
    |j_11_reg_7192                                |   32|   0|   32|          0|
    |j_12_reg_7750                                |    3|   0|    3|          0|
    |j_13_reg_7853                                |    3|   0|    3|          0|
    |j_14_reg_2325                                |    2|   0|    2|          0|
    |j_15_reg_7420                                |   32|   0|   32|          0|
    |j_1_reg_6611                                 |   11|   0|   11|          0|
    |j_2_reg_6556                                 |   10|   0|   10|          0|
    |j_3_reg_6917                                 |    3|   0|    3|          0|
    |j_5_reg_6965                                 |    3|   0|    3|          0|
    |j_8_reg_7187                                 |   32|   0|   32|          0|
    |j_9_reg_7118                                 |    3|   0|    3|          0|
    |j_reg_6428                                   |   11|   0|   11|          0|
    |jj_0_reg_2016                                |   11|   0|   11|          0|
    |jj_reg_6661                                  |   11|   0|   11|          0|
    |k32_0_reg_2638                               |    3|   0|    3|          0|
    |k34_0_reg_2683                               |    3|   0|    3|          0|
    |k_0_i_reg_2279                               |    3|   0|    3|          0|
    |k_0_reg_2579                                 |    2|   0|    2|          0|
    |k_2_reg_7773                                 |    2|   0|    2|          0|
    |k_3_reg_7948                                 |    3|   0|    3|          0|
    |k_4_reg_7876                                 |    3|   0|    3|          0|
    |k_reg_6988                                   |    3|   0|    3|          0|
    |l25_0_reg_2027                               |    4|   0|    4|          0|
    |l_0_i_reg_2095                               |    4|   0|    4|          0|
    |l_0_reg_1884                                 |    4|   0|    4|          0|
    |l_1_reg_6679                                 |    4|   0|    4|          0|
    |l_2_reg_6783                                 |    4|   0|    4|          0|
    |l_reg_6400                                   |    4|   0|    4|          0|
    |m_0_i_reg_2376                               |    3|   0|    3|          0|
    |m_reg_7314                                   |    3|   0|    3|          0|
    |midsum_reg_7373                              |   32|   0|   32|          0|
    |n26_0_reg_2038                               |    3|   0|    3|          0|
    |n_0_reg_1895                                 |    3|   0|    3|          0|
    |n_1_reg_6414                                 |    3|   0|    3|          0|
    |n_reg_6697                                   |    3|   0|    3|          0|
    |numBF_reg_6543                               |   10|   0|   32|         22|
    |p_016_rec_reg_2705                           |    9|   0|    9|          0|
    |p_0_i_i_i_reg_1952                           |   10|   0|   10|          0|
    |p_Val2_70_reg_7632                           |    3|   0|    3|          0|
    |p_cast19_reg_6286                            |   30|   0|   31|          1|
    |p_cast_reg_6292                              |   30|   0|   31|          1|
    |p_r_M_imag_reg_2071                          |   32|   0|   32|          0|
    |p_r_M_real_reg_2083                          |   32|   0|   32|          0|
    |p_x_assign_5_reg_1984                        |   32|   0|   32|          0|
    |p_x_assign_6_reg_7723                        |   32|   0|   32|          0|
    |p_x_assign_reg_2364                          |   32|   0|   32|          0|
    |phi_ln13_1_reg_2118                          |    2|   0|    2|          0|
    |phi_ln13_reg_2106                            |    2|   0|    2|          0|
    |phi_ln14_1_reg_2141                          |    2|   0|    2|          0|
    |phi_ln14_reg_2129                            |    2|   0|    2|          0|
    |phi_ln15_1_reg_2164                          |    2|   0|    2|          0|
    |phi_ln15_reg_2152                            |    2|   0|    2|          0|
    |phi_ln16_1_reg_2187                          |    2|   0|    2|          0|
    |phi_ln16_reg_2175                            |    2|   0|    2|          0|
    |phi_ln291_1_reg_1746                         |    2|   0|    2|          0|
    |phi_ln291_reg_1734                           |    4|   0|    4|          0|
    |phi_ln292_1_reg_1769                         |    2|   0|    2|          0|
    |phi_ln292_reg_1757                           |    2|   0|    2|          0|
    |phi_ln293_1_reg_1792                         |    1|   0|    1|          0|
    |phi_ln293_reg_1780                           |    2|   0|    2|          0|
    |phi_ln294_1_reg_1815                         |    2|   0|    2|          0|
    |phi_ln294_reg_1803                           |    2|   0|    2|          0|
    |phi_ln295_1_reg_1838                         |    2|   0|    2|          0|
    |phi_ln295_reg_1826                           |    9|   0|    9|          0|
    |phi_ln296_1_reg_1873                         |    9|   0|    9|          0|
    |phi_ln296_reg_1849                           |    2|   0|    2|          0|
    |phi_mul11_reg_2649                           |   11|   0|   11|          0|
    |phi_mul13_reg_2694                           |   11|   0|   11|          0|
    |phi_mul9_reg_2508                            |   11|   0|   11|          0|
    |phi_mul_reg_1861                             |   11|   0|   11|          0|
    |q_0_i_reg_2355                               |   32|   0|   32|          0|
    |q_1_reg_7238                                 |   32|   0|   32|          0|
    |r_V_22_reg_7659                              |   49|   0|   98|         49|
    |reg_2953                                     |   64|   0|   64|          0|
    |reg_2958                                     |   32|   0|   32|          0|
    |reg_2964                                     |   32|   0|   32|          0|
    |reg_2974                                     |   32|   0|   32|          0|
    |reg_2983                                     |   32|   0|   32|          0|
    |reg_2992                                     |   32|   0|   32|          0|
    |reg_3013                                     |   32|   0|   32|          0|
    |reg_3019                                     |   32|   0|   32|          0|
    |reg_3039                                     |   32|   0|   32|          0|
    |reg_3046                                     |   32|   0|   32|          0|
    |reg_3056                                     |   32|   0|   32|          0|
    |reg_3084                                     |   32|   0|   32|          0|
    |result_V_reg_7708                            |   63|   0|   63|          0|
    |results_sign_V_2_reg_7581                    |    1|   0|    1|          0|
    |ret_V_19_reg_7713                            |   12|   0|   12|          0|
    |reversed_reg_1930                            |   32|   0|   32|          0|
    |s_reg_6572                                   |   32|   0|   32|          0|
    |sext_ln62_cast_reg_7215                      |    4|   0|    6|          2|
    |sext_ln78_reg_7261                           |    4|   0|    6|          2|
    |shl_ln_reg_6405                              |    4|   0|   14|         10|
    |sort_index_addr_1_reg_7439                   |    2|   0|    2|          0|
    |sort_index_addr_2_reg_7445                   |    2|   0|    2|          0|
    |sort_index_load_reg_7466                     |    3|   0|    3|          0|
    |stage_0_i_reg_1961                           |    4|   0|    4|          0|
    |sum_M_imag_reg_7362                          |   32|   0|   32|          0|
    |sum_M_real_reg_7356                          |   32|   0|   32|          0|
    |temp_1_reg_6518                              |   32|   0|   32|          0|
    |temp_mat_M_imag_add_1_reg_6775               |    4|   0|    4|          0|
    |temp_mat_M_imag_add_5_reg_7765               |    4|   0|    4|          0|
    |temp_mat_M_real_add_1_reg_6770               |    4|   0|    4|          0|
    |temp_mat_M_real_add_5_reg_7760               |    4|   0|    4|          0|
    |temp_reg_6513                                |   32|   0|   32|          0|
    |tmp_4_reg_6538                               |   64|   0|   64|          0|
    |tmp_9_i_i_reg_7351                           |   32|   0|   32|          0|
    |tmp_V_4_reg_7594                             |   52|   0|   52|          0|
    |tmp_V_reg_7587                               |   11|   0|   11|          0|
    |tmp_s_reg_6671                               |   64|   0|   64|          0|
    |trunc_ln601_reg_7611                         |    7|   0|    7|          0|
    |trunc_ln62_reg_7200                          |    4|   0|    4|          0|
    |trunc_ln6_reg_6532                           |   10|   0|   10|          0|
    |w_addr_1_reg_7978                            |    9|   0|    9|          0|
    |x27_0_reg_2497                               |    3|   0|    3|          0|
    |x_0_i_reg_2049                               |    3|   0|    3|          0|
    |x_0_reg_2475                                 |    3|   0|    3|          0|
    |x_1_reg_7474                                 |    3|   0|    3|          0|
    |x_2_reg_7548                                 |    3|   0|    3|          0|
    |x_reg_6742                                   |    3|   0|    3|          0|
    |y28_0_reg_2520                               |    9|   0|    9|          0|
    |y_0_i_reg_2060                               |    3|   0|    3|          0|
    |y_0_reg_2486                                 |    3|   0|    3|          0|
    |y_1_reg_7566                                 |    9|   0|    9|          0|
    |y_2_reg_7507                                 |    3|   0|    3|          0|
    |y_reg_6760                                   |    3|   0|    3|          0|
    |zext_ln1044_reg_7055                         |    3|   0|    6|          3|
    |zext_ln110_reg_6752                          |    3|   0|    6|          3|
    |zext_ln116_1_reg_6765                        |    3|   0|    7|          4|
    |zext_ln116_reg_6747                          |    3|   0|    7|          4|
    |zext_ln120_reg_6454                          |   11|   0|   32|         21|
    |zext_ln227_reg_6526                          |   11|   0|   32|         21|
    |zext_ln23_reg_6909                           |    3|   0|    6|          3|
    |zext_ln24_1_reg_6922                         |    6|   0|   64|         58|
    |zext_ln304_1_reg_6419                        |    3|   0|   17|         14|
    |zext_ln310_2_reg_6621                        |   17|   0|   31|         14|
    |zext_ln316_reg_6653                          |   11|   0|   14|          3|
    |zext_ln319_reg_6689                          |   14|   0|   17|          3|
    |zext_ln321_reg_6684                          |    4|   0|    7|          3|
    |zext_ln32_reg_6956                           |    3|   0|    6|          3|
    |zext_ln332_reg_7479                          |    3|   0|    6|          3|
    |zext_ln350_reg_7742                          |    3|   0|    6|          3|
    |zext_ln357_1_reg_7755                        |    3|   0|    5|          2|
    |zext_ln357_reg_7737                          |    3|   0|    5|          2|
    |zext_ln361_reg_7845                          |    9|   0|   12|          3|
    |zext_ln368_1_reg_7858                        |    3|   0|    6|          3|
    |zext_ln368_reg_7840                          |    9|   0|   11|          2|
    |zext_ln387_reg_7940                          |    9|   0|   12|          3|
    |zext_ln389_1_reg_7935                        |    9|   0|   11|          2|
    |zext_ln389_reg_7930                          |    9|   0|   64|         55|
    |zext_ln39_reg_6970                           |    3|   0|    6|          3|
    |zext_ln49_1_reg_7090                         |    3|   0|    6|          3|
    |zext_ln51_1_reg_7127                         |    6|   0|   64|         58|
    |zext_ln55_reg_7143                           |    2|   0|   32|         30|
    |zext_ln56_reg_7168                           |    2|   0|    6|          4|
    +---------------------------------------------+-----+----+-----+-----------+
    |Total                                        | 3749|   0| 4195|        446|
    +---------------------------------------------+-----+----+-----+-----------+



================================================================
== Interface
================================================================
* Summary: 
+------------------------+-----+-----+------------+--------------+--------------+
|        RTL Ports       | Dir | Bits|  Protocol  | Source Object|    C Type    |
+------------------------+-----+-----+------------+--------------+--------------+
|s_axi_AXILiteS_AWVALID  |  in |    1|    s_axi   |   AXILiteS   |    scalar    |
|s_axi_AXILiteS_AWREADY  | out |    1|    s_axi   |   AXILiteS   |    scalar    |
|s_axi_AXILiteS_AWADDR   |  in |    6|    s_axi   |   AXILiteS   |    scalar    |
|s_axi_AXILiteS_WVALID   |  in |    1|    s_axi   |   AXILiteS   |    scalar    |
|s_axi_AXILiteS_WREADY   | out |    1|    s_axi   |   AXILiteS   |    scalar    |
|s_axi_AXILiteS_WDATA    |  in |   32|    s_axi   |   AXILiteS   |    scalar    |
|s_axi_AXILiteS_WSTRB    |  in |    4|    s_axi   |   AXILiteS   |    scalar    |
|s_axi_AXILiteS_ARVALID  |  in |    1|    s_axi   |   AXILiteS   |    scalar    |
|s_axi_AXILiteS_ARREADY  | out |    1|    s_axi   |   AXILiteS   |    scalar    |
|s_axi_AXILiteS_ARADDR   |  in |    6|    s_axi   |   AXILiteS   |    scalar    |
|s_axi_AXILiteS_RVALID   | out |    1|    s_axi   |   AXILiteS   |    scalar    |
|s_axi_AXILiteS_RREADY   |  in |    1|    s_axi   |   AXILiteS   |    scalar    |
|s_axi_AXILiteS_RDATA    | out |   32|    s_axi   |   AXILiteS   |    scalar    |
|s_axi_AXILiteS_RRESP    | out |    2|    s_axi   |   AXILiteS   |    scalar    |
|s_axi_AXILiteS_BVALID   | out |    1|    s_axi   |   AXILiteS   |    scalar    |
|s_axi_AXILiteS_BREADY   |  in |    1|    s_axi   |   AXILiteS   |    scalar    |
|s_axi_AXILiteS_BRESP    | out |    2|    s_axi   |   AXILiteS   |    scalar    |
|ap_clk                  |  in |    1| ap_ctrl_hs |     music    | return value |
|ap_rst_n                |  in |    1| ap_ctrl_hs |     music    | return value |
|interrupt               | out |    1| ap_ctrl_hs |     music    | return value |
|m_axi_data_AWVALID      | out |    1|    m_axi   |     data     |    pointer   |
|m_axi_data_AWREADY      |  in |    1|    m_axi   |     data     |    pointer   |
|m_axi_data_AWADDR       | out |   32|    m_axi   |     data     |    pointer   |
|m_axi_data_AWID         | out |    1|    m_axi   |     data     |    pointer   |
|m_axi_data_AWLEN        | out |    8|    m_axi   |     data     |    pointer   |
|m_axi_data_AWSIZE       | out |    3|    m_axi   |     data     |    pointer   |
|m_axi_data_AWBURST      | out |    2|    m_axi   |     data     |    pointer   |
|m_axi_data_AWLOCK       | out |    2|    m_axi   |     data     |    pointer   |
|m_axi_data_AWCACHE      | out |    4|    m_axi   |     data     |    pointer   |
|m_axi_data_AWPROT       | out |    3|    m_axi   |     data     |    pointer   |
|m_axi_data_AWQOS        | out |    4|    m_axi   |     data     |    pointer   |
|m_axi_data_AWREGION     | out |    4|    m_axi   |     data     |    pointer   |
|m_axi_data_AWUSER       | out |    1|    m_axi   |     data     |    pointer   |
|m_axi_data_WVALID       | out |    1|    m_axi   |     data     |    pointer   |
|m_axi_data_WREADY       |  in |    1|    m_axi   |     data     |    pointer   |
|m_axi_data_WDATA        | out |   32|    m_axi   |     data     |    pointer   |
|m_axi_data_WSTRB        | out |    4|    m_axi   |     data     |    pointer   |
|m_axi_data_WLAST        | out |    1|    m_axi   |     data     |    pointer   |
|m_axi_data_WID          | out |    1|    m_axi   |     data     |    pointer   |
|m_axi_data_WUSER        | out |    1|    m_axi   |     data     |    pointer   |
|m_axi_data_ARVALID      | out |    1|    m_axi   |     data     |    pointer   |
|m_axi_data_ARREADY      |  in |    1|    m_axi   |     data     |    pointer   |
|m_axi_data_ARADDR       | out |   32|    m_axi   |     data     |    pointer   |
|m_axi_data_ARID         | out |    1|    m_axi   |     data     |    pointer   |
|m_axi_data_ARLEN        | out |    8|    m_axi   |     data     |    pointer   |
|m_axi_data_ARSIZE       | out |    3|    m_axi   |     data     |    pointer   |
|m_axi_data_ARBURST      | out |    2|    m_axi   |     data     |    pointer   |
|m_axi_data_ARLOCK       | out |    2|    m_axi   |     data     |    pointer   |
|m_axi_data_ARCACHE      | out |    4|    m_axi   |     data     |    pointer   |
|m_axi_data_ARPROT       | out |    3|    m_axi   |     data     |    pointer   |
|m_axi_data_ARQOS        | out |    4|    m_axi   |     data     |    pointer   |
|m_axi_data_ARREGION     | out |    4|    m_axi   |     data     |    pointer   |
|m_axi_data_ARUSER       | out |    1|    m_axi   |     data     |    pointer   |
|m_axi_data_RVALID       |  in |    1|    m_axi   |     data     |    pointer   |
|m_axi_data_RREADY       | out |    1|    m_axi   |     data     |    pointer   |
|m_axi_data_RDATA        |  in |   32|    m_axi   |     data     |    pointer   |
|m_axi_data_RLAST        |  in |    1|    m_axi   |     data     |    pointer   |
|m_axi_data_RID          |  in |    1|    m_axi   |     data     |    pointer   |
|m_axi_data_RUSER        |  in |    1|    m_axi   |     data     |    pointer   |
|m_axi_data_RRESP        |  in |    2|    m_axi   |     data     |    pointer   |
|m_axi_data_BVALID       |  in |    1|    m_axi   |     data     |    pointer   |
|m_axi_data_BREADY       | out |    1|    m_axi   |     data     |    pointer   |
|m_axi_data_BRESP        |  in |    2|    m_axi   |     data     |    pointer   |
|m_axi_data_BID          |  in |    1|    m_axi   |     data     |    pointer   |
|m_axi_data_BUSER        |  in |    1|    m_axi   |     data     |    pointer   |
|P_sm_TDATA              | out |   32|    axis    |   P_sm_data  |    pointer   |
|P_sm_TREADY             |  in |    1|    axis    |   P_sm_data  |    pointer   |
|P_sm_TVALID             | out |    1|    axis    |  P_sm_last_V |    pointer   |
|P_sm_TLAST              | out |    1|    axis    |  P_sm_last_V |    pointer   |
|P_sm_TUSER              | out |    1|    axis    |  P_sm_user_V |    pointer   |
+------------------------+-----+-----+------------+--------------+--------------+

