

================================================================
== Vivado HLS Report for 'qrf_top_Loop_1_proc3'
================================================================
* Date:           Sat Aug  1 17:19:18 2020

* Version:        2019.1 (Build 2552052 on Fri May 24 15:28:33 MDT 2019)
* Project:        hls_proj
* Solution:       solution5
* Product family: zynq
* Target device:  xc7z020-clg400-1


================================================================
== Performance Estimates
================================================================
+ Timing (ns): 
    * Summary: 
    +--------+-------+----------+------------+
    |  Clock | Target| Estimated| Uncertainty|
    +--------+-------+----------+------------+
    |ap_clk  |  50.00|    42.963|        6.25|
    +--------+-------+----------+------------+

+ Latency (clock cycles): 
    * Summary: 
    +-----+-----+-----+-----+---------+
    |  Latency  |  Interval | Pipeline|
    | min | max | min | max |   Type  |
    +-----+-----+-----+-----+---------+
    |  118|  946|  118|  946|   none  |
    +-----+-----+-----+-----+---------+

    + Detail: 
        * Instance: 
        N/A

        * Loop: 
        +-----------------------------+-----+-----+----------+-----------+-----------+------+----------+
        |                             |  Latency  | Iteration|  Initiation Interval  | Trip |          |
        |          Loop Name          | min | max |  Latency |  achieved |   target  | Count| Pipelined|
        +-----------------------------+-----+-----+----------+-----------+-----------+------+----------+
        |- Loop 1                     |   19|   19|         5|          -|          -|     4|    no    |
        | + Loop 1.1                  |    3|    3|         1|          -|          -|     4|    no    |
        |- Loop 2                     |   19|   19|         5|          -|          -|     4|    no    |
        | + Loop 2.1                  |    3|    3|         1|          -|          -|     4|    no    |
        |- qrf_in_row_assign          |   52|   52|        13|          -|          -|     4|    no    |
        | + qrf_in_col_assign_Qi      |    4|    4|         1|          1|          1|     4|    yes   |
        | + qrf_in_col_assign_Ri      |    4|    4|         2|          1|          1|     4|    yes   |
        |- qrf_col_loop_qrf_row_loop  |   24|  852|  2 ~ 71  |          -|          -|    12|    no    |
        | + qrf_r_update              |   21|   21|        10|          4|          4|     4|    yes   |
        | + qrf_q_update              |   21|   21|        10|          4|          4|     4|    yes   |
        +-----------------------------+-----+-----+----------+-----------+-----------+------+----------+



================================================================
== Utilization Estimates
================================================================
* Summary: 
+-----------------+---------+-------+--------+-------+-----+
|       Name      | BRAM_18K| DSP48E|   FF   |  LUT  | URAM|
+-----------------+---------+-------+--------+-------+-----+
|DSP              |        -|      -|       -|      -|    -|
|Expression       |        -|      -|       0|   1409|    -|
|FIFO             |        -|      -|       -|      -|    -|
|Instance         |        -|     37|    3737|  11663|    -|
|Memory           |        -|      -|       -|      -|    -|
|Multiplexer      |        -|      -|       -|   1962|    -|
|Register         |        0|      -|    2465|    192|    -|
+-----------------+---------+-------+--------+-------+-----+
|Total            |        0|     37|    6202|  15226|    0|
+-----------------+---------+-------+--------+-------+-----+
|Available        |      280|    220|  106400|  53200|    0|
+-----------------+---------+-------+--------+-------+-----+
|Utilization (%)  |        0|     16|       5|     28|    0|
+-----------------+---------+-------+--------+-------+-----+

+ Detail: 
    * Instance: 
    +--------------------------+----------------------+---------+-------+-----+-----+-----+
    |         Instance         |        Module        | BRAM_18K| DSP48E|  FF | LUT | URAM|
    +--------------------------+----------------------+---------+-------+-----+-----+-----+
    |music_fadd_32ns_3kbM_U24  |music_fadd_32ns_3kbM  |        0|      2|  177|  385|    0|
    |music_faddfsub_32jbC_U21  |music_faddfsub_32jbC  |        0|      2|  177|  385|    0|
    |music_faddfsub_32jbC_U22  |music_faddfsub_32jbC  |        0|      2|  177|  385|    0|
    |music_faddfsub_32jbC_U23  |music_faddfsub_32jbC  |        0|      2|  177|  385|    0|
    |music_fcmp_32ns_3ocq_U39  |music_fcmp_32ns_3ocq  |        0|      0|   66|  239|    0|
    |music_fcmp_32ns_3ocq_U40  |music_fcmp_32ns_3ocq  |        0|      0|   66|  239|    0|
    |music_fcmp_32ns_3ocq_U41  |music_fcmp_32ns_3ocq  |        0|      0|   66|  239|    0|
    |music_fcmp_32ns_3ocq_U42  |music_fcmp_32ns_3ocq  |        0|      0|   66|  239|    0|
    |music_fcmp_32ns_3ocq_U43  |music_fcmp_32ns_3ocq  |        0|      0|   66|  239|    0|
    |music_fcmp_32ns_3ocq_U44  |music_fcmp_32ns_3ocq  |        0|      0|   66|  239|    0|
    |music_fcmp_32ns_3ocq_U45  |music_fcmp_32ns_3ocq  |        0|      0|   66|  239|    0|
    |music_fcmp_32ns_3ocq_U46  |music_fcmp_32ns_3ocq  |        0|      0|   66|  239|    0|
    |music_fcmp_32ns_3ocq_U47  |music_fcmp_32ns_3ocq  |        0|      0|   66|  239|    0|
    |music_fcmp_32ns_3ocq_U48  |music_fcmp_32ns_3ocq  |        0|      0|   66|  239|    0|
    |music_fdiv_32ns_3ncg_U35  |music_fdiv_32ns_3ncg  |        0|      0|  218|  970|    0|
    |music_fdiv_32ns_3ncg_U36  |music_fdiv_32ns_3ncg  |        0|      0|  218|  970|    0|
    |music_fdiv_32ns_3ncg_U37  |music_fdiv_32ns_3ncg  |        0|      0|  218|  970|    0|
    |music_fdiv_32ns_3ncg_U38  |music_fdiv_32ns_3ncg  |        0|      0|  218|  970|    0|
    |music_fmul_32ns_3mb6_U26  |music_fmul_32ns_3mb6  |        0|      3|  128|  320|    0|
    |music_fmul_32ns_3mb6_U27  |music_fmul_32ns_3mb6  |        0|      3|  128|  320|    0|
    |music_fmul_32ns_3mb6_U28  |music_fmul_32ns_3mb6  |        0|      3|  128|  320|    0|
    |music_fmul_32ns_3mb6_U29  |music_fmul_32ns_3mb6  |        0|      3|  128|  320|    0|
    |music_fmul_32ns_3mb6_U30  |music_fmul_32ns_3mb6  |        0|      3|  128|  320|    0|
    |music_fmul_32ns_3mb6_U31  |music_fmul_32ns_3mb6  |        0|      3|  128|  320|    0|
    |music_fmul_32ns_3mb6_U32  |music_fmul_32ns_3mb6  |        0|      3|  128|  320|    0|
    |music_fmul_32ns_3mb6_U33  |music_fmul_32ns_3mb6  |        0|      3|  128|  320|    0|
    |music_fmul_32ns_3mb6_U34  |music_fmul_32ns_3mb6  |        0|      3|  128|  320|    0|
    |music_fsqrt_32ns_pcA_U49  |music_fsqrt_32ns_pcA  |        0|      0|  168|  588|    0|
    |music_fsub_32ns_3lbW_U25  |music_fsub_32ns_3lbW  |        0|      2|  177|  385|    0|
    +--------------------------+----------------------+---------+-------+-----+-----+-----+
    |Total                     |                      |        0|     37| 3737|11663|    0|
    +--------------------------+----------------------+---------+-------+-----+-----+-----+

    * DSP48E: 
    N/A

    * Memory: 
    N/A

    * FIFO: 
    N/A

    * Expression: 
    +---------------------------+----------+-------+---+----+------------+------------+
    |       Variable Name       | Operation| DSP48E| FF| LUT| Bitwidth P0| Bitwidth P1|
    +---------------------------+----------+-------+---+----+------------+------------+
    |add_ln1067_1_fu_1130_p2    |     +    |      0|  0|  15|           6|           6|
    |add_ln1067_fu_1096_p2      |     +    |      0|  0|  15|           6|           6|
    |add_ln114_2_fu_2183_p2     |     +    |      0|  0|  15|           5|           5|
    |add_ln114_3_fu_2232_p2     |     +    |      0|  0|  15|           5|           5|
    |add_ln114_4_fu_2243_p2     |     +    |      0|  0|  15|           5|           5|
    |add_ln114_fu_2172_p2       |     +    |      0|  0|  15|           5|           5|
    |add_ln459_1_fu_1012_p2     |     +    |      0|  0|  10|           2|           1|
    |add_ln459_fu_992_p2        |     +    |      0|  0|  10|           2|           1|
    |add_ln460_1_fu_1050_p2     |     +    |      0|  0|  10|           2|           1|
    |add_ln460_fu_1030_p2       |     +    |      0|  0|  10|           2|           1|
    |add_ln482_fu_1157_p2       |     +    |      0|  0|  15|           6|           6|
    |add_ln486_fu_1184_p2       |     +    |      0|  0|  13|           4|           1|
    |add_ln503_1_fu_1311_p2     |     +    |      0|  0|  15|           5|           5|
    |add_ln503_2_fu_1335_p2     |     +    |      0|  0|  15|           5|           5|
    |add_ln513_1_fu_1205_p2     |     +    |      0|  0|  12|           3|           1|
    |add_ln513_fu_1265_p2       |     +    |      0|  0|  12|           3|           2|
    |add_ln521_1_fu_2202_p2     |     +    |      0|  0|  39|          32|          32|
    |add_ln521_fu_2194_p2       |     +    |      0|  0|  12|           3|           3|
    |c_2_fu_1114_p2             |     +    |      0|  0|  12|           3|           1|
    |c_fu_1147_p2               |     +    |      0|  0|  12|           3|           1|
    |grp_fu_858_p2              |     +    |      0|  0|  10|           2|           2|
    |k_1_fu_2213_p2             |     +    |      0|  0|  12|           3|           1|
    |k_fu_2157_p2               |     +    |      0|  0|  12|           3|           1|
    |r_fu_1074_p2               |     +    |      0|  0|  12|           3|           1|
    |sub_ln499_1_fu_1239_p2     |     -    |      0|  0|  12|           3|           3|
    |sub_ln499_fu_1233_p2       |     -    |      0|  0|  12|           3|           3|
    |and_ln179_1_fu_1615_p2     |    and   |      0|  0|   2|           1|           1|
    |and_ln179_2_fu_1523_p2     |    and   |      0|  0|   2|           1|           1|
    |and_ln179_3_fu_1557_p2     |    and   |      0|  0|   2|           1|           1|
    |and_ln179_4_fu_1563_p2     |    and   |      0|  0|   2|           1|           1|
    |and_ln179_5_fu_1597_p2     |    and   |      0|  0|   2|           1|           1|
    |and_ln179_6_fu_1603_p2     |    and   |      0|  0|   2|           1|           1|
    |and_ln179_7_fu_1609_p2     |    and   |      0|  0|   2|           1|           1|
    |and_ln179_fu_1517_p2       |    and   |      0|  0|   2|           1|           1|
    |and_ln184_1_fu_1627_p2     |    and   |      0|  0|   2|           1|           1|
    |and_ln184_2_fu_1633_p2     |    and   |      0|  0|   2|           1|           1|
    |and_ln184_3_fu_1639_p2     |    and   |      0|  0|   2|           1|           1|
    |and_ln184_4_fu_1645_p2     |    and   |      0|  0|   2|           1|           1|
    |and_ln184_5_fu_1717_p2     |    and   |      0|  0|   2|           1|           1|
    |and_ln184_6_fu_1723_p2     |    and   |      0|  0|   2|           1|           1|
    |and_ln184_7_fu_1729_p2     |    and   |      0|  0|   2|           1|           1|
    |and_ln184_fu_1621_p2       |    and   |      0|  0|   2|           1|           1|
    |and_ln189_1_fu_1941_p2     |    and   |      0|  0|   2|           1|           1|
    |and_ln189_2_fu_1681_p2     |    and   |      0|  0|   2|           1|           1|
    |and_ln189_3_fu_1947_p2     |    and   |      0|  0|   2|           1|           1|
    |and_ln189_4_fu_1651_p2     |    and   |      0|  0|   2|           1|           1|
    |and_ln189_5_fu_1657_p2     |    and   |      0|  0|   2|           1|           1|
    |and_ln189_6_fu_1663_p2     |    and   |      0|  0|   2|           1|           1|
    |and_ln189_7_fu_1669_p2     |    and   |      0|  0|   2|           1|           1|
    |and_ln189_8_fu_1675_p2     |    and   |      0|  0|   2|           1|           1|
    |and_ln189_fu_1953_p2       |    and   |      0|  0|   2|           1|           1|
    |and_ln201_1_fu_1828_p2     |    and   |      0|  0|   2|           1|           1|
    |and_ln201_fu_2012_p2       |    and   |      0|  0|   2|           1|           1|
    |and_ln284_1_fu_2023_p2     |    and   |      0|  0|   2|           1|           1|
    |and_ln284_2_fu_2050_p2     |    and   |      0|  0|   2|           1|           1|
    |and_ln284_3_fu_2028_p2     |    and   |      0|  0|   2|           1|           1|
    |and_ln284_4_fu_2033_p2     |    and   |      0|  0|   2|           1|           1|
    |and_ln284_5_fu_2038_p2     |    and   |      0|  0|   2|           1|           1|
    |and_ln284_6_fu_2044_p2     |    and   |      0|  0|   2|           1|           1|
    |and_ln284_fu_2018_p2       |    and   |      0|  0|   2|           1|           1|
    |and_ln306_1_fu_2135_p2     |    and   |      0|  0|   2|           1|           1|
    |and_ln306_2_fu_2140_p2     |    and   |      0|  0|   2|           1|           1|
    |and_ln306_fu_2145_p2       |    and   |      0|  0|   2|           1|           1|
    |icmp_ln179_1_fu_1487_p2    |   icmp   |      0|  0|  18|          23|           1|
    |icmp_ln179_2_fu_1499_p2    |   icmp   |      0|  0|  11|           8|           2|
    |icmp_ln179_3_fu_1505_p2    |   icmp   |      0|  0|  18|          23|           1|
    |icmp_ln179_4_fu_1539_p2    |   icmp   |      0|  0|  11|           8|           2|
    |icmp_ln179_5_fu_1545_p2    |   icmp   |      0|  0|  18|          23|           1|
    |icmp_ln179_6_fu_1579_p2    |   icmp   |      0|  0|  11|           8|           2|
    |icmp_ln179_7_fu_1585_p2    |   icmp   |      0|  0|  18|          23|           1|
    |icmp_ln179_fu_1481_p2      |   icmp   |      0|  0|  11|           8|           2|
    |icmp_ln189_1_fu_1901_p2    |   icmp   |      0|  0|  18|          23|           1|
    |icmp_ln189_2_fu_1923_p2    |   icmp   |      0|  0|  11|           8|           2|
    |icmp_ln189_3_fu_1929_p2    |   icmp   |      0|  0|  18|          23|           1|
    |icmp_ln189_fu_1895_p2      |   icmp   |      0|  0|  11|           8|           2|
    |icmp_ln201_1_fu_2000_p2    |   icmp   |      0|  0|  18|          23|           1|
    |icmp_ln201_2_fu_1810_p2    |   icmp   |      0|  0|  11|           8|           2|
    |icmp_ln201_3_fu_1816_p2    |   icmp   |      0|  0|  18|          23|           1|
    |icmp_ln201_fu_1994_p2      |   icmp   |      0|  0|  11|           8|           2|
    |icmp_ln459_1_fu_1024_p2    |   icmp   |      0|  0|   8|           2|           2|
    |icmp_ln459_fu_1018_p2      |   icmp   |      0|  0|   8|           2|           2|
    |icmp_ln460_1_fu_1062_p2    |   icmp   |      0|  0|   8|           2|           2|
    |icmp_ln460_fu_1056_p2      |   icmp   |      0|  0|   8|           2|           2|
    |icmp_ln471_fu_1068_p2      |   icmp   |      0|  0|   9|           3|           4|
    |icmp_ln472_fu_1108_p2      |   icmp   |      0|  0|   9|           3|           4|
    |icmp_ln474_fu_1120_p2      |   icmp   |      0|  0|   9|           3|           3|
    |icmp_ln480_fu_1141_p2      |   icmp   |      0|  0|   9|           3|           4|
    |icmp_ln486_fu_1178_p2      |   icmp   |      0|  0|   9|           4|           4|
    |icmp_ln490_1_fu_1211_p2    |   icmp   |      0|  0|   9|           3|           2|
    |icmp_ln490_fu_1168_p2      |   icmp   |      0|  0|   9|           3|           2|
    |icmp_ln498_fu_1190_p2      |   icmp   |      0|  0|   8|           2|           1|
    |icmp_ln499_fu_1293_p2      |   icmp   |      0|  0|   9|           3|           3|
    |icmp_ln511_fu_2151_p2      |   icmp   |      0|  0|   9|           3|           4|
    |icmp_ln513_fu_2163_p2      |   icmp   |      0|  0|   9|           3|           3|
    |icmp_ln519_fu_2207_p2      |   icmp   |      0|  0|   9|           3|           4|
    |icmp_ln521_fu_2223_p2      |   icmp   |      0|  0|  18|          32|          32|
    |ap_block_state1            |    or    |      0|  0|   2|           1|           1|
    |or_ln179_1_fu_1511_p2      |    or    |      0|  0|   2|           1|           1|
    |or_ln179_2_fu_1551_p2      |    or    |      0|  0|   2|           1|           1|
    |or_ln179_3_fu_1591_p2      |    or    |      0|  0|   2|           1|           1|
    |or_ln179_fu_1493_p2        |    or    |      0|  0|   2|           1|           1|
    |or_ln189_1_fu_1935_p2      |    or    |      0|  0|   2|           1|           1|
    |or_ln189_fu_1907_p2        |    or    |      0|  0|   2|           1|           1|
    |or_ln201_1_fu_1822_p2      |    or    |      0|  0|   2|           1|           1|
    |or_ln201_fu_2006_p2        |    or    |      0|  0|   2|           1|           1|
    |d1_3_fu_1735_p3            |  select  |      0|  0|  32|           1|          32|
    |d1_fu_1703_p3              |  select  |      0|  0|  32|           1|          32|
    |d2_4_fu_1751_p3            |  select  |      0|  0|  32|           1|          32|
    |d2_fu_1743_p3              |  select  |      0|  0|  32|           1|          32|
    |d3_1_fu_1968_p3            |  select  |      0|  0|  32|           1|          32|
    |d3_4_fu_1687_p3            |  select  |      0|  0|  32|           1|          32|
    |d3_5_fu_1759_p3            |  select  |      0|  0|  32|           1|          32|
    |d3_6_fu_1767_p3            |  select  |      0|  0|  32|           1|          32|
    |largest_1_fu_1959_p3       |  select  |      0|  0|  32|           1|          32|
    |largest_6_fu_1695_p3       |  select  |      0|  0|  32|           1|          32|
    |largest_7_fu_1775_p3       |  select  |      0|  0|  32|           1|          32|
    |largest_8_fu_1783_p3       |  select  |      0|  0|  32|           1|          32|
    |select_ln486_1_fu_1217_p3  |  select  |      0|  0|   2|           1|           1|
    |select_ln486_2_fu_1245_p3  |  select  |      0|  0|   3|           1|           3|
    |select_ln486_3_fu_1253_p3  |  select  |      0|  0|   3|           1|           3|
    |select_ln486_4_fu_1271_p3  |  select  |      0|  0|   3|           1|           3|
    |select_ln486_fu_1196_p3    |  select  |      0|  0|   2|           1|           2|
    |ap_enable_pp1              |    xor   |      0|  0|   2|           1|           2|
    |ap_enable_pp2              |    xor   |      0|  0|   2|           1|           2|
    |ap_enable_pp3              |    xor   |      0|  0|   2|           1|           2|
    |ap_enable_reg_pp1_iter1    |    xor   |      0|  0|   2|           2|           1|
    |xor_ln155_1_fu_2079_p2     |    xor   |      0|  0|  33|          32|          33|
    |xor_ln155_2_fu_2094_p2     |    xor   |      0|  0|  33|          32|          33|
    |xor_ln155_fu_2124_p2       |    xor   |      0|  0|  33|          32|          33|
    |xor_ln179_fu_1711_p2       |    xor   |      0|  0|   2|           2|           1|
    |xor_ln444_fu_2109_p2       |    xor   |      0|  0|  33|          32|          33|
    |xor_ln486_fu_1283_p2       |    xor   |      0|  0|  32|          32|           2|
    +---------------------------+----------+-------+---+----+------------+------------+
    |Total                      |          |      0|  0|1409|         678|         790|
    +---------------------------+----------+-------+---+----+------------+------------+

    * Multiplexer: 
    +-------------------------------------------+-----+-----------+-----+-----------+
    |                    Name                   | LUT | Input Size| Bits| Total Bits|
    +-------------------------------------------+-----+-----------+-----+-----------+
    |Qi_M_imag_address0                         |   27|          5|    4|         20|
    |Qi_M_imag_address1                         |   21|          4|    4|         16|
    |Qi_M_real_address0                         |   27|          5|    4|         20|
    |Qi_M_real_address1                         |   21|          4|    4|         16|
    |Qi_M_real_d0                               |   15|          3|   32|         96|
    |Qi_M_real_d1                               |   15|          3|   32|         96|
    |Ri_M_imag_address0                         |   33|          6|    4|         24|
    |Ri_M_imag_address1                         |   33|          6|    4|         24|
    |Ri_M_imag_d0                               |   21|          4|   32|        128|
    |Ri_M_imag_d1                               |   15|          3|   32|         96|
    |Ri_M_real_address0                         |   33|          6|    4|         24|
    |Ri_M_real_address1                         |   33|          6|    4|         24|
    |Ri_M_real_d0                               |   21|          4|   32|        128|
    |Ri_M_real_d1                               |   15|          3|   32|         96|
    |ap_NS_fsm                                  |  305|         68|    1|         68|
    |ap_done                                    |    9|          2|    1|          2|
    |ap_enable_reg_pp1_iter1                    |   15|          3|    1|          3|
    |ap_enable_reg_pp2_iter2                    |    9|          2|    1|          2|
    |ap_enable_reg_pp3_iter2                    |    9|          2|    1|          2|
    |ap_phi_mux_k13_0_i_phi_fu_660_p4           |    9|          2|    3|          6|
    |ap_phi_mux_k_0_i_phi_fu_649_p4             |    9|          2|    3|          6|
    |ap_phi_mux_mag_M_real_phi_fu_637_p4        |    9|          2|   32|         64|
    |ap_phi_mux_p_f_assign_phi_fu_544_p4        |   15|          3|   32|         96|
    |ap_phi_mux_s_tmp_M_imag_2_phi_fu_534_p4    |    9|          2|   32|         64|
    |ap_phi_mux_s_tmp_M_imag_phi_fu_512_p4      |    9|          2|   32|         64|
    |ap_phi_mux_sqrt_mag_a_mag_b_phi_fu_469_p4  |    9|          2|   32|         64|
    |ap_phi_mux_tmp_M_imag_3_phi_fu_490_p4      |    9|          2|   32|         64|
    |ap_phi_mux_tmp_M_real_1_phi_fu_480_p4      |    9|          2|   32|         64|
    |ap_phi_mux_tmp_M_real_2_phi_fu_501_p4      |    9|          2|   32|         64|
    |ap_phi_mux_tmp_M_real_phi_fu_523_p4        |    9|          2|   32|         64|
    |c12_0_i_reg_421                            |    9|          2|    3|          6|
    |c_0_i_reg_410                              |    9|          2|    3|          6|
    |grp_fu_667_opcode                          |   15|          3|    2|          6|
    |grp_fu_667_p0                              |   27|          5|   32|        160|
    |grp_fu_667_p1                              |   27|          5|   32|        160|
    |grp_fu_671_opcode                          |   15|          3|    2|          6|
    |grp_fu_671_p0                              |   15|          3|   32|         96|
    |grp_fu_671_p1                              |   27|          5|   32|        160|
    |grp_fu_677_opcode                          |   15|          3|    2|          6|
    |grp_fu_677_p0                              |   33|          6|   32|        192|
    |grp_fu_677_p1                              |   33|          6|   32|        192|
    |grp_fu_694_p0                              |   47|         10|   32|        320|
    |grp_fu_694_p1                              |   50|         11|   32|        352|
    |grp_fu_699_p0                              |   38|          7|   32|        224|
    |grp_fu_699_p1                              |   44|          9|   32|        288|
    |grp_fu_704_p0                              |   38|          7|   32|        224|
    |grp_fu_704_p1                              |   47|         10|   32|        320|
    |grp_fu_717_p0                              |   38|          7|   32|        224|
    |grp_fu_717_p1                              |   44|          9|   32|        288|
    |grp_fu_723_p0                              |   15|          3|   32|         96|
    |grp_fu_784_p0                              |   27|          5|   32|        160|
    |grp_fu_784_p1                              |   27|          5|   32|        160|
    |grp_fu_788_p0                              |   27|          5|   32|        160|
    |grp_fu_788_p1                              |   27|          5|   32|        160|
    |grp_fu_792_p0                              |   15|          3|   32|         96|
    |grp_fu_792_p1                              |   15|          3|   32|         96|
    |grp_fu_807_opcode                          |   15|          3|    5|         15|
    |grp_fu_807_p0                              |   27|          5|   32|        160|
    |grp_fu_807_p1                              |   15|          3|   32|         96|
    |grp_fu_811_opcode                          |   15|          3|    5|         15|
    |grp_fu_811_p0                              |   27|          5|   32|        160|
    |grp_fu_811_p1                              |   21|          4|   32|        128|
    |grp_fu_815_opcode                          |   15|          3|    5|         15|
    |grp_fu_815_p0                              |   21|          4|   32|        128|
    |grp_fu_815_p1                              |   15|          3|   32|         96|
    |grp_fu_819_opcode                          |   15|          3|    5|         15|
    |grp_fu_819_p0                              |   15|          3|   32|         96|
    |grp_fu_819_p1                              |   15|          3|   32|         96|
    |grp_fu_858_p0                              |   15|          3|    2|          6|
    |i_0_i_reg_454                              |    9|          2|    2|          4|
    |indvar_flatten_reg_432                     |    9|          2|    4|          8|
    |j_0_i_reg_443                              |    9|          2|    3|          6|
    |k13_0_i_reg_656                            |    9|          2|    3|          6|
    |k_0_i_reg_645                              |    9|          2|    3|          6|
    |mag_M_real_reg_632                         |    9|          2|   32|         64|
    |p_r_M_imag_2_reg_609                       |    9|          2|   32|         64|
    |p_r_M_imag_3_reg_575                       |    9|          2|   32|         64|
    |p_r_M_imag_5_reg_552                       |    9|          2|   32|         64|
    |p_r_M_real_2_reg_620                       |    9|          2|   32|         64|
    |p_r_M_real_3_reg_597                       |    9|          2|   32|         64|
    |p_r_M_real_5_reg_586                       |    9|          2|   32|         64|
    |p_r_M_real_6_reg_563                       |    9|          2|   32|         64|
    |phi_ln459_1_reg_364                        |    9|          2|    2|          4|
    |phi_ln459_reg_352                          |    9|          2|    2|          4|
    |phi_ln460_1_reg_387                        |    9|          2|    2|          4|
    |phi_ln460_reg_375                          |    9|          2|    2|          4|
    |r_0_i_reg_398                              |    9|          2|    3|          6|
    |s_tmp_M_imag_2_reg_530                     |    9|          2|   32|         64|
    |s_tmp_M_imag_reg_508                       |    9|          2|   32|         64|
    |sqrt_mag_a_mag_b_reg_465                   |    9|          2|   32|         64|
    |tmp_M_imag_3_reg_486                       |    9|          2|   32|         64|
    |tmp_M_real_1_reg_477                       |    9|          2|   32|         64|
    |tmp_M_real_2_reg_497                       |    9|          2|   32|         64|
    |tmp_M_real_reg_519                         |    9|          2|   32|         64|
    +-------------------------------------------+-----+-----------+-----+-----------+
    |Total                                      | 1962|        399| 1991|       7701|
    +-------------------------------------------+-----+-----------+-----+-----------+

    * Register: 
    +-----------------------------------------+----+----+-----+-----------+
    |                   Name                  | FF | LUT| Bits| Const Bits|
    +-----------------------------------------+----+----+-----+-----------+
    |Qi_M_imag_addr_1_reg_2306                |   4|   0|    4|          0|
    |Qi_M_imag_addr_3_reg_2694                |   4|   0|    4|          0|
    |Qi_M_imag_addr_3_reg_2694_pp3_iter1_reg  |   4|   0|    4|          0|
    |Qi_M_imag_addr_4_reg_2700                |   4|   0|    4|          0|
    |Qi_M_real_addr_1_reg_2301                |   4|   0|    4|          0|
    |Qi_M_real_addr_3_reg_2683                |   4|   0|    4|          0|
    |Qi_M_real_addr_3_reg_2683_pp3_iter1_reg  |   4|   0|    4|          0|
    |Qi_M_real_addr_4_reg_2689                |   4|   0|    4|          0|
    |Ri_M_imag_addr_2_reg_2405                |   4|   0|    4|          0|
    |Ri_M_imag_addr_3_reg_2422                |   4|   0|    4|          0|
    |Ri_M_imag_addr_4_reg_2653                |   4|   0|    4|          0|
    |Ri_M_imag_addr_4_reg_2653_pp2_iter1_reg  |   4|   0|    4|          0|
    |Ri_M_imag_addr_5_reg_2659                |   4|   0|    4|          0|
    |Ri_M_real_addr_2_reg_2399                |   4|   0|    4|          0|
    |Ri_M_real_addr_3_reg_2417                |   4|   0|    4|          0|
    |Ri_M_real_addr_4_reg_2641                |   4|   0|    4|          0|
    |Ri_M_real_addr_4_reg_2641_pp2_iter1_reg  |   4|   0|    4|          0|
    |Ri_M_real_addr_5_reg_2647                |   4|   0|    4|          0|
    |add_ln459_reg_2254                       |   2|   0|    2|          0|
    |add_ln460_reg_2270                       |   2|   0|    2|          0|
    |add_ln486_reg_2350                       |   4|   0|    4|          0|
    |add_ln521_1_reg_2665                     |  32|   0|   32|          0|
    |and_ln201_1_reg_2495                     |   1|   0|    1|          0|
    |and_ln201_reg_2531                       |   1|   0|    1|          0|
    |and_ln284_2_reg_2546                     |   1|   0|    1|          0|
    |and_ln306_reg_2608                       |   1|   0|    1|          0|
    |ap_CS_fsm                                |  67|   0|   67|          0|
    |ap_done_reg                              |   1|   0|    1|          0|
    |ap_enable_reg_pp1_iter0                  |   1|   0|    1|          0|
    |ap_enable_reg_pp1_iter1                  |   1|   0|    1|          0|
    |ap_enable_reg_pp2_iter0                  |   1|   0|    1|          0|
    |ap_enable_reg_pp2_iter1                  |   1|   0|    1|          0|
    |ap_enable_reg_pp2_iter2                  |   1|   0|    1|          0|
    |ap_enable_reg_pp3_iter0                  |   1|   0|    1|          0|
    |ap_enable_reg_pp3_iter1                  |   1|   0|    1|          0|
    |ap_enable_reg_pp3_iter2                  |   1|   0|    1|          0|
    |c12_0_i_reg_421                          |   3|   0|    3|          0|
    |c_0_i_reg_410                            |   3|   0|    3|          0|
    |d1_3_reg_2472                            |  31|   0|   32|          1|
    |d1_4_reg_2432                            |  31|   0|   32|          1|
    |d2_4_reg_2477                            |  31|   0|   32|          1|
    |d2_5_reg_2437                            |  31|   0|   32|          1|
    |d3_1_reg_2526                            |  31|   0|   32|          1|
    |d3_6_reg_2482                            |  31|   0|   32|          1|
    |d3_7_reg_2447                            |  31|   0|   32|          1|
    |d3_reg_2504                              |  31|   0|   32|          1|
    |i_0_i_reg_454                            |   2|   0|    2|          0|
    |icmp_ln480_reg_2322                      |   1|   0|    1|          0|
    |icmp_ln511_reg_2628                      |   1|   0|    1|          0|
    |icmp_ln513_reg_2637                      |   1|   0|    1|          0|
    |icmp_ln519_reg_2670                      |   1|   0|    1|          0|
    |icmp_ln521_reg_2679                      |   1|   0|    1|          0|
    |indvar_flatten_reg_432                   |   4|   0|    4|          0|
    |j_0_i_reg_443                            |   3|   0|    3|          0|
    |k13_0_i_reg_656                          |   3|   0|    3|          0|
    |k_0_i_reg_645                            |   3|   0|    3|          0|
    |k_1_reg_2674                             |   3|   0|    3|          0|
    |k_reg_2632                               |   3|   0|    3|          0|
    |largest_10_reg_2499                      |  31|   0|   32|          1|
    |largest_1_reg_2519                       |  31|   0|   32|          1|
    |largest_8_reg_2487                       |  31|   0|   32|          1|
    |largest_9_reg_2442                       |  31|   0|   32|          1|
    |mag_M_real_reg_632                       |  32|   0|   32|          0|
    |or_ln179_1_reg_2457                      |   1|   0|    1|          0|
    |or_ln179_2_reg_2462                      |   1|   0|    1|          0|
    |or_ln179_3_reg_2467                      |   1|   0|    1|          0|
    |or_ln179_reg_2452                        |   1|   0|    1|          0|
    |or_ln189_1_reg_2514                      |   1|   0|    1|          0|
    |or_ln189_reg_2509                        |   1|   0|    1|          0|
    |p_Val2_39_reg_2427                       |  32|   0|   32|          0|
    |p_r_M_imag_2_reg_609                     |  32|   0|   32|          0|
    |p_r_M_imag_3_reg_575                     |  32|   0|   32|          0|
    |p_r_M_imag_5_reg_552                     |  32|   0|   32|          0|
    |p_r_M_real_2_reg_620                     |  32|   0|   32|          0|
    |p_r_M_real_3_reg_597                     |  32|   0|   32|          0|
    |p_r_M_real_5_reg_586                     |  32|   0|   32|          0|
    |p_r_M_real_6_reg_563                     |  32|   0|   32|          0|
    |p_t_imag_2_reg_2711                      |  32|   0|   32|          0|
    |p_t_imag_3_reg_2723                      |  32|   0|   32|          0|
    |p_t_real_2_reg_2705                      |  32|   0|   32|          0|
    |p_t_real_3_reg_2717                      |  32|   0|   32|          0|
    |phi_ln459_1_reg_364                      |   2|   0|    2|          0|
    |phi_ln459_reg_352                        |   2|   0|    2|          0|
    |phi_ln460_1_reg_387                      |   2|   0|    2|          0|
    |phi_ln460_reg_375                        |   2|   0|    2|          0|
    |r_0_i_reg_398                            |   3|   0|    3|          0|
    |r_reg_2290                               |   3|   0|    3|          0|
    |reg_863                                  |  32|   0|   32|          0|
    |reg_871                                  |  32|   0|   32|          0|
    |reg_879                                  |  32|   0|   32|          0|
    |reg_889                                  |  32|   0|   32|          0|
    |reg_899                                  |  32|   0|   32|          0|
    |reg_905                                  |  32|   0|   32|          0|
    |reg_931                                  |  32|   0|   32|          0|
    |reg_938                                  |  32|   0|   32|          0|
    |reg_956                                  |  32|   0|   32|          0|
    |reg_961                                  |  32|   0|   32|          0|
    |reg_966                                  |  32|   0|   32|          0|
    |reg_971                                  |  32|   0|   32|          0|
    |reg_976                                  |  32|   0|   32|          0|
    |reg_981                                  |  32|   0|   32|          0|
    |reg_986                                  |  32|   0|   32|          0|
    |s_tmp_M_imag_2_reg_530                   |  32|   0|   32|          0|
    |s_tmp_M_imag_reg_508                     |  32|   0|   32|          0|
    |select_ln486_1_reg_2360                  |   1|   0|    1|          0|
    |select_ln486_3_reg_2369                  |   3|   0|    3|          0|
    |select_ln486_4_reg_2374                  |   3|   0|    3|          0|
    |select_ln486_reg_2355                    |   2|   0|    2|          0|
    |sqrt_mag_a_mag_b_reg_465                 |  32|   0|   32|          0|
    |tmp_2_i_i1_reg_2612                      |  32|   0|   32|          0|
    |tmp_2_i_i2_reg_2593                      |  32|   0|   32|          0|
    |tmp_2_i_i_reg_2575                       |  32|   0|   32|          0|
    |tmp_4_i_i1_reg_2617                      |  32|   0|   32|          0|
    |tmp_4_i_i_reg_2580                       |  32|   0|   32|          0|
    |tmp_7_i_i1_reg_2623                      |  32|   0|   32|          0|
    |tmp_7_i_i2_reg_2598                      |  32|   0|   32|          0|
    |tmp_7_i_i_reg_2588                       |  32|   0|   32|          0|
    |tmp_M_imag_3_reg_486                     |  32|   0|   32|          0|
    |tmp_M_real_1_reg_477                     |  32|   0|   32|          0|
    |tmp_M_real_2_reg_497                     |  32|   0|   32|          0|
    |tmp_M_real_reg_519                       |  32|   0|   32|          0|
    |x3_1_reg_2535                            |  32|   0|   32|          0|
    |xor_ln486_reg_2379                       |  32|   0|   32|          0|
    |zext_ln1067_1_reg_2295                   |   3|   0|    6|          3|
    |zext_ln482_1_reg_2331                    |   6|   0|   64|         58|
    |zext_ln486_reg_2364                      |   1|   0|    3|          2|
    |zext_ln498_reg_2384                      |   2|   0|    3|          1|
    |zext_ln503_2_reg_2411                    |   2|   0|    5|          3|
    |zext_ln503_reg_2393                      |   2|   0|    5|          3|
    |Qi_M_imag_addr_4_reg_2700                |  64|  32|    4|          0|
    |Qi_M_real_addr_4_reg_2689                |  64|  32|    4|          0|
    |Ri_M_imag_addr_5_reg_2659                |  64|  32|    4|          0|
    |Ri_M_real_addr_5_reg_2647                |  64|  32|    4|          0|
    |icmp_ln513_reg_2637                      |  64|  32|    1|          0|
    |icmp_ln521_reg_2679                      |  64|  32|    1|          0|
    +-----------------------------------------+----+----+-----+-----------+
    |Total                                    |2465| 192| 2181|         82|
    +-----------------------------------------+----+----+-----+-----------+



================================================================
== Interface
================================================================
* Summary: 
+--------------------+-----+-----+------------+----------------------+--------------+
|      RTL Ports     | Dir | Bits|  Protocol  |     Source Object    |    C Type    |
+--------------------+-----+-----+------------+----------------------+--------------+
|ap_clk              |  in |    1| ap_ctrl_hs | qrf_top_Loop_1_proc3 | return value |
|ap_rst              |  in |    1| ap_ctrl_hs | qrf_top_Loop_1_proc3 | return value |
|ap_start            |  in |    1| ap_ctrl_hs | qrf_top_Loop_1_proc3 | return value |
|ap_done             | out |    1| ap_ctrl_hs | qrf_top_Loop_1_proc3 | return value |
|ap_continue         |  in |    1| ap_ctrl_hs | qrf_top_Loop_1_proc3 | return value |
|ap_idle             | out |    1| ap_ctrl_hs | qrf_top_Loop_1_proc3 | return value |
|ap_ready            | out |    1| ap_ctrl_hs | qrf_top_Loop_1_proc3 | return value |
|Qi_M_real_address0  | out |    4|  ap_memory |       Qi_M_real      |     array    |
|Qi_M_real_ce0       | out |    1|  ap_memory |       Qi_M_real      |     array    |
|Qi_M_real_we0       | out |    1|  ap_memory |       Qi_M_real      |     array    |
|Qi_M_real_d0        | out |   32|  ap_memory |       Qi_M_real      |     array    |
|Qi_M_real_q0        |  in |   32|  ap_memory |       Qi_M_real      |     array    |
|Qi_M_real_address1  | out |    4|  ap_memory |       Qi_M_real      |     array    |
|Qi_M_real_ce1       | out |    1|  ap_memory |       Qi_M_real      |     array    |
|Qi_M_real_we1       | out |    1|  ap_memory |       Qi_M_real      |     array    |
|Qi_M_real_d1        | out |   32|  ap_memory |       Qi_M_real      |     array    |
|Qi_M_real_q1        |  in |   32|  ap_memory |       Qi_M_real      |     array    |
|Qi_M_imag_address0  | out |    4|  ap_memory |       Qi_M_imag      |     array    |
|Qi_M_imag_ce0       | out |    1|  ap_memory |       Qi_M_imag      |     array    |
|Qi_M_imag_we0       | out |    1|  ap_memory |       Qi_M_imag      |     array    |
|Qi_M_imag_d0        | out |   32|  ap_memory |       Qi_M_imag      |     array    |
|Qi_M_imag_q0        |  in |   32|  ap_memory |       Qi_M_imag      |     array    |
|Qi_M_imag_address1  | out |    4|  ap_memory |       Qi_M_imag      |     array    |
|Qi_M_imag_ce1       | out |    1|  ap_memory |       Qi_M_imag      |     array    |
|Qi_M_imag_we1       | out |    1|  ap_memory |       Qi_M_imag      |     array    |
|Qi_M_imag_d1        | out |   32|  ap_memory |       Qi_M_imag      |     array    |
|Qi_M_imag_q1        |  in |   32|  ap_memory |       Qi_M_imag      |     array    |
|Ri_M_real_address0  | out |    4|  ap_memory |       Ri_M_real      |     array    |
|Ri_M_real_ce0       | out |    1|  ap_memory |       Ri_M_real      |     array    |
|Ri_M_real_we0       | out |    1|  ap_memory |       Ri_M_real      |     array    |
|Ri_M_real_d0        | out |   32|  ap_memory |       Ri_M_real      |     array    |
|Ri_M_real_q0        |  in |   32|  ap_memory |       Ri_M_real      |     array    |
|Ri_M_real_address1  | out |    4|  ap_memory |       Ri_M_real      |     array    |
|Ri_M_real_ce1       | out |    1|  ap_memory |       Ri_M_real      |     array    |
|Ri_M_real_we1       | out |    1|  ap_memory |       Ri_M_real      |     array    |
|Ri_M_real_d1        | out |   32|  ap_memory |       Ri_M_real      |     array    |
|Ri_M_real_q1        |  in |   32|  ap_memory |       Ri_M_real      |     array    |
|Ri_M_imag_address0  | out |    4|  ap_memory |       Ri_M_imag      |     array    |
|Ri_M_imag_ce0       | out |    1|  ap_memory |       Ri_M_imag      |     array    |
|Ri_M_imag_we0       | out |    1|  ap_memory |       Ri_M_imag      |     array    |
|Ri_M_imag_d0        | out |   32|  ap_memory |       Ri_M_imag      |     array    |
|Ri_M_imag_q0        |  in |   32|  ap_memory |       Ri_M_imag      |     array    |
|Ri_M_imag_address1  | out |    4|  ap_memory |       Ri_M_imag      |     array    |
|Ri_M_imag_ce1       | out |    1|  ap_memory |       Ri_M_imag      |     array    |
|Ri_M_imag_we1       | out |    1|  ap_memory |       Ri_M_imag      |     array    |
|Ri_M_imag_d1        | out |   32|  ap_memory |       Ri_M_imag      |     array    |
|Ri_M_imag_q1        |  in |   32|  ap_memory |       Ri_M_imag      |     array    |
|A_M_real_address0   | out |    4|  ap_memory |       A_M_real       |     array    |
|A_M_real_ce0        | out |    1|  ap_memory |       A_M_real       |     array    |
|A_M_real_q0         |  in |   32|  ap_memory |       A_M_real       |     array    |
|A_M_imag_address0   | out |    4|  ap_memory |       A_M_imag       |     array    |
|A_M_imag_ce0        | out |    1|  ap_memory |       A_M_imag       |     array    |
|A_M_imag_q0         |  in |   32|  ap_memory |       A_M_imag       |     array    |
+--------------------+-----+-----+------------+----------------------+--------------+

