

================================================================
== Vivado HLS Report for 'scaled_fixed2ieee'
================================================================
* Date:           Sat Aug  1 17:19:22 2020

* Version:        2019.1 (Build 2552052 on Fri May 24 15:28:33 MDT 2019)
* Project:        hls_proj
* Solution:       solution5
* Product family: zynq
* Target device:  xc7z020-clg400-1


================================================================
== Performance Estimates
================================================================
+ Timing (ns): 
    * Summary: 
    +--------+-------+----------+------------+
    |  Clock | Target| Estimated| Uncertainty|
    +--------+-------+----------+------------+
    |ap_clk  |  50.00|    13.509|        6.25|
    +--------+-------+----------+------------+

+ Latency (clock cycles): 
    * Summary: 
    +-----+-----+-----+-----+---------+
    |  Latency  |  Interval | Pipeline|
    | min | max | min | max |   Type  |
    +-----+-----+-----+-----+---------+
    |   19|   27|   19|   27|   none  |
    +-----+-----+-----+-----+---------+

    + Detail: 
        * Instance: 
        N/A

        * Loop: 
        +----------+-----+-----+----------+-----------+-----------+-------+----------+
        |          |  Latency  | Iteration|  Initiation Interval  |  Trip |          |
        | Loop Name| min | max |  Latency |  achieved |   target  | Count | Pipelined|
        +----------+-----+-----+----------+-----------+-----------+-------+----------+
        |- Loop 1  |    6|    6|         2|          -|          -|      3|    no    |
        |- Loop 2  |    8|    8|         2|          -|          -|      4|    no    |
        |- Loop 3  |    2|    9|         2|          -|          -| 1 ~ 4 |    no    |
        +----------+-----+-----+----------+-----------+-----------+-------+----------+



================================================================
== Utilization Estimates
================================================================
* Summary: 
+-----------------+---------+-------+--------+-------+-----+
|       Name      | BRAM_18K| DSP48E|   FF   |  LUT  | URAM|
+-----------------+---------+-------+--------+-------+-----+
|DSP              |        -|      -|       -|      -|    -|
|Expression       |        -|      -|      40|   1391|    -|
|FIFO             |        -|      -|       -|      -|    -|
|Instance         |        -|      -|       -|      -|    -|
|Memory           |        0|      -|     128|      4|    0|
|Multiplexer      |        -|      -|       -|    203|    -|
|Register         |        -|      -|     282|      -|    -|
+-----------------+---------+-------+--------+-------+-----+
|Total            |        0|      0|     450|   1598|    0|
+-----------------+---------+-------+--------+-------+-----+
|Available        |      280|    220|  106400|  53200|    0|
+-----------------+---------+-------+--------+-------+-----+
|Utilization (%)  |        0|      0|   ~0   |      3|    0|
+-----------------+---------+-------+--------+-------+-----+

+ Detail: 
    * Instance: 
    N/A

    * DSP48E: 
    N/A

    * Memory: 
    +--------------+----------------------+---------+----+----+-----+------+-----+------+-------------+
    |    Memory    |        Module        | BRAM_18K| FF | LUT| URAM| Words| Bits| Banks| W*Bits*Banks|
    +--------------+----------------------+---------+----+----+-----+------+-----+------+-------------+
    |c_U           |scaled_fixed2ieee_c   |        0|  64|   2|    0|     4|   32|     1|          128|
    |out_bits_V_U  |scaled_fixed2ieeeqcK  |        0|  64|   2|    0|     4|   32|     1|          128|
    +--------------+----------------------+---------+----+----+-----+------+-----+------+-------------+
    |Total         |                      |        0| 128|   4|    0|     8|   64|     2|          256|
    +--------------+----------------------+---------+----+----+-----+------+-----+------+-------------+

    * FIFO: 
    N/A

    * Expression: 
    +--------------------------+----------+-------+----+-----+------------+------------+
    |       Variable Name      | Operation| DSP48E| FF | LUT | Bitwidth P0| Bitwidth P1|
    +--------------------------+----------+-------+----+-----+------------+------------+
    |i_2_fu_405_p2             |     +    |      0|   0|   12|           3|           1|
    |i_3_fu_441_p2             |     +    |      0|   0|   12|           3|           1|
    |i_fu_243_p2               |     +    |      0|   0|   10|           2|           1|
    |shift_fu_452_p2           |     +    |      0|   0|   39|          32|          32|
    |newexp_fu_521_p2          |     -    |      0|   0|   39|          32|          32|
    |sub_ln1311_fu_467_p2      |     -    |      0|   0|   39|           1|          32|
    |sub_ln424_fu_274_p2       |     -    |      0|   0|   15|           3|           6|
    |sub_ln425_fu_280_p2       |     -    |      0|   0|   15|           6|           6|
    |sub_ln452_fu_512_p2       |     -    |      0|   0|   12|          10|          12|
    |sub_ln566_1_fu_307_p2     |     -    |      0|   0|   15|           3|           6|
    |sub_ln566_2_fu_313_p2     |     -    |      0|   0|   15|           6|           6|
    |sub_ln566_3_fu_342_p2     |     -    |      0|   0|   15|           3|           6|
    |sub_ln566_fu_301_p2       |     -    |      0|   0|   15|           6|           6|
    |p_Result_s_fu_368_p2      |    and   |      0|   0|   63|          63|          63|
    |r_V_fu_485_p2             |   ashr   |      0|   0|  180|          63|          63|
    |c_d0                      |   cttz   |      0|  40|   36|          32|           0|
    |icmp_ln1452_fu_535_p2     |   icmp   |      0|   0|   29|          63|           1|
    |icmp_ln423_fu_237_p2      |   icmp   |      0|   0|    8|           2|           2|
    |icmp_ln434_fu_399_p2      |   icmp   |      0|   0|    9|           3|           4|
    |icmp_ln441_fu_435_p2      |   icmp   |      0|   0|    9|           3|           4|
    |icmp_ln444_fu_506_p2      |   icmp   |      0|   0|   18|          32|           5|
    |icmp_ln566_fu_286_p2      |   icmp   |      0|   0|   11|           6|           6|
    |lshr_ln566_1_fu_362_p2    |   lshr   |      0|   0|  180|           2|          63|
    |lshr_ln566_fu_356_p2      |   lshr   |      0|   0|  180|          63|          63|
    |or_ln453_fu_540_p2        |    or    |      0|   0|    2|           1|           1|
    |out_exp_V_fu_568_p3       |  select  |      0|   0|   11|           1|           1|
    |r_V_17_fu_497_p3          |  select  |      0|   0|   63|           1|          63|
    |select_ln566_1_fu_327_p3  |  select  |      0|   0|   63|           1|          63|
    |select_ln566_2_fu_334_p3  |  select  |      0|   0|    6|           1|           6|
    |select_ln566_fu_319_p3    |  select  |      0|   0|    6|           1|           6|
    |significand_V_fu_560_p3   |  select  |      0|   0|   52|           1|           1|
    |ush_fu_473_p3             |  select  |      0|   0|   32|           1|          32|
    |r_V_15_fu_491_p2          |    shl   |      0|   0|  180|          63|          63|
    +--------------------------+----------+-------+----+-----+------------+------------+
    |Total                     |          |      0|  40| 1391|         513|         657|
    +--------------------------+----------+-------+----+-----+------------+------------+

    * Multiplexer: 
    +--------------------------------------+----+-----------+-----+-----------+
    |                 Name                 | LUT| Input Size| Bits| Total Bits|
    +--------------------------------------+----+-----------+-----+-----------+
    |ap_NS_fsm                             |  41|          8|    1|          8|
    |ap_phi_mux_p_Val2_5_in_phi_fu_220_p4  |   9|          2|   63|        126|
    |ap_phi_mux_shift_1_phi_fu_230_p4      |   9|          2|   32|         64|
    |ap_return                             |   9|          2|   63|        126|
    |c_address0                            |  15|          3|    2|          6|
    |i1_0_reg_173                          |   9|          2|    3|          6|
    |i2_0_reg_206                          |   9|          2|    3|          6|
    |i_0_reg_161                           |   9|          2|    2|          4|
    |out_bits_V_address0                   |  27|          5|    2|         10|
    |out_bits_V_d0                         |  15|          3|   32|         96|
    |out_bits_V_we0                        |  15|          3|    4|         12|
    |p_0119_0_reg_184                      |   9|          2|   63|        126|
    |p_Val2_5_in_reg_217                   |   9|          2|   63|        126|
    |shift_0_reg_194                       |   9|          2|   32|         64|
    |shift_1_reg_227                       |   9|          2|   32|         64|
    +--------------------------------------+----+-----------+-----+-----------+
    |Total                                 | 203|         42|  397|        844|
    +--------------------------------------+----+-----------+-----+-----------+

    * Register: 
    +---------------------------+----+----+-----+-----------+
    |            Name           | FF | LUT| Bits| Const Bits|
    +---------------------------+----+----+-----+-----------+
    |ap_CS_fsm                  |   7|   0|    7|          0|
    |ap_return_preg             |  63|   0|   64|          1|
    |i1_0_reg_173               |   3|   0|    3|          0|
    |i2_0_reg_206               |   3|   0|    3|          0|
    |i_0_reg_161                |   2|   0|    2|          0|
    |i_2_reg_620                |   3|   0|    3|          0|
    |i_3_reg_639                |   3|   0|    3|          0|
    |i_reg_607                  |   2|   0|    2|          0|
    |icmp_ln441_reg_635         |   1|   0|    1|          0|
    |out_bits_V_addr_1_reg_612  |   2|   0|    2|          0|
    |p_0119_0_reg_184           |  63|   0|   63|          0|
    |p_Val2_5_in_reg_217        |  63|   0|   63|          0|
    |shift_0_reg_194            |  32|   0|   32|          0|
    |shift_1_reg_227            |  32|   0|   32|          0|
    |zext_ln435_reg_625         |   3|   0|   64|         61|
    +---------------------------+----+----+-----+-----------+
    |Total                      | 282|   0|  344|         62|
    +---------------------------+----+----+-----+-----------+



================================================================
== Interface
================================================================
* Summary: 
+-----------+-----+-----+------------+-------------------+--------------+
| RTL Ports | Dir | Bits|  Protocol  |   Source Object   |    C Type    |
+-----------+-----+-----+------------+-------------------+--------------+
|ap_clk     |  in |    1| ap_ctrl_hs | scaled_fixed2ieee | return value |
|ap_rst     |  in |    1| ap_ctrl_hs | scaled_fixed2ieee | return value |
|ap_start   |  in |    1| ap_ctrl_hs | scaled_fixed2ieee | return value |
|ap_done    | out |    1| ap_ctrl_hs | scaled_fixed2ieee | return value |
|ap_idle    | out |    1| ap_ctrl_hs | scaled_fixed2ieee | return value |
|ap_ready   | out |    1| ap_ctrl_hs | scaled_fixed2ieee | return value |
|ap_return  | out |   64| ap_ctrl_hs | scaled_fixed2ieee | return value |
|in_V       |  in |   63|   ap_none  |        in_V       |    scalar    |
|prescale   |  in |   12|   ap_none  |      prescale     |    scalar    |
+-----------+-----+-----+------------+-------------------+--------------+

