

================================================================
== Vivado HLS Report for 'sin_or_cos_float_s'
================================================================
* Date:           Sat Aug  1 17:19:17 2020

* Version:        2019.1 (Build 2552052 on Fri May 24 15:28:33 MDT 2019)
* Project:        hls_proj
* Solution:       solution5
* Product family: zynq
* Target device:  xc7z020-clg400-1


================================================================
== Performance Estimates
================================================================
+ Timing (ns): 
    * Summary: 
    +--------+-------+----------+------------+
    |  Clock | Target| Estimated| Uncertainty|
    +--------+-------+----------+------------+
    |ap_clk  |  50.00|    42.386|        6.25|
    +--------+-------+----------+------------+

+ Latency (clock cycles): 
    * Summary: 
    +-----+-----+-----+-----+---------+
    |  Latency  |  Interval | Pipeline|
    | min | max | min | max |   Type  |
    +-----+-----+-----+-----+---------+
    |   11|   15|   11|   15|   none  |
    +-----+-----+-----+-----+---------+

    + Detail: 
        * Instance: 
        +--------------------------------+---------------------+-----+-----+-----+-----+---------+
        |                                |                     |  Latency  |  Interval | Pipeline|
        |            Instance            |        Module       | min | max | min | max |   Type  |
        +--------------------------------+---------------------+-----+-----+-----+-----+---------+
        |grp_scaled_fixed2ieee_1_fu_218  |scaled_fixed2ieee_1  |    8|   12|    8|   12|   none  |
        +--------------------------------+---------------------+-----+-----+-----+-----+---------+

        * Loop: 
        N/A



================================================================
== Utilization Estimates
================================================================
* Summary: 
+-----------------+---------+-------+--------+-------+-----+
|       Name      | BRAM_18K| DSP48E|   FF   |  LUT  | URAM|
+-----------------+---------+-------+--------+-------+-----+
|DSP              |        -|      2|       -|      -|    -|
|Expression       |        -|     11|      40|   1367|    -|
|FIFO             |        -|      -|       -|      -|    -|
|Instance         |        2|      -|     272|    881|    0|
|Memory           |        -|      -|     168|    293|    -|
|Multiplexer      |        -|      -|       -|     36|    -|
|Register         |        -|      -|     195|      -|    -|
+-----------------+---------+-------+--------+-------+-----+
|Total            |        2|     13|     675|   2577|    0|
+-----------------+---------+-------+--------+-------+-----+
|Available        |      280|    220|  106400|  53200|    0|
+-----------------+---------+-------+--------+-------+-----+
|Utilization (%)  |    ~0   |      5|   ~0   |      4|    0|
+-----------------+---------+-------+--------+-------+-----+

+ Detail: 
    * Instance: 
    +--------------------------------+---------------------+---------+-------+-----+-----+-----+
    |            Instance            |        Module       | BRAM_18K| DSP48E|  FF | LUT | URAM|
    +--------------------------------+---------------------+---------+-------+-----+-----+-----+
    |music_mux_164_1_1_1_U6          |music_mux_164_1_1_1  |        0|      0|    0|   65|    0|
    |music_mux_164_1_1_1_U7          |music_mux_164_1_1_1  |        0|      0|    0|   65|    0|
    |music_mux_83_1_1_1_U5           |music_mux_83_1_1_1   |        0|      0|    0|   65|    0|
    |grp_scaled_fixed2ieee_1_fu_218  |scaled_fixed2ieee_1  |        2|      0|  272|  686|    0|
    +--------------------------------+---------------------+---------+-------+-----+-----+-----+
    |Total                           |                     |        2|      0|  272|  881|    0|
    +--------------------------------+---------------------+---------+-------+-----+-----+-----+

    * DSP48E: 
    +-------------------------+----------------------+-----------+
    |         Instance        |        Module        | Expression|
    +-------------------------+----------------------+-----------+
    |music_mul_mul_15nhbi_U8  |music_mul_mul_15nhbi  |  i0 * i0  |
    |music_mul_mul_15nibs_U9  |music_mul_mul_15nibs  |  i0 * i1  |
    +-------------------------+----------------------+-----------+

    * Memory: 
    +------------------------+----------------------+---------+-----+-----+-----+------+-----+------+-------------+
    |         Memory         |        Module        | BRAM_18K|  FF | LUT | URAM| Words| Bits| Banks| W*Bits*Banks|
    +------------------------+----------------------+---------+-----+-----+-----+------+-----+------+-------------+
    |ref_4oPi_table_100_V_U  |sin_or_cos_float_dEe  |        0|  100|   21|    0|    13|  100|     1|         1300|
    |second_order_float_2_U  |sin_or_cos_float_eOg  |        0|   30|  120|    0|   256|   30|     1|         7680|
    |second_order_float_3_U  |sin_or_cos_float_fYi  |        0|   23|   92|    0|   256|   23|     1|         5888|
    |second_order_float_s_U  |sin_or_cos_float_g8j  |        0|   15|   60|    0|   256|   15|     1|         3840|
    +------------------------+----------------------+---------+-----+-----+-----+------+-----+------+-------------+
    |Total                   |                      |        0|  168|  293|    0|   781|  168|     4|        18708|
    +------------------------+----------------------+---------+-----+-----+-----+------+-----+------+-------------+

    * FIFO: 
    N/A

    * Expression: 
    +--------------------------+----------+-------+----+-----+------------+------------+
    |       Variable Name      | Operation| DSP48E| FF | LUT | Bitwidth P0| Bitwidth P1|
    +--------------------------+----------+-------+----+-----+------------+------------+
    |r_V_12_fu_668_p2          |     *    |      2|   0|   33|          23|          22|
    |r_V_14_fu_737_p2          |     *    |      4|   0|   28|          30|          29|
    |ret_V_7_fu_335_p2         |     *    |      5|   0|   91|          80|          24|
    |add_ln1146_fu_713_p2      |     +    |      0|   0|   30|          23|          23|
    |add_ln114_1_fu_256_p2     |     +    |      0|   0|   15|           7|           8|
    |add_ln114_fu_289_p2       |     +    |      0|   0|   15|           8|           8|
    |ret_V_4_fu_723_p2         |     +    |      0|   0|   37|          30|          30|
    |Ex_V_fu_458_p2            |     -    |      0|   0|   15|           8|           8|
    |Mx_bits_V_1_fu_372_p2     |     -    |      0|   0|   65|           1|          58|
    |ret_V_fu_758_p2           |     -    |      0|   0|   15|           1|           9|
    |sub_ln1311_fu_476_p2      |     -    |      0|   0|   15|           1|           9|
    |and_ln300_1_fu_936_p2     |    and   |      0|   0|    2|           1|           1|
    |and_ln300_fu_880_p2       |    and   |      0|   0|    2|           1|           1|
    |and_ln307_fu_884_p2       |    and   |      0|   0|    2|           1|           1|
    |val_assign_fu_422_p3      |   cttz   |      0|  40|   36|          32|           0|
    |closepath_fu_250_p2       |   icmp   |      0|   0|   11|           8|           7|
    |icmp_ln833_1_fu_604_p2    |   icmp   |      0|   0|   18|          23|           1|
    |icmp_ln833_2_fu_609_p2    |   icmp   |      0|   0|   11|           8|           2|
    |icmp_ln833_fu_599_p2      |   icmp   |      0|   0|   11|           8|           1|
    |lshr_ln1287_fu_502_p2     |   lshr   |      0|   0|   89|          29|          29|
    |or_ln300_fu_954_p2        |    or    |      0|   0|    2|           1|           1|
    |or_ln311_fu_900_p2        |    or    |      0|   0|    2|           1|           1|
    |addr_V_fu_262_p3          |  select  |      0|   0|    8|           1|           6|
    |cos_basis_fu_619_p3       |  select  |      0|   0|    2|           1|           1|
    |p_Repl2_3_fu_920_p3       |  select  |      0|   0|    2|           1|           1|
    |p_Val2_24_fu_361_p3       |  select  |      0|   0|    3|           1|           1|
    |p_Val2_7_fu_378_p3        |  select  |      0|   0|   58|           1|          58|
    |ret_V_5_fu_928_p3         |  select  |      0|   0|    8|           1|           8|
    |ret_V_6_fu_959_p3         |  select  |      0|   0|   23|           1|          23|
    |select_ln1310_fu_518_p3   |  select  |      0|   0|   32|           1|          32|
    |select_ln271_fu_873_p3    |  select  |      0|   0|    2|           1|           1|
    |select_ln272_1_fu_632_p3  |  select  |      0|   0|   29|           1|           2|
    |select_ln272_fu_625_p3    |  select  |      0|   0|    8|           1|           1|
    |select_ln300_2_fu_946_p3  |  select  |      0|   0|    2|           1|           2|
    |select_ln307_fu_888_p3    |  select  |      0|   0|    7|           1|           7|
    |select_ln311_1_fu_913_p3  |  select  |      0|   0|    8|           1|           2|
    |select_ln311_fu_905_p3    |  select  |      0|   0|    2|           1|           1|
    |select_ln482_fu_294_p3    |  select  |      0|   0|    8|           1|           8|
    |ush_fu_482_p3             |  select  |      0|   0|    9|           1|           9|
    |r_V_10_fu_438_p2          |    shl   |      0|   0|  170|          58|          58|
    |r_V_9_fu_311_p2           |    shl   |      0|   0|  330|         100|         100|
    |shl_ln1253_fu_512_p2      |    shl   |      0|   0|  101|          32|          32|
    |sin_basis_fu_578_p2       |    xor   |      0|   0|    2|           1|           1|
    |xor_ln25_fu_572_p2        |    xor   |      0|   0|    2|           1|           2|
    |xor_ln271_fu_614_p2       |    xor   |      0|   0|    2|           1|           2|
    |xor_ln300_fu_940_p2       |    xor   |      0|   0|    2|           2|           1|
    |xor_ln311_fu_895_p2       |    xor   |      0|   0|    2|           1|           2|
    +--------------------------+----------+-------+----+-----+------------+------------+
    |Total                     |          |     11|  40| 1367|         538|         634|
    +--------------------------+----------+-------+----+-----+------------+------------+

    * Multiplexer: 
    +-----------+----+-----------+-----+-----------+
    |    Name   | LUT| Input Size| Bits| Total Bits|
    +-----------+----+-----------+-----+-----------+
    |ap_NS_fsm  |  27|          5|    1|          5|
    |ap_return  |   9|          2|   32|         64|
    +-----------+----+-----------+-----+-----------+
    |Total      |  36|          7|   33|         69|
    +-----------+----+-----------+-----+-----------+

    * Register: 
    +---------------------------------------------+----+----+-----+-----------+
    |                     Name                    | FF | LUT| Bits| Const Bits|
    +---------------------------------------------+----+----+-----+-----------+
    |B_V_reg_1057                                 |  22|   0|   22|          0|
    |B_trunc_V_reg_1062                           |  15|   0|   15|          0|
    |Ex_V_reg_1046                                |   8|   0|    8|          0|
    |Mx_V_reg_1041                                |  29|   0|   29|          0|
    |ap_CS_fsm                                    |   4|   0|    4|          0|
    |ap_return_preg                               |  32|   0|   32|          0|
    |closepath_reg_1014                           |   1|   0|    1|          0|
    |cos_basis_reg_1107                           |   1|   0|    1|          0|
    |grp_scaled_fixed2ieee_1_fu_218_ap_start_reg  |   1|   0|    1|          0|
    |icmp_ln833_1_reg_1093                        |   1|   0|    1|          0|
    |icmp_ln833_2_reg_1099                        |   1|   0|    1|          0|
    |icmp_ln833_reg_1087                          |   1|   0|    1|          0|
    |p_Result_s_reg_995                           |   1|   0|    1|          0|
    |p_Val2_24_reg_1036                           |   3|   0|    3|          0|
    |result_V_reg_1112                            |  29|   0|   29|          0|
    |ret_V_reg_1117                               |   9|   0|    9|          0|
    |tmp_V_1_reg_1008                             |  23|   0|   23|          0|
    |tmp_V_reg_1001                               |   8|   0|    8|          0|
    |tmp_s_reg_1051                               |   1|   0|    1|          0|
    |trunc_ln601_reg_1025                         |   4|   0|    4|          0|
    |xor_ln25_reg_1067                            |   1|   0|    1|          0|
    +---------------------------------------------+----+----+-----+-----------+
    |Total                                        | 195|   0|  195|          0|
    +---------------------------------------------+----+----+-----+-----------+



================================================================
== Interface
================================================================
* Summary: 
+-----------+-----+-----+------------+-------------------+--------------+
| RTL Ports | Dir | Bits|  Protocol  |   Source Object   |    C Type    |
+-----------+-----+-----+------------+-------------------+--------------+
|ap_clk     |  in |    1| ap_ctrl_hs | sin_or_cos<float> | return value |
|ap_rst     |  in |    1| ap_ctrl_hs | sin_or_cos<float> | return value |
|ap_start   |  in |    1| ap_ctrl_hs | sin_or_cos<float> | return value |
|ap_done    | out |    1| ap_ctrl_hs | sin_or_cos<float> | return value |
|ap_idle    | out |    1| ap_ctrl_hs | sin_or_cos<float> | return value |
|ap_ready   | out |    1| ap_ctrl_hs | sin_or_cos<float> | return value |
|ap_return  | out |   32| ap_ctrl_hs | sin_or_cos<float> | return value |
|t_in       |  in |   32|   ap_none  |        t_in       |    scalar    |
|do_cos     |  in |    1|   ap_none  |       do_cos      |    scalar    |
+-----------+-----+-----+------------+-------------------+--------------+

