INFO: [SIM 2] *************** CSIM start ***************
INFO: [SIM 4] CSIM will launch GCC as the compiler.
   Compiling ../../../../src/main.cpp in debug mode
   Compiling ../../../../src/music.cpp in debug mode
   Generating csim.exe
2096.75
2096.73
2096.67
2096.57
2096.42
2096.21
2095.95
2095.62
2095.21
2094.72
2094.14
2093.45
2092.65
2091.72
2090.66
2089.46
2088.1
2086.6
2084.94
2083.12
2081.15
2079.03
2076.76
2074.37
2071.84
2069.18
2066.41
2063.51
2060.47
2057.28
2053.92
2050.35
2046.56
2042.5
2038.15
2033.5
2028.56
2023.37
2018
2012.58
2007.28
2002.33
1997.99
1994.57
1992.39
1991.75
1992.94
1996.18
2001.59
2009.17
2018.81
2030.25
2043.1
2056.85
2070.91
2084.63
2097.36
2108.48
2117.42
2123.75
2127.14
2127.43
2124.68
2119.08
2111.02
2101.05
2089.76
2077.77
2065.56
2053.38
2041.17
2028.52
2014.75
1999.06
1980.81
1959.84
1936.7
1912.88
1890.72
1873.13
1863.1
1863.08
1874.39
1896.86
1928.82
1967.48
2009.58
2052.11
2092.9
2130.79
2165.35
2196.39
2223.33
2245
2259.83
2266.71
2265.83
2259.35
2251.21
2245.96
2247.02
2254.86
2266.15
2274.4
2272.16
2254.01
2219.15
2172.41
2122.98
2081.15
2054.55
2045.35
2049.75
2060.05
2068.3
2069.67
2064.19
2055.91
2050.25
2051.12
2059.19
2072.17
2086.57
2099.57
2109.82
2116.82
2119.54
2115.67
2102.35
2078.11
2044.94
2008.8
1978
1960.04
1958.5
1971.68
1993.52
2016.27
2033.42
2041.72
2041.75
2037.37
2034.45
2038.94
2054.6
2080.55
2110.26
2133.04
2138.56
2122.4
2089.74
2053.95
2030.39
2028.29
2046.06
2073.05
2096.98
2111.94
2121.34
2133.79
2155.02
2182.32
2205.86
2216.02
2210.79
2196.77
2182.82
2171.41
2155.64
2125.62
2079.76
2031.73
2005.09
2017.56
2065.3
2119.93
2142.77
2108.45
2021.92
1916.97
1836.43
1807.54
1828.77
1875.47
1917.74
1935.27
1918.25
1856.22
1728.41
1508.87
1187.68
794.34
403.854
115.032
9.34006
113.081
385.53
740.208
1086.29
1365.88
1567.69
1714.28
1835.99
1950.3
2057.42
2149.39
2221.52
2276.04
2316.85
2342.17
2343.46
2312.2
2249.18
2167.84
2088.24
2025.78
1983.51
1954.2
1930.68
1916.08
1925.1
1974.06
2066.24
2183.18
2289.64
2350.45
2349.43
2298.3
2229.75
2178.63
2162.87
2175.41
2191.69
2187.08
2153.32
2103.68
2064.35
2057.78
2088.54
2139.97
2183.5
2194.56
2165.87
2110.84
2055.59
2024.94
2030.02
2064.31
2109.28
2145.77
2164.57
2170.59
2178.77
2204.56
2254.16
2319.63
2381.06
2414.63
2402.41
2339.67
2236.64
2114.52
1997.97
1907.3
1853.32
1836.34
1848.66
1879.11
1917.36
1956.52
1993.63
2028.35
2061.15
2091.74
2118.56
2139.28
2151.73
2154.9
2149.28
2136.63
2119.2
2098.9
2076.68
2052.44
2025.37
1994.58
1959.69
1921.11
1879.92
1837.32
1793.94
1749.24
1701.17
1646.31
1580.48
1499.66
1400.97
1283.68
1149.64
1003.5
852.267
704.563
569.602
456.093
371.264
320.115
305.026
325.677
379.315
461.23
565.396
685.134
813.753
945.078
1073.82
1195.81
1308.09
1408.84
1497.28
1573.48
1638.1
1692.25
1737.25
1774.5
1805.37
1831.1
1852.76
1871.24
1887.26
1901.38
1913.99
1925.39
1935.8
1945.36
1954.18
1962.32
1969.85
1976.81
1983.25
1989.21
1994.73
1999.83
2004.56
2008.96
2013.03
2016.82
2020.33
2023.59
2026.6
2029.37
2031.91
2034.22
2036.29
2038.13
2039.73
2041.09
2042.21
2043.09
2043.71
2044.09
2044.22
##########################
DOA1: 38deg, DOA2: 22deg
##########################
INFO: [SIM 1] CSim done with 0 errors.
INFO: [SIM 3] *************** CSIM finish ***************
