

================================================================
== Vivado HLS Report for 'fft_stage_1242'
================================================================
* Date:           Sat Aug  1 16:07:35 2020

* Version:        2019.1 (Build 2552052 on Fri May 24 15:28:33 MDT 2019)
* Project:        hls_proj
* Solution:       solution6
* Product family: zynq
* Target device:  xc7z020-clg400-1


================================================================
== Performance Estimates
================================================================
+ Timing (ns): 
    * Summary: 
    +--------+-------+----------+------------+
    |  Clock | Target| Estimated| Uncertainty|
    +--------+-------+----------+------------+
    |ap_clk  |  10.00|     7.848|        1.25|
    +--------+-------+----------+------------+

+ Latency (clock cycles): 
    * Summary: 
    +-----+-----+-----+-----+---------+
    |  Latency  |  Interval | Pipeline|
    | min | max | min | max |   Type  |
    +-----+-----+-----+-----+---------+
    |  529|  529|  529|  529|   none  |
    +-----+-----+-----+-----+---------+

    + Detail: 
        * Instance: 
        N/A

        * Loop: 
        +---------------------------+-----+-----+----------+-----------+-----------+------+----------+
        |                           |  Latency  | Iteration|  Initiation Interval  | Trip |          |
        |         Loop Name         | min | max |  Latency |  achieved |   target  | Count| Pipelined|
        +---------------------------+-----+-----+----------+-----------+-----------+------+----------+
        |- butterfly_loop_dft_loop  |  527|  527|        17|          1|          1|   512|    yes   |
        +---------------------------+-----+-----+----------+-----------+-----------+------+----------+

============================================================
+ Verbose Summary: Synthesis Manager
============================================================
InlineROM: 1
ExposeGlobal: 0
============================================================
+ Verbose Summary: CDFG Model
============================================================
IsTopModel: 0
ResetActiveHigh: 1
IsCombinational: 2
IsDatapathOnly: 0
HasWiredReturn: 1
HasMFsm: 0
HasVarLatency: 1
IsPipeline: 0
IsRtlPipelined: 0
IsInstanceOverlapped: 0
IsDontTouch: 0
HasImplIP: 0
IsGatedGlobalClock: 0

+ Individual pipeline summary: 
  * Pipeline-0: initiation interval (II) = 1, depth = 17


============================================================
+ Verbose Summary: Schedule
============================================================
* Number of FSM states : 19
* Pipeline : 1
  Pipeline-0 : II = 1, D = 17, States = { 2 3 4 5 6 7 8 9 10 11 12 13 14 15 16 17 18 }
* Dataflow Pipeline: 0

* FSM state transitions: 
1 --> 2 
2 --> 19 3 
3 --> 4 
4 --> 5 
5 --> 6 
6 --> 7 
7 --> 8 
8 --> 9 
9 --> 10 
10 --> 11 
11 --> 12 
12 --> 13 
13 --> 14 
14 --> 15 
15 --> 16 
16 --> 17 
17 --> 18 
18 --> 2 
19 --> 

* FSM state operations: 

State 1 <SV = 0> <Delay = 1.76>
ST_1 : Operation 20 [1/1] (1.76ns)   --->   "br label %1" [src/music.cpp:145]   --->   Operation 20 'br' <Predicate = true> <Delay = 1.76>

State 2 <SV = 1> <Delay = 7.84>
ST_2 : Operation 21 [1/1] (0.00ns)   --->   "%indvar_flatten = phi i10 [ 0, %0 ], [ %add_ln145, %dft_loop ]" [src/music.cpp:145]   --->   Operation 21 'phi' 'indvar_flatten' <Predicate = true> <Delay = 0.00>
ST_2 : Operation 22 [1/1] (0.00ns)   --->   "%j_0 = phi i7 [ 0, %0 ], [ %select_ln145_6, %dft_loop ]" [src/music.cpp:145]   --->   Operation 22 'phi' 'j_0' <Predicate = true> <Delay = 0.00>
ST_2 : Operation 23 [1/1] (0.00ns)   --->   "%t_0 = phi i4 [ 0, %0 ], [ %t, %dft_loop ]"   --->   Operation 23 'phi' 't_0' <Predicate = true> <Delay = 0.00>
ST_2 : Operation 24 [1/1] (0.00ns)   --->   "%trunc_ln152 = trunc i7 %j_0 to i6" [src/music.cpp:152]   --->   Operation 24 'trunc' 'trunc_ln152' <Predicate = true> <Delay = 0.00>
ST_2 : Operation 25 [1/1] (0.00ns)   --->   "%k = call i9 @_ssdm_op_BitConcatenate.i9.i6.i3(i6 %trunc_ln152, i3 0)" [src/music.cpp:152]   --->   Operation 25 'bitconcatenate' 'k' <Predicate = true> <Delay = 0.00>
ST_2 : Operation 26 [1/1] (1.77ns)   --->   "%icmp_ln145 = icmp eq i10 %indvar_flatten, -512" [src/music.cpp:145]   --->   Operation 26 'icmp' 'icmp_ln145' <Predicate = true> <Delay = 1.77> <Core = "Cmp">   --->   Core 25 'Cmp' <Latency = 0> <II = 1> <Delay = 1.30> <FuncUnit> <Opcode : 'icmp'> <InPorts = 2> <OutPorts = 1>
ST_2 : Operation 27 [1/1] (1.73ns)   --->   "%add_ln145 = add i10 1, %indvar_flatten" [src/music.cpp:145]   --->   Operation 27 'add' 'add_ln145' <Predicate = true> <Delay = 1.73> <Core = "AddSub">   --->   Core 14 'AddSub' <Latency = 0> <II = 1> <Delay = 1.73> <FuncUnit> <Opcode : 'add' 'sub'> <InPorts = 2> <OutPorts = 1>
ST_2 : Operation 28 [1/1] (0.00ns)   --->   "br i1 %icmp_ln145, label %2, label %dft_loop" [src/music.cpp:145]   --->   Operation 28 'br' <Predicate = true> <Delay = 0.00>
ST_2 : Operation 29 [1/1] (1.87ns)   --->   "%j = add i7 1, %j_0" [src/music.cpp:145]   --->   Operation 29 'add' 'j' <Predicate = (!icmp_ln145)> <Delay = 1.87> <Core = "AddSub">   --->   Core 14 'AddSub' <Latency = 0> <II = 1> <Delay = 1.73> <FuncUnit> <Opcode : 'add' 'sub'> <InPorts = 2> <OutPorts = 1>
ST_2 : Operation 30 [1/1] (1.30ns)   --->   "%icmp_ln148 = icmp eq i4 %t_0, -8" [src/music.cpp:148]   --->   Operation 30 'icmp' 'icmp_ln148' <Predicate = (!icmp_ln145)> <Delay = 1.30> <Core = "Cmp">   --->   Core 25 'Cmp' <Latency = 0> <II = 1> <Delay = 1.30> <FuncUnit> <Opcode : 'icmp'> <InPorts = 2> <OutPorts = 1>
ST_2 : Operation 31 [1/1] (1.02ns)   --->   "%select_ln145 = select i1 %icmp_ln148, i4 0, i4 %t_0" [src/music.cpp:145]   --->   Operation 31 'select' 'select_ln145' <Predicate = (!icmp_ln145)> <Delay = 1.02> <Core = "Sel">   --->   Core 26 'Sel' <Latency = 0> <II = 1> <Delay = 0.99> <FuncUnit> <Opcode : 'select'> <InPorts = 3> <OutPorts = 1>
ST_2 : Operation 32 [1/1] (0.00ns)   --->   "%trunc_ln152_3 = trunc i7 %j to i6" [src/music.cpp:152]   --->   Operation 32 'trunc' 'trunc_ln152_3' <Predicate = (!icmp_ln145)> <Delay = 0.00>
ST_2 : Operation 33 [1/1] (0.00ns)   --->   "%k_mid1 = call i9 @_ssdm_op_BitConcatenate.i9.i6.i3(i6 %trunc_ln152_3, i3 0)" [src/music.cpp:152]   --->   Operation 33 'bitconcatenate' 'k_mid1' <Predicate = (!icmp_ln145)> <Delay = 0.00>
ST_2 : Operation 34 [1/1] (0.96ns)   --->   "%select_ln145_5 = select i1 %icmp_ln148, i9 %k_mid1, i9 %k" [src/music.cpp:145]   --->   Operation 34 'select' 'select_ln145_5' <Predicate = (!icmp_ln145)> <Delay = 0.96> <Core = "Sel">   --->   Core 26 'Sel' <Latency = 0> <II = 1> <Delay = 0.99> <FuncUnit> <Opcode : 'select'> <InPorts = 3> <OutPorts = 1>
ST_2 : Operation 35 [1/1] (0.00ns)   --->   "%zext_ln145 = zext i9 %select_ln145_5 to i64" [src/music.cpp:145]   --->   Operation 35 'zext' 'zext_ln145' <Predicate = (!icmp_ln145)> <Delay = 0.00>
ST_2 : Operation 36 [1/1] (0.00ns)   --->   "%W_real272_addr = getelementptr [512 x float]* @W_real272, i64 0, i64 %zext_ln145" [src/music.cpp:153]   --->   Operation 36 'getelementptr' 'W_real272_addr' <Predicate = (!icmp_ln145)> <Delay = 0.00>
ST_2 : Operation 37 [2/2] (3.25ns)   --->   "%W_real272_load = load float* %W_real272_addr, align 4" [src/music.cpp:145]   --->   Operation 37 'load' 'W_real272_load' <Predicate = (!icmp_ln145)> <Delay = 3.25> <Core = "ROM_nP">   --->   Core 52 'ROM_nP' <Latency = 1> <II = 1> <Delay = 3.25> <Storage> <Opcode : 'load'> <Ports = 0> <Width = 32> <Depth = 512> <ROM>
ST_2 : Operation 38 [1/1] (0.00ns)   --->   "%W_imag264_addr = getelementptr [512 x float]* @W_imag264, i64 0, i64 %zext_ln145" [src/music.cpp:154]   --->   Operation 38 'getelementptr' 'W_imag264_addr' <Predicate = (!icmp_ln145)> <Delay = 0.00>
ST_2 : Operation 39 [2/2] (3.25ns)   --->   "%W_imag264_load = load float* %W_imag264_addr, align 4" [src/music.cpp:145]   --->   Operation 39 'load' 'W_imag264_load' <Predicate = (!icmp_ln145)> <Delay = 3.25> <Core = "ROM_nP">   --->   Core 52 'ROM_nP' <Latency = 1> <II = 1> <Delay = 3.25> <Storage> <Opcode : 'load'> <Ports = 0> <Width = 32> <Depth = 512> <ROM>
ST_2 : Operation 40 [1/1] (0.99ns)   --->   "%select_ln145_6 = select i1 %icmp_ln148, i7 %j, i7 %j_0" [src/music.cpp:145]   --->   Operation 40 'select' 'select_ln145_6' <Predicate = (!icmp_ln145)> <Delay = 0.99> <Core = "Sel">   --->   Core 26 'Sel' <Latency = 0> <II = 1> <Delay = 0.99> <FuncUnit> <Opcode : 'select'> <InPorts = 3> <OutPorts = 1>
ST_2 : Operation 41 [1/1] (0.00ns)   --->   "%trunc_ln149 = trunc i4 %select_ln145 to i3" [src/music.cpp:149]   --->   Operation 41 'trunc' 'trunc_ln149' <Predicate = (!icmp_ln145)> <Delay = 0.00>
ST_2 : Operation 42 [1/1] (0.00ns)   --->   "%i = call i10 @_ssdm_op_BitConcatenate.i10.i3.i7(i3 %trunc_ln149, i7 %select_ln145_6)" [src/music.cpp:149]   --->   Operation 42 'bitconcatenate' 'i' <Predicate = (!icmp_ln145)> <Delay = 0.00>
ST_2 : Operation 43 [1/1] (1.73ns)   --->   "%i_lower = add i10 64, %i" [src/music.cpp:155]   --->   Operation 43 'add' 'i_lower' <Predicate = (!icmp_ln145)> <Delay = 1.73> <Core = "AddSub">   --->   Core 14 'AddSub' <Latency = 0> <II = 1> <Delay = 1.73> <FuncUnit> <Opcode : 'add' 'sub'> <InPorts = 2> <OutPorts = 1>
ST_2 : Operation 44 [1/1] (0.00ns)   --->   "%zext_ln156 = zext i10 %i_lower to i64" [src/music.cpp:156]   --->   Operation 44 'zext' 'zext_ln156' <Predicate = (!icmp_ln145)> <Delay = 0.00>
ST_2 : Operation 45 [1/1] (0.00ns)   --->   "%X_R_6_addr = getelementptr [1024 x float]* %X_R_6, i64 0, i64 %zext_ln156" [src/music.cpp:156]   --->   Operation 45 'getelementptr' 'X_R_6_addr' <Predicate = (!icmp_ln145)> <Delay = 0.00>
ST_2 : Operation 46 [2/2] (3.25ns)   --->   "%X_R_6_load = load float* %X_R_6_addr, align 4" [src/music.cpp:156]   --->   Operation 46 'load' 'X_R_6_load' <Predicate = (!icmp_ln145)> <Delay = 3.25> <Core = "RAM">   --->   Core 37 'RAM' <Latency = 1> <II = 1> <Delay = 3.25> <Storage> <Opcode : 'load' 'store'> <Ports = 2> <Width = 32> <Depth = 1024> <RAM>
ST_2 : Operation 47 [1/1] (0.00ns)   --->   "%X_I_6_addr = getelementptr [1024 x float]* %X_I_6, i64 0, i64 %zext_ln156" [src/music.cpp:156]   --->   Operation 47 'getelementptr' 'X_I_6_addr' <Predicate = (!icmp_ln145)> <Delay = 0.00>
ST_2 : Operation 48 [2/2] (3.25ns)   --->   "%X_I_6_load = load float* %X_I_6_addr, align 4" [src/music.cpp:156]   --->   Operation 48 'load' 'X_I_6_load' <Predicate = (!icmp_ln145)> <Delay = 3.25> <Core = "RAM">   --->   Core 37 'RAM' <Latency = 1> <II = 1> <Delay = 3.25> <Storage> <Opcode : 'load' 'store'> <Ports = 2> <Width = 32> <Depth = 1024> <RAM>
ST_2 : Operation 49 [1/1] (1.73ns)   --->   "%t = add i4 1, %select_ln145" [src/music.cpp:148]   --->   Operation 49 'add' 't' <Predicate = (!icmp_ln145)> <Delay = 1.73> <Core = "AddSub">   --->   Core 14 'AddSub' <Latency = 0> <II = 1> <Delay = 1.73> <FuncUnit> <Opcode : 'add' 'sub'> <InPorts = 2> <OutPorts = 1>

State 3 <SV = 2> <Delay = 3.25>
ST_3 : Operation 50 [1/2] (3.25ns)   --->   "%W_real272_load = load float* %W_real272_addr, align 4" [src/music.cpp:145]   --->   Operation 50 'load' 'W_real272_load' <Predicate = (!icmp_ln145)> <Delay = 3.25> <Core = "ROM_nP">   --->   Core 52 'ROM_nP' <Latency = 1> <II = 1> <Delay = 3.25> <Storage> <Opcode : 'load'> <Ports = 0> <Width = 32> <Depth = 512> <ROM>
ST_3 : Operation 51 [1/2] (3.25ns)   --->   "%W_imag264_load = load float* %W_imag264_addr, align 4" [src/music.cpp:145]   --->   Operation 51 'load' 'W_imag264_load' <Predicate = (!icmp_ln145)> <Delay = 3.25> <Core = "ROM_nP">   --->   Core 52 'ROM_nP' <Latency = 1> <II = 1> <Delay = 3.25> <Storage> <Opcode : 'load'> <Ports = 0> <Width = 32> <Depth = 512> <ROM>
ST_3 : Operation 52 [1/2] (3.25ns)   --->   "%X_R_6_load = load float* %X_R_6_addr, align 4" [src/music.cpp:156]   --->   Operation 52 'load' 'X_R_6_load' <Predicate = (!icmp_ln145)> <Delay = 3.25> <Core = "RAM">   --->   Core 37 'RAM' <Latency = 1> <II = 1> <Delay = 3.25> <Storage> <Opcode : 'load' 'store'> <Ports = 2> <Width = 32> <Depth = 1024> <RAM>
ST_3 : Operation 53 [1/2] (3.25ns)   --->   "%X_I_6_load = load float* %X_I_6_addr, align 4" [src/music.cpp:156]   --->   Operation 53 'load' 'X_I_6_load' <Predicate = (!icmp_ln145)> <Delay = 3.25> <Core = "RAM">   --->   Core 37 'RAM' <Latency = 1> <II = 1> <Delay = 3.25> <Storage> <Opcode : 'load' 'store'> <Ports = 2> <Width = 32> <Depth = 1024> <RAM>

State 4 <SV = 3> <Delay = 5.70>
ST_4 : Operation 54 [4/4] (5.70ns)   --->   "%tmp = fmul float %X_R_6_load, %W_real272_load" [src/music.cpp:156]   --->   Operation 54 'fmul' 'tmp' <Predicate = (!icmp_ln145)> <Delay = 5.70> <Core = "FMul">   --->   Core 106 'FMul' <Latency = 3> <II = 1> <Delay = 5.70> <FuncUnit> <Opcode : 'fmul'> <InPorts = 2> <OutPorts = 1>
ST_4 : Operation 55 [4/4] (5.70ns)   --->   "%tmp_s = fmul float %X_I_6_load, %W_imag264_load" [src/music.cpp:156]   --->   Operation 55 'fmul' 'tmp_s' <Predicate = (!icmp_ln145)> <Delay = 5.70> <Core = "FMul">   --->   Core 106 'FMul' <Latency = 3> <II = 1> <Delay = 5.70> <FuncUnit> <Opcode : 'fmul'> <InPorts = 2> <OutPorts = 1>
ST_4 : Operation 56 [4/4] (5.70ns)   --->   "%tmp_61 = fmul float %X_I_6_load, %W_real272_load" [src/music.cpp:157]   --->   Operation 56 'fmul' 'tmp_61' <Predicate = (!icmp_ln145)> <Delay = 5.70> <Core = "FMul">   --->   Core 106 'FMul' <Latency = 3> <II = 1> <Delay = 5.70> <FuncUnit> <Opcode : 'fmul'> <InPorts = 2> <OutPorts = 1>
ST_4 : Operation 57 [4/4] (5.70ns)   --->   "%tmp_62 = fmul float %X_R_6_load, %W_imag264_load" [src/music.cpp:157]   --->   Operation 57 'fmul' 'tmp_62' <Predicate = (!icmp_ln145)> <Delay = 5.70> <Core = "FMul">   --->   Core 106 'FMul' <Latency = 3> <II = 1> <Delay = 5.70> <FuncUnit> <Opcode : 'fmul'> <InPorts = 2> <OutPorts = 1>

State 5 <SV = 4> <Delay = 5.70>
ST_5 : Operation 58 [3/4] (5.70ns)   --->   "%tmp = fmul float %X_R_6_load, %W_real272_load" [src/music.cpp:156]   --->   Operation 58 'fmul' 'tmp' <Predicate = (!icmp_ln145)> <Delay = 5.70> <Core = "FMul">   --->   Core 106 'FMul' <Latency = 3> <II = 1> <Delay = 5.70> <FuncUnit> <Opcode : 'fmul'> <InPorts = 2> <OutPorts = 1>
ST_5 : Operation 59 [3/4] (5.70ns)   --->   "%tmp_s = fmul float %X_I_6_load, %W_imag264_load" [src/music.cpp:156]   --->   Operation 59 'fmul' 'tmp_s' <Predicate = (!icmp_ln145)> <Delay = 5.70> <Core = "FMul">   --->   Core 106 'FMul' <Latency = 3> <II = 1> <Delay = 5.70> <FuncUnit> <Opcode : 'fmul'> <InPorts = 2> <OutPorts = 1>
ST_5 : Operation 60 [3/4] (5.70ns)   --->   "%tmp_61 = fmul float %X_I_6_load, %W_real272_load" [src/music.cpp:157]   --->   Operation 60 'fmul' 'tmp_61' <Predicate = (!icmp_ln145)> <Delay = 5.70> <Core = "FMul">   --->   Core 106 'FMul' <Latency = 3> <II = 1> <Delay = 5.70> <FuncUnit> <Opcode : 'fmul'> <InPorts = 2> <OutPorts = 1>
ST_5 : Operation 61 [3/4] (5.70ns)   --->   "%tmp_62 = fmul float %X_R_6_load, %W_imag264_load" [src/music.cpp:157]   --->   Operation 61 'fmul' 'tmp_62' <Predicate = (!icmp_ln145)> <Delay = 5.70> <Core = "FMul">   --->   Core 106 'FMul' <Latency = 3> <II = 1> <Delay = 5.70> <FuncUnit> <Opcode : 'fmul'> <InPorts = 2> <OutPorts = 1>

State 6 <SV = 5> <Delay = 5.70>
ST_6 : Operation 62 [2/4] (5.70ns)   --->   "%tmp = fmul float %X_R_6_load, %W_real272_load" [src/music.cpp:156]   --->   Operation 62 'fmul' 'tmp' <Predicate = (!icmp_ln145)> <Delay = 5.70> <Core = "FMul">   --->   Core 106 'FMul' <Latency = 3> <II = 1> <Delay = 5.70> <FuncUnit> <Opcode : 'fmul'> <InPorts = 2> <OutPorts = 1>
ST_6 : Operation 63 [2/4] (5.70ns)   --->   "%tmp_s = fmul float %X_I_6_load, %W_imag264_load" [src/music.cpp:156]   --->   Operation 63 'fmul' 'tmp_s' <Predicate = (!icmp_ln145)> <Delay = 5.70> <Core = "FMul">   --->   Core 106 'FMul' <Latency = 3> <II = 1> <Delay = 5.70> <FuncUnit> <Opcode : 'fmul'> <InPorts = 2> <OutPorts = 1>
ST_6 : Operation 64 [2/4] (5.70ns)   --->   "%tmp_61 = fmul float %X_I_6_load, %W_real272_load" [src/music.cpp:157]   --->   Operation 64 'fmul' 'tmp_61' <Predicate = (!icmp_ln145)> <Delay = 5.70> <Core = "FMul">   --->   Core 106 'FMul' <Latency = 3> <II = 1> <Delay = 5.70> <FuncUnit> <Opcode : 'fmul'> <InPorts = 2> <OutPorts = 1>
ST_6 : Operation 65 [2/4] (5.70ns)   --->   "%tmp_62 = fmul float %X_R_6_load, %W_imag264_load" [src/music.cpp:157]   --->   Operation 65 'fmul' 'tmp_62' <Predicate = (!icmp_ln145)> <Delay = 5.70> <Core = "FMul">   --->   Core 106 'FMul' <Latency = 3> <II = 1> <Delay = 5.70> <FuncUnit> <Opcode : 'fmul'> <InPorts = 2> <OutPorts = 1>

State 7 <SV = 6> <Delay = 5.70>
ST_7 : Operation 66 [1/4] (5.70ns)   --->   "%tmp = fmul float %X_R_6_load, %W_real272_load" [src/music.cpp:156]   --->   Operation 66 'fmul' 'tmp' <Predicate = (!icmp_ln145)> <Delay = 5.70> <Core = "FMul">   --->   Core 106 'FMul' <Latency = 3> <II = 1> <Delay = 5.70> <FuncUnit> <Opcode : 'fmul'> <InPorts = 2> <OutPorts = 1>
ST_7 : Operation 67 [1/4] (5.70ns)   --->   "%tmp_s = fmul float %X_I_6_load, %W_imag264_load" [src/music.cpp:156]   --->   Operation 67 'fmul' 'tmp_s' <Predicate = (!icmp_ln145)> <Delay = 5.70> <Core = "FMul">   --->   Core 106 'FMul' <Latency = 3> <II = 1> <Delay = 5.70> <FuncUnit> <Opcode : 'fmul'> <InPorts = 2> <OutPorts = 1>
ST_7 : Operation 68 [1/4] (5.70ns)   --->   "%tmp_61 = fmul float %X_I_6_load, %W_real272_load" [src/music.cpp:157]   --->   Operation 68 'fmul' 'tmp_61' <Predicate = (!icmp_ln145)> <Delay = 5.70> <Core = "FMul">   --->   Core 106 'FMul' <Latency = 3> <II = 1> <Delay = 5.70> <FuncUnit> <Opcode : 'fmul'> <InPorts = 2> <OutPorts = 1>
ST_7 : Operation 69 [1/4] (5.70ns)   --->   "%tmp_62 = fmul float %X_R_6_load, %W_imag264_load" [src/music.cpp:157]   --->   Operation 69 'fmul' 'tmp_62' <Predicate = (!icmp_ln145)> <Delay = 5.70> <Core = "FMul">   --->   Core 106 'FMul' <Latency = 3> <II = 1> <Delay = 5.70> <FuncUnit> <Opcode : 'fmul'> <InPorts = 2> <OutPorts = 1>

State 8 <SV = 7> <Delay = 7.25>
ST_8 : Operation 70 [5/5] (7.25ns)   --->   "%temp_R = fsub float %tmp, %tmp_s" [src/music.cpp:156]   --->   Operation 70 'fsub' 'temp_R' <Predicate = (!icmp_ln145)> <Delay = 7.25> <Core = "FAddSub">   --->   Core 105 'FAddSub' <Latency = 4> <II = 1> <Delay = 7.25> <FuncUnit> <Opcode : 'fadd' 'fsub'> <InPorts = 2> <OutPorts = 1>
ST_8 : Operation 71 [5/5] (7.25ns)   --->   "%temp_I = fadd float %tmp_61, %tmp_62" [src/music.cpp:157]   --->   Operation 71 'fadd' 'temp_I' <Predicate = (!icmp_ln145)> <Delay = 7.25> <Core = "FAddSub">   --->   Core 105 'FAddSub' <Latency = 4> <II = 1> <Delay = 7.25> <FuncUnit> <Opcode : 'fadd' 'fsub'> <InPorts = 2> <OutPorts = 1>

State 9 <SV = 8> <Delay = 7.25>
ST_9 : Operation 72 [4/5] (7.25ns)   --->   "%temp_R = fsub float %tmp, %tmp_s" [src/music.cpp:156]   --->   Operation 72 'fsub' 'temp_R' <Predicate = (!icmp_ln145)> <Delay = 7.25> <Core = "FAddSub">   --->   Core 105 'FAddSub' <Latency = 4> <II = 1> <Delay = 7.25> <FuncUnit> <Opcode : 'fadd' 'fsub'> <InPorts = 2> <OutPorts = 1>
ST_9 : Operation 73 [4/5] (7.25ns)   --->   "%temp_I = fadd float %tmp_61, %tmp_62" [src/music.cpp:157]   --->   Operation 73 'fadd' 'temp_I' <Predicate = (!icmp_ln145)> <Delay = 7.25> <Core = "FAddSub">   --->   Core 105 'FAddSub' <Latency = 4> <II = 1> <Delay = 7.25> <FuncUnit> <Opcode : 'fadd' 'fsub'> <InPorts = 2> <OutPorts = 1>

State 10 <SV = 9> <Delay = 7.25>
ST_10 : Operation 74 [3/5] (7.25ns)   --->   "%temp_R = fsub float %tmp, %tmp_s" [src/music.cpp:156]   --->   Operation 74 'fsub' 'temp_R' <Predicate = (!icmp_ln145)> <Delay = 7.25> <Core = "FAddSub">   --->   Core 105 'FAddSub' <Latency = 4> <II = 1> <Delay = 7.25> <FuncUnit> <Opcode : 'fadd' 'fsub'> <InPorts = 2> <OutPorts = 1>
ST_10 : Operation 75 [3/5] (7.25ns)   --->   "%temp_I = fadd float %tmp_61, %tmp_62" [src/music.cpp:157]   --->   Operation 75 'fadd' 'temp_I' <Predicate = (!icmp_ln145)> <Delay = 7.25> <Core = "FAddSub">   --->   Core 105 'FAddSub' <Latency = 4> <II = 1> <Delay = 7.25> <FuncUnit> <Opcode : 'fadd' 'fsub'> <InPorts = 2> <OutPorts = 1>

State 11 <SV = 10> <Delay = 7.25>
ST_11 : Operation 76 [2/5] (7.25ns)   --->   "%temp_R = fsub float %tmp, %tmp_s" [src/music.cpp:156]   --->   Operation 76 'fsub' 'temp_R' <Predicate = (!icmp_ln145)> <Delay = 7.25> <Core = "FAddSub">   --->   Core 105 'FAddSub' <Latency = 4> <II = 1> <Delay = 7.25> <FuncUnit> <Opcode : 'fadd' 'fsub'> <InPorts = 2> <OutPorts = 1>
ST_11 : Operation 77 [2/5] (7.25ns)   --->   "%temp_I = fadd float %tmp_61, %tmp_62" [src/music.cpp:157]   --->   Operation 77 'fadd' 'temp_I' <Predicate = (!icmp_ln145)> <Delay = 7.25> <Core = "FAddSub">   --->   Core 105 'FAddSub' <Latency = 4> <II = 1> <Delay = 7.25> <FuncUnit> <Opcode : 'fadd' 'fsub'> <InPorts = 2> <OutPorts = 1>
ST_11 : Operation 78 [1/1] (0.00ns)   --->   "%zext_ln158 = zext i10 %i to i64" [src/music.cpp:158]   --->   Operation 78 'zext' 'zext_ln158' <Predicate = (!icmp_ln145)> <Delay = 0.00>
ST_11 : Operation 79 [1/1] (0.00ns)   --->   "%X_R_6_addr_1 = getelementptr [1024 x float]* %X_R_6, i64 0, i64 %zext_ln158" [src/music.cpp:158]   --->   Operation 79 'getelementptr' 'X_R_6_addr_1' <Predicate = (!icmp_ln145)> <Delay = 0.00>
ST_11 : Operation 80 [2/2] (3.25ns)   --->   "%X_R_6_load_1 = load float* %X_R_6_addr_1, align 4" [src/music.cpp:158]   --->   Operation 80 'load' 'X_R_6_load_1' <Predicate = (!icmp_ln145)> <Delay = 3.25> <Core = "RAM">   --->   Core 37 'RAM' <Latency = 1> <II = 1> <Delay = 3.25> <Storage> <Opcode : 'load' 'store'> <Ports = 2> <Width = 32> <Depth = 1024> <RAM>
ST_11 : Operation 81 [1/1] (0.00ns)   --->   "%X_I_6_addr_1 = getelementptr [1024 x float]* %X_I_6, i64 0, i64 %zext_ln158" [src/music.cpp:159]   --->   Operation 81 'getelementptr' 'X_I_6_addr_1' <Predicate = (!icmp_ln145)> <Delay = 0.00>
ST_11 : Operation 82 [2/2] (3.25ns)   --->   "%X_I_6_load_1 = load float* %X_I_6_addr_1, align 4" [src/music.cpp:159]   --->   Operation 82 'load' 'X_I_6_load_1' <Predicate = (!icmp_ln145)> <Delay = 3.25> <Core = "RAM">   --->   Core 37 'RAM' <Latency = 1> <II = 1> <Delay = 3.25> <Storage> <Opcode : 'load' 'store'> <Ports = 2> <Width = 32> <Depth = 1024> <RAM>

State 12 <SV = 11> <Delay = 7.25>
ST_12 : Operation 83 [1/5] (7.25ns)   --->   "%temp_R = fsub float %tmp, %tmp_s" [src/music.cpp:156]   --->   Operation 83 'fsub' 'temp_R' <Predicate = (!icmp_ln145)> <Delay = 7.25> <Core = "FAddSub">   --->   Core 105 'FAddSub' <Latency = 4> <II = 1> <Delay = 7.25> <FuncUnit> <Opcode : 'fadd' 'fsub'> <InPorts = 2> <OutPorts = 1>
ST_12 : Operation 84 [1/5] (7.25ns)   --->   "%temp_I = fadd float %tmp_61, %tmp_62" [src/music.cpp:157]   --->   Operation 84 'fadd' 'temp_I' <Predicate = (!icmp_ln145)> <Delay = 7.25> <Core = "FAddSub">   --->   Core 105 'FAddSub' <Latency = 4> <II = 1> <Delay = 7.25> <FuncUnit> <Opcode : 'fadd' 'fsub'> <InPorts = 2> <OutPorts = 1>
ST_12 : Operation 85 [1/2] (3.25ns)   --->   "%X_R_6_load_1 = load float* %X_R_6_addr_1, align 4" [src/music.cpp:158]   --->   Operation 85 'load' 'X_R_6_load_1' <Predicate = (!icmp_ln145)> <Delay = 3.25> <Core = "RAM">   --->   Core 37 'RAM' <Latency = 1> <II = 1> <Delay = 3.25> <Storage> <Opcode : 'load' 'store'> <Ports = 2> <Width = 32> <Depth = 1024> <RAM>
ST_12 : Operation 86 [1/2] (3.25ns)   --->   "%X_I_6_load_1 = load float* %X_I_6_addr_1, align 4" [src/music.cpp:159]   --->   Operation 86 'load' 'X_I_6_load_1' <Predicate = (!icmp_ln145)> <Delay = 3.25> <Core = "RAM">   --->   Core 37 'RAM' <Latency = 1> <II = 1> <Delay = 3.25> <Storage> <Opcode : 'load' 'store'> <Ports = 2> <Width = 32> <Depth = 1024> <RAM>

State 13 <SV = 12> <Delay = 7.25>
ST_13 : Operation 87 [5/5] (7.25ns)   --->   "%tmp_63 = fsub float %X_R_6_load_1, %temp_R" [src/music.cpp:158]   --->   Operation 87 'fsub' 'tmp_63' <Predicate = (!icmp_ln145)> <Delay = 7.25> <Core = "FAddSub">   --->   Core 105 'FAddSub' <Latency = 4> <II = 1> <Delay = 7.25> <FuncUnit> <Opcode : 'fadd' 'fsub'> <InPorts = 2> <OutPorts = 1>
ST_13 : Operation 88 [5/5] (7.25ns)   --->   "%tmp_64 = fsub float %X_I_6_load_1, %temp_I" [src/music.cpp:159]   --->   Operation 88 'fsub' 'tmp_64' <Predicate = (!icmp_ln145)> <Delay = 7.25> <Core = "FAddSub">   --->   Core 105 'FAddSub' <Latency = 4> <II = 1> <Delay = 7.25> <FuncUnit> <Opcode : 'fadd' 'fsub'> <InPorts = 2> <OutPorts = 1>
ST_13 : Operation 89 [5/5] (7.25ns)   --->   "%tmp_65 = fadd float %X_R_6_load_1, %temp_R" [src/music.cpp:160]   --->   Operation 89 'fadd' 'tmp_65' <Predicate = (!icmp_ln145)> <Delay = 7.25> <Core = "FAddSub">   --->   Core 105 'FAddSub' <Latency = 4> <II = 1> <Delay = 7.25> <FuncUnit> <Opcode : 'fadd' 'fsub'> <InPorts = 2> <OutPorts = 1>
ST_13 : Operation 90 [5/5] (7.25ns)   --->   "%tmp_66 = fadd float %X_I_6_load_1, %temp_I" [src/music.cpp:161]   --->   Operation 90 'fadd' 'tmp_66' <Predicate = (!icmp_ln145)> <Delay = 7.25> <Core = "FAddSub">   --->   Core 105 'FAddSub' <Latency = 4> <II = 1> <Delay = 7.25> <FuncUnit> <Opcode : 'fadd' 'fsub'> <InPorts = 2> <OutPorts = 1>

State 14 <SV = 13> <Delay = 7.25>
ST_14 : Operation 91 [4/5] (7.25ns)   --->   "%tmp_63 = fsub float %X_R_6_load_1, %temp_R" [src/music.cpp:158]   --->   Operation 91 'fsub' 'tmp_63' <Predicate = (!icmp_ln145)> <Delay = 7.25> <Core = "FAddSub">   --->   Core 105 'FAddSub' <Latency = 4> <II = 1> <Delay = 7.25> <FuncUnit> <Opcode : 'fadd' 'fsub'> <InPorts = 2> <OutPorts = 1>
ST_14 : Operation 92 [4/5] (7.25ns)   --->   "%tmp_64 = fsub float %X_I_6_load_1, %temp_I" [src/music.cpp:159]   --->   Operation 92 'fsub' 'tmp_64' <Predicate = (!icmp_ln145)> <Delay = 7.25> <Core = "FAddSub">   --->   Core 105 'FAddSub' <Latency = 4> <II = 1> <Delay = 7.25> <FuncUnit> <Opcode : 'fadd' 'fsub'> <InPorts = 2> <OutPorts = 1>
ST_14 : Operation 93 [4/5] (7.25ns)   --->   "%tmp_65 = fadd float %X_R_6_load_1, %temp_R" [src/music.cpp:160]   --->   Operation 93 'fadd' 'tmp_65' <Predicate = (!icmp_ln145)> <Delay = 7.25> <Core = "FAddSub">   --->   Core 105 'FAddSub' <Latency = 4> <II = 1> <Delay = 7.25> <FuncUnit> <Opcode : 'fadd' 'fsub'> <InPorts = 2> <OutPorts = 1>
ST_14 : Operation 94 [4/5] (7.25ns)   --->   "%tmp_66 = fadd float %X_I_6_load_1, %temp_I" [src/music.cpp:161]   --->   Operation 94 'fadd' 'tmp_66' <Predicate = (!icmp_ln145)> <Delay = 7.25> <Core = "FAddSub">   --->   Core 105 'FAddSub' <Latency = 4> <II = 1> <Delay = 7.25> <FuncUnit> <Opcode : 'fadd' 'fsub'> <InPorts = 2> <OutPorts = 1>

State 15 <SV = 14> <Delay = 7.25>
ST_15 : Operation 95 [3/5] (7.25ns)   --->   "%tmp_63 = fsub float %X_R_6_load_1, %temp_R" [src/music.cpp:158]   --->   Operation 95 'fsub' 'tmp_63' <Predicate = (!icmp_ln145)> <Delay = 7.25> <Core = "FAddSub">   --->   Core 105 'FAddSub' <Latency = 4> <II = 1> <Delay = 7.25> <FuncUnit> <Opcode : 'fadd' 'fsub'> <InPorts = 2> <OutPorts = 1>
ST_15 : Operation 96 [3/5] (7.25ns)   --->   "%tmp_64 = fsub float %X_I_6_load_1, %temp_I" [src/music.cpp:159]   --->   Operation 96 'fsub' 'tmp_64' <Predicate = (!icmp_ln145)> <Delay = 7.25> <Core = "FAddSub">   --->   Core 105 'FAddSub' <Latency = 4> <II = 1> <Delay = 7.25> <FuncUnit> <Opcode : 'fadd' 'fsub'> <InPorts = 2> <OutPorts = 1>
ST_15 : Operation 97 [3/5] (7.25ns)   --->   "%tmp_65 = fadd float %X_R_6_load_1, %temp_R" [src/music.cpp:160]   --->   Operation 97 'fadd' 'tmp_65' <Predicate = (!icmp_ln145)> <Delay = 7.25> <Core = "FAddSub">   --->   Core 105 'FAddSub' <Latency = 4> <II = 1> <Delay = 7.25> <FuncUnit> <Opcode : 'fadd' 'fsub'> <InPorts = 2> <OutPorts = 1>
ST_15 : Operation 98 [3/5] (7.25ns)   --->   "%tmp_66 = fadd float %X_I_6_load_1, %temp_I" [src/music.cpp:161]   --->   Operation 98 'fadd' 'tmp_66' <Predicate = (!icmp_ln145)> <Delay = 7.25> <Core = "FAddSub">   --->   Core 105 'FAddSub' <Latency = 4> <II = 1> <Delay = 7.25> <FuncUnit> <Opcode : 'fadd' 'fsub'> <InPorts = 2> <OutPorts = 1>

State 16 <SV = 15> <Delay = 7.25>
ST_16 : Operation 99 [2/5] (7.25ns)   --->   "%tmp_63 = fsub float %X_R_6_load_1, %temp_R" [src/music.cpp:158]   --->   Operation 99 'fsub' 'tmp_63' <Predicate = (!icmp_ln145)> <Delay = 7.25> <Core = "FAddSub">   --->   Core 105 'FAddSub' <Latency = 4> <II = 1> <Delay = 7.25> <FuncUnit> <Opcode : 'fadd' 'fsub'> <InPorts = 2> <OutPorts = 1>
ST_16 : Operation 100 [2/5] (7.25ns)   --->   "%tmp_64 = fsub float %X_I_6_load_1, %temp_I" [src/music.cpp:159]   --->   Operation 100 'fsub' 'tmp_64' <Predicate = (!icmp_ln145)> <Delay = 7.25> <Core = "FAddSub">   --->   Core 105 'FAddSub' <Latency = 4> <II = 1> <Delay = 7.25> <FuncUnit> <Opcode : 'fadd' 'fsub'> <InPorts = 2> <OutPorts = 1>
ST_16 : Operation 101 [2/5] (7.25ns)   --->   "%tmp_65 = fadd float %X_R_6_load_1, %temp_R" [src/music.cpp:160]   --->   Operation 101 'fadd' 'tmp_65' <Predicate = (!icmp_ln145)> <Delay = 7.25> <Core = "FAddSub">   --->   Core 105 'FAddSub' <Latency = 4> <II = 1> <Delay = 7.25> <FuncUnit> <Opcode : 'fadd' 'fsub'> <InPorts = 2> <OutPorts = 1>
ST_16 : Operation 102 [2/5] (7.25ns)   --->   "%tmp_66 = fadd float %X_I_6_load_1, %temp_I" [src/music.cpp:161]   --->   Operation 102 'fadd' 'tmp_66' <Predicate = (!icmp_ln145)> <Delay = 7.25> <Core = "FAddSub">   --->   Core 105 'FAddSub' <Latency = 4> <II = 1> <Delay = 7.25> <FuncUnit> <Opcode : 'fadd' 'fsub'> <InPorts = 2> <OutPorts = 1>

State 17 <SV = 16> <Delay = 7.25>
ST_17 : Operation 103 [1/5] (7.25ns)   --->   "%tmp_63 = fsub float %X_R_6_load_1, %temp_R" [src/music.cpp:158]   --->   Operation 103 'fsub' 'tmp_63' <Predicate = (!icmp_ln145)> <Delay = 7.25> <Core = "FAddSub">   --->   Core 105 'FAddSub' <Latency = 4> <II = 1> <Delay = 7.25> <FuncUnit> <Opcode : 'fadd' 'fsub'> <InPorts = 2> <OutPorts = 1>
ST_17 : Operation 104 [1/5] (7.25ns)   --->   "%tmp_64 = fsub float %X_I_6_load_1, %temp_I" [src/music.cpp:159]   --->   Operation 104 'fsub' 'tmp_64' <Predicate = (!icmp_ln145)> <Delay = 7.25> <Core = "FAddSub">   --->   Core 105 'FAddSub' <Latency = 4> <II = 1> <Delay = 7.25> <FuncUnit> <Opcode : 'fadd' 'fsub'> <InPorts = 2> <OutPorts = 1>
ST_17 : Operation 105 [1/5] (7.25ns)   --->   "%tmp_65 = fadd float %X_R_6_load_1, %temp_R" [src/music.cpp:160]   --->   Operation 105 'fadd' 'tmp_65' <Predicate = (!icmp_ln145)> <Delay = 7.25> <Core = "FAddSub">   --->   Core 105 'FAddSub' <Latency = 4> <II = 1> <Delay = 7.25> <FuncUnit> <Opcode : 'fadd' 'fsub'> <InPorts = 2> <OutPorts = 1>
ST_17 : Operation 106 [1/5] (7.25ns)   --->   "%tmp_66 = fadd float %X_I_6_load_1, %temp_I" [src/music.cpp:161]   --->   Operation 106 'fadd' 'tmp_66' <Predicate = (!icmp_ln145)> <Delay = 7.25> <Core = "FAddSub">   --->   Core 105 'FAddSub' <Latency = 4> <II = 1> <Delay = 7.25> <FuncUnit> <Opcode : 'fadd' 'fsub'> <InPorts = 2> <OutPorts = 1>

State 18 <SV = 17> <Delay = 3.25>
ST_18 : Operation 107 [1/1] (0.00ns)   --->   "call void (...)* @_ssdm_op_SpecLoopName([24 x i8]* @butterfly_loop_dft_l)"   --->   Operation 107 'specloopname' <Predicate = (!icmp_ln145)> <Delay = 0.00>
ST_18 : Operation 108 [1/1] (0.00ns)   --->   "%empty = call i32 (...)* @_ssdm_op_SpecLoopTripCount(i64 512, i64 512, i64 512)"   --->   Operation 108 'speclooptripcount' 'empty' <Predicate = (!icmp_ln145)> <Delay = 0.00>
ST_18 : Operation 109 [1/1] (0.00ns)   --->   "call void (...)* @_ssdm_op_SpecLoopName([9 x i8]* @p_str10) nounwind" [src/music.cpp:148]   --->   Operation 109 'specloopname' <Predicate = (!icmp_ln145)> <Delay = 0.00>
ST_18 : Operation 110 [1/1] (0.00ns)   --->   "%tmp_52 = call i32 (...)* @_ssdm_op_SpecRegionBegin([9 x i8]* @p_str10) nounwind" [src/music.cpp:148]   --->   Operation 110 'specregionbegin' 'tmp_52' <Predicate = (!icmp_ln145)> <Delay = 0.00>
ST_18 : Operation 111 [1/1] (0.00ns)   --->   "call void (...)* @_ssdm_op_SpecPipeline(i32 -1, i32 1, i32 1, i32 0, [1 x i8]* @p_str) nounwind" [src/music.cpp:151]   --->   Operation 111 'specpipeline' <Predicate = (!icmp_ln145)> <Delay = 0.00>
ST_18 : Operation 112 [1/1] (0.00ns)   --->   "%Out_R_7_addr = getelementptr [1024 x float]* %Out_R_7, i64 0, i64 %zext_ln156" [src/music.cpp:158]   --->   Operation 112 'getelementptr' 'Out_R_7_addr' <Predicate = (!icmp_ln145)> <Delay = 0.00>
ST_18 : Operation 113 [1/1] (3.25ns)   --->   "store float %tmp_63, float* %Out_R_7_addr, align 4" [src/music.cpp:158]   --->   Operation 113 'store' <Predicate = (!icmp_ln145)> <Delay = 3.25> <Core = "RAM">   --->   Core 37 'RAM' <Latency = 1> <II = 1> <Delay = 3.25> <Storage> <Opcode : 'load' 'store'> <Ports = 2> <Width = 32> <Depth = 1024> <RAM>
ST_18 : Operation 114 [1/1] (0.00ns)   --->   "%Out_I_7_addr = getelementptr [1024 x float]* %Out_I_7, i64 0, i64 %zext_ln156" [src/music.cpp:159]   --->   Operation 114 'getelementptr' 'Out_I_7_addr' <Predicate = (!icmp_ln145)> <Delay = 0.00>
ST_18 : Operation 115 [1/1] (3.25ns)   --->   "store float %tmp_64, float* %Out_I_7_addr, align 4" [src/music.cpp:159]   --->   Operation 115 'store' <Predicate = (!icmp_ln145)> <Delay = 3.25> <Core = "RAM">   --->   Core 37 'RAM' <Latency = 1> <II = 1> <Delay = 3.25> <Storage> <Opcode : 'load' 'store'> <Ports = 2> <Width = 32> <Depth = 1024> <RAM>
ST_18 : Operation 116 [1/1] (0.00ns)   --->   "%Out_R_7_addr_1 = getelementptr [1024 x float]* %Out_R_7, i64 0, i64 %zext_ln158" [src/music.cpp:160]   --->   Operation 116 'getelementptr' 'Out_R_7_addr_1' <Predicate = (!icmp_ln145)> <Delay = 0.00>
ST_18 : Operation 117 [1/1] (3.25ns)   --->   "store float %tmp_65, float* %Out_R_7_addr_1, align 4" [src/music.cpp:160]   --->   Operation 117 'store' <Predicate = (!icmp_ln145)> <Delay = 3.25> <Core = "RAM">   --->   Core 37 'RAM' <Latency = 1> <II = 1> <Delay = 3.25> <Storage> <Opcode : 'load' 'store'> <Ports = 2> <Width = 32> <Depth = 1024> <RAM>
ST_18 : Operation 118 [1/1] (0.00ns)   --->   "%Out_I_7_addr_1 = getelementptr [1024 x float]* %Out_I_7, i64 0, i64 %zext_ln158" [src/music.cpp:161]   --->   Operation 118 'getelementptr' 'Out_I_7_addr_1' <Predicate = (!icmp_ln145)> <Delay = 0.00>
ST_18 : Operation 119 [1/1] (3.25ns)   --->   "store float %tmp_66, float* %Out_I_7_addr_1, align 4" [src/music.cpp:161]   --->   Operation 119 'store' <Predicate = (!icmp_ln145)> <Delay = 3.25> <Core = "RAM">   --->   Core 37 'RAM' <Latency = 1> <II = 1> <Delay = 3.25> <Storage> <Opcode : 'load' 'store'> <Ports = 2> <Width = 32> <Depth = 1024> <RAM>
ST_18 : Operation 120 [1/1] (0.00ns)   --->   "%empty_173 = call i32 (...)* @_ssdm_op_SpecRegionEnd([9 x i8]* @p_str10, i32 %tmp_52) nounwind" [src/music.cpp:162]   --->   Operation 120 'specregionend' 'empty_173' <Predicate = (!icmp_ln145)> <Delay = 0.00>
ST_18 : Operation 121 [1/1] (0.00ns)   --->   "br label %1"   --->   Operation 121 'br' <Predicate = (!icmp_ln145)> <Delay = 0.00>

State 19 <SV = 2> <Delay = 0.00>
ST_19 : Operation 122 [1/1] (0.00ns)   --->   "ret void" [src/music.cpp:164]   --->   Operation 122 'ret' <Predicate = true> <Delay = 0.00>


============================================================
+ Verbose Summary: Timing violations
============================================================
Target clock period: 10ns, clock uncertainty: 1.25ns.

 <State 1>: 1.77ns
The critical path consists of the following:
	multiplexor before 'phi' operation ('indvar_flatten', src/music.cpp:145) with incoming values : ('add_ln145', src/music.cpp:145) [9]  (1.77 ns)

 <State 2>: 7.85ns
The critical path consists of the following:
	'phi' operation ('j_0', src/music.cpp:145) with incoming values : ('select_ln145_6', src/music.cpp:145) [10]  (0 ns)
	'add' operation ('j', src/music.cpp:145) [18]  (1.87 ns)
	'select' operation ('select_ln145_6', src/music.cpp:145) [31]  (0.993 ns)
	'add' operation ('i_lower', src/music.cpp:155) [37]  (1.73 ns)
	'getelementptr' operation ('X_R_6_addr', src/music.cpp:156) [39]  (0 ns)
	'load' operation ('X_R_6_load', src/music.cpp:156) on array 'X_R_6' [40]  (3.25 ns)

 <State 3>: 3.25ns
The critical path consists of the following:
	'load' operation ('W_real272_load', src/music.cpp:145) on array 'W_real272' [28]  (3.25 ns)

 <State 4>: 5.7ns
The critical path consists of the following:
	'fmul' operation ('tmp', src/music.cpp:156) [41]  (5.7 ns)

 <State 5>: 5.7ns
The critical path consists of the following:
	'fmul' operation ('tmp', src/music.cpp:156) [41]  (5.7 ns)

 <State 6>: 5.7ns
The critical path consists of the following:
	'fmul' operation ('tmp', src/music.cpp:156) [41]  (5.7 ns)

 <State 7>: 5.7ns
The critical path consists of the following:
	'fmul' operation ('tmp', src/music.cpp:156) [41]  (5.7 ns)

 <State 8>: 7.26ns
The critical path consists of the following:
	'fsub' operation ('temp_R', src/music.cpp:156) [45]  (7.26 ns)

 <State 9>: 7.26ns
The critical path consists of the following:
	'fsub' operation ('temp_R', src/music.cpp:156) [45]  (7.26 ns)

 <State 10>: 7.26ns
The critical path consists of the following:
	'fsub' operation ('temp_R', src/music.cpp:156) [45]  (7.26 ns)

 <State 11>: 7.26ns
The critical path consists of the following:
	'fsub' operation ('temp_R', src/music.cpp:156) [45]  (7.26 ns)

 <State 12>: 7.26ns
The critical path consists of the following:
	'fsub' operation ('temp_R', src/music.cpp:156) [45]  (7.26 ns)

 <State 13>: 7.26ns
The critical path consists of the following:
	'fsub' operation ('tmp_63', src/music.cpp:158) [52]  (7.26 ns)

 <State 14>: 7.26ns
The critical path consists of the following:
	'fsub' operation ('tmp_63', src/music.cpp:158) [52]  (7.26 ns)

 <State 15>: 7.26ns
The critical path consists of the following:
	'fsub' operation ('tmp_63', src/music.cpp:158) [52]  (7.26 ns)

 <State 16>: 7.26ns
The critical path consists of the following:
	'fsub' operation ('tmp_63', src/music.cpp:158) [52]  (7.26 ns)

 <State 17>: 7.26ns
The critical path consists of the following:
	'fsub' operation ('tmp_63', src/music.cpp:158) [52]  (7.26 ns)

 <State 18>: 3.25ns
The critical path consists of the following:
	'getelementptr' operation ('Out_R_7_addr', src/music.cpp:158) [53]  (0 ns)
	'store' operation ('store_ln158', src/music.cpp:158) of variable 'tmp_63', src/music.cpp:158 on array 'Out_R_7' [54]  (3.25 ns)

 <State 19>: 0ns
The critical path consists of the following:


============================================================
+ Verbose Summary: Binding
============================================================
N/A
* FSMD analyzer results:
  - Output states:
 - Input state : 
  - Chain level:
	State 1
	State 2
	State 3
	State 4
	State 5
	State 6
	State 7
	State 8
	State 9
	State 10
	State 11
	State 12
	State 13
	State 14
	State 15
	State 16
	State 17
	State 18
	State 19


============================================================
+ Verbose Summary: Datapath Resource usage 
============================================================
N/A
