

================================================================
== Vivado HLS Report for 'scaled_fixed2ieee_1'
================================================================
* Date:           Sat Aug  1 17:19:00 2020

* Version:        2019.1 (Build 2552052 on Fri May 24 15:28:33 MDT 2019)
* Project:        hls_proj
* Solution:       solution5
* Product family: zynq
* Target device:  xc7z020-clg400-1


================================================================
== Performance Estimates
================================================================
+ Timing (ns): 
    * Summary: 
    +--------+-------+----------+------------+
    |  Clock | Target| Estimated| Uncertainty|
    +--------+-------+----------+------------+
    |ap_clk  |  50.00|    12.459|        6.25|
    +--------+-------+----------+------------+

+ Latency (clock cycles): 
    * Summary: 
    +-----+-----+-----+-----+---------+
    |  Latency  |  Interval | Pipeline|
    | min | max | min | max |   Type  |
    +-----+-----+-----+-----+---------+
    |    8|   12|    8|   12|   none  |
    +-----+-----+-----+-----+---------+

    + Detail: 
        * Instance: 
        N/A

        * Loop: 
        +----------+-----+-----+----------+-----------+-----------+-------+----------+
        |          |  Latency  | Iteration|  Initiation Interval  |  Trip |          |
        | Loop Name| min | max |  Latency |  achieved |   target  | Count | Pipelined|
        +----------+-----+-----+----------+-----------+-----------+-------+----------+
        |- Loop 1  |    4|    4|         2|          -|          -|      2|    no    |
        |- Loop 2  |    2|    5|         2|          -|          -| 1 ~ 2 |    no    |
        +----------+-----+-----+----------+-----------+-----------+-------+----------+

============================================================
+ Verbose Summary: Synthesis Manager
============================================================
InlineROM: 1
ExposeGlobal: 0
============================================================
+ Verbose Summary: CDFG Model
============================================================
IsTopModel: 0
ResetActiveHigh: 1
IsCombinational: 0
IsDatapathOnly: 0
HasWiredReturn: 1
HasMFsm: 0
HasVarLatency: 1
IsPipeline: 0
IsRtlPipelined: 0
IsInstanceOverlapped: 0
IsDontTouch: 0
HasImplIP: 0
IsGatedGlobalClock: 0


============================================================
+ Verbose Summary: Schedule
============================================================
* Number of FSM states : 5
* Pipeline : 0
* Dataflow Pipeline: 0

* FSM state transitions: 
1 --> 2 
2 --> 3 4 
3 --> 2 
4 --> 5 
5 --> 4 

* FSM state operations: 

State 1 <SV = 0> <Delay = 2.32>
ST_1 : Operation 6 [1/1] (0.00ns)   --->   "%prescale_read = call i9 @_ssdm_op_Read.ap_auto.i9(i9 %prescale)"   --->   Operation 6 'read' 'prescale_read' <Predicate = true> <Delay = 0.00>
ST_1 : Operation 7 [1/1] (0.00ns)   --->   "%in_V_read = call i29 @_ssdm_op_Read.ap_auto.i29(i29 %in_V)"   --->   Operation 7 'read' 'in_V_read' <Predicate = true> <Delay = 0.00>
ST_1 : Operation 8 [1/1] (0.00ns)   --->   "%out_bits_V = alloca [2 x i32], align 4" [r:/builds/2019.1/continuous/2019_05_24_2552052/src/products/hls/hls_lib/src/hls\utils/x_hls_float_utils.h:294]   --->   Operation 8 'alloca' 'out_bits_V' <Predicate = true> <Delay = 0.00> <Core = "RAM">   --->   Core 37 'RAM' <Latency = 1> <II = 1> <Delay = 2.32> <Storage> <Opcode : 'load' 'store'> <Ports = 2> <Width = 32> <Depth = 2> <RAM>
ST_1 : Operation 9 [1/1] (0.00ns)   --->   "%c = alloca [2 x i32], align 4" [r:/builds/2019.1/continuous/2019_05_24_2552052/src/products/hls/hls_lib/src/hls\utils/x_hls_float_utils.h:305]   --->   Operation 9 'alloca' 'c' <Predicate = true> <Delay = 0.00> <Core = "RAM">   --->   Core 37 'RAM' <Latency = 1> <II = 1> <Delay = 2.32> <Storage> <Opcode : 'load' 'store'> <Ports = 2> <Width = 32> <Depth = 2> <RAM>
ST_1 : Operation 10 [1/1] (0.00ns)   --->   "%p_Result_1 = call i16 @_ssdm_op_PartSelect.i16.i29.i32.i32(i29 %in_V_read, i32 13, i32 28)" [r:/builds/2019.1/continuous/2019_05_24_2552052/src/products/hls/hls_lib/src/hls\utils/x_hls_float_utils.h:297]   --->   Operation 10 'partselect' 'p_Result_1' <Predicate = true> <Delay = 0.00>
ST_1 : Operation 11 [1/1] (0.00ns)   --->   "%out_bits_V_addr_1 = getelementptr [2 x i32]* %out_bits_V, i64 0, i64 0" [r:/builds/2019.1/continuous/2019_05_24_2552052/src/products/hls/hls_lib/src/hls\utils/x_hls_float_utils.h:297]   --->   Operation 11 'getelementptr' 'out_bits_V_addr_1' <Predicate = true> <Delay = 0.00>
ST_1 : Operation 12 [1/1] (0.00ns)   --->   "%tmp_3 = call i17 @_ssdm_op_BitConcatenate.i17.i16.i1(i16 %p_Result_1, i1 true)" [r:/builds/2019.1/continuous/2019_05_24_2552052/src/products/hls/hls_lib/src/hls\utils/x_hls_float_utils.h:298]   --->   Operation 12 'bitconcatenate' 'tmp_3' <Predicate = true> <Delay = 0.00>
ST_1 : Operation 13 [1/1] (0.00ns)   --->   "%p_Result_2 = call i32 @_ssdm_op_PartSet.i32.i32.i17.i32.i32(i32 undef, i17 %tmp_3, i32 15, i32 31)" [r:/builds/2019.1/continuous/2019_05_24_2552052/src/products/hls/hls_lib/src/hls\utils/x_hls_float_utils.h:298]   --->   Operation 13 'partset' 'p_Result_2' <Predicate = true> <Delay = 0.00>
ST_1 : Operation 14 [1/1] (2.32ns)   --->   "store i32 %p_Result_2, i32* %out_bits_V_addr_1, align 4" [r:/builds/2019.1/continuous/2019_05_24_2552052/src/products/hls/hls_lib/src/hls\utils/x_hls_float_utils.h:298]   --->   Operation 14 'store' <Predicate = true> <Delay = 2.32> <Core = "RAM">   --->   Core 37 'RAM' <Latency = 1> <II = 1> <Delay = 2.32> <Storage> <Opcode : 'load' 'store'> <Ports = 2> <Width = 32> <Depth = 2> <RAM>
ST_1 : Operation 15 [1/1] (0.00ns)   --->   "%trunc_ln566 = trunc i29 %in_V_read to i13" [r:/builds/2019.1/continuous/2019_05_24_2552052/src/products/hls/hls_lib/src/hls\utils/x_hls_float_utils.h:301]   --->   Operation 15 'trunc' 'trunc_ln566' <Predicate = true> <Delay = 0.00>
ST_1 : Operation 16 [1/1] (0.00ns)   --->   "%out_bits_V_addr = getelementptr [2 x i32]* %out_bits_V, i64 0, i64 1" [r:/builds/2019.1/continuous/2019_05_24_2552052/src/products/hls/hls_lib/src/hls\utils/x_hls_float_utils.h:301]   --->   Operation 16 'getelementptr' 'out_bits_V_addr' <Predicate = true> <Delay = 0.00>
ST_1 : Operation 17 [1/1] (0.00ns)   --->   "%tmp_4 = call i14 @_ssdm_op_BitConcatenate.i14.i13.i1(i13 %trunc_ln566, i1 true)" [r:/builds/2019.1/continuous/2019_05_24_2552052/src/products/hls/hls_lib/src/hls\utils/x_hls_float_utils.h:302]   --->   Operation 17 'bitconcatenate' 'tmp_4' <Predicate = true> <Delay = 0.00>
ST_1 : Operation 18 [1/1] (0.00ns)   --->   "%p_Result_3 = call i32 @_ssdm_op_PartSet.i32.i32.i14.i32.i32(i32 undef, i14 %tmp_4, i32 18, i32 31)" [r:/builds/2019.1/continuous/2019_05_24_2552052/src/products/hls/hls_lib/src/hls\utils/x_hls_float_utils.h:302]   --->   Operation 18 'partset' 'p_Result_3' <Predicate = true> <Delay = 0.00>
ST_1 : Operation 19 [1/1] (2.32ns)   --->   "store i32 %p_Result_3, i32* %out_bits_V_addr, align 4" [r:/builds/2019.1/continuous/2019_05_24_2552052/src/products/hls/hls_lib/src/hls\utils/x_hls_float_utils.h:302]   --->   Operation 19 'store' <Predicate = true> <Delay = 2.32> <Core = "RAM">   --->   Core 37 'RAM' <Latency = 1> <II = 1> <Delay = 2.32> <Storage> <Opcode : 'load' 'store'> <Ports = 2> <Width = 32> <Depth = 2> <RAM>
ST_1 : Operation 20 [1/1] (1.76ns)   --->   "br label %0" [r:/builds/2019.1/continuous/2019_05_24_2552052/src/products/hls/hls_lib/src/hls\utils/x_hls_float_utils.h:306]   --->   Operation 20 'br' <Predicate = true> <Delay = 1.76>

State 2 <SV = 1> <Delay = 2.32>
ST_2 : Operation 21 [1/1] (0.00ns)   --->   "%i1_0 = phi i2 [ 0, %.preheader278.preheader ], [ %i, %1 ]"   --->   Operation 21 'phi' 'i1_0' <Predicate = true> <Delay = 0.00>
ST_2 : Operation 22 [1/1] (0.95ns)   --->   "%icmp_ln306 = icmp eq i2 %i1_0, -2" [r:/builds/2019.1/continuous/2019_05_24_2552052/src/products/hls/hls_lib/src/hls\utils/x_hls_float_utils.h:306]   --->   Operation 22 'icmp' 'icmp_ln306' <Predicate = true> <Delay = 0.95> <Core = "Cmp">   --->   Core 25 'Cmp' <Latency = 0> <II = 1> <Delay = 2.46> <FuncUnit> <Opcode : 'icmp'> <InPorts = 2> <OutPorts = 1>
ST_2 : Operation 23 [1/1] (0.00ns)   --->   "call void (...)* @_ssdm_op_SpecLoopTripCount(i64 2, i64 2, i64 2)"   --->   Operation 23 'speclooptripcount' <Predicate = true> <Delay = 0.00>
ST_2 : Operation 24 [1/1] (1.56ns)   --->   "%i = add i2 %i1_0, 1" [r:/builds/2019.1/continuous/2019_05_24_2552052/src/products/hls/hls_lib/src/hls\utils/x_hls_float_utils.h:306]   --->   Operation 24 'add' 'i' <Predicate = true> <Delay = 1.56> <Core = "AddSub">   --->   Core 14 'AddSub' <Latency = 0> <II = 1> <Delay = 2.55> <FuncUnit> <Opcode : 'add' 'sub'> <InPorts = 2> <OutPorts = 1>
ST_2 : Operation 25 [1/1] (0.00ns)   --->   "br i1 %icmp_ln306, label %.preheader.preheader, label %1" [r:/builds/2019.1/continuous/2019_05_24_2552052/src/products/hls/hls_lib/src/hls\utils/x_hls_float_utils.h:306]   --->   Operation 25 'br' <Predicate = true> <Delay = 0.00>
ST_2 : Operation 26 [1/1] (0.00ns)   --->   "%zext_ln307 = zext i2 %i1_0 to i64" [r:/builds/2019.1/continuous/2019_05_24_2552052/src/products/hls/hls_lib/src/hls\utils/x_hls_float_utils.h:307]   --->   Operation 26 'zext' 'zext_ln307' <Predicate = (!icmp_ln306)> <Delay = 0.00>
ST_2 : Operation 27 [1/1] (0.00ns)   --->   "%out_bits_V_addr_2 = getelementptr [2 x i32]* %out_bits_V, i64 0, i64 %zext_ln307" [r:/builds/2019.1/continuous/2019_05_24_2552052/src/products/hls/hls_lib/src/hls\utils/x_hls_float_utils.h:307]   --->   Operation 27 'getelementptr' 'out_bits_V_addr_2' <Predicate = (!icmp_ln306)> <Delay = 0.00>
ST_2 : Operation 28 [2/2] (2.32ns)   --->   "%p_Val2_25 = load i32* %out_bits_V_addr_2, align 4" [r:/builds/2019.1/continuous/2019_05_24_2552052/src/products/hls/hls_lib/src/hls\utils/x_hls_float_utils.h:307]   --->   Operation 28 'load' 'p_Val2_25' <Predicate = (!icmp_ln306)> <Delay = 2.32> <Core = "RAM">   --->   Core 37 'RAM' <Latency = 1> <II = 1> <Delay = 2.32> <Storage> <Opcode : 'load' 'store'> <Ports = 2> <Width = 32> <Depth = 2> <RAM>
ST_2 : Operation 29 [1/1] (1.76ns)   --->   "br label %.preheader" [r:/builds/2019.1/continuous/2019_05_24_2552052/src/products/hls/hls_lib/src/hls\utils/x_hls_float_utils.h:313]   --->   Operation 29 'br' <Predicate = (icmp_ln306)> <Delay = 1.76>

State 3 <SV = 2> <Delay = 8.04>
ST_3 : Operation 30 [1/2] (2.32ns)   --->   "%p_Val2_25 = load i32* %out_bits_V_addr_2, align 4" [r:/builds/2019.1/continuous/2019_05_24_2552052/src/products/hls/hls_lib/src/hls\utils/x_hls_float_utils.h:307]   --->   Operation 30 'load' 'p_Val2_25' <Predicate = true> <Delay = 2.32> <Core = "RAM">   --->   Core 37 'RAM' <Latency = 1> <II = 1> <Delay = 2.32> <Storage> <Opcode : 'load' 'store'> <Ports = 2> <Width = 32> <Depth = 2> <RAM>
ST_3 : Operation 31 [1/1] (0.00ns)   --->   "%p_Result_s = call i32 @_ssdm_op_PartSelect.i32.i32.i32.i32(i32 %p_Val2_25, i32 31, i32 0) nounwind" [r:/builds/2019.1/continuous/2019_05_24_2552052/src/products/hls/hls_lib/hlsmath/include/FloatingPoint/hls_normalize.h:110->r:/builds/2019.1/continuous/2019_05_24_2552052/src/products/hls/hls_lib/src/hls\utils/x_hls_float_utils.h:307]   --->   Operation 31 'partselect' 'p_Result_s' <Predicate = true> <Delay = 0.00>
ST_3 : Operation 32 [1/1] (3.39ns)   --->   "%tmp_i = call i32 @llvm.cttz.i32(i32 %p_Result_s, i1 true) nounwind" [r:/builds/2019.1/continuous/2019_05_24_2552052/src/products/hls/hls_lib/hlsmath/include/FloatingPoint/hls_normalize.h:110->r:/builds/2019.1/continuous/2019_05_24_2552052/src/products/hls/hls_lib/src/hls\utils/x_hls_float_utils.h:307]   --->   Operation 32 'cttz' 'tmp_i' <Predicate = true> <Delay = 3.39> <Core = "CTTZ">   --->   Core 64 'CTTZ' <Latency = 0> <II = 1> <Delay = 3.39> <FuncUnit> <Opcode : 'cttz'> <InPorts = 1> <OutPorts = 1>
ST_3 : Operation 33 [1/1] (0.00ns)   --->   "%c_addr = getelementptr inbounds [2 x i32]* %c, i64 0, i64 %zext_ln307" [r:/builds/2019.1/continuous/2019_05_24_2552052/src/products/hls/hls_lib/src/hls\utils/x_hls_float_utils.h:307]   --->   Operation 33 'getelementptr' 'c_addr' <Predicate = true> <Delay = 0.00>
ST_3 : Operation 34 [1/1] (2.32ns)   --->   "store i32 %tmp_i, i32* %c_addr, align 4" [r:/builds/2019.1/continuous/2019_05_24_2552052/src/products/hls/hls_lib/src/hls\utils/x_hls_float_utils.h:307]   --->   Operation 34 'store' <Predicate = true> <Delay = 2.32> <Core = "RAM">   --->   Core 37 'RAM' <Latency = 1> <II = 1> <Delay = 2.32> <Storage> <Opcode : 'load' 'store'> <Ports = 2> <Width = 32> <Depth = 2> <RAM>
ST_3 : Operation 35 [1/1] (0.00ns)   --->   "br label %0" [r:/builds/2019.1/continuous/2019_05_24_2552052/src/products/hls/hls_lib/src/hls\utils/x_hls_float_utils.h:306]   --->   Operation 35 'br' <Predicate = true> <Delay = 0.00>

State 4 <SV = 2> <Delay = 2.72>
ST_4 : Operation 36 [1/1] (0.00ns)   --->   "%p_0107_0 = phi i29 [ %r_V, %_ifconv ], [ %in_V_read, %.preheader.preheader ]"   --->   Operation 36 'phi' 'p_0107_0' <Predicate = true> <Delay = 0.00>
ST_4 : Operation 37 [1/1] (0.00ns)   --->   "%shift_0 = phi i32 [ %shift, %_ifconv ], [ 0, %.preheader.preheader ]"   --->   Operation 37 'phi' 'shift_0' <Predicate = true> <Delay = 0.00>
ST_4 : Operation 38 [1/1] (0.00ns)   --->   "%i2_0 = phi i2 [ %i_1, %_ifconv ], [ 0, %.preheader.preheader ]"   --->   Operation 38 'phi' 'i2_0' <Predicate = true> <Delay = 0.00>
ST_4 : Operation 39 [1/1] (0.00ns)   --->   "%trunc_ln313 = trunc i29 %p_0107_0 to i28" [r:/builds/2019.1/continuous/2019_05_24_2552052/src/products/hls/hls_lib/src/hls\utils/x_hls_float_utils.h:313]   --->   Operation 39 'trunc' 'trunc_ln313' <Predicate = true> <Delay = 0.00>
ST_4 : Operation 40 [1/1] (0.95ns)   --->   "%icmp_ln313 = icmp eq i2 %i2_0, -2" [r:/builds/2019.1/continuous/2019_05_24_2552052/src/products/hls/hls_lib/src/hls\utils/x_hls_float_utils.h:313]   --->   Operation 40 'icmp' 'icmp_ln313' <Predicate = true> <Delay = 0.95> <Core = "Cmp">   --->   Core 25 'Cmp' <Latency = 0> <II = 1> <Delay = 2.46> <FuncUnit> <Opcode : 'icmp'> <InPorts = 2> <OutPorts = 1>
ST_4 : Operation 41 [1/1] (0.00ns)   --->   "call void (...)* @_ssdm_op_SpecLoopTripCount(i64 1, i64 2, i64 1)"   --->   Operation 41 'speclooptripcount' <Predicate = true> <Delay = 0.00>
ST_4 : Operation 42 [1/1] (1.56ns)   --->   "%i_1 = add i2 1, %i2_0" [r:/builds/2019.1/continuous/2019_05_24_2552052/src/products/hls/hls_lib/src/hls\utils/x_hls_float_utils.h:313]   --->   Operation 42 'add' 'i_1' <Predicate = true> <Delay = 1.56> <Core = "AddSub">   --->   Core 14 'AddSub' <Latency = 0> <II = 1> <Delay = 2.55> <FuncUnit> <Opcode : 'add' 'sub'> <InPorts = 2> <OutPorts = 1>
ST_4 : Operation 43 [1/1] (1.76ns)   --->   "br i1 %icmp_ln313, label %.loopexit_ifconv, label %_ifconv" [r:/builds/2019.1/continuous/2019_05_24_2552052/src/products/hls/hls_lib/src/hls\utils/x_hls_float_utils.h:313]   --->   Operation 43 'br' <Predicate = true> <Delay = 1.76>
ST_4 : Operation 44 [1/1] (0.00ns)   --->   "%zext_ln314 = zext i2 %i2_0 to i64" [r:/builds/2019.1/continuous/2019_05_24_2552052/src/products/hls/hls_lib/src/hls\utils/x_hls_float_utils.h:314]   --->   Operation 44 'zext' 'zext_ln314' <Predicate = (!icmp_ln313)> <Delay = 0.00>
ST_4 : Operation 45 [1/1] (0.00ns)   --->   "%c_addr_1 = getelementptr inbounds [2 x i32]* %c, i64 0, i64 %zext_ln314" [r:/builds/2019.1/continuous/2019_05_24_2552052/src/products/hls/hls_lib/src/hls\utils/x_hls_float_utils.h:314]   --->   Operation 45 'getelementptr' 'c_addr_1' <Predicate = (!icmp_ln313)> <Delay = 0.00>
ST_4 : Operation 46 [2/2] (2.32ns)   --->   "%c_load = load i32* %c_addr_1, align 4" [r:/builds/2019.1/continuous/2019_05_24_2552052/src/products/hls/hls_lib/src/hls\utils/x_hls_float_utils.h:314]   --->   Operation 46 'load' 'c_load' <Predicate = (!icmp_ln313)> <Delay = 2.32> <Core = "RAM">   --->   Core 37 'RAM' <Latency = 1> <II = 1> <Delay = 2.32> <Storage> <Opcode : 'load' 'store'> <Ports = 2> <Width = 32> <Depth = 2> <RAM>

State 5 <SV = 3> <Delay = 12.4>
ST_5 : Operation 47 [1/2] (2.32ns)   --->   "%c_load = load i32* %c_addr_1, align 4" [r:/builds/2019.1/continuous/2019_05_24_2552052/src/products/hls/hls_lib/src/hls\utils/x_hls_float_utils.h:314]   --->   Operation 47 'load' 'c_load' <Predicate = (!icmp_ln313)> <Delay = 2.32> <Core = "RAM">   --->   Core 37 'RAM' <Latency = 1> <II = 1> <Delay = 2.32> <Storage> <Opcode : 'load' 'store'> <Ports = 2> <Width = 32> <Depth = 2> <RAM>
ST_5 : Operation 48 [1/1] (2.55ns)   --->   "%shift = add nsw i32 %c_load, %shift_0" [r:/builds/2019.1/continuous/2019_05_24_2552052/src/products/hls/hls_lib/src/hls\utils/x_hls_float_utils.h:314]   --->   Operation 48 'add' 'shift' <Predicate = (!icmp_ln313)> <Delay = 2.55> <Core = "AddSub">   --->   Core 14 'AddSub' <Latency = 0> <II = 1> <Delay = 2.55> <FuncUnit> <Opcode : 'add' 'sub'> <InPorts = 2> <OutPorts = 1>
ST_5 : Operation 49 [1/1] (0.00ns)   --->   "%isNeg = call i1 @_ssdm_op_BitSelect.i1.i32.i32(i32 %c_load, i32 31)" [r:/builds/2019.1/continuous/2019_05_24_2552052/src/products/hls/hls_lib/src/hls\utils/x_hls_float_utils.h:315]   --->   Operation 49 'bitselect' 'isNeg' <Predicate = (!icmp_ln313)> <Delay = 0.00>
ST_5 : Operation 50 [1/1] (2.55ns)   --->   "%sub_ln1311 = sub nsw i32 0, %c_load" [r:/builds/2019.1/continuous/2019_05_24_2552052/src/products/hls/hls_lib/src/hls\utils/x_hls_float_utils.h:315]   --->   Operation 50 'sub' 'sub_ln1311' <Predicate = (!icmp_ln313)> <Delay = 2.55> <Core = "AddSub">   --->   Core 14 'AddSub' <Latency = 0> <II = 1> <Delay = 2.55> <FuncUnit> <Opcode : 'add' 'sub'> <InPorts = 2> <OutPorts = 1>
ST_5 : Operation 51 [1/1] (0.69ns)   --->   "%ush = select i1 %isNeg, i32 %sub_ln1311, i32 %c_load" [r:/builds/2019.1/continuous/2019_05_24_2552052/src/products/hls/hls_lib/src/hls\utils/x_hls_float_utils.h:315]   --->   Operation 51 'select' 'ush' <Predicate = (!icmp_ln313)> <Delay = 0.69> <Core = "Sel">   --->   Core 26 'Sel' <Latency = 0> <II = 1> <Delay = 1.24> <FuncUnit> <Opcode : 'select'> <InPorts = 3> <OutPorts = 1>
ST_5 : Operation 52 [1/1] (0.00ns)   --->   "%zext_ln1287 = zext i29 %p_0107_0 to i32" [r:/builds/2019.1/continuous/2019_05_24_2552052/src/products/hls/hls_lib/src/hls\utils/x_hls_float_utils.h:315]   --->   Operation 52 'zext' 'zext_ln1287' <Predicate = (!icmp_ln313)> <Delay = 0.00>
ST_5 : Operation 53 [1/1] (0.00ns) (grouped into LUT with out node select_ln1310)   --->   "%lshr_ln1287 = lshr i32 %zext_ln1287, %ush" [r:/builds/2019.1/continuous/2019_05_24_2552052/src/products/hls/hls_lib/src/hls\utils/x_hls_float_utils.h:315]   --->   Operation 53 'lshr' 'lshr_ln1287' <Predicate = (!icmp_ln313)> <Delay = 0.00> <Core = "Shift">   --->   Core 28 'Shift' <Latency = 0> <II = 1> <Delay = 4.42> <FuncUnit> <Opcode : 'shl' 'lshr' 'ashr'> <InPorts = 2> <OutPorts = 1>
ST_5 : Operation 54 [1/1] (0.00ns) (grouped into LUT with out node select_ln1310)   --->   "%shl_ln1253 = shl i32 %zext_ln1287, %ush" [r:/builds/2019.1/continuous/2019_05_24_2552052/src/products/hls/hls_lib/src/hls\utils/x_hls_float_utils.h:315]   --->   Operation 54 'shl' 'shl_ln1253' <Predicate = (!icmp_ln313)> <Delay = 0.00> <Core = "Shift">   --->   Core 28 'Shift' <Latency = 0> <II = 1> <Delay = 4.42> <FuncUnit> <Opcode : 'shl' 'lshr' 'ashr'> <InPorts = 2> <OutPorts = 1>
ST_5 : Operation 55 [1/1] (4.42ns) (out node of the LUT)   --->   "%select_ln1310 = select i1 %isNeg, i32 %lshr_ln1287, i32 %shl_ln1253" [r:/builds/2019.1/continuous/2019_05_24_2552052/src/products/hls/hls_lib/src/hls\utils/x_hls_float_utils.h:315]   --->   Operation 55 'select' 'select_ln1310' <Predicate = (!icmp_ln313)> <Delay = 4.42> <Core = "Sel">   --->   Core 26 'Sel' <Latency = 0> <II = 1> <Delay = 1.24> <FuncUnit> <Opcode : 'select'> <InPorts = 3> <OutPorts = 1>
ST_5 : Operation 56 [1/1] (0.00ns)   --->   "%r_V = trunc i32 %select_ln1310 to i29" [r:/builds/2019.1/continuous/2019_05_24_2552052/src/products/hls/hls_lib/src/hls\utils/x_hls_float_utils.h:315]   --->   Operation 56 'trunc' 'r_V' <Predicate = (!icmp_ln313)> <Delay = 0.00>
ST_5 : Operation 57 [1/1] (0.00ns)   --->   "%trunc_ln1287 = trunc i32 %select_ln1310 to i28" [r:/builds/2019.1/continuous/2019_05_24_2552052/src/products/hls/hls_lib/src/hls\utils/x_hls_float_utils.h:315]   --->   Operation 57 'trunc' 'trunc_ln1287' <Predicate = (!icmp_ln313)> <Delay = 0.00>
ST_5 : Operation 58 [1/1] (2.47ns)   --->   "%icmp_ln316 = icmp eq i32 %c_load, 16" [r:/builds/2019.1/continuous/2019_05_24_2552052/src/products/hls/hls_lib/src/hls\utils/x_hls_float_utils.h:316]   --->   Operation 58 'icmp' 'icmp_ln316' <Predicate = (!icmp_ln313)> <Delay = 2.47> <Core = "Cmp">   --->   Core 25 'Cmp' <Latency = 0> <II = 1> <Delay = 2.46> <FuncUnit> <Opcode : 'icmp'> <InPorts = 2> <OutPorts = 1>
ST_5 : Operation 59 [1/1] (1.76ns)   --->   "br i1 %icmp_ln316, label %.preheader, label %.loopexit_ifconv" [r:/builds/2019.1/continuous/2019_05_24_2552052/src/products/hls/hls_lib/src/hls\utils/x_hls_float_utils.h:316]   --->   Operation 59 'br' <Predicate = (!icmp_ln313)> <Delay = 1.76>
ST_5 : Operation 60 [1/1] (0.00ns) (grouped into LUT with out node significand_V)   --->   "%p_Val2_s = phi i28 [ %trunc_ln313, %.preheader ], [ %trunc_ln1287, %_ifconv ]" [r:/builds/2019.1/continuous/2019_05_24_2552052/src/products/hls/hls_lib/src/hls\utils/x_hls_float_utils.h:313]   --->   Operation 60 'phi' 'p_Val2_s' <Predicate = (!icmp_ln316) | (icmp_ln313)> <Delay = 0.00>
ST_5 : Operation 61 [1/1] (0.00ns) (grouped into LUT with out node newexp)   --->   "%shift_1 = phi i32 [ %shift_0, %.preheader ], [ %shift, %_ifconv ]"   --->   Operation 61 'phi' 'shift_1' <Predicate = (!icmp_ln316) | (icmp_ln313)> <Delay = 0.00>
ST_5 : Operation 62 [1/1] (1.82ns)   --->   "%sub_ln324 = sub i9 127, %prescale_read" [r:/builds/2019.1/continuous/2019_05_24_2552052/src/products/hls/hls_lib/src/hls\utils/x_hls_float_utils.h:324]   --->   Operation 62 'sub' 'sub_ln324' <Predicate = (!icmp_ln316) | (icmp_ln313)> <Delay = 1.82> <Core = "AddSub">   --->   Core 14 'AddSub' <Latency = 0> <II = 1> <Delay = 2.55> <FuncUnit> <Opcode : 'add' 'sub'> <InPorts = 2> <OutPorts = 1>
ST_5 : Operation 63 [1/1] (0.00ns) (grouped into LUT with out node newexp)   --->   "%sext_ln324 = sext i9 %sub_ln324 to i32" [r:/builds/2019.1/continuous/2019_05_24_2552052/src/products/hls/hls_lib/src/hls\utils/x_hls_float_utils.h:324]   --->   Operation 63 'sext' 'sext_ln324' <Predicate = (!icmp_ln316) | (icmp_ln313)> <Delay = 0.00>
ST_5 : Operation 64 [1/1] (2.55ns) (out node of the LUT)   --->   "%newexp = sub i32 %sext_ln324, %shift_1" [r:/builds/2019.1/continuous/2019_05_24_2552052/src/products/hls/hls_lib/src/hls\utils/x_hls_float_utils.h:324]   --->   Operation 64 'sub' 'newexp' <Predicate = (!icmp_ln316) | (icmp_ln313)> <Delay = 2.55> <Core = "AddSub">   --->   Core 14 'AddSub' <Latency = 0> <II = 1> <Delay = 2.55> <FuncUnit> <Opcode : 'add' 'sub'> <InPorts = 2> <OutPorts = 1>
ST_5 : Operation 65 [1/1] (0.00ns)   --->   "%tmp = call i1 @_ssdm_op_BitSelect.i1.i32.i32(i32 %newexp, i32 31)" [r:/builds/2019.1/continuous/2019_05_24_2552052/src/products/hls/hls_lib/src/hls\utils/x_hls_float_utils.h:330]   --->   Operation 65 'bitselect' 'tmp' <Predicate = (!icmp_ln316) | (icmp_ln313)> <Delay = 0.00>
ST_5 : Operation 66 [1/1] (2.46ns)   --->   "%icmp_ln1452 = icmp eq i29 %in_V_read, 0" [r:/builds/2019.1/continuous/2019_05_24_2552052/src/products/hls/hls_lib/src/hls\utils/x_hls_float_utils.h:330]   --->   Operation 66 'icmp' 'icmp_ln1452' <Predicate = (!icmp_ln316) | (icmp_ln313)> <Delay = 2.46> <Core = "Cmp">   --->   Core 25 'Cmp' <Latency = 0> <II = 1> <Delay = 2.46> <FuncUnit> <Opcode : 'icmp'> <InPorts = 2> <OutPorts = 1>
ST_5 : Operation 67 [1/1] (0.97ns)   --->   "%or_ln330 = or i1 %tmp, %icmp_ln1452" [r:/builds/2019.1/continuous/2019_05_24_2552052/src/products/hls/hls_lib/src/hls\utils/x_hls_float_utils.h:330]   --->   Operation 67 'or' 'or_ln330' <Predicate = (!icmp_ln316) | (icmp_ln313)> <Delay = 0.97> <Core = "LogicGate">   --->   Core 27 'LogicGate' <Latency = 0> <II = 1> <Delay = 0.97> <FuncUnit> <Opcode : 'and' 'or' 'xor'> <InPorts = 2> <OutPorts = 1>
ST_5 : Operation 68 [1/1] (0.00ns)   --->   "%empty = trunc i32 %newexp to i8" [r:/builds/2019.1/continuous/2019_05_24_2552052/src/products/hls/hls_lib/src/hls\utils/x_hls_float_utils.h:324]   --->   Operation 68 'trunc' 'empty' <Predicate = (!icmp_ln316) | (icmp_ln313)> <Delay = 0.00>
ST_5 : Operation 69 [1/1] (0.00ns) (grouped into LUT with out node significand_V)   --->   "%phitmp1 = call i23 @_ssdm_op_PartSelect.i23.i28.i32.i32(i28 %p_Val2_s, i32 5, i32 27)" [r:/builds/2019.1/continuous/2019_05_24_2552052/src/products/hls/hls_lib/src/hls\utils/x_hls_float_utils.h:313]   --->   Operation 69 'partselect' 'phitmp1' <Predicate = (!icmp_ln316) | (icmp_ln313)> <Delay = 0.00>
ST_5 : Operation 70 [1/1] (0.69ns) (out node of the LUT)   --->   "%significand_V = select i1 %or_ln330, i23 0, i23 %phitmp1" [r:/builds/2019.1/continuous/2019_05_24_2552052/src/products/hls/hls_lib/src/hls\utils/x_hls_float_utils.h:330]   --->   Operation 70 'select' 'significand_V' <Predicate = (!icmp_ln316) | (icmp_ln313)> <Delay = 0.69> <Core = "Sel">   --->   Core 26 'Sel' <Latency = 0> <II = 1> <Delay = 1.24> <FuncUnit> <Opcode : 'select'> <InPorts = 3> <OutPorts = 1>
ST_5 : Operation 71 [1/1] (1.24ns)   --->   "%out_exp_V = select i1 %or_ln330, i8 0, i8 %empty" [r:/builds/2019.1/continuous/2019_05_24_2552052/src/products/hls/hls_lib/src/hls\utils/x_hls_float_utils.h:330]   --->   Operation 71 'select' 'out_exp_V' <Predicate = (!icmp_ln316) | (icmp_ln313)> <Delay = 1.24> <Core = "Sel">   --->   Core 26 'Sel' <Latency = 0> <II = 1> <Delay = 1.24> <FuncUnit> <Opcode : 'select'> <InPorts = 3> <OutPorts = 1>
ST_5 : Operation 72 [1/1] (0.00ns)   --->   "%p_Result_22 = call i32 @_ssdm_op_BitConcatenate.i32.i1.i8.i23(i1 false, i8 %out_exp_V, i23 %significand_V)" [r:/builds/2019.1/continuous/2019_05_24_2552052/src/products/hls/hls_lib/src/hls\utils/x_hls_utils.h:335->r:/builds/2019.1/continuous/2019_05_24_2552052/src/products/hls/hls_lib/src/hls\utils/x_hls_utils.h:348->r:/builds/2019.1/continuous/2019_05_24_2552052/src/products/hls/hls_lib/src/hls\utils/x_hls_utils.h:369->r:/builds/2019.1/continuous/2019_05_24_2552052/src/products/hls/hls_lib/src/hls\utils/x_hls_float_utils.h:342]   --->   Operation 72 'bitconcatenate' 'p_Result_22' <Predicate = (!icmp_ln316) | (icmp_ln313)> <Delay = 0.00>
ST_5 : Operation 73 [1/1] (0.00ns)   --->   "%bitcast_ln348 = bitcast i32 %p_Result_22 to float" [r:/builds/2019.1/continuous/2019_05_24_2552052/src/products/hls/hls_lib/src/hls\utils/x_hls_utils.h:348->r:/builds/2019.1/continuous/2019_05_24_2552052/src/products/hls/hls_lib/src/hls\utils/x_hls_utils.h:369->r:/builds/2019.1/continuous/2019_05_24_2552052/src/products/hls/hls_lib/src/hls\utils/x_hls_float_utils.h:342]   --->   Operation 73 'bitcast' 'bitcast_ln348' <Predicate = (!icmp_ln316) | (icmp_ln313)> <Delay = 0.00>
ST_5 : Operation 74 [1/1] (0.00ns)   --->   "ret float %bitcast_ln348" [r:/builds/2019.1/continuous/2019_05_24_2552052/src/products/hls/hls_lib/src/hls\utils/x_hls_float_utils.h:343]   --->   Operation 74 'ret' <Predicate = (!icmp_ln316) | (icmp_ln313)> <Delay = 0.00>


============================================================
+ Verbose Summary: Timing violations
============================================================
Target clock period: 50ns, clock uncertainty: 6.25ns.

 <State 1>: 2.32ns
The critical path consists of the following:
	wire read on port 'in_V' [4]  (0 ns)
	'store' operation ('store_ln298', r:/builds/2019.1/continuous/2019_05_24_2552052/src/products/hls/hls_lib/src/hls\utils/x_hls_float_utils.h:298) of variable 'p_Result_2', r:/builds/2019.1/continuous/2019_05_24_2552052/src/products/hls/hls_lib/src/hls\utils/x_hls_float_utils.h:298 on array 'out_bits.V', r:/builds/2019.1/continuous/2019_05_24_2552052/src/products/hls/hls_lib/src/hls\utils/x_hls_float_utils.h:294 [11]  (2.32 ns)

 <State 2>: 2.32ns
The critical path consists of the following:
	'phi' operation ('i') with incoming values : ('i', r:/builds/2019.1/continuous/2019_05_24_2552052/src/products/hls/hls_lib/src/hls\utils/x_hls_float_utils.h:306) [19]  (0 ns)
	'getelementptr' operation ('out_bits_V_addr_2', r:/builds/2019.1/continuous/2019_05_24_2552052/src/products/hls/hls_lib/src/hls\utils/x_hls_float_utils.h:307) [26]  (0 ns)
	'load' operation ('value', r:/builds/2019.1/continuous/2019_05_24_2552052/src/products/hls/hls_lib/src/hls\utils/x_hls_float_utils.h:307) on array 'out_bits.V', r:/builds/2019.1/continuous/2019_05_24_2552052/src/products/hls/hls_lib/src/hls\utils/x_hls_float_utils.h:294 [27]  (2.32 ns)

 <State 3>: 8.04ns
The critical path consists of the following:
	'load' operation ('value', r:/builds/2019.1/continuous/2019_05_24_2552052/src/products/hls/hls_lib/src/hls\utils/x_hls_float_utils.h:307) on array 'out_bits.V', r:/builds/2019.1/continuous/2019_05_24_2552052/src/products/hls/hls_lib/src/hls\utils/x_hls_float_utils.h:294 [27]  (2.32 ns)
	'cttz' operation ('tmp_i', r:/builds/2019.1/continuous/2019_05_24_2552052/src/products/hls/hls_lib/hlsmath/include/FloatingPoint/hls_normalize.h:110->r:/builds/2019.1/continuous/2019_05_24_2552052/src/products/hls/hls_lib/src/hls\utils/x_hls_float_utils.h:307) [29]  (3.4 ns)
	'store' operation ('store_ln307', r:/builds/2019.1/continuous/2019_05_24_2552052/src/products/hls/hls_lib/src/hls\utils/x_hls_float_utils.h:307) of variable 'tmp_i', r:/builds/2019.1/continuous/2019_05_24_2552052/src/products/hls/hls_lib/hlsmath/include/FloatingPoint/hls_normalize.h:110->r:/builds/2019.1/continuous/2019_05_24_2552052/src/products/hls/hls_lib/src/hls\utils/x_hls_float_utils.h:307 on array 'c', r:/builds/2019.1/continuous/2019_05_24_2552052/src/products/hls/hls_lib/src/hls\utils/x_hls_float_utils.h:305 [31]  (2.32 ns)

 <State 4>: 2.73ns
The critical path consists of the following:
	'phi' operation ('i') with incoming values : ('i', r:/builds/2019.1/continuous/2019_05_24_2552052/src/products/hls/hls_lib/src/hls\utils/x_hls_float_utils.h:313) [38]  (0 ns)
	'icmp' operation ('icmp_ln313', r:/builds/2019.1/continuous/2019_05_24_2552052/src/products/hls/hls_lib/src/hls\utils/x_hls_float_utils.h:313) [40]  (0.959 ns)
	multiplexor before 'phi' operation ('__Val2__', r:/builds/2019.1/continuous/2019_05_24_2552052/src/products/hls/hls_lib/src/hls\utils/x_hls_float_utils.h:313) with incoming values : ('trunc_ln313', r:/builds/2019.1/continuous/2019_05_24_2552052/src/products/hls/hls_lib/src/hls\utils/x_hls_float_utils.h:313) ('trunc_ln1287', r:/builds/2019.1/continuous/2019_05_24_2552052/src/products/hls/hls_lib/src/hls\utils/x_hls_float_utils.h:315) [61]  (1.77 ns)

 <State 5>: 12.5ns
The critical path consists of the following:
	'load' operation ('sh', r:/builds/2019.1/continuous/2019_05_24_2552052/src/products/hls/hls_lib/src/hls\utils/x_hls_float_utils.h:314) on array 'c', r:/builds/2019.1/continuous/2019_05_24_2552052/src/products/hls/hls_lib/src/hls\utils/x_hls_float_utils.h:305 [47]  (2.32 ns)
	'sub' operation ('sub_ln1311', r:/builds/2019.1/continuous/2019_05_24_2552052/src/products/hls/hls_lib/src/hls\utils/x_hls_float_utils.h:315) [50]  (2.55 ns)
	'select' operation ('sh', r:/builds/2019.1/continuous/2019_05_24_2552052/src/products/hls/hls_lib/src/hls\utils/x_hls_float_utils.h:315) [51]  (0.698 ns)
	'lshr' operation ('lshr_ln1287', r:/builds/2019.1/continuous/2019_05_24_2552052/src/products/hls/hls_lib/src/hls\utils/x_hls_float_utils.h:315) [53]  (0 ns)
	'select' operation ('select_ln1310', r:/builds/2019.1/continuous/2019_05_24_2552052/src/products/hls/hls_lib/src/hls\utils/x_hls_float_utils.h:315) [55]  (4.42 ns)
	multiplexor before 'phi' operation ('__Val2__', r:/builds/2019.1/continuous/2019_05_24_2552052/src/products/hls/hls_lib/src/hls\utils/x_hls_float_utils.h:313) with incoming values : ('trunc_ln313', r:/builds/2019.1/continuous/2019_05_24_2552052/src/products/hls/hls_lib/src/hls\utils/x_hls_float_utils.h:313) ('trunc_ln1287', r:/builds/2019.1/continuous/2019_05_24_2552052/src/products/hls/hls_lib/src/hls\utils/x_hls_float_utils.h:315) [61]  (1.77 ns)
	'phi' operation ('__Val2__', r:/builds/2019.1/continuous/2019_05_24_2552052/src/products/hls/hls_lib/src/hls\utils/x_hls_float_utils.h:313) with incoming values : ('trunc_ln313', r:/builds/2019.1/continuous/2019_05_24_2552052/src/products/hls/hls_lib/src/hls\utils/x_hls_float_utils.h:313) ('trunc_ln1287', r:/builds/2019.1/continuous/2019_05_24_2552052/src/products/hls/hls_lib/src/hls\utils/x_hls_float_utils.h:315) [61]  (0 ns)
	'select' operation ('significand.V', r:/builds/2019.1/continuous/2019_05_24_2552052/src/products/hls/hls_lib/src/hls\utils/x_hls_float_utils.h:330) [71]  (0.698 ns)


============================================================
+ Verbose Summary: Binding
============================================================
N/A
* FSMD analyzer results:
  - Output states:
 - Input state : 
  - Chain level:
	State 1
	State 2
	State 3
	State 4
	State 5


============================================================
+ Verbose Summary: Datapath Resource usage 
============================================================
N/A
