

================================================================
== Vivado HLS Report for 'fft_stage_1242'
================================================================
* Date:           Sat Aug  1 16:08:07 2020

* Version:        2019.1 (Build 2552052 on Fri May 24 15:28:33 MDT 2019)
* Project:        hls_proj
* Solution:       solution6
* Product family: zynq
* Target device:  xc7z020-clg400-1


================================================================
== Performance Estimates
================================================================
+ Timing (ns): 
    * Summary: 
    +--------+-------+----------+------------+
    |  Clock | Target| Estimated| Uncertainty|
    +--------+-------+----------+------------+
    |ap_clk  |  10.00|     7.848|        1.25|
    +--------+-------+----------+------------+

+ Latency (clock cycles): 
    * Summary: 
    +-----+-----+-----+-----+---------+
    |  Latency  |  Interval | Pipeline|
    | min | max | min | max |   Type  |
    +-----+-----+-----+-----+---------+
    |  529|  529|  529|  529|   none  |
    +-----+-----+-----+-----+---------+

    + Detail: 
        * Instance: 
        N/A

        * Loop: 
        +---------------------------+-----+-----+----------+-----------+-----------+------+----------+
        |                           |  Latency  | Iteration|  Initiation Interval  | Trip |          |
        |         Loop Name         | min | max |  Latency |  achieved |   target  | Count| Pipelined|
        +---------------------------+-----+-----+----------+-----------+-----------+------+----------+
        |- butterfly_loop_dft_loop  |  527|  527|        17|          1|          1|   512|    yes   |
        +---------------------------+-----+-----+----------+-----------+-----------+------+----------+



================================================================
== Utilization Estimates
================================================================
* Summary: 
+-----------------+---------+-------+--------+-------+-----+
|       Name      | BRAM_18K| DSP48E|   FF   |  LUT  | URAM|
+-----------------+---------+-------+--------+-------+-----+
|DSP              |        -|      -|       -|      -|    -|
|Expression       |        -|      -|       0|    106|    -|
|FIFO             |        -|      -|       -|      -|    -|
|Instance         |        -|     24|    1802|   3624|    -|
|Memory           |        2|      -|       0|      0|    -|
|Multiplexer      |        -|      -|       -|     84|    -|
|Register         |        0|      -|     848|    128|    -|
+-----------------+---------+-------+--------+-------+-----+
|Total            |        2|     24|    2650|   3942|    0|
+-----------------+---------+-------+--------+-------+-----+
|Available        |      280|    220|  106400|  53200|    0|
+-----------------+---------+-------+--------+-------+-----+
|Utilization (%)  |    ~0   |     10|       2|      7|    0|
+-----------------+---------+-------+--------+-------+-----+

+ Detail: 
    * Instance: 
    +---------------------------+----------------------+---------+-------+-----+-----+-----+
    |          Instance         |        Module        | BRAM_18K| DSP48E|  FF | LUT | URAM|
    +---------------------------+----------------------+---------+-------+-----+-----+-----+
    |music_fadd_32ns_3cud_U93   |music_fadd_32ns_3cud  |        0|      2|  205|  390|    0|
    |music_fadd_32ns_3cud_U96   |music_fadd_32ns_3cud  |        0|      2|  205|  390|    0|
    |music_fadd_32ns_3cud_U97   |music_fadd_32ns_3cud  |        0|      2|  205|  390|    0|
    |music_fmul_32ns_3dEe_U98   |music_fmul_32ns_3dEe  |        0|      3|  143|  321|    0|
    |music_fmul_32ns_3dEe_U99   |music_fmul_32ns_3dEe  |        0|      3|  143|  321|    0|
    |music_fmul_32ns_3dEe_U100  |music_fmul_32ns_3dEe  |        0|      3|  143|  321|    0|
    |music_fmul_32ns_3dEe_U101  |music_fmul_32ns_3dEe  |        0|      3|  143|  321|    0|
    |music_fsub_32ns_3bkb_U92   |music_fsub_32ns_3bkb  |        0|      2|  205|  390|    0|
    |music_fsub_32ns_3bkb_U94   |music_fsub_32ns_3bkb  |        0|      2|  205|  390|    0|
    |music_fsub_32ns_3bkb_U95   |music_fsub_32ns_3bkb  |        0|      2|  205|  390|    0|
    +---------------------------+----------------------+---------+-------+-----+-----+-----+
    |Total                      |                      |        0|     24| 1802| 3624|    0|
    +---------------------------+----------------------+---------+-------+-----+-----+-----+

    * DSP48E: 
    N/A

    * Memory: 
    +-------------+----------------------+---------+---+----+-----+------+-----+------+-------------+
    |    Memory   |        Module        | BRAM_18K| FF| LUT| URAM| Words| Bits| Banks| W*Bits*Banks|
    +-------------+----------------------+---------+---+----+-----+------+-----+------+-------------+
    |W_real272_U  |fft_stage_1237_W_eOg  |        1|  0|   0|    0|   512|   32|     1|        16384|
    |W_imag264_U  |fft_stage_1237_W_fYi  |        1|  0|   0|    0|   512|   32|     1|        16384|
    +-------------+----------------------+---------+---+----+-----+------+-----+------+-------------+
    |Total        |                      |        2|  0|   0|    0|  1024|   64|     2|        32768|
    +-------------+----------------------+---------+---+----+-----+------+-----+------+-------------+

    * FIFO: 
    N/A

    * Expression: 
    +--------------------------+----------+-------+---+----+------------+------------+
    |       Variable Name      | Operation| DSP48E| FF| LUT| Bitwidth P0| Bitwidth P1|
    +--------------------------+----------+-------+---+----+------------+------------+
    |add_ln145_fu_279_p2       |     +    |      0|  0|  14|           1|          10|
    |i_lower_fu_351_p2         |     +    |      0|  0|  14|           7|          10|
    |j_fu_285_p2               |     +    |      0|  0|  15|           1|           7|
    |t_fu_363_p2               |     +    |      0|  0|  13|           1|           4|
    |icmp_ln145_fu_273_p2      |   icmp   |      0|  0|  13|          10|          11|
    |icmp_ln148_fu_291_p2      |   icmp   |      0|  0|  11|           4|           5|
    |ap_block_state1           |    or    |      0|  0|   2|           1|           1|
    |select_ln145_5_fu_317_p3  |  select  |      0|  0|   9|           1|           9|
    |select_ln145_6_fu_331_p3  |  select  |      0|  0|   7|           1|           7|
    |select_ln145_fu_297_p3    |  select  |      0|  0|   4|           1|           1|
    |ap_enable_pp0             |    xor   |      0|  0|   2|           1|           2|
    |ap_enable_reg_pp0_iter1   |    xor   |      0|  0|   2|           2|           1|
    +--------------------------+----------+-------+---+----+------------+------------+
    |Total                     |          |      0|  0| 106|          31|          68|
    +--------------------------+----------+-------+---+----+------------+------------+

    * Multiplexer: 
    +------------------------------+----+-----------+-----+-----------+
    |             Name             | LUT| Input Size| Bits| Total Bits|
    +------------------------------+----+-----------+-----+-----------+
    |ap_NS_fsm                     |  21|          4|    1|          4|
    |ap_done                       |   9|          2|    1|          2|
    |ap_enable_reg_pp0_iter1       |   9|          2|    1|          2|
    |ap_enable_reg_pp0_iter16      |   9|          2|    1|          2|
    |ap_phi_mux_j_0_phi_fu_203_p4  |   9|          2|    7|         14|
    |indvar_flatten_reg_188        |   9|          2|   10|         20|
    |j_0_reg_199                   |   9|          2|    7|         14|
    |t_0_reg_210                   |   9|          2|    4|          8|
    +------------------------------+----+-----------+-----+-----------+
    |Total                         |  84|         18|   32|         66|
    +------------------------------+----+-----------+-----+-----------+

    * Register: 
    +--------------------------+----+----+-----+-----------+
    |           Name           | FF | LUT| Bits| Const Bits|
    +--------------------------+----+----+-----+-----------+
    |W_imag264_load_reg_430    |  32|   0|   32|          0|
    |W_real272_load_reg_424    |  32|   0|   32|          0|
    |X_I_6_load_1_reg_502      |  32|   0|   32|          0|
    |X_I_6_load_reg_442        |  32|   0|   32|          0|
    |X_R_6_load_1_reg_496      |  32|   0|   32|          0|
    |X_R_6_load_reg_436        |  32|   0|   32|          0|
    |ap_CS_fsm                 |   3|   0|    3|          0|
    |ap_done_reg               |   1|   0|    1|          0|
    |ap_enable_reg_pp0_iter0   |   1|   0|    1|          0|
    |ap_enable_reg_pp0_iter1   |   1|   0|    1|          0|
    |ap_enable_reg_pp0_iter10  |   1|   0|    1|          0|
    |ap_enable_reg_pp0_iter11  |   1|   0|    1|          0|
    |ap_enable_reg_pp0_iter12  |   1|   0|    1|          0|
    |ap_enable_reg_pp0_iter13  |   1|   0|    1|          0|
    |ap_enable_reg_pp0_iter14  |   1|   0|    1|          0|
    |ap_enable_reg_pp0_iter15  |   1|   0|    1|          0|
    |ap_enable_reg_pp0_iter16  |   1|   0|    1|          0|
    |ap_enable_reg_pp0_iter2   |   1|   0|    1|          0|
    |ap_enable_reg_pp0_iter3   |   1|   0|    1|          0|
    |ap_enable_reg_pp0_iter4   |   1|   0|    1|          0|
    |ap_enable_reg_pp0_iter5   |   1|   0|    1|          0|
    |ap_enable_reg_pp0_iter6   |   1|   0|    1|          0|
    |ap_enable_reg_pp0_iter7   |   1|   0|    1|          0|
    |ap_enable_reg_pp0_iter8   |   1|   0|    1|          0|
    |ap_enable_reg_pp0_iter9   |   1|   0|    1|          0|
    |i_reg_398                 |  10|   0|   10|          0|
    |icmp_ln145_reg_374        |   1|   0|    1|          0|
    |indvar_flatten_reg_188    |  10|   0|   10|          0|
    |j_0_reg_199               |   7|   0|    7|          0|
    |select_ln145_6_reg_393    |   7|   0|    7|          0|
    |t_0_reg_210               |   4|   0|    4|          0|
    |temp_I_reg_490            |  32|   0|   32|          0|
    |temp_R_reg_484            |  32|   0|   32|          0|
    |tmp_61_reg_458            |  32|   0|   32|          0|
    |tmp_62_reg_463            |  32|   0|   32|          0|
    |tmp_63_reg_508            |  32|   0|   32|          0|
    |tmp_64_reg_513            |  32|   0|   32|          0|
    |tmp_65_reg_518            |  32|   0|   32|          0|
    |tmp_66_reg_523            |  32|   0|   32|          0|
    |tmp_reg_448               |  32|   0|   32|          0|
    |tmp_s_reg_453             |  32|   0|   32|          0|
    |zext_ln156_reg_403        |  10|   0|   64|         54|
    |zext_ln158_reg_468        |  10|   0|   64|         54|
    |i_reg_398                 |  64|  32|   10|          0|
    |icmp_ln145_reg_374        |  64|  32|    1|          0|
    |zext_ln156_reg_403        |  64|  32|   64|         54|
    |zext_ln158_reg_468        |  64|  32|   64|         54|
    +--------------------------+----+----+-----+-----------+
    |Total                     | 848| 128|  839|        216|
    +--------------------------+----+----+-----+-----------+



================================================================
== Interface
================================================================
* Summary: 
+------------------+-----+-----+------------+----------------+--------------+
|     RTL Ports    | Dir | Bits|  Protocol  |  Source Object |    C Type    |
+------------------+-----+-----+------------+----------------+--------------+
|ap_clk            |  in |    1| ap_ctrl_hs | fft_stage.1242 | return value |
|ap_rst            |  in |    1| ap_ctrl_hs | fft_stage.1242 | return value |
|ap_start          |  in |    1| ap_ctrl_hs | fft_stage.1242 | return value |
|ap_done           | out |    1| ap_ctrl_hs | fft_stage.1242 | return value |
|ap_continue       |  in |    1| ap_ctrl_hs | fft_stage.1242 | return value |
|ap_idle           | out |    1| ap_ctrl_hs | fft_stage.1242 | return value |
|ap_ready          | out |    1| ap_ctrl_hs | fft_stage.1242 | return value |
|X_R_6_address0    | out |   10|  ap_memory |      X_R_6     |     array    |
|X_R_6_ce0         | out |    1|  ap_memory |      X_R_6     |     array    |
|X_R_6_q0          |  in |   32|  ap_memory |      X_R_6     |     array    |
|X_R_6_address1    | out |   10|  ap_memory |      X_R_6     |     array    |
|X_R_6_ce1         | out |    1|  ap_memory |      X_R_6     |     array    |
|X_R_6_q1          |  in |   32|  ap_memory |      X_R_6     |     array    |
|X_I_6_address0    | out |   10|  ap_memory |      X_I_6     |     array    |
|X_I_6_ce0         | out |    1|  ap_memory |      X_I_6     |     array    |
|X_I_6_q0          |  in |   32|  ap_memory |      X_I_6     |     array    |
|X_I_6_address1    | out |   10|  ap_memory |      X_I_6     |     array    |
|X_I_6_ce1         | out |    1|  ap_memory |      X_I_6     |     array    |
|X_I_6_q1          |  in |   32|  ap_memory |      X_I_6     |     array    |
|Out_R_7_address0  | out |   10|  ap_memory |     Out_R_7    |     array    |
|Out_R_7_ce0       | out |    1|  ap_memory |     Out_R_7    |     array    |
|Out_R_7_we0       | out |    1|  ap_memory |     Out_R_7    |     array    |
|Out_R_7_d0        | out |   32|  ap_memory |     Out_R_7    |     array    |
|Out_R_7_address1  | out |   10|  ap_memory |     Out_R_7    |     array    |
|Out_R_7_ce1       | out |    1|  ap_memory |     Out_R_7    |     array    |
|Out_R_7_we1       | out |    1|  ap_memory |     Out_R_7    |     array    |
|Out_R_7_d1        | out |   32|  ap_memory |     Out_R_7    |     array    |
|Out_I_7_address0  | out |   10|  ap_memory |     Out_I_7    |     array    |
|Out_I_7_ce0       | out |    1|  ap_memory |     Out_I_7    |     array    |
|Out_I_7_we0       | out |    1|  ap_memory |     Out_I_7    |     array    |
|Out_I_7_d0        | out |   32|  ap_memory |     Out_I_7    |     array    |
|Out_I_7_address1  | out |   10|  ap_memory |     Out_I_7    |     array    |
|Out_I_7_ce1       | out |    1|  ap_memory |     Out_I_7    |     array    |
|Out_I_7_we1       | out |    1|  ap_memory |     Out_I_7    |     array    |
|Out_I_7_d1        | out |   32|  ap_memory |     Out_I_7    |     array    |
+------------------+-----+-----+------------+----------------+--------------+

