

================================================================
== Vivado HLS Report for 'music'
================================================================
* Date:           Sat Aug  1 16:08:24 2020

* Version:        2019.1 (Build 2552052 on Fri May 24 15:28:33 MDT 2019)
* Project:        hls_proj
* Solution:       solution6
* Product family: zynq
* Target device:  xc7z020-clg400-1


================================================================
== Performance Estimates
================================================================
+ Timing (ns): 
    * Summary: 
    +--------+-------+----------+------------+
    |  Clock | Target| Estimated| Uncertainty|
    +--------+-------+----------+------------+
    |ap_clk  |  10.00|     9.195|        1.25|
    +--------+-------+----------+------------+

+ Latency (clock cycles): 
    * Summary: 
    +-----------+-----------+-----------+-----------+---------+
    |        Latency        |        Interval       | Pipeline|
    |    min    |    max    |    min    |    max    |   Type  |
    +-----------+-----------+-----------+-----------+---------+
    |  274716901|  318208229|  274716901|  318208229|   none  |
    +-----------+-----------+-----------+-----------+---------+

    + Detail: 
        * Instance: 
        +--------------------------------+--------------------+-------+-------+-------+-------+----------+
        |                                |                    |    Latency    |    Interval   | Pipeline |
        |            Instance            |       Module       |  min  |  max  |  min  |  max  |   Type   |
        +--------------------------------+--------------------+-------+-------+-------+-------+----------+
        |grp_fft_streaming_fu_2582       |fft_streaming       |  18613|  19637|  13314|  14338| dataflow |
        |grp_qrf_top_fu_2626             |qrf_top             |    118|   1798|    119|   1799| dataflow |
        |grp_sin_or_cos_float_s_fu_2636  |sin_or_cos_float_s  |     26|     32|     26|     32|   none   |
        |grp_sin_or_cos_float_s_fu_2652  |sin_or_cos_float_s  |     26|     32|     26|     32|   none   |
        |grp_scaled_fixed2ieee_fu_2667   |scaled_fixed2ieee   |     21|     33|     21|     33|   none   |
        +--------------------------------+--------------------+-------+-------+-------+-------+----------+

        * Loop: 
        +--------------------------------+-----------+-----------+-----------------+-----------+-----------+-------+----------+
        |                                |        Latency        |    Iteration    |  Initiation Interval  |  Trip |          |
        |            Loop Name           |    min    |    max    |     Latency     |  achieved |   target  | Count | Pipelined|
        +--------------------------------+-----------+-----------+-----------------+-----------+-----------+-------+----------+
        |- Loop 1                        |         49|         49|                5|          -|          -|     10|    no    |
        | + Loop 1.1                     |          3|          3|                1|          -|          -|      4|    no    |
        |- Loop 2                        |         19|         19|                5|          -|          -|      4|    no    |
        | + Loop 2.1                     |          3|          3|                1|          -|          -|      4|    no    |
        |- Loop 3                        |         11|         11|                3|          -|          -|      4|    no    |
        | + Loop 3.1                     |          1|          1|                1|          -|          -|      2|    no    |
        |- Loop 4                        |         19|         19|                5|          -|          -|      4|    no    |
        | + Loop 4.1                     |          3|          3|                1|          -|          -|      4|    no    |
        |- Loop 5                        |       1804|       1804|                5|          -|          -|    361|    no    |
        | + Loop 5.1                     |          3|          3|                1|          -|          -|      4|    no    |
        |- Loop 6                        |       1447|       1447|              362|          -|          -|      4|    no    |
        | + Loop 6.1                     |        360|        360|                1|          -|          -|    361|    no    |
        |- Loop 7                        |    1522940|    1563900| 152294 ~ 156390 |          -|          -|     10|    no    |
        | + Loop 7.1                     |     152292|     156388|  38073 ~ 39097  |          -|          -|      4|    no    |
        |  ++ Loop 7.1.1                 |      10240|      10240|               10|          -|          -|   1024|    no    |
        |  ++ Loop 7.1.2                 |       9216|       9216|                9|          -|          -|   1024|    no    |
        |- music_label1                  |  273183744|  316634112| 266781 ~ 309213 |          -|          -|   1024|    no    |
        | + music_label1.1               |        460|        460|               46|          -|          -|     10|    no    |
        |  ++ music_label1.1.1           |         44|         44|               11|          -|          -|      4|    no    |
        | + music_label1.2               |       2984|       2984|              746|          -|          -|      4|    no    |
        |  ++ music_label1.2.1           |        744|        744|              186|          -|          -|      4|    no    |
        |   +++ Autocorrelation_label17  |        160|        160|               16|          -|          -|     10|    no    |
        | + music_label1.3               |         19|         19|                5|          -|          -|      4|    no    |
        |  ++ music_label1.3.1           |          3|          3|                1|          -|          -|      4|    no    |
        | + music_label1.4               |         19|         19|                5|          -|          -|      4|    no    |
        |  ++ music_label1.4.1           |          3|          3|                1|          -|          -|      4|    no    |
        | + music_label1.5               |         19|         19|                5|          -|          -|      4|    no    |
        |  ++ music_label1.5.1           |          3|          3|                1|          -|          -|      4|    no    |
        | + music_label1.6               |         19|         19|                5|          -|          -|      4|    no    |
        |  ++ music_label1.6.1           |          3|          3|                1|          -|          -|      4|    no    |
        | + music_label1.7               |         40|         40|               10|          -|          -|      4|    no    |
        |  ++ music_label1.7.1           |          8|          8|                2|          -|          -|      4|    no    |
        | + music_label1.8               |       8968|      22408|   1121 ~ 2801   |          -|          -|      8|    no    |
        |  ++ music_label1.8.1           |       1000|       1000|              250|          -|          -|      4|    no    |
        |   +++ music_label1.8.1.1       |        248|        248|               62|          -|          -|      4|    no    |
        |    ++++ eig_decompose_label7   |         60|         60|               15|          -|          -|      4|    no    |
        | + music_label1.9               |       2636|       5612|    659 ~ 1403   |          -|          -|      4|    no    |
        |  ++ music_label1.9.1           |         64|         64|               16|          -|          -|      4|    no    |
        |   +++ eig_decompose_label12    |          8|          8|                2|          -|          -|      4|    no    |
        |  ++ music_label1.9.2           |        297|        951|     99 ~ 317    |          -|          -|      3|    no    |
        |   +++ eig_decompose_label9     |         52|        104|               26|          -|          -| 2 ~ 4 |    no    |
        |   +++ music_label1.9.2.2       |         35|        201|     35 ~ 67     |          -|          -| 1 ~ 3 |    no    |
        |    ++++ eig_decompose_label8   |         32|         64|               16|          -|          -| 2 ~ 4 |    no    |
        |  ++ eig_decompose_label11      |        168|        258|     56 ~ 86     |          -|          -|      3|    no    |
        |   +++ eig_decompose_label10    |         15|         45|               15|          -|          -| 1 ~ 3 |    no    |
        |  ++ eig_decompose_label13      |        104|        104|               26|          -|          -|      4|    no    |
        | + music_label1.10              |          4|          4|                1|          -|          -|      4|    no    |
        | + music_label1.11              |         24|         48|      8 ~ 16     |          -|          -|      3|    no    |
        |  ++ music_label1.11.1          |          4|         12|                4|          -|          -| 1 ~ 3 |    no    |
        | + music_label1.12              |         56|         56|               14|          -|          -|      4|    no    |
        |  ++ music_label1.12.1          |         12|         12|                3|          -|          -|      4|    no    |
        | + music_label1.13              |     128544|     154536|  32136 ~ 38634  |          -|          -|      4|    no    |
        |  ++ music_label2               |      32129|      38627|     89 ~ 107    |          -|          -|    361|    no    |
        | + music_label1.14              |        552|        552|              138|          -|          -|      4|    no    |
        |  ++ music_label1.14.1          |        136|        136|               34|          -|          -|      4|    no    |
        |   +++ music_label3             |         32|         32|               16|          -|          -|      2|    no    |
        | + music_label1.15              |      96026|      96026|              266|          -|          -|    361|    no    |
        |  ++ music_label1.15.1          |        264|        264|               66|          -|          -|      4|    no    |
        |   +++ music_label4             |         64|         64|               16|          -|          -|      4|    no    |
        | + music_label1.16              |      26353|      26353|               73|          -|          -|    361|    no    |
        |  ++ music_label5               |         64|         64|               16|          -|          -|      4|    no    |
        |- Loop 9                        |       6859|       6859|               19|          -|          -|    361|    no    |
        +--------------------------------+-----------+-----------+-----------------+-----------+-----------+-------+----------+



================================================================
== Utilization Estimates
================================================================
* Summary: 
+-----------------+---------+-------+--------+-------+-----+
|       Name      | BRAM_18K| DSP48E|   FF   |  LUT  | URAM|
+-----------------+---------+-------+--------+-------+-----+
|DSP              |        -|      -|       -|      -|    -|
|Expression       |        -|      2|      73|   5368|    -|
|FIFO             |        -|      -|       -|      -|    -|
|Instance         |       72|    418|   49713|  75027|    0|
|Memory           |       41|      -|    1205|    960|    0|
|Multiplexer      |        -|      -|       -|   5030|    -|
|Register         |        -|      -|    5373|      -|    -|
+-----------------+---------+-------+--------+-------+-----+
|Total            |      113|    420|   56364|  86385|    0|
+-----------------+---------+-------+--------+-------+-----+
|Available        |      280|    220|  106400|  53200|    0|
+-----------------+---------+-------+--------+-------+-----+
|Utilization (%)  |       40|    190|      52|    162|    0|
+-----------------+---------+-------+--------+-------+-----+

+ Detail: 
    * Instance: 
    +--------------------------------+----------------------+---------+-------+-------+-------+-----+
    |            Instance            |        Module        | BRAM_18K| DSP48E|   FF  |  LUT  | URAM|
    +--------------------------------+----------------------+---------+-------+-------+-------+-----+
    |grp_fft_streaming_fu_2582       |fft_streaming         |       58|    234|  26227|  39134|    0|
    |music_AXILiteS_s_axi_U          |music_AXILiteS_s_axi  |        0|      0|    144|    232|    0|
    |music_data_m_axi_U              |music_data_m_axi      |        2|      0|    512|    580|    0|
    |music_ddiv_64ns_6bll_U249       |music_ddiv_64ns_6bll  |        0|      0|   3211|   3658|    0|
    |music_dmul_64ns_6bkl_U248       |music_dmul_64ns_6bkl  |        0|     11|    317|    578|    0|
    |music_faddfsub_32OgC_U233       |music_faddfsub_32OgC  |        0|      2|    205|    390|    0|
    |music_faddfsub_32OgC_U234       |music_faddfsub_32OgC  |        0|      2|    205|    390|    0|
    |music_fcmp_32ns_3QgW_U246       |music_fcmp_32ns_3QgW  |        0|      0|     66|    239|    0|
    |music_fdiv_32ns_3PgM_U242       |music_fdiv_32ns_3PgM  |        0|      0|    761|    994|    0|
    |music_fdiv_32ns_3PgM_U243       |music_fdiv_32ns_3PgM  |        0|      0|    761|    994|    0|
    |music_fmul_32ns_3dEe_U236       |music_fmul_32ns_3dEe  |        0|      3|    143|    321|    0|
    |music_fmul_32ns_3dEe_U237       |music_fmul_32ns_3dEe  |        0|      3|    143|    321|    0|
    |music_fmul_32ns_3dEe_U238       |music_fmul_32ns_3dEe  |        0|      3|    143|    321|    0|
    |music_fmul_32ns_3dEe_U239       |music_fmul_32ns_3dEe  |        0|      3|    143|    321|    0|
    |music_fmul_32ns_3dEe_U240       |music_fmul_32ns_3dEe  |        0|      3|    143|    321|    0|
    |music_fmul_32ns_3dEe_U241       |music_fmul_32ns_3dEe  |        0|      3|    143|    321|    0|
    |music_fpext_32ns_bjl_U245       |music_fpext_32ns_bjl  |        0|      0|    100|    138|    0|
    |music_fptrunc_64nbil_U244       |music_fptrunc_64nbil  |        0|      0|    128|    277|    0|
    |music_fsqrt_32ns_Rg6_U247       |music_fsqrt_32ns_Rg6  |        0|      0|    405|    615|    0|
    |music_fsub_32ns_3bkb_U235       |music_fsub_32ns_3bkb  |        0|      2|    205|    390|    0|
    |music_mul_170ns_5bml_U250       |music_mul_170ns_5bml  |        0|     21|    441|    256|    0|
    |music_mul_42ns_33bqm_U257       |music_mul_42ns_33bqm  |        0|      4|    205|     88|    0|
    |music_mul_49ns_44bpm_U256       |music_mul_49ns_44bpm  |        0|      9|    233|     85|    0|
    |music_mul_49ns_49bnm_U251       |music_mul_49ns_49bnm  |        0|      9|    233|     85|    0|
    |music_mul_49ns_49bnm_U253       |music_mul_49ns_49bnm  |        0|      9|    233|     85|    0|
    |music_mul_49ns_49bnm_U254       |music_mul_49ns_49bnm  |        0|      9|    233|     85|    0|
    |music_mul_56ns_52bom_U255       |music_mul_56ns_52bom  |        0|      9|    176|    219|    0|
    |music_mul_64s_63nbrm_U258       |music_mul_64s_63nbrm  |        0|     16|    441|    256|    0|
    |music_mux_164_1_1_1_U259        |music_mux_164_1_1_1   |        0|      0|      0|     65|    0|
    |music_mux_164_1_1_1_U260        |music_mux_164_1_1_1   |        0|      0|      0|     65|    0|
    |music_mux_83_1_1_1_U252         |music_mux_83_1_1_1    |        0|      0|      0|     65|    0|
    |grp_qrf_top_fu_2626             |qrf_top               |        8|     37|   9664|  15982|    0|
    |grp_scaled_fixed2ieee_fu_2667   |scaled_fixed2ieee     |        0|      0|    571|   1586|    0|
    |grp_sin_or_cos_float_s_fu_2636  |sin_or_cos_float_s    |        2|     13|   1589|   2785|    0|
    |grp_sin_or_cos_float_s_fu_2652  |sin_or_cos_float_s    |        2|     13|   1589|   2785|    0|
    +--------------------------------+----------------------+---------+-------+-------+-------+-----+
    |Total                           |                      |       72|    418|  49713|  75027|    0|
    +--------------------------------+----------------------+---------+-------+-------+-------+-----+

    * DSP48E: 
    N/A

    * Memory: 
    +-------------------------+----------------------+---------+----+-----+-----+------+-----+------+-------------+
    |          Memory         |        Module        | BRAM_18K| FF | LUT | URAM| Words| Bits| Banks| W*Bits*Banks|
    +-------------------------+----------------------+---------+----+-----+-----+------+-----+------+-------------+
    |AUU_M_real_U             |music_AUU_M_real      |        4|   0|    0|    0|  1444|   32|     1|        46208|
    |AUU_M_imag_U             |music_AUU_M_real      |        4|   0|    0|    0|  1444|   32|     1|        46208|
    |a_theta_M_real_U         |music_AUU_M_real      |        4|   0|    0|    0|  1444|   32|     1|        46208|
    |a_theta_M_imag_U         |music_AUU_M_real      |        4|   0|    0|    0|  1444|   32|     1|        46208|
    |Autocorr_Buffer_M_r_U    |music_Autocorr_Bubck  |        2|   0|    0|    0|    40|   32|     1|         1280|
    |Autocorr_Buffer_M_i_U    |music_Autocorr_Bubck  |        2|   0|    0|    0|    40|   32|     1|         1280|
    |FFT_Buffer_re_U          |music_FFT_Buffer_re   |        2|   0|    0|    0|  1024|   32|     1|        32768|
    |FFT_Buffer_im_U          |music_FFT_Buffer_re   |        2|   0|    0|    0|  1024|   32|     1|        32768|
    |FFT_out_re_U             |music_FFT_out_re      |        2|   0|    0|    0|  1024|   32|     1|        32768|
    |FFT_out_im_U             |music_FFT_out_re      |        2|   0|    0|    0|  1024|   32|     1|        32768|
    |Q_temp_M_real_U          |music_Q_temp_M_real   |        0|  64|    8|    0|    16|   32|     1|          512|
    |Q_temp_M_imag_U          |music_Q_temp_M_real   |        0|  64|    8|    0|    16|   32|     1|          512|
    |R_temp_M_real_U          |music_Q_temp_M_real   |        0|  64|    8|    0|    16|   32|     1|          512|
    |R_temp_M_imag_U          |music_Q_temp_M_real   |        0|  64|    8|    0|    16|   32|     1|          512|
    |Rx_temp_M_real_U         |music_Q_temp_M_real   |        0|  64|    8|    0|    16|   32|     1|          512|
    |Rx_temp_M_imag_U         |music_Q_temp_M_real   |        0|  64|    8|    0|    16|   32|     1|          512|
    |eig_mat_M_real_U         |music_Q_temp_M_real   |        0|  64|    8|    0|    16|   32|     1|          512|
    |eig_mat_M_imag_U         |music_Q_temp_M_real   |        0|  64|    8|    0|    16|   32|     1|          512|
    |U_M_real_U               |music_Q_temp_M_real   |        0|  64|    8|    0|    16|   32|     1|          512|
    |U_M_imag_U               |music_Q_temp_M_real   |        0|  64|    8|    0|    16|   32|     1|          512|
    |temp_mat_M_real_U        |music_Q_temp_M_real   |        0|  64|    8|    0|    16|   32|     1|          512|
    |temp_mat_M_imag_U        |music_Q_temp_M_real   |        0|  64|    8|    0|    16|   32|     1|          512|
    |Un_M_real_U              |music_Un_M_real       |        0|  64|    4|    0|     8|   32|     1|          256|
    |Un_M_imag_U              |music_Un_M_real       |        0|  64|    4|    0|     8|   32|     1|          256|
    |eigval_U                 |music_eigval          |        0|  64|    2|    0|     4|   32|     1|          128|
    |fc_U                     |music_fc              |        2|   0|    0|    0|  1024|   32|     1|        32768|
    |fourth_order_double_4_U  |music_fourth_orde3i2  |        0|  59|  236|    0|   256|   59|     1|        15104|
    |fourth_order_double_5_U  |music_fourth_orde4jc  |        0|  52|  208|    0|   256|   52|     1|        13312|
    |fourth_order_double_6_U  |music_fourth_orde5jm  |        0|  44|  176|    0|   256|   44|     1|        11264|
    |fourth_order_double_7_U  |music_fourth_orde6jw  |        0|  33|  132|    0|   256|   33|     1|         8448|
    |fourth_order_double_s_U  |music_fourth_orde7jG  |        0|  25|  100|    0|   256|   25|     1|         6400|
    |p_U                      |music_p               |        0|  32|    2|    0|     4|   32|     1|          128|
    |ref_4oPi_table_256_V_U   |music_ref_4oPi_ta2iS  |        8|   0|    0|    0|    10|  256|     1|         2560|
    |sort_index_U             |music_sort_index      |        1|   0|    0|    0|     4|    3|     1|           12|
    |theta_U                  |music_theta           |        1|   0|    0|    0|   361|   32|     1|        11552|
    |w_U                      |music_w               |        1|   0|    0|    0|   361|   32|     1|        11552|
    +-------------------------+----------------------+---------+----+-----+-----+------+-----+------+-------------+
    |Total                    |                      |       41|1205|  960|    0| 13208| 1400|    36|       438348|
    +-------------------------+----------------------+---------+----+-----+-----+------+-----+------+-------------+

    * FIFO: 
    N/A

    * Expression: 
    +--------------------------------------------+----------+-------+----+-----+------------+------------+
    |                Variable Name               | Operation| DSP48E| FF | LUT | Bitwidth P0| Bitwidth P1|
    +--------------------------------------------+----------+-------+----+-----+------------+------------+
    |r_V_43_fu_5198_p2                           |     *    |      2|   0|   24|          35|          25|
    |add_ln1027_fu_3204_p2                       |     +    |      0|   0|   13|          11|          11|
    |add_ln102_1_fu_3637_p2                      |     +    |      0|   0|   15|           7|           7|
    |add_ln102_fu_3626_p2                        |     +    |      0|   0|   15|           7|           7|
    |add_ln1044_fu_4007_p2                       |     +    |      0|   0|   15|           6|           6|
    |add_ln104_fu_3591_p2                        |     +    |      0|   0|   15|           6|           6|
    |add_ln1146_1_fu_5253_p2                     |     +    |      0|   0|   45|          38|          38|
    |add_ln1146_2_fu_5263_p2                     |     +    |      0|   0|   56|          49|          49|
    |add_ln1146_fu_5283_p2                       |     +    |      0|   0|   64|          64|          64|
    |add_ln114_1_fu_4772_p2                      |     +    |      0|   0|   13|          11|          11|
    |add_ln114_fu_4938_p2                        |     +    |      0|   0|   13|          11|          11|
    |add_ln11_1_fu_3669_p2                       |     +    |      0|   0|   10|           2|           1|
    |add_ln11_fu_3663_p2                         |     +    |      0|   0|   10|           2|           1|
    |add_ln12_1_fu_3707_p2                       |     +    |      0|   0|   10|           2|           1|
    |add_ln12_fu_3701_p2                         |     +    |      0|   0|   10|           2|           1|
    |add_ln13_1_fu_3745_p2                       |     +    |      0|   0|   10|           2|           1|
    |add_ln13_fu_3739_p2                         |     +    |      0|   0|   10|           2|           1|
    |add_ln14_1_fu_3783_p2                       |     +    |      0|   0|   10|           2|           1|
    |add_ln14_fu_3777_p2                         |     +    |      0|   0|   10|           2|           1|
    |add_ln22_fu_3855_p2                         |     +    |      0|   0|   15|           6|           6|
    |add_ln248_1_fu_3004_p2                      |     +    |      0|   0|   10|           2|           1|
    |add_ln248_fu_2998_p2                        |     +    |      0|   0|   13|           4|           1|
    |add_ln249_1_fu_3042_p2                      |     +    |      0|   0|   10|           2|           1|
    |add_ln249_fu_3036_p2                        |     +    |      0|   0|   10|           2|           1|
    |add_ln250_fu_3074_p2                        |     +    |      0|   0|   10|           2|           1|
    |add_ln251_1_fu_3112_p2                      |     +    |      0|   0|   10|           2|           1|
    |add_ln251_fu_3106_p2                        |     +    |      0|   0|   10|           2|           1|
    |add_ln252_1_fu_3150_p2                      |     +    |      0|   0|   10|           2|           1|
    |add_ln252_fu_3144_p2                        |     +    |      0|   0|   15|           9|           1|
    |add_ln253_1_fu_3194_p2                      |     +    |      0|   0|   15|           9|           1|
    |add_ln253_2_fu_3182_p2                      |     +    |      0|   0|   13|          11|           9|
    |add_ln253_fu_3188_p2                        |     +    |      0|   0|   10|           2|           1|
    |add_ln262_1_fu_3297_p2                      |     +    |      0|   0|   24|          17|          17|
    |add_ln262_2_fu_3306_p2                      |     +    |      0|   0|   38|          31|          31|
    |add_ln262_fu_3280_p2                        |     +    |      0|   0|   19|          14|          14|
    |add_ln267_1_fu_3366_p2                      |     +    |      0|   0|   24|          17|          17|
    |add_ln267_2_fu_3375_p2                      |     +    |      0|   0|   38|          31|          31|
    |add_ln267_fu_3349_p2                        |     +    |      0|   0|   19|          14|          14|
    |add_ln268_fu_3390_p2                        |     +    |      0|   0|   38|          31|          31|
    |add_ln278_1_fu_3494_p2                      |     +    |      0|   0|   24|          17|          17|
    |add_ln278_2_fu_3503_p2                      |     +    |      0|   0|   38|          31|          31|
    |add_ln278_3_fu_3513_p2                      |     +    |      0|   0|   15|           7|           7|
    |add_ln278_fu_3457_p2                        |     +    |      0|   0|   19|          14|          14|
    |add_ln279_fu_3508_p2                        |     +    |      0|   0|   38|          31|          31|
    |add_ln289_fu_4668_p2                        |     +    |      0|   0|   15|           6|           6|
    |add_ln296_fu_4690_p2                        |     +    |      0|   0|   13|          11|           9|
    |add_ln300_fu_4734_p2                        |     +    |      0|   0|   13|          11|          11|
    |add_ln310_1_fu_5663_p2                      |     +    |      0|   0|   15|           5|           5|
    |add_ln310_fu_5658_p2                        |     +    |      0|   0|   15|           5|           5|
    |add_ln312_fu_5631_p2                        |     +    |      0|   0|   15|           6|           6|
    |add_ln320_1_fu_5789_p2                      |     +    |      0|   0|   13|          11|          11|
    |add_ln320_2_fu_5783_p2                      |     +    |      0|   0|   13|          11|           9|
    |add_ln320_fu_5778_p2                        |     +    |      0|   0|   15|           6|           6|
    |add_ln322_fu_5743_p2                        |     +    |      0|   0|   12|          12|          12|
    |add_ln337_1_fu_5886_p2                      |     +    |      0|   0|   13|          11|          11|
    |add_ln337_2_fu_5880_p2                      |     +    |      0|   0|   13|          11|           9|
    |add_ln337_fu_5869_p2                        |     +    |      0|   0|   12|          12|          12|
    |add_ln34_1_fu_3968_p2                       |     +    |      0|   0|   15|           6|           6|
    |add_ln34_fu_3957_p2                         |     +    |      0|   0|   15|           6|           6|
    |add_ln36_fu_3918_p2                         |     +    |      0|   0|   15|           6|           6|
    |add_ln45_fu_4067_p2                         |     +    |      0|   0|   15|           6|           6|
    |add_ln47_fu_4103_p2                         |     +    |      0|   0|   15|           6|           6|
    |add_ln54_fu_4166_p2                         |     +    |      0|   0|   15|           6|           6|
    |add_ln59_1_fu_4235_p2                       |     +    |      0|   0|   15|           6|           6|
    |add_ln59_fu_4230_p2                         |     +    |      0|   0|   15|           6|           6|
    |add_ln68_1_fu_4347_p2                       |     +    |      0|   0|   15|           6|           6|
    |add_ln68_fu_4324_p2                         |     +    |      0|   0|   15|           6|           6|
    |add_ln70_fu_4285_p2                         |     +    |      0|   0|   15|           6|           6|
    |add_ln72_fu_4297_p2                         |     +    |      0|   0|   15|           6|           6|
    |add_ln76_fu_4420_p2                         |     +    |      0|   0|   15|           6|           6|
    |count_fu_3985_p2                            |     +    |      0|   0|   12|           3|           1|
    |i_10_fu_4458_p2                             |     +    |      0|   0|   10|           2|           1|
    |i_11_fu_4402_p2                             |     +    |      0|   0|   12|           3|           1|
    |i_12_fu_5573_p2                             |     +    |      0|   0|   12|           3|           1|
    |i_13_fu_5701_p2                             |     +    |      0|   0|   15|           9|           1|
    |i_14_fu_5827_p2                             |     +    |      0|   0|   15|           9|           1|
    |i_4_fu_3821_p2                              |     +    |      0|   0|   12|           3|           1|
    |i_5_fu_3872_p2                              |     +    |      0|   0|   13|           4|           1|
    |i_6_fu_3884_p2                              |     +    |      0|   0|   12|           3|           1|
    |i_7_fu_4045_p2                              |     +    |      0|   0|   12|           3|           1|
    |i_8_fu_4437_p2                              |     +    |      0|   0|   12|           3|           1|
    |i_9_fu_4124_p2                              |     +    |      0|   0|   10|           2|           1|
    |i_fu_5903_p2                                |     +    |      0|   0|   15|           9|           1|
    |j_10_fu_4183_p2                             |     +    |      0|   0|   39|          32|           1|
    |j_11_fu_5609_p2                             |     +    |      0|   0|   12|           3|           1|
    |j_12_fu_5729_p2                             |     +    |      0|   0|   12|           3|           1|
    |j_14_fu_4464_p2                             |     +    |      0|   0|   39|          32|           1|
    |j_1_fu_3337_p2                              |     +    |      0|   0|   13|          11|           1|
    |j_2_fu_3845_p2                              |     +    |      0|   0|   12|           3|           1|
    |j_4_fu_3908_p2                              |     +    |      0|   0|   12|           3|           1|
    |j_7_fu_4177_p2                              |     +    |      0|   0|   39|           1|          32|
    |j_8_fu_4087_p2                              |     +    |      0|   0|   12|           3|           1|
    |j_9_fu_4308_p2                              |     +    |      0|   0|   39|          32|           1|
    |j_fu_3274_p2                                |     +    |      0|   0|   13|          11|           1|
    |jj_fu_3414_p2                               |     +    |      0|   0|   13|          11|           1|
    |k_2_fu_5648_p2                              |     +    |      0|   0|   10|           2|           1|
    |k_3_fu_5859_p2                              |     +    |      0|   0|   12|           3|           1|
    |k_4_fu_5760_p2                              |     +    |      0|   0|   12|           3|           1|
    |k_fu_3935_p2                                |     +    |      0|   0|   12|           3|           1|
    |l_1_fu_3431_p2                              |     +    |      0|   0|   13|           4|           1|
    |l_2_fu_3608_p2                              |     +    |      0|   0|   13|           4|           1|
    |l_fu_3234_p2                                |     +    |      0|   0|   13|           4|           1|
    |m_fu_4358_p2                                |     +    |      0|   0|   12|           3|           2|
    |n_1_fu_3254_p2                              |     +    |      0|   0|   12|           3|           1|
    |n_fu_3480_p2                                |     +    |      0|   0|   12|           3|           1|
    |q_1_fu_4246_p2                              |     +    |      0|   0|   39|           1|          32|
    |ret_V_fu_5292_p2                            |     +    |      0|   0|   64|          64|          64|
    |x_1_fu_4599_p2                              |     +    |      0|   0|   12|           3|           1|
    |x_2_fu_4702_p2                              |     +    |      0|   0|   12|           3|           1|
    |x_fu_3549_p2                                |     +    |      0|   0|   12|           3|           1|
    |y_1_fu_4719_p2                              |     +    |      0|   0|   15|           9|           1|
    |y_2_fu_4653_p2                              |     +    |      0|   0|   12|           3|           1|
    |y_fu_3577_p2                                |     +    |      0|   0|   12|           3|           1|
    |Ex_V_fu_4971_p2                             |     -    |      0|   0|   13|          11|          11|
    |Mx_bits_V_2_fu_4879_p2                      |     -    |      0|   0|  131|           1|         124|
    |ret_V_19_fu_5338_p2                         |     -    |      0|   0|   12|           1|          12|
    |sub_ln1311_fu_4998_p2                       |     -    |      0|   0|   12|           1|          12|
    |P_sm_data_1_load_A                          |    and   |      0|   0|    2|           1|           1|
    |P_sm_data_1_load_B                          |    and   |      0|   0|    2|           1|           1|
    |P_sm_last_V_1_load_A                        |    and   |      0|   0|    2|           1|           1|
    |P_sm_last_V_1_load_B                        |    and   |      0|   0|    2|           1|           1|
    |P_sm_user_V_1_load_A                        |    and   |      0|   0|    2|           1|           1|
    |P_sm_user_V_1_load_B                        |    and   |      0|   0|    2|           1|           1|
    |and_ln300_2_fu_5482_p2                      |    and   |      0|   0|    2|           1|           1|
    |and_ln300_fu_5460_p2                        |    and   |      0|   0|    2|           1|           1|
    |and_ln87_1_fu_4580_p2                       |    and   |      0|   0|    2|           1|           1|
    |and_ln87_fu_4574_p2                         |    and   |      0|   0|    2|           1|           1|
    |tmp_i_i_i1_fu_4926_p3                       |   cttz   |      0|  73|   71|          64|           0|
    |P_sm_data_1_state_cmp_full                  |   icmp   |      0|   0|    8|           2|           1|
    |P_sm_last_V_1_state_cmp_full                |   icmp   |      0|   0|    8|           2|           1|
    |P_sm_user_V_1_state_cmp_full                |   icmp   |      0|   0|    8|           2|           1|
    |closepath_fu_4766_p2                        |   icmp   |      0|   0|   13|          11|          10|
    |icmp_ln101_fu_3602_p2                       |   icmp   |      0|   0|    9|           4|           4|
    |icmp_ln11_1_fu_3695_p2                      |   icmp   |      0|   0|    8|           2|           2|
    |icmp_ln11_fu_3689_p2                        |   icmp   |      0|   0|    8|           2|           2|
    |icmp_ln12_1_fu_3733_p2                      |   icmp   |      0|   0|    8|           2|           2|
    |icmp_ln12_fu_3727_p2                        |   icmp   |      0|   0|    8|           2|           2|
    |icmp_ln13_1_fu_3771_p2                      |   icmp   |      0|   0|    8|           2|           2|
    |icmp_ln13_fu_3765_p2                        |   icmp   |      0|   0|    8|           2|           2|
    |icmp_ln14_1_fu_3809_p2                      |   icmp   |      0|   0|    8|           2|           2|
    |icmp_ln14_fu_3803_p2                        |   icmp   |      0|   0|    8|           2|           2|
    |icmp_ln20_fu_3815_p2                        |   icmp   |      0|   0|    9|           3|           4|
    |icmp_ln21_fu_3839_p2                        |   icmp   |      0|   0|    9|           3|           4|
    |icmp_ln248_1_fu_3030_p2                     |   icmp   |      0|   0|    9|           4|           4|
    |icmp_ln248_fu_3024_p2                       |   icmp   |      0|   0|    8|           2|           2|
    |icmp_ln249_1_fu_3068_p2                     |   icmp   |      0|   0|    8|           2|           2|
    |icmp_ln249_fu_3062_p2                       |   icmp   |      0|   0|    8|           2|           2|
    |icmp_ln250_fu_3100_p2                       |   icmp   |      0|   0|    8|           2|           2|
    |icmp_ln251_1_fu_3138_p2                     |   icmp   |      0|   0|    8|           2|           2|
    |icmp_ln251_fu_3132_p2                       |   icmp   |      0|   0|    8|           2|           2|
    |icmp_ln252_1_fu_3176_p2                     |   icmp   |      0|   0|   13|           9|           9|
    |icmp_ln252_fu_3170_p2                       |   icmp   |      0|   0|    8|           2|           2|
    |icmp_ln253_1_fu_3222_p2                     |   icmp   |      0|   0|    8|           2|           2|
    |icmp_ln253_fu_3216_p2                       |   icmp   |      0|   0|   13|           9|           9|
    |icmp_ln259_fu_3228_p2                       |   icmp   |      0|   0|    9|           4|           4|
    |icmp_ln260_fu_3248_p2                       |   icmp   |      0|   0|    9|           3|           4|
    |icmp_ln261_fu_3268_p2                       |   icmp   |      0|   0|   13|          11|          12|
    |icmp_ln266_fu_3331_p2                       |   icmp   |      0|   0|   13|          11|          12|
    |icmp_ln273_fu_3408_p2                       |   icmp   |      0|   0|   13|          11|          12|
    |icmp_ln275_fu_3425_p2                       |   icmp   |      0|   0|    9|           4|           4|
    |icmp_ln276_fu_3474_p2                       |   icmp   |      0|   0|    9|           3|           4|
    |icmp_ln27_fu_3866_p2                        |   icmp   |      0|   0|   11|           4|           5|
    |icmp_ln286_fu_4593_p2                       |   icmp   |      0|   0|    9|           3|           4|
    |icmp_ln287_fu_4647_p2                       |   icmp   |      0|   0|    9|           3|           4|
    |icmp_ln288_fu_4678_p2                       |   icmp   |      0|   0|    9|           3|           1|
    |icmp_ln290_fu_4684_p2                       |   icmp   |      0|   0|    9|           3|           1|
    |icmp_ln296_fu_4696_p2                       |   icmp   |      0|   0|    9|           3|           4|
    |icmp_ln298_fu_4713_p2                       |   icmp   |      0|   0|   13|           9|           9|
    |icmp_ln29_fu_3878_p2                        |   icmp   |      0|   0|    9|           3|           4|
    |icmp_ln305_fu_5567_p2                       |   icmp   |      0|   0|    9|           3|           4|
    |icmp_ln306_fu_5603_p2                       |   icmp   |      0|   0|    9|           3|           4|
    |icmp_ln309_fu_5642_p2                       |   icmp   |      0|   0|    9|           2|           3|
    |icmp_ln30_fu_3902_p2                        |   icmp   |      0|   0|    9|           3|           4|
    |icmp_ln315_fu_5695_p2                       |   icmp   |      0|   0|   13|           9|           9|
    |icmp_ln316_fu_5723_p2                       |   icmp   |      0|   0|    9|           3|           4|
    |icmp_ln319_fu_5754_p2                       |   icmp   |      0|   0|    9|           3|           4|
    |icmp_ln333_fu_5821_p2                       |   icmp   |      0|   0|   13|           9|           9|
    |icmp_ln336_fu_5853_p2                       |   icmp   |      0|   0|    9|           3|           4|
    |icmp_ln33_fu_3929_p2                        |   icmp   |      0|   0|    9|           3|           4|
    |icmp_ln342_fu_5897_p2                       |   icmp   |      0|   0|   13|           9|           9|
    |icmp_ln344_fu_5914_p2                       |   icmp   |      0|   0|   13|           9|           1|
    |icmp_ln345_fu_5920_p2                       |   icmp   |      0|   0|   13|           9|           9|
    |icmp_ln40_fu_3979_p2                        |   icmp   |      0|   0|    9|           3|           4|
    |icmp_ln42_fu_4039_p2                        |   icmp   |      0|   0|    9|           3|           4|
    |icmp_ln43_fu_4081_p2                        |   icmp   |      0|   0|    9|           3|           4|
    |icmp_ln44_fu_4093_p2                        |   icmp   |      0|   0|    9|           3|           3|
    |icmp_ln51_fu_4118_p2                        |   icmp   |      0|   0|    8|           2|           2|
    |icmp_ln53_fu_4156_p2                        |   icmp   |      0|   0|   18|          32|           3|
    |icmp_ln56_fu_4189_p2                        |   icmp   |      0|   0|   18|          32|           2|
    |icmp_ln58_fu_4220_p2                        |   icmp   |      0|   0|   18|          32|           3|
    |icmp_ln67_fu_4314_p2                        |   icmp   |      0|   0|   18|          32|           2|
    |icmp_ln75_fu_4396_p2                        |   icmp   |      0|   0|    9|           3|           4|
    |icmp_ln81_fu_4431_p2                        |   icmp   |      0|   0|    9|           3|           4|
    |icmp_ln833_1_fu_4844_p2                     |   icmp   |      0|   0|   29|          52|           1|
    |icmp_ln833_2_fu_4990_p2                     |   icmp   |      0|   0|   13|          11|           2|
    |icmp_ln833_fu_4985_p2                       |   icmp   |      0|   0|   13|          11|           1|
    |icmp_ln84_fu_4452_p2                        |   icmp   |      0|   0|    8|           2|           2|
    |icmp_ln86_fu_4470_p2                        |   icmp   |      0|   0|   18|          32|           2|
    |icmp_ln87_1_fu_4548_p2                      |   icmp   |      0|   0|   18|          23|           1|
    |icmp_ln87_2_fu_4554_p2                      |   icmp   |      0|   0|   11|           8|           2|
    |icmp_ln87_3_fu_4560_p2                      |   icmp   |      0|   0|   18|          23|           1|
    |icmp_ln87_fu_4542_p2                        |   icmp   |      0|   0|   11|           8|           2|
    |icmp_ln98_fu_3543_p2                        |   icmp   |      0|   0|    9|           3|           4|
    |icmp_ln99_fu_3571_p2                        |   icmp   |      0|   0|    9|           3|           4|
    |r_V_fu_5019_p2                              |   lshr   |      0|   0|  180|          63|          63|
    |ap_block_state29_io                         |    or    |      0|   0|    2|           1|           1|
    |ap_block_state387_on_subcall_done           |    or    |      0|   0|    2|           1|           1|
    |ap_block_state448                           |    or    |      0|   0|    2|           1|           1|
    |ap_sync_grp_fft_streaming_fu_2582_ap_done   |    or    |      0|   0|    2|           1|           1|
    |ap_sync_grp_fft_streaming_fu_2582_ap_ready  |    or    |      0|   0|    2|           1|           1|
    |ap_sync_grp_qrf_top_fu_2626_ap_done         |    or    |      0|   0|    2|           1|           1|
    |ap_sync_grp_qrf_top_fu_2626_ap_ready        |    or    |      0|   0|    2|           1|           1|
    |or_ln291_fu_4631_p2                         |    or    |      0|   0|    4|           4|           1|
    |or_ln300_fu_5500_p2                         |    or    |      0|   0|    2|           1|           1|
    |or_ln311_fu_5469_p2                         |    or    |      0|   0|    2|           1|           1|
    |or_ln87_1_fu_4570_p2                        |    or    |      0|   0|    2|           1|           1|
    |or_ln87_fu_4566_p2                          |    or    |      0|   0|    2|           1|           1|
    |addr_V_fu_4778_p3                           |  select  |      0|   0|   11|           1|           7|
    |j_6_fu_4586_p3                              |  select  |      0|   0|   32|           1|          32|
    |p_Repl2_6_fu_5529_p3                        |  select  |      0|   0|    2|           1|           1|
    |p_Val2_49_fu_4884_p3                        |  select  |      0|   0|  124|           1|         124|
    |p_Val2_70_fu_4869_p3                        |  select  |      0|   0|    3|           1|           1|
    |r_V_36_fu_5029_p3                           |  select  |      0|   0|   63|           1|          63|
    |ret_V_20_fu_5505_p3                         |  select  |      0|   0|   11|           1|          11|
    |ret_V_21_fu_5521_p3                         |  select  |      0|   0|   52|           1|          52|
    |select_ln271_fu_5453_p3                     |  select  |      0|   0|    2|           1|           1|
    |select_ln272_2_fu_5298_p3                   |  select  |      0|   0|   63|           1|           2|
    |select_ln272_fu_5317_p3                     |  select  |      0|   0|   11|           1|           1|
    |select_ln300_4_fu_5492_p3                   |  select  |      0|   0|    2|           1|           2|
    |select_ln300_6_fu_5513_p3                   |  select  |      0|   0|    2|           1|           2|
    |select_ln311_fu_5474_p3                     |  select  |      0|   0|    2|           1|           1|
    |select_ln482_fu_4943_p3                     |  select  |      0|   0|   11|           1|          11|
    |ush_fu_5004_p3                              |  select  |      0|   0|   12|           1|          12|
    |r_V_20_fu_5024_p2                           |    shl   |      0|   0|  180|          63|          63|
    |r_V_34_fu_4808_p2                           |    shl   |      0|   0|  950|         256|         256|
    |r_V_35_fu_4953_p2                           |    shl   |      0|   0|  411|         124|         124|
    |sin_basis_fu_5114_p2                        |    xor   |      0|   0|    2|           1|           2|
    |xor_ln1067_fu_4023_p2                       |    xor   |      0|   0|    4|           3|           4|
    |xor_ln250_fu_3080_p2                        |    xor   |      0|   0|    2|           1|           2|
    |xor_ln300_fu_5486_p2                        |    xor   |      0|   0|    2|           2|           1|
    |xor_ln301_fu_5556_p2                        |    xor   |      0|   0|   33|          32|          33|
    |xor_ln311_fu_5464_p2                        |    xor   |      0|   0|    2|           1|           2|
    |xor_ln444_1_fu_4384_p2                      |    xor   |      0|   0|   33|          32|          33|
    |xor_ln444_fu_4368_p2                        |    xor   |      0|   0|   33|          32|          33|
    |xor_ln667_1_fu_5683_p2                      |    xor   |      0|   0|   33|          32|          33|
    |xor_ln667_2_fu_5809_p2                      |    xor   |      0|   0|   33|          32|          33|
    |xor_ln667_fu_3651_p2                        |    xor   |      0|   0|   33|          32|          33|
    +--------------------------------------------+----------+-------+----+-----+------------+------------+
    |Total                                       |          |      2|  73| 5368|        2465|        2390|
    +--------------------------------------------+----------+-------+----+-----+------------+------------+

    * Multiplexer: 
    +--------------------------------+------+-----------+-----+-----------+
    |              Name              |  LUT | Input Size| Bits| Total Bits|
    +--------------------------------+------+-----------+-----+-----------+
    |AUU_M_imag_address0             |    21|          4|   11|         44|
    |AUU_M_imag_d0                   |    15|          3|   32|         96|
    |AUU_M_real_address0             |    21|          4|   11|         44|
    |AUU_M_real_d0                   |    15|          3|   32|         96|
    |Autocorr_Buffer_M_i_address0    |    21|          4|    6|         24|
    |Autocorr_Buffer_M_i_d0          |    15|          3|   32|         96|
    |Autocorr_Buffer_M_r_address0    |    21|          4|    6|         24|
    |Autocorr_Buffer_M_r_d0          |    15|          3|   32|         96|
    |FFT_Buffer_im_address0          |    15|          3|   10|         30|
    |FFT_Buffer_im_ce0               |    15|          3|    1|          3|
    |FFT_Buffer_re_address0          |    15|          3|   10|         30|
    |FFT_Buffer_re_ce0               |    15|          3|    1|          3|
    |FFT_out_im_address0             |    15|          3|   10|         30|
    |FFT_out_im_ce0                  |    15|          3|    1|          3|
    |FFT_out_im_ce1                  |     9|          2|    1|          2|
    |FFT_out_im_we0                  |     9|          2|    1|          2|
    |FFT_out_im_we1                  |     9|          2|    1|          2|
    |FFT_out_re_address0             |    15|          3|   10|         30|
    |FFT_out_re_ce0                  |    15|          3|    1|          3|
    |FFT_out_re_ce1                  |     9|          2|    1|          2|
    |FFT_out_re_we0                  |     9|          2|    1|          2|
    |FFT_out_re_we1                  |     9|          2|    1|          2|
    |P_sm_TDATA_blk_n                |     9|          2|    1|          2|
    |P_sm_data_1_data_out            |     9|          2|   32|         64|
    |P_sm_data_1_state               |    15|          3|    2|          6|
    |P_sm_last_V_1_data_out          |     9|          2|    1|          2|
    |P_sm_last_V_1_state             |    15|          3|    2|          6|
    |P_sm_user_V_1_data_out          |     9|          2|    1|          2|
    |P_sm_user_V_1_state             |    15|          3|    2|          6|
    |Q_temp_M_imag_address0          |    21|          4|    4|         16|
    |Q_temp_M_imag_ce0               |    15|          3|    1|          3|
    |Q_temp_M_imag_d0                |    15|          3|   32|         96|
    |Q_temp_M_imag_we0               |    15|          3|    1|          3|
    |Q_temp_M_real_address0          |    21|          4|    4|         16|
    |Q_temp_M_real_ce0               |    15|          3|    1|          3|
    |Q_temp_M_real_d0                |    15|          3|   32|         96|
    |Q_temp_M_real_we0               |    15|          3|    1|          3|
    |R_temp_M_imag_address0          |    21|          4|    4|         16|
    |R_temp_M_imag_ce0               |    15|          3|    1|          3|
    |R_temp_M_imag_d0                |    15|          3|   32|         96|
    |R_temp_M_imag_we0               |    15|          3|    1|          3|
    |R_temp_M_real_address0          |    21|          4|    4|         16|
    |R_temp_M_real_ce0               |    15|          3|    1|          3|
    |R_temp_M_real_d0                |    15|          3|   32|         96|
    |R_temp_M_real_we0               |    15|          3|    1|          3|
    |Rx_temp_M_imag_address0         |    56|         13|    4|         52|
    |Rx_temp_M_imag_d0               |    33|          6|   32|        192|
    |Rx_temp_M_real_address0         |    56|         13|    4|         52|
    |Rx_temp_M_real_d0               |    27|          5|   32|        160|
    |U_M_imag_address0               |    44|          9|    4|         36|
    |U_M_imag_d0                     |    15|          3|   32|         96|
    |U_M_real_address0               |    44|          9|    4|         36|
    |U_M_real_d0                     |    21|          4|   32|        128|
    |Un_M_imag_address0              |    33|          6|    3|         18|
    |Un_M_imag_d0                    |    15|          3|   32|         96|
    |Un_M_real_address0              |    33|          6|    3|         18|
    |Un_M_real_d0                    |    15|          3|   32|         96|
    |a_theta_M_imag_address0         |    27|          5|   11|         55|
    |a_theta_M_imag_d0               |    15|          3|   32|         96|
    |a_theta_M_real_address0         |    27|          5|   11|         55|
    |a_theta_M_real_d0               |    15|          3|   32|         96|
    |ap_NS_fsm                       |  2013|        467|    1|        467|
    |complex_M_imag_read_1_reg_2254  |     9|          2|   32|         64|
    |complex_M_imag_read_2_reg_2419  |     9|          2|   32|         64|
    |complex_M_imag_read_3_reg_2478  |     9|          2|   32|         64|
    |complex_M_imag_read_reg_2119    |     9|          2|   32|         64|
    |complex_M_real_read_1_reg_2266  |     9|          2|   32|         64|
    |complex_M_real_read_2_reg_2432  |     9|          2|   32|         64|
    |complex_M_real_read_3_reg_2491  |     9|          2|   32|         64|
    |complex_M_real_read_4_reg_2537  |     9|          2|   32|         64|
    |complex_M_real_read_reg_2132    |     9|          2|   32|         64|
    |count_0_i_reg_2156              |     9|          2|    3|          6|
    |data_ARADDR                     |    21|          4|   32|        128|
    |data_AWADDR                     |    15|          3|   32|         96|
    |data_WDATA                      |    15|          3|   32|         96|
    |data_blk_n_AR                   |     9|          2|    1|          2|
    |data_blk_n_AW                   |     9|          2|    1|          2|
    |data_blk_n_B                    |     9|          2|    1|          2|
    |data_blk_n_R                    |     9|          2|    1|          2|
    |data_blk_n_W                    |     9|          2|    1|          2|
    |eig_mat_M_imag_address0         |    27|          5|    4|         20|
    |eig_mat_M_imag_ce0              |    15|          3|    1|          3|
    |eig_mat_M_imag_d0               |    21|          4|   32|        128|
    |eig_mat_M_real_address0         |    33|          6|    4|         24|
    |eig_mat_M_real_ce0              |    15|          3|    1|          3|
    |eig_mat_M_real_d0               |    21|          4|   32|        128|
    |eigval_address0                 |    15|          3|    2|          6|
    |flag_0_i_reg_2322               |     9|          2|   32|         64|
    |flag_reg_2310                   |     9|          2|    2|          4|
    |grp_fu_2673_opcode              |    15|          3|    2|          6|
    |grp_fu_2673_p0                  |    53|         12|   32|        384|
    |grp_fu_2673_p1                  |    33|          6|   32|        192|
    |grp_fu_2677_opcode              |    15|          3|    2|          6|
    |grp_fu_2677_p0                  |    41|          8|   32|        256|
    |grp_fu_2677_p1                  |    15|          3|   32|         96|
    |grp_fu_2699_p0                  |    62|         15|   32|        480|
    |grp_fu_2699_p1                  |    59|         14|   32|        448|
    |grp_fu_2705_p0                  |    53|         12|   32|        384|
    |grp_fu_2705_p1                  |    50|         11|   32|        352|
    |grp_fu_2711_p0                  |    47|         10|   32|        320|
    |grp_fu_2711_p1                  |    47|         10|   32|        320|
    |grp_fu_2717_p0                  |    47|         10|   32|        320|
    |grp_fu_2717_p1                  |    44|          9|   32|        288|
    |grp_fu_2767_p0                  |    21|          4|   32|        128|
    |grp_fu_2767_p1                  |    27|          5|   32|        160|
    |grp_fu_2773_p0                  |    15|          3|   32|         96|
    |grp_fu_2773_p1                  |    21|          4|   32|        128|
    |grp_fu_2785_p0                  |    15|          3|   64|        192|
    |grp_fu_2788_p0                  |    15|          3|   32|         96|
    |grp_fu_2805_p1                  |    15|          3|   64|        192|
    |i16_0_i_reg_2086                |     9|          2|    4|          8|
    |i17_0_i_reg_2097                |     9|          2|    3|          6|
    |i19_0_i_reg_2168                |     9|          2|    3|          6|
    |i25_0_i_reg_2287                |     9|          2|    3|          6|
    |i30_0_reg_2456                  |     9|          2|    9|         18|
    |i33_0_reg_2526                  |     9|          2|    9|         18|
    |i_0_i44_reg_2298                |     9|          2|    3|          6|
    |i_0_i_reg_2064                  |     9|          2|    3|          6|
    |i_0_reg_2397                    |     9|          2|    3|          6|
    |j18_0_i_reg_2108                |     9|          2|    3|          6|
    |j20_0_i_reg_2180                |     9|          2|    3|          6|
    |j22_0_i_reg_2203                |     9|          2|   32|         64|
    |j23_0_in_i_reg_2212             |     9|          2|   32|         64|
    |j24_0_in_i_reg_2278             |     9|          2|   32|         64|
    |j24_0_reg_1871                  |     9|          2|   11|         22|
    |j29_0_reg_2408                  |     9|          2|    3|          6|
    |j31_0_reg_2467                  |     9|          2|    3|          6|
    |j_0_i_reg_2075                  |     9|          2|    3|          6|
    |j_0_in_i_reg_2332               |     9|          2|   32|         64|
    |j_0_reg_1859                    |     9|          2|   11|         22|
    |j_13_reg_2191                   |     9|          2|    2|          4|
    |jj_0_reg_1882                   |     9|          2|   11|         22|
    |k32_0_reg_2504                  |     9|          2|    3|          6|
    |k34_0_reg_2549                  |     9|          2|    3|          6|
    |k_0_i_reg_2145                  |     9|          2|    3|          6|
    |k_0_reg_2445                    |     9|          2|    2|          4|
    |l25_0_reg_1893                  |     9|          2|    4|          8|
    |l_0_i_reg_1961                  |     9|          2|    4|          8|
    |l_0_reg_1837                    |     9|          2|    4|          8|
    |m_0_i_reg_2242                  |     9|          2|    3|          6|
    |n26_0_reg_1904                  |     9|          2|    3|          6|
    |n_0_reg_1848                    |     9|          2|    3|          6|
    |p_016_rec_reg_2571              |     9|          2|    9|         18|
    |p_r_M_imag_reg_1937             |     9|          2|   32|         64|
    |p_r_M_real_reg_1949             |     9|          2|   32|         64|
    |p_x_assign_reg_2230             |     9|          2|   32|         64|
    |phi_ln11_1_reg_1984             |     9|          2|    2|          4|
    |phi_ln11_reg_1972               |     9|          2|    2|          4|
    |phi_ln12_1_reg_2007             |     9|          2|    2|          4|
    |phi_ln12_reg_1995               |     9|          2|    2|          4|
    |phi_ln13_1_reg_2030             |     9|          2|    2|          4|
    |phi_ln13_reg_2018               |     9|          2|    2|          4|
    |phi_ln14_1_reg_2053             |     9|          2|    2|          4|
    |phi_ln14_reg_2041               |     9|          2|    2|          4|
    |phi_ln248_1_reg_1699            |     9|          2|    2|          4|
    |phi_ln248_reg_1687              |     9|          2|    4|          8|
    |phi_ln249_1_reg_1722            |     9|          2|    2|          4|
    |phi_ln249_reg_1710              |     9|          2|    2|          4|
    |phi_ln250_1_reg_1745            |     9|          2|    1|          2|
    |phi_ln250_reg_1733              |     9|          2|    2|          4|
    |phi_ln251_1_reg_1768            |     9|          2|    2|          4|
    |phi_ln251_reg_1756              |     9|          2|    2|          4|
    |phi_ln252_1_reg_1791            |     9|          2|    2|          4|
    |phi_ln252_reg_1779              |     9|          2|    9|         18|
    |phi_ln253_1_reg_1826            |     9|          2|    9|         18|
    |phi_ln253_reg_1802              |     9|          2|    2|          4|
    |phi_mul10_reg_2515              |     9|          2|   11|         22|
    |phi_mul12_reg_2560              |     9|          2|   11|         22|
    |phi_mul8_reg_2374               |     9|          2|   11|         22|
    |phi_mul_reg_1814                |     9|          2|   11|         22|
    |q_0_i_reg_2221                  |     9|          2|   32|         64|
    |sort_index_address0             |    27|          5|    2|         10|
    |sort_index_address1             |    27|          5|    2|         10|
    |sort_index_d0                   |    15|          3|    3|          9|
    |temp_mat_M_imag_address0        |    41|          8|    4|         32|
    |temp_mat_M_imag_d0              |    21|          4|   32|        128|
    |temp_mat_M_real_address0        |    41|          8|    4|         32|
    |temp_mat_M_real_d0              |    21|          4|   32|        128|
    |w_address0                      |    21|          4|    9|         36|
    |x27_0_reg_2363                  |     9|          2|    3|          6|
    |x_0_i_reg_1915                  |     9|          2|    3|          6|
    |x_0_reg_2341                    |     9|          2|    3|          6|
    |y28_0_reg_2386                  |     9|          2|    9|         18|
    |y_0_i_reg_1926                  |     9|          2|    3|          6|
    |y_0_reg_2352                    |     9|          2|    3|          6|
    +--------------------------------+------+-----------+-----+-----------+
    |Total                           |  5030|       1094| 2482|      10514|
    +--------------------------------+------+-----------+-----+-----------+

    * Register: 
    +------------------------------------------------+-----+----+-----+-----------+
    |                      Name                      |  FF | LUT| Bits| Const Bits|
    +------------------------------------------------+-----+----+-----+-----------+
    |AUU_M_imag_addr_2_reg_7598                      |   11|   0|   11|          0|
    |AUU_M_real_addr_2_reg_7593                      |   11|   0|   11|          0|
    |Autocorr_Buffer_M_i_5_reg_6315                  |   32|   0|   32|          0|
    |B_V_reg_7247                                    |   56|   0|   56|          0|
    |B_fourth_power_V_reg_7314                       |   35|   0|   35|          0|
    |B_squared_V_reg_7264                            |   49|   0|   49|          0|
    |B_third_power_V_reg_7309                        |   42|   0|   42|          0|
    |B_trunc_V_reg_7252                              |   49|   0|   49|          0|
    |Ex_V_reg_7217                                   |   11|   0|   11|          0|
    |FFT_out_im_load_reg_6133                        |   32|   0|   32|          0|
    |FFT_out_re_load_reg_6117                        |   32|   0|   32|          0|
    |Mx_V_reg_7210                                   |   63|   0|   63|          0|
    |Mx_zeros_V_reg_7204                             |    6|   0|    6|          0|
    |P_sm_data_1_payload_A                           |   32|   0|   32|          0|
    |P_sm_data_1_payload_B                           |   32|   0|   32|          0|
    |P_sm_data_1_sel_rd                              |    1|   0|    1|          0|
    |P_sm_data_1_sel_wr                              |    1|   0|    1|          0|
    |P_sm_data_1_state                               |    2|   0|    2|          0|
    |P_sm_last_V_1_payload_A                         |    1|   0|    1|          0|
    |P_sm_last_V_1_payload_B                         |    1|   0|    1|          0|
    |P_sm_last_V_1_sel_rd                            |    1|   0|    1|          0|
    |P_sm_last_V_1_sel_wr                            |    1|   0|    1|          0|
    |P_sm_last_V_1_state                             |    2|   0|    2|          0|
    |P_sm_user_V_1_payload_A                         |    1|   0|    1|          0|
    |P_sm_user_V_1_payload_B                         |    1|   0|    1|          0|
    |P_sm_user_V_1_sel_rd                            |    1|   0|    1|          0|
    |P_sm_user_V_1_sel_wr                            |    1|   0|    1|          0|
    |P_sm_user_V_1_state                             |    2|   0|    2|          0|
    |Rx_temp_M_imag_addr_2_reg_6611                  |    4|   0|    4|          0|
    |Rx_temp_M_imag_addr_4_reg_6693                  |    4|   0|    4|          0|
    |Rx_temp_M_imag_addr_5_reg_6782                  |    4|   0|    4|          0|
    |Rx_temp_M_imag_addr_8_reg_6759                  |    4|   0|    4|          0|
    |Rx_temp_M_real_addr_2_reg_6606                  |    4|   0|    4|          0|
    |Rx_temp_M_real_addr_4_reg_6688                  |    4|   0|    4|          0|
    |Rx_temp_M_real_addr_5_reg_6777                  |    4|   0|    4|          0|
    |Rx_temp_M_real_addr_8_reg_6754                  |    4|   0|    4|          0|
    |U_M_imag_addr_2_reg_6583                        |    4|   0|    4|          0|
    |U_M_imag_addr_3_reg_6792                        |    4|   0|    4|          0|
    |U_M_imag_addr_5_reg_6898                        |    4|   0|    4|          0|
    |U_M_real_addr_2_reg_6578                        |    4|   0|    4|          0|
    |U_M_real_addr_3_reg_6787                        |    4|   0|    4|          0|
    |U_M_real_addr_5_reg_6893                        |    4|   0|    4|          0|
    |Un_M_imag_addr_1_reg_7029                       |    2|   0|    3|          1|
    |Un_M_imag_addr_2_reg_7034                       |    2|   0|    3|          1|
    |Un_M_real_addr_1_reg_7019                       |    2|   0|    3|          1|
    |Un_M_real_addr_2_reg_7024                       |    2|   0|    3|          1|
    |add_ln1146_2_reg_7394                           |   49|   0|   49|          0|
    |add_ln11_reg_6348                               |    2|   0|    2|          0|
    |add_ln12_reg_6364                               |    2|   0|    2|          0|
    |add_ln13_reg_6380                               |    2|   0|    2|          0|
    |add_ln14_reg_6396                               |    2|   0|    2|          0|
    |add_ln248_reg_5939                              |    4|   0|    4|          0|
    |add_ln249_reg_5955                              |    2|   0|    2|          0|
    |add_ln250_reg_5971                              |    2|   0|    2|          0|
    |add_ln251_reg_5984                              |    2|   0|    2|          0|
    |add_ln252_reg_6000                              |    9|   0|    9|          0|
    |add_ln253_2_reg_6016                            |   11|   0|   11|          0|
    |add_ln253_reg_6021                              |    2|   0|    2|          0|
    |add_ln262_2_reg_6073                            |   31|   0|   31|          0|
    |add_ln267_2_reg_6107                            |   31|   0|   31|          0|
    |add_ln268_reg_6128                              |   31|   0|   31|          0|
    |add_ln278_2_reg_6203                            |   31|   0|   31|          0|
    |add_ln278_3_reg_6213                            |    7|   0|    7|          0|
    |add_ln279_reg_6208                              |   31|   0|   31|          0|
    |add_ln289_reg_7047                              |    6|   0|    6|          0|
    |add_ln296_reg_7075                              |   11|   0|   11|          0|
    |add_ln300_reg_7106                              |   11|   0|   11|          0|
    |add_ln310_reg_7509                              |    5|   0|    5|          0|
    |add_ln320_2_reg_7616                            |   11|   0|   11|          0|
    |add_ln320_reg_7611                              |    6|   0|    6|          0|
    |add_ln337_2_reg_7698                            |   11|   0|   11|          0|
    |add_ln59_reg_6734                               |    6|   0|    6|          0|
    |and_ln300_reg_7424                              |    1|   0|    1|          0|
    |ap_CS_fsm                                       |  466|   0|  466|          0|
    |ap_sync_reg_grp_fft_streaming_fu_2582_ap_done   |    1|   0|    1|          0|
    |ap_sync_reg_grp_fft_streaming_fu_2582_ap_ready  |    1|   0|    1|          0|
    |ap_sync_reg_grp_qrf_top_fu_2626_ap_done         |    1|   0|    1|          0|
    |ap_sync_reg_grp_qrf_top_fu_2626_ap_ready        |    1|   0|    1|          0|
    |closepath_reg_7140                              |    1|   0|    1|          0|
    |complex_M_imag_read_1_reg_2254                  |   32|   0|   32|          0|
    |complex_M_imag_read_2_reg_2419                  |   32|   0|   32|          0|
    |complex_M_imag_read_3_reg_2478                  |   32|   0|   32|          0|
    |complex_M_imag_read_reg_2119                    |   32|   0|   32|          0|
    |complex_M_real_read_1_reg_2266                  |   32|   0|   32|          0|
    |complex_M_real_read_2_reg_2432                  |   32|   0|   32|          0|
    |complex_M_real_read_3_reg_2491                  |   32|   0|   32|          0|
    |complex_M_real_read_4_reg_2537                  |   32|   0|   32|          0|
    |complex_M_real_read_reg_2132                    |   32|   0|   32|          0|
    |cos_basis_reg_7270                              |    1|   0|    1|          0|
    |count_0_i_reg_2156                              |    3|   0|    3|          0|
    |count_reg_6561                                  |    3|   0|    3|          0|
    |data_addr_1_read_reg_6230                       |   32|   0|   32|          0|
    |data_addr_2_read_reg_6235                       |   32|   0|   32|          0|
    |data_addr_read_reg_6084                         |   32|   0|   32|          0|
    |eig_mat_M_imag_addr_2_reg_6491                  |    4|   0|    4|          0|
    |eig_mat_M_real_addr_3_reg_6486                  |    4|   0|    4|          0|
    |eigval_temp_reg_6588                            |   32|   0|   32|          0|
    |flag_0_i_reg_2322                               |   32|   0|   32|          0|
    |flag_reg_2310                                   |    2|   0|    2|          0|
    |fourth_order_double_10_reg_7324                 |   52|   0|   52|          0|
    |fourth_order_double_12_reg_7329                 |   44|   0|   44|          0|
    |fourth_order_double_14_reg_7334                 |   33|   0|   33|          0|
    |fourth_order_double_16_reg_7339                 |   25|   0|   25|          0|
    |grp_fft_streaming_fu_2582_ap_start_reg          |    1|   0|    1|          0|
    |grp_qrf_top_fu_2626_ap_start_reg                |    1|   0|    1|          0|
    |grp_scaled_fixed2ieee_fu_2667_ap_start_reg      |    1|   0|    1|          0|
    |grp_sin_or_cos_float_s_fu_2636_ap_start_reg     |    1|   0|    1|          0|
    |grp_sin_or_cos_float_s_fu_2652_ap_start_reg     |    1|   0|    1|          0|
    |i16_0_i_reg_2086                                |    4|   0|    4|          0|
    |i17_0_i_reg_2097                                |    3|   0|    3|          0|
    |i19_0_i_reg_2168                                |    3|   0|    3|          0|
    |i25_0_i_reg_2287                                |    3|   0|    3|          0|
    |i30_0_reg_2456                                  |    9|   0|    9|          0|
    |i33_0_reg_2526                                  |    9|   0|    9|          0|
    |i_0_i44_reg_2298                                |    3|   0|    3|          0|
    |i_0_i_reg_2064                                  |    3|   0|    3|          0|
    |i_0_reg_2397                                    |    3|   0|    3|          0|
    |i_10_reg_6920                                   |    2|   0|    2|          0|
    |i_11_reg_6888                                   |    3|   0|    3|          0|
    |i_12_reg_7463                                   |    3|   0|    3|          0|
    |i_13_reg_7565                                   |    9|   0|    9|          0|
    |i_14_reg_7660                                   |    9|   0|    9|          0|
    |i_4_reg_6415                                    |    3|   0|    3|          0|
    |i_5_reg_6454                                    |    4|   0|    4|          0|
    |i_6_reg_6462                                    |    3|   0|    3|          0|
    |i_7_reg_6596                                    |    3|   0|    3|          0|
    |i_9_reg_6664                                    |    2|   0|    2|          0|
    |i_reg_7736                                      |    9|   0|    9|          0|
    |icmp_ln288_reg_7067                             |    1|   0|    1|          0|
    |icmp_ln290_reg_7071                             |    1|   0|    1|          0|
    |icmp_ln344_reg_7746                             |    1|   0|    1|          0|
    |icmp_ln345_reg_7751                             |    1|   0|    1|          0|
    |icmp_ln44_reg_6634                              |    1|   0|    1|          0|
    |icmp_ln833_1_reg_7171                           |    1|   0|    1|          0|
    |icmp_ln833_2_reg_7235                           |    1|   0|    1|          0|
    |icmp_ln833_reg_7229                             |    1|   0|    1|          0|
    |icmp_ln87_1_reg_6981                            |    1|   0|    1|          0|
    |icmp_ln87_2_reg_6986                            |    1|   0|    1|          0|
    |icmp_ln87_3_reg_6991                            |    1|   0|    1|          0|
    |icmp_ln87_reg_6976                              |    1|   0|    1|          0|
    |isNeg_reg_7223                                  |    1|   0|    1|          0|
    |j18_0_i_reg_2108                                |    3|   0|    3|          0|
    |j20_0_i_reg_2180                                |    3|   0|    3|          0|
    |j22_0_i_reg_2203                                |   32|   0|   32|          0|
    |j23_0_in_i_reg_2212                             |   32|   0|   32|          0|
    |j24_0_in_i_reg_2278                             |   32|   0|   32|          0|
    |j24_0_reg_1871                                  |   11|   0|   11|          0|
    |j29_0_reg_2408                                  |    3|   0|    3|          0|
    |j31_0_reg_2467                                  |    3|   0|    3|          0|
    |j_0_i_reg_2075                                  |    3|   0|    3|          0|
    |j_0_in_i_reg_2332                               |   32|   0|   32|          0|
    |j_0_reg_1859                                    |   11|   0|   11|          0|
    |j_10_reg_6703                                   |   32|   0|   32|          0|
    |j_11_reg_7481                                   |    3|   0|    3|          0|
    |j_12_reg_7583                                   |    3|   0|    3|          0|
    |j_13_reg_2191                                   |    2|   0|    2|          0|
    |j_14_reg_6925                                   |   32|   0|   32|          0|
    |j_1_reg_6092                                    |   11|   0|   11|          0|
    |j_2_reg_6428                                    |    3|   0|    3|          0|
    |j_4_reg_6476                                    |    3|   0|    3|          0|
    |j_7_reg_6698                                    |   32|   0|   32|          0|
    |j_8_reg_6629                                    |    3|   0|    3|          0|
    |j_9_reg_6797                                    |   32|   0|   32|          0|
    |j_reg_6068                                      |   11|   0|   11|          0|
    |jj_0_reg_1882                                   |   11|   0|   11|          0|
    |jj_reg_6152                                     |   11|   0|   11|          0|
    |k32_0_reg_2504                                  |    3|   0|    3|          0|
    |k34_0_reg_2549                                  |    3|   0|    3|          0|
    |k_0_i_reg_2145                                  |    3|   0|    3|          0|
    |k_0_reg_2445                                    |    2|   0|    2|          0|
    |k_2_reg_7504                                    |    2|   0|    2|          0|
    |k_3_reg_7683                                    |    3|   0|    3|          0|
    |k_4_reg_7606                                    |    3|   0|    3|          0|
    |k_reg_6499                                      |    3|   0|    3|          0|
    |l25_0_reg_1893                                  |    4|   0|    4|          0|
    |l_0_i_reg_1961                                  |    4|   0|    4|          0|
    |l_0_reg_1837                                    |    4|   0|    4|          0|
    |l_1_reg_6180                                    |    4|   0|    4|          0|
    |l_2_reg_6284                                    |    4|   0|    4|          0|
    |l_reg_6040                                      |    4|   0|    4|          0|
    |m_0_i_reg_2242                                  |    3|   0|    3|          0|
    |m_reg_6825                                      |    3|   0|    3|          0|
    |midsum_reg_6878                                 |   32|   0|   32|          0|
    |n26_0_reg_1904                                  |    3|   0|    3|          0|
    |n_0_reg_1848                                    |    3|   0|    3|          0|
    |n_1_reg_6054                                    |    3|   0|    3|          0|
    |n_reg_6198                                      |    3|   0|    3|          0|
    |p_016_rec_reg_2571                              |    9|   0|    9|          0|
    |p_Result_i_i_i_155_reg_7199                     |   61|   0|   61|          0|
    |p_Result_i_i_reg_7242                           |    7|   0|    7|          0|
    |p_Val2_49_reg_7194                              |  124|   0|  124|          0|
    |p_Val2_58_reg_7319                              |   59|   0|   59|          0|
    |p_Val2_69_reg_7177                              |  124|   0|  124|          0|
    |p_Val2_70_reg_7188                              |    3|   0|    3|          0|
    |p_cast18_reg_5926                               |   30|   0|   31|          1|
    |p_cast_reg_5932                                 |   30|   0|   31|          1|
    |p_load_reg_7093                                 |   32|   0|   32|          0|
    |p_r_M_imag_22_reg_7723                          |   32|   0|   32|          0|
    |p_r_M_imag_9_reg_6326                           |   32|   0|   32|          0|
    |p_r_M_imag_reg_1937                             |   32|   0|   32|          0|
    |p_r_M_real_10_reg_6320                          |   32|   0|   32|          0|
    |p_r_M_real_24_reg_7718                          |   32|   0|   32|          0|
    |p_r_M_real_reg_1949                             |   32|   0|   32|          0|
    |p_t_real_9_reg_7534                             |   32|   0|   32|          0|
    |p_t_real_reg_6309                               |   32|   0|   32|          0|
    |p_x_assign_3_reg_7454                           |   32|   0|   32|          0|
    |p_x_assign_reg_2230                             |   32|   0|   32|          0|
    |phi_ln11_1_reg_1984                             |    2|   0|    2|          0|
    |phi_ln11_reg_1972                               |    2|   0|    2|          0|
    |phi_ln12_1_reg_2007                             |    2|   0|    2|          0|
    |phi_ln12_reg_1995                               |    2|   0|    2|          0|
    |phi_ln13_1_reg_2030                             |    2|   0|    2|          0|
    |phi_ln13_reg_2018                               |    2|   0|    2|          0|
    |phi_ln14_1_reg_2053                             |    2|   0|    2|          0|
    |phi_ln14_reg_2041                               |    2|   0|    2|          0|
    |phi_ln248_1_reg_1699                            |    2|   0|    2|          0|
    |phi_ln248_reg_1687                              |    4|   0|    4|          0|
    |phi_ln249_1_reg_1722                            |    2|   0|    2|          0|
    |phi_ln249_reg_1710                              |    2|   0|    2|          0|
    |phi_ln250_1_reg_1745                            |    1|   0|    1|          0|
    |phi_ln250_reg_1733                              |    2|   0|    2|          0|
    |phi_ln251_1_reg_1768                            |    2|   0|    2|          0|
    |phi_ln251_reg_1756                              |    2|   0|    2|          0|
    |phi_ln252_1_reg_1791                            |    2|   0|    2|          0|
    |phi_ln252_reg_1779                              |    9|   0|    9|          0|
    |phi_ln253_1_reg_1826                            |    9|   0|    9|          0|
    |phi_ln253_reg_1802                              |    2|   0|    2|          0|
    |phi_mul10_reg_2515                              |   11|   0|   11|          0|
    |phi_mul12_reg_2560                              |   11|   0|   11|          0|
    |phi_mul8_reg_2374                               |   11|   0|   11|          0|
    |phi_mul_reg_1814                                |   11|   0|   11|          0|
    |q_0_i_reg_2221                                  |   32|   0|   32|          0|
    |q_1_reg_6749                                    |   32|   0|   32|          0|
    |r_V_22_reg_7257                                 |   49|   0|   98|         49|
    |reg_2816                                        |   64|   0|   64|          0|
    |reg_2821                                        |   64|   0|   64|          0|
    |reg_2826                                        |   32|   0|   32|          0|
    |reg_2832                                        |   32|   0|   32|          0|
    |reg_2837                                        |   32|   0|   32|          0|
    |reg_2842                                        |   32|   0|   32|          0|
    |reg_2847                                        |   32|   0|   32|          0|
    |reg_2857                                        |   32|   0|   32|          0|
    |reg_2866                                        |   32|   0|   32|          0|
    |reg_2873                                        |   32|   0|   32|          0|
    |reg_2880                                        |   32|   0|   32|          0|
    |reg_2890                                        |   32|   0|   32|          0|
    |reg_2900                                        |   32|   0|   32|          0|
    |reg_2909                                        |   32|   0|   32|          0|
    |reg_2918                                        |   32|   0|   32|          0|
    |reg_2939                                        |   32|   0|   32|          0|
    |reg_2946                                        |   32|   0|   32|          0|
    |reg_2952                                        |   32|   0|   32|          0|
    |reg_2959                                        |   32|   0|   32|          0|
    |reg_2964                                        |   32|   0|   32|          0|
    |result_V_reg_7414                               |   63|   0|   63|          0|
    |results_sign_V_2_reg_7121                       |    1|   0|    1|          0|
    |ret_V_19_reg_7419                               |   12|   0|   12|          0|
    |ret_V_20_reg_7434                               |   11|   0|   11|          0|
    |ret_V_21_reg_7439                               |   52|   0|   52|          0|
    |ret_V_22_reg_7156                               |  170|   0|  170|          0|
    |ret_V_reg_7399                                  |   64|   0|   64|          0|
    |select_ln311_reg_7429                           |    1|   0|    1|          0|
    |sext_ln57_cast_reg_6726                         |    4|   0|    6|          2|
    |sext_ln70_reg_6772                              |    4|   0|    6|          2|
    |shl_ln_reg_6045                                 |    4|   0|   14|         10|
    |sinpitheta_reg_7449                             |   32|   0|   32|          0|
    |sort_index_addr_1_reg_6944                      |    2|   0|    2|          0|
    |sort_index_addr_2_reg_6950                      |    2|   0|    2|          0|
    |sort_index_load_reg_7001                        |    3|   0|    3|          0|
    |sum_M_imag_reg_6867                             |   32|   0|   32|          0|
    |temp_mat_M_imag_add_1_reg_6276                  |    4|   0|    4|          0|
    |temp_mat_M_imag_add_5_reg_7496                  |    4|   0|    4|          0|
    |temp_mat_M_real_add_1_reg_6271                  |    4|   0|    4|          0|
    |temp_mat_M_real_add_5_reg_7491                  |    4|   0|    4|          0|
    |tmp_3_reg_6167                                  |   64|   0|   64|          0|
    |tmp_47_reg_7389                                 |   37|   0|   37|          0|
    |tmp_48_reg_7374                                 |   29|   0|   29|          0|
    |tmp_7_i_i1_reg_6852                             |   32|   0|   32|          0|
    |tmp_8_i_i_reg_6857                              |   32|   0|   32|          0|
    |tmp_9_i_i_reg_6862                              |   32|   0|   32|          0|
    |tmp_V_4_reg_7134                                |   52|   0|   52|          0|
    |tmp_V_reg_7127                                  |   11|   0|   11|          0|
    |tpf_reg_6172                                    |   32|   0|   32|          0|
    |trunc_ln57_reg_6711                             |    4|   0|    4|          0|
    |trunc_ln601_reg_7151                            |    7|   0|    7|          0|
    |trunc_ln662_1_reg_7384                          |   48|   0|   48|          0|
    |trunc_ln6_reg_7379                              |   56|   0|   56|          0|
    |trunc_ln_i_i_reg_7183                           |    3|   0|    3|          0|
    |w_addr_1_reg_7713                               |    9|   0|    9|          0|
    |x27_0_reg_2363                                  |    3|   0|    3|          0|
    |x_0_i_reg_1915                                  |    3|   0|    3|          0|
    |x_0_reg_2341                                    |    3|   0|    3|          0|
    |x_1_reg_7009                                    |    3|   0|    3|          0|
    |x_2_reg_7083                                    |    3|   0|    3|          0|
    |x_reg_6243                                      |    3|   0|    3|          0|
    |y28_0_reg_2386                                  |    9|   0|    9|          0|
    |y_0_i_reg_1926                                  |    3|   0|    3|          0|
    |y_0_reg_2352                                    |    3|   0|    3|          0|
    |y_1_reg_7101                                    |    9|   0|    9|          0|
    |y_2_reg_7042                                    |    3|   0|    3|          0|
    |y_reg_6261                                      |    3|   0|    3|          0|
    |zext_ln1044_reg_6566                            |    3|   0|    6|          3|
    |zext_ln104_1_reg_6266                           |    3|   0|    7|          4|
    |zext_ln104_reg_6248                             |    3|   0|    7|          4|
    |zext_ln21_reg_6420                              |    3|   0|    6|          3|
    |zext_ln22_1_reg_6433                            |    6|   0|   64|         58|
    |zext_ln261_1_reg_6059                           |    3|   0|   17|         14|
    |zext_ln267_2_reg_6102                           |   17|   0|   31|         14|
    |zext_ln273_reg_6144                             |   11|   0|   14|          3|
    |zext_ln276_reg_6190                             |   14|   0|   17|          3|
    |zext_ln278_reg_6185                             |    4|   0|    7|          3|
    |zext_ln289_reg_7014                             |    3|   0|    6|          3|
    |zext_ln306_reg_7473                             |    3|   0|    6|          3|
    |zext_ln30_reg_6467                              |    3|   0|    6|          3|
    |zext_ln312_1_reg_7486                           |    3|   0|    5|          2|
    |zext_ln312_reg_7468                             |    3|   0|    5|          2|
    |zext_ln316_reg_7575                             |    9|   0|   12|          3|
    |zext_ln322_1_reg_7588                           |    3|   0|    6|          3|
    |zext_ln322_reg_7570                             |    9|   0|   11|          2|
    |zext_ln336_reg_7675                             |    9|   0|   12|          3|
    |zext_ln337_1_reg_7670                           |    9|   0|   11|          2|
    |zext_ln337_reg_7665                             |    9|   0|   64|         55|
    |zext_ln36_reg_6481                              |    3|   0|    6|          3|
    |zext_ln45_1_reg_6601                            |    3|   0|    6|          3|
    |zext_ln47_1_reg_6638                            |    6|   0|   64|         58|
    |zext_ln51_reg_6654                              |    2|   0|   32|         30|
    |zext_ln52_reg_6679                              |    2|   0|    6|          4|
    |zext_ln99_reg_6253                              |    3|   0|    6|          3|
    +------------------------------------------------+-----+----+-----+-----------+
    |Total                                           | 5373|   0| 5733|        360|
    +------------------------------------------------+-----+----+-----+-----------+



================================================================
== Interface
================================================================
* Summary: 
+------------------------+-----+-----+------------+--------------+--------------+
|        RTL Ports       | Dir | Bits|  Protocol  | Source Object|    C Type    |
+------------------------+-----+-----+------------+--------------+--------------+
|s_axi_AXILiteS_AWVALID  |  in |    1|    s_axi   |   AXILiteS   |    scalar    |
|s_axi_AXILiteS_AWREADY  | out |    1|    s_axi   |   AXILiteS   |    scalar    |
|s_axi_AXILiteS_AWADDR   |  in |    6|    s_axi   |   AXILiteS   |    scalar    |
|s_axi_AXILiteS_WVALID   |  in |    1|    s_axi   |   AXILiteS   |    scalar    |
|s_axi_AXILiteS_WREADY   | out |    1|    s_axi   |   AXILiteS   |    scalar    |
|s_axi_AXILiteS_WDATA    |  in |   32|    s_axi   |   AXILiteS   |    scalar    |
|s_axi_AXILiteS_WSTRB    |  in |    4|    s_axi   |   AXILiteS   |    scalar    |
|s_axi_AXILiteS_ARVALID  |  in |    1|    s_axi   |   AXILiteS   |    scalar    |
|s_axi_AXILiteS_ARREADY  | out |    1|    s_axi   |   AXILiteS   |    scalar    |
|s_axi_AXILiteS_ARADDR   |  in |    6|    s_axi   |   AXILiteS   |    scalar    |
|s_axi_AXILiteS_RVALID   | out |    1|    s_axi   |   AXILiteS   |    scalar    |
|s_axi_AXILiteS_RREADY   |  in |    1|    s_axi   |   AXILiteS   |    scalar    |
|s_axi_AXILiteS_RDATA    | out |   32|    s_axi   |   AXILiteS   |    scalar    |
|s_axi_AXILiteS_RRESP    | out |    2|    s_axi   |   AXILiteS   |    scalar    |
|s_axi_AXILiteS_BVALID   | out |    1|    s_axi   |   AXILiteS   |    scalar    |
|s_axi_AXILiteS_BREADY   |  in |    1|    s_axi   |   AXILiteS   |    scalar    |
|s_axi_AXILiteS_BRESP    | out |    2|    s_axi   |   AXILiteS   |    scalar    |
|ap_clk                  |  in |    1| ap_ctrl_hs |     music    | return value |
|ap_rst_n                |  in |    1| ap_ctrl_hs |     music    | return value |
|interrupt               | out |    1| ap_ctrl_hs |     music    | return value |
|m_axi_data_AWVALID      | out |    1|    m_axi   |     data     |    pointer   |
|m_axi_data_AWREADY      |  in |    1|    m_axi   |     data     |    pointer   |
|m_axi_data_AWADDR       | out |   32|    m_axi   |     data     |    pointer   |
|m_axi_data_AWID         | out |    1|    m_axi   |     data     |    pointer   |
|m_axi_data_AWLEN        | out |    8|    m_axi   |     data     |    pointer   |
|m_axi_data_AWSIZE       | out |    3|    m_axi   |     data     |    pointer   |
|m_axi_data_AWBURST      | out |    2|    m_axi   |     data     |    pointer   |
|m_axi_data_AWLOCK       | out |    2|    m_axi   |     data     |    pointer   |
|m_axi_data_AWCACHE      | out |    4|    m_axi   |     data     |    pointer   |
|m_axi_data_AWPROT       | out |    3|    m_axi   |     data     |    pointer   |
|m_axi_data_AWQOS        | out |    4|    m_axi   |     data     |    pointer   |
|m_axi_data_AWREGION     | out |    4|    m_axi   |     data     |    pointer   |
|m_axi_data_AWUSER       | out |    1|    m_axi   |     data     |    pointer   |
|m_axi_data_WVALID       | out |    1|    m_axi   |     data     |    pointer   |
|m_axi_data_WREADY       |  in |    1|    m_axi   |     data     |    pointer   |
|m_axi_data_WDATA        | out |   32|    m_axi   |     data     |    pointer   |
|m_axi_data_WSTRB        | out |    4|    m_axi   |     data     |    pointer   |
|m_axi_data_WLAST        | out |    1|    m_axi   |     data     |    pointer   |
|m_axi_data_WID          | out |    1|    m_axi   |     data     |    pointer   |
|m_axi_data_WUSER        | out |    1|    m_axi   |     data     |    pointer   |
|m_axi_data_ARVALID      | out |    1|    m_axi   |     data     |    pointer   |
|m_axi_data_ARREADY      |  in |    1|    m_axi   |     data     |    pointer   |
|m_axi_data_ARADDR       | out |   32|    m_axi   |     data     |    pointer   |
|m_axi_data_ARID         | out |    1|    m_axi   |     data     |    pointer   |
|m_axi_data_ARLEN        | out |    8|    m_axi   |     data     |    pointer   |
|m_axi_data_ARSIZE       | out |    3|    m_axi   |     data     |    pointer   |
|m_axi_data_ARBURST      | out |    2|    m_axi   |     data     |    pointer   |
|m_axi_data_ARLOCK       | out |    2|    m_axi   |     data     |    pointer   |
|m_axi_data_ARCACHE      | out |    4|    m_axi   |     data     |    pointer   |
|m_axi_data_ARPROT       | out |    3|    m_axi   |     data     |    pointer   |
|m_axi_data_ARQOS        | out |    4|    m_axi   |     data     |    pointer   |
|m_axi_data_ARREGION     | out |    4|    m_axi   |     data     |    pointer   |
|m_axi_data_ARUSER       | out |    1|    m_axi   |     data     |    pointer   |
|m_axi_data_RVALID       |  in |    1|    m_axi   |     data     |    pointer   |
|m_axi_data_RREADY       | out |    1|    m_axi   |     data     |    pointer   |
|m_axi_data_RDATA        |  in |   32|    m_axi   |     data     |    pointer   |
|m_axi_data_RLAST        |  in |    1|    m_axi   |     data     |    pointer   |
|m_axi_data_RID          |  in |    1|    m_axi   |     data     |    pointer   |
|m_axi_data_RUSER        |  in |    1|    m_axi   |     data     |    pointer   |
|m_axi_data_RRESP        |  in |    2|    m_axi   |     data     |    pointer   |
|m_axi_data_BVALID       |  in |    1|    m_axi   |     data     |    pointer   |
|m_axi_data_BREADY       | out |    1|    m_axi   |     data     |    pointer   |
|m_axi_data_BRESP        |  in |    2|    m_axi   |     data     |    pointer   |
|m_axi_data_BID          |  in |    1|    m_axi   |     data     |    pointer   |
|m_axi_data_BUSER        |  in |    1|    m_axi   |     data     |    pointer   |
|P_sm_TDATA              | out |   32|    axis    |   P_sm_data  |    pointer   |
|P_sm_TREADY             |  in |    1|    axis    |   P_sm_data  |    pointer   |
|P_sm_TVALID             | out |    1|    axis    |  P_sm_last_V |    pointer   |
|P_sm_TLAST              | out |    1|    axis    |  P_sm_last_V |    pointer   |
|P_sm_TUSER              | out |    1|    axis    |  P_sm_user_V |    pointer   |
+------------------------+-----+-----+------------+--------------+--------------+

