

================================================================
== Vivado HLS Report for 'qrf_top_Loop_1_proc3'
================================================================
* Date:           Sat Aug  1 16:08:13 2020

* Version:        2019.1 (Build 2552052 on Fri May 24 15:28:33 MDT 2019)
* Project:        hls_proj
* Solution:       solution6
* Product family: zynq
* Target device:  xc7z020-clg400-1


================================================================
== Performance Estimates
================================================================
+ Timing (ns): 
    * Summary: 
    +--------+-------+----------+------------+
    |  Clock | Target| Estimated| Uncertainty|
    +--------+-------+----------+------------+
    |ap_clk  |  10.00|     9.195|        1.25|
    +--------+-------+----------+------------+

+ Latency (clock cycles): 
    * Summary: 
    +-----+------+-----+------+---------+
    |   Latency  |  Interval  | Pipeline|
    | min |  max | min |  max |   Type  |
    +-----+------+-----+------+---------+
    |  118|  1798|  118|  1798|   none  |
    +-----+------+-----+------+---------+

    + Detail: 
        * Instance: 
        N/A

        * Loop: 
        +-----------------------------+-----+------+----------+-----------+-----------+------+----------+
        |                             |   Latency  | Iteration|  Initiation Interval  | Trip |          |
        |          Loop Name          | min |  max |  Latency |  achieved |   target  | Count| Pipelined|
        +-----------------------------+-----+------+----------+-----------+-----------+------+----------+
        |- Loop 1                     |   19|    19|         5|          -|          -|     4|    no    |
        | + Loop 1.1                  |    3|     3|         1|          -|          -|     4|    no    |
        |- Loop 2                     |   19|    19|         5|          -|          -|     4|    no    |
        | + Loop 2.1                  |    3|     3|         1|          -|          -|     4|    no    |
        |- qrf_in_row_assign          |   52|    52|        13|          -|          -|     4|    no    |
        | + qrf_in_col_assign_Qi      |    4|     4|         1|          1|          1|     4|    yes   |
        | + qrf_in_col_assign_Ri      |    4|     4|         2|          1|          1|     4|    yes   |
        |- qrf_col_loop_qrf_row_loop  |   24|  1704|  2 ~ 142 |          -|          -|    12|    no    |
        | + qrf_r_update              |   31|    31|        20|          4|          4|     4|    yes   |
        | + qrf_q_update              |   31|    31|        20|          4|          4|     4|    yes   |
        +-----------------------------+-----+------+----------+-----------+-----------+------+----------+



================================================================
== Utilization Estimates
================================================================
* Summary: 
+-----------------+---------+-------+--------+-------+-----+
|       Name      | BRAM_18K| DSP48E|   FF   |  LUT  | URAM|
+-----------------+---------+-------+--------+-------+-----+
|DSP              |        -|      -|       -|      -|    -|
|Expression       |        -|      -|       0|   1409|    -|
|FIFO             |        -|      -|       -|      -|    -|
|Instance         |        -|     37|    6355|  11581|    -|
|Memory           |        -|      -|       -|      -|    -|
|Multiplexer      |        -|      -|       -|   2350|    -|
|Register         |        0|      -|    3265|    320|    -|
+-----------------+---------+-------+--------+-------+-----+
|Total            |        0|     37|    9620|  15660|    0|
+-----------------+---------+-------+--------+-------+-----+
|Available        |      280|    220|  106400|  53200|    0|
+-----------------+---------+-------+--------+-------+-----+
|Utilization (%)  |        0|     16|       9|     29|    0|
+-----------------+---------+-------+--------+-------+-----+

+ Detail: 
    * Instance: 
    +---------------------------+----------------------+---------+-------+-----+-----+-----+
    |          Instance         |        Module        | BRAM_18K| DSP48E|  FF | LUT | URAM|
    +---------------------------+----------------------+---------+-------+-----+-----+-----+
    |music_fadd_32ns_3cud_U155  |music_fadd_32ns_3cud  |        0|      2|  205|  390|    0|
    |music_fadd_32ns_3cud_U157  |music_fadd_32ns_3cud  |        0|      2|  205|  390|    0|
    |music_faddfsub_32OgC_U154  |music_faddfsub_32OgC  |        0|      2|  205|  390|    0|
    |music_faddfsub_32OgC_U156  |music_faddfsub_32OgC  |        0|      2|  205|  390|    0|
    |music_fcmp_32ns_3QgW_U172  |music_fcmp_32ns_3QgW  |        0|      0|   66|  239|    0|
    |music_fcmp_32ns_3QgW_U173  |music_fcmp_32ns_3QgW  |        0|      0|   66|  239|    0|
    |music_fcmp_32ns_3QgW_U174  |music_fcmp_32ns_3QgW  |        0|      0|   66|  239|    0|
    |music_fcmp_32ns_3QgW_U175  |music_fcmp_32ns_3QgW  |        0|      0|   66|  239|    0|
    |music_fcmp_32ns_3QgW_U176  |music_fcmp_32ns_3QgW  |        0|      0|   66|  239|    0|
    |music_fcmp_32ns_3QgW_U177  |music_fcmp_32ns_3QgW  |        0|      0|   66|  239|    0|
    |music_fcmp_32ns_3QgW_U178  |music_fcmp_32ns_3QgW  |        0|      0|   66|  239|    0|
    |music_fcmp_32ns_3QgW_U179  |music_fcmp_32ns_3QgW  |        0|      0|   66|  239|    0|
    |music_fcmp_32ns_3QgW_U180  |music_fcmp_32ns_3QgW  |        0|      0|   66|  239|    0|
    |music_fdiv_32ns_3PgM_U168  |music_fdiv_32ns_3PgM  |        0|      0|  761|  994|    0|
    |music_fdiv_32ns_3PgM_U169  |music_fdiv_32ns_3PgM  |        0|      0|  761|  994|    0|
    |music_fdiv_32ns_3PgM_U170  |music_fdiv_32ns_3PgM  |        0|      0|  761|  994|    0|
    |music_fdiv_32ns_3PgM_U171  |music_fdiv_32ns_3PgM  |        0|      0|  761|  994|    0|
    |music_fmul_32ns_3dEe_U159  |music_fmul_32ns_3dEe  |        0|      3|  143|  321|    0|
    |music_fmul_32ns_3dEe_U160  |music_fmul_32ns_3dEe  |        0|      3|  143|  321|    0|
    |music_fmul_32ns_3dEe_U161  |music_fmul_32ns_3dEe  |        0|      3|  143|  321|    0|
    |music_fmul_32ns_3dEe_U162  |music_fmul_32ns_3dEe  |        0|      3|  143|  321|    0|
    |music_fmul_32ns_3dEe_U163  |music_fmul_32ns_3dEe  |        0|      3|  143|  321|    0|
    |music_fmul_32ns_3dEe_U164  |music_fmul_32ns_3dEe  |        0|      3|  143|  321|    0|
    |music_fmul_32ns_3dEe_U165  |music_fmul_32ns_3dEe  |        0|      3|  143|  321|    0|
    |music_fmul_32ns_3dEe_U166  |music_fmul_32ns_3dEe  |        0|      3|  143|  321|    0|
    |music_fmul_32ns_3dEe_U167  |music_fmul_32ns_3dEe  |        0|      3|  143|  321|    0|
    |music_fsqrt_32ns_Rg6_U181  |music_fsqrt_32ns_Rg6  |        0|      0|  405|  615|    0|
    |music_fsub_32ns_3bkb_U158  |music_fsub_32ns_3bkb  |        0|      2|  205|  390|    0|
    +---------------------------+----------------------+---------+-------+-----+-----+-----+
    |Total                      |                      |        0|     37| 6355|11581|    0|
    +---------------------------+----------------------+---------+-------+-----+-----+-----+

    * DSP48E: 
    N/A

    * Memory: 
    N/A

    * FIFO: 
    N/A

    * Expression: 
    +---------------------------+----------+-------+---+----+------------+------------+
    |       Variable Name       | Operation| DSP48E| FF| LUT| Bitwidth P0| Bitwidth P1|
    +---------------------------+----------+-------+---+----+------------+------------+
    |add_ln1067_1_fu_1167_p2    |     +    |      0|  0|  15|           6|           6|
    |add_ln1067_fu_1133_p2      |     +    |      0|  0|  15|           6|           6|
    |add_ln114_2_fu_2178_p2     |     +    |      0|  0|  15|           5|           5|
    |add_ln114_3_fu_2227_p2     |     +    |      0|  0|  15|           5|           5|
    |add_ln114_4_fu_2238_p2     |     +    |      0|  0|  15|           5|           5|
    |add_ln114_fu_2167_p2       |     +    |      0|  0|  15|           5|           5|
    |add_ln459_1_fu_1049_p2     |     +    |      0|  0|  10|           2|           1|
    |add_ln459_fu_1029_p2       |     +    |      0|  0|  10|           2|           1|
    |add_ln460_1_fu_1087_p2     |     +    |      0|  0|  10|           2|           1|
    |add_ln460_fu_1067_p2       |     +    |      0|  0|  10|           2|           1|
    |add_ln482_fu_1194_p2       |     +    |      0|  0|  15|           6|           6|
    |add_ln486_fu_1221_p2       |     +    |      0|  0|  13|           4|           1|
    |add_ln503_1_fu_1348_p2     |     +    |      0|  0|  15|           5|           5|
    |add_ln503_2_fu_1372_p2     |     +    |      0|  0|  15|           5|           5|
    |add_ln513_1_fu_1242_p2     |     +    |      0|  0|  12|           3|           1|
    |add_ln513_fu_1302_p2       |     +    |      0|  0|  12|           3|           2|
    |add_ln521_1_fu_2197_p2     |     +    |      0|  0|  39|          32|          32|
    |add_ln521_fu_2189_p2       |     +    |      0|  0|  12|           3|           3|
    |c_2_fu_1151_p2             |     +    |      0|  0|  12|           3|           1|
    |c_fu_1184_p2               |     +    |      0|  0|  12|           3|           1|
    |grp_fu_823_p2              |     +    |      0|  0|  10|           2|           2|
    |k_1_fu_2208_p2             |     +    |      0|  0|  12|           3|           1|
    |k_fu_2152_p2               |     +    |      0|  0|  12|           3|           1|
    |r_fu_1111_p2               |     +    |      0|  0|  12|           3|           1|
    |sub_ln499_1_fu_1276_p2     |     -    |      0|  0|  12|           3|           3|
    |sub_ln499_fu_1270_p2       |     -    |      0|  0|  12|           3|           3|
    |and_ln179_1_fu_1753_p2     |    and   |      0|  0|   2|           1|           1|
    |and_ln179_2_fu_1721_p2     |    and   |      0|  0|   2|           1|           1|
    |and_ln179_3_fu_1727_p2     |    and   |      0|  0|   2|           1|           1|
    |and_ln179_4_fu_1731_p2     |    and   |      0|  0|   2|           1|           1|
    |and_ln179_5_fu_1737_p2     |    and   |      0|  0|   2|           1|           1|
    |and_ln179_6_fu_1741_p2     |    and   |      0|  0|   2|           1|           1|
    |and_ln179_7_fu_1747_p2     |    and   |      0|  0|   2|           1|           1|
    |and_ln179_fu_1717_p2       |    and   |      0|  0|   2|           1|           1|
    |and_ln184_1_fu_1765_p2     |    and   |      0|  0|   2|           1|           1|
    |and_ln184_2_fu_1769_p2     |    and   |      0|  0|   2|           1|           1|
    |and_ln184_3_fu_1775_p2     |    and   |      0|  0|   2|           1|           1|
    |and_ln184_4_fu_1779_p2     |    and   |      0|  0|   2|           1|           1|
    |and_ln184_5_fu_1825_p2     |    and   |      0|  0|   2|           1|           1|
    |and_ln184_6_fu_1831_p2     |    and   |      0|  0|   2|           1|           1|
    |and_ln184_7_fu_1837_p2     |    and   |      0|  0|   2|           1|           1|
    |and_ln184_fu_1759_p2       |    and   |      0|  0|   2|           1|           1|
    |and_ln189_1_fu_2061_p2     |    and   |      0|  0|   2|           1|           1|
    |and_ln189_2_fu_1813_p2     |    and   |      0|  0|   2|           1|           1|
    |and_ln189_3_fu_2065_p2     |    and   |      0|  0|   2|           1|           1|
    |and_ln189_4_fu_1785_p2     |    and   |      0|  0|   2|           1|           1|
    |and_ln189_5_fu_1791_p2     |    and   |      0|  0|   2|           1|           1|
    |and_ln189_6_fu_1797_p2     |    and   |      0|  0|   2|           1|           1|
    |and_ln189_7_fu_1801_p2     |    and   |      0|  0|   2|           1|           1|
    |and_ln189_8_fu_1807_p2     |    and   |      0|  0|   2|           1|           1|
    |and_ln189_fu_2071_p2       |    and   |      0|  0|   2|           1|           1|
    |and_ln201_1_fu_1938_p2     |    and   |      0|  0|   2|           1|           1|
    |and_ln201_fu_2124_p2       |    and   |      0|  0|   2|           1|           1|
    |and_ln284_1_fu_1949_p2     |    and   |      0|  0|   2|           1|           1|
    |and_ln284_2_fu_1976_p2     |    and   |      0|  0|   2|           1|           1|
    |and_ln284_3_fu_1954_p2     |    and   |      0|  0|   2|           1|           1|
    |and_ln284_4_fu_1959_p2     |    and   |      0|  0|   2|           1|           1|
    |and_ln284_5_fu_1964_p2     |    and   |      0|  0|   2|           1|           1|
    |and_ln284_6_fu_1970_p2     |    and   |      0|  0|   2|           1|           1|
    |and_ln284_fu_1944_p2       |    and   |      0|  0|   2|           1|           1|
    |and_ln306_1_fu_2130_p2     |    and   |      0|  0|   2|           1|           1|
    |and_ln306_2_fu_2135_p2     |    and   |      0|  0|   2|           1|           1|
    |and_ln306_fu_2140_p2       |    and   |      0|  0|   2|           1|           1|
    |icmp_ln179_1_fu_1524_p2    |   icmp   |      0|  0|  18|          23|           1|
    |icmp_ln179_2_fu_1536_p2    |   icmp   |      0|  0|  11|           8|           2|
    |icmp_ln179_3_fu_1542_p2    |   icmp   |      0|  0|  18|          23|           1|
    |icmp_ln179_4_fu_1564_p2    |   icmp   |      0|  0|  11|           8|           2|
    |icmp_ln179_5_fu_1570_p2    |   icmp   |      0|  0|  18|          23|           1|
    |icmp_ln179_6_fu_1592_p2    |   icmp   |      0|  0|  11|           8|           2|
    |icmp_ln179_7_fu_1598_p2    |   icmp   |      0|  0|  18|          23|           1|
    |icmp_ln179_fu_1518_p2      |   icmp   |      0|  0|  11|           8|           2|
    |icmp_ln189_1_fu_1677_p2    |   icmp   |      0|  0|  18|          23|           1|
    |icmp_ln189_2_fu_1699_p2    |   icmp   |      0|  0|  11|           8|           2|
    |icmp_ln189_3_fu_1705_p2    |   icmp   |      0|  0|  18|          23|           1|
    |icmp_ln189_fu_1671_p2      |   icmp   |      0|  0|  11|           8|           2|
    |icmp_ln201_1_fu_2112_p2    |   icmp   |      0|  0|  18|          23|           1|
    |icmp_ln201_2_fu_1920_p2    |   icmp   |      0|  0|  11|           8|           2|
    |icmp_ln201_3_fu_1926_p2    |   icmp   |      0|  0|  18|          23|           1|
    |icmp_ln201_fu_2106_p2      |   icmp   |      0|  0|  11|           8|           2|
    |icmp_ln459_1_fu_1061_p2    |   icmp   |      0|  0|   8|           2|           2|
    |icmp_ln459_fu_1055_p2      |   icmp   |      0|  0|   8|           2|           2|
    |icmp_ln460_1_fu_1099_p2    |   icmp   |      0|  0|   8|           2|           2|
    |icmp_ln460_fu_1093_p2      |   icmp   |      0|  0|   8|           2|           2|
    |icmp_ln471_fu_1105_p2      |   icmp   |      0|  0|   9|           3|           4|
    |icmp_ln472_fu_1145_p2      |   icmp   |      0|  0|   9|           3|           4|
    |icmp_ln474_fu_1157_p2      |   icmp   |      0|  0|   9|           3|           3|
    |icmp_ln480_fu_1178_p2      |   icmp   |      0|  0|   9|           3|           4|
    |icmp_ln486_fu_1215_p2      |   icmp   |      0|  0|   9|           4|           4|
    |icmp_ln490_1_fu_1248_p2    |   icmp   |      0|  0|   9|           3|           2|
    |icmp_ln490_fu_1205_p2      |   icmp   |      0|  0|   9|           3|           2|
    |icmp_ln498_fu_1227_p2      |   icmp   |      0|  0|   8|           2|           1|
    |icmp_ln499_fu_1330_p2      |   icmp   |      0|  0|   9|           3|           3|
    |icmp_ln511_fu_2146_p2      |   icmp   |      0|  0|   9|           3|           4|
    |icmp_ln513_fu_2158_p2      |   icmp   |      0|  0|   9|           3|           3|
    |icmp_ln519_fu_2202_p2      |   icmp   |      0|  0|   9|           3|           4|
    |icmp_ln521_fu_2218_p2      |   icmp   |      0|  0|  18|          32|          32|
    |ap_block_state1            |    or    |      0|  0|   2|           1|           1|
    |or_ln179_1_fu_1548_p2      |    or    |      0|  0|   2|           1|           1|
    |or_ln179_2_fu_1576_p2      |    or    |      0|  0|   2|           1|           1|
    |or_ln179_3_fu_1604_p2      |    or    |      0|  0|   2|           1|           1|
    |or_ln179_fu_1530_p2        |    or    |      0|  0|   2|           1|           1|
    |or_ln189_1_fu_1711_p2      |    or    |      0|  0|   2|           1|           1|
    |or_ln189_fu_1683_p2        |    or    |      0|  0|   2|           1|           1|
    |or_ln201_1_fu_1932_p2      |    or    |      0|  0|   2|           1|           1|
    |or_ln201_fu_2118_p2        |    or    |      0|  0|   2|           1|           1|
    |d1_3_fu_1871_p3            |  select  |      0|  0|  32|           1|          32|
    |d1_fu_1866_p3              |  select  |      0|  0|  32|           1|          32|
    |d2_4_fu_1883_p3            |  select  |      0|  0|  32|           1|          32|
    |d2_fu_1878_p3              |  select  |      0|  0|  32|           1|          32|
    |d3_1_fu_2083_p3            |  select  |      0|  0|  32|           1|          32|
    |d3_4_fu_1861_p3            |  select  |      0|  0|  32|           1|          32|
    |d3_5_fu_1890_p3            |  select  |      0|  0|  32|           1|          32|
    |d3_6_fu_1896_p3            |  select  |      0|  0|  32|           1|          32|
    |largest_1_fu_2077_p3       |  select  |      0|  0|  32|           1|          32|
    |largest_6_fu_1843_p3       |  select  |      0|  0|  32|           1|          32|
    |largest_7_fu_1848_p3       |  select  |      0|  0|  32|           1|          32|
    |largest_8_fu_1854_p3       |  select  |      0|  0|  32|           1|          32|
    |select_ln486_1_fu_1254_p3  |  select  |      0|  0|   2|           1|           1|
    |select_ln486_2_fu_1282_p3  |  select  |      0|  0|   3|           1|           3|
    |select_ln486_3_fu_1290_p3  |  select  |      0|  0|   3|           1|           3|
    |select_ln486_4_fu_1308_p3  |  select  |      0|  0|   3|           1|           3|
    |select_ln486_fu_1233_p3    |  select  |      0|  0|   2|           1|           2|
    |ap_enable_pp1              |    xor   |      0|  0|   2|           1|           2|
    |ap_enable_pp2              |    xor   |      0|  0|   2|           1|           2|
    |ap_enable_pp3              |    xor   |      0|  0|   2|           1|           2|
    |ap_enable_reg_pp1_iter1    |    xor   |      0|  0|   2|           2|           1|
    |xor_ln155_1_fu_2005_p2     |    xor   |      0|  0|  33|          32|          33|
    |xor_ln155_2_fu_2020_p2     |    xor   |      0|  0|  33|          32|          33|
    |xor_ln155_fu_2050_p2       |    xor   |      0|  0|  33|          32|          33|
    |xor_ln179_fu_1819_p2       |    xor   |      0|  0|   2|           2|           1|
    |xor_ln444_fu_2035_p2       |    xor   |      0|  0|  33|          32|          33|
    |xor_ln486_fu_1320_p2       |    xor   |      0|  0|  32|          32|           2|
    +---------------------------+----------+-------+---+----+------------+------------+
    |Total                      |          |      0|  0|1409|         678|         790|
    +---------------------------+----------+-------+---+----+------------+------------+

    * Multiplexer: 
    +-------------------------------------+-----+-----------+-----+-----------+
    |                 Name                | LUT | Input Size| Bits| Total Bits|
    +-------------------------------------+-----+-----------+-----+-----------+
    |Qi_M_imag_address0                   |   27|          5|    4|         20|
    |Qi_M_imag_address1                   |   21|          4|    4|         16|
    |Qi_M_imag_d1                         |   15|          3|   32|         96|
    |Qi_M_real_address0                   |   27|          5|    4|         20|
    |Qi_M_real_address1                   |   21|          4|    4|         16|
    |Qi_M_real_d0                         |   15|          3|   32|         96|
    |Ri_M_imag_address0                   |   33|          6|    4|         24|
    |Ri_M_imag_address1                   |   33|          6|    4|         24|
    |Ri_M_imag_d0                         |   21|          4|   32|        128|
    |Ri_M_imag_d1                         |   15|          3|   32|         96|
    |Ri_M_real_address0                   |   33|          6|    4|         24|
    |Ri_M_real_address1                   |   33|          6|    4|         24|
    |Ri_M_real_d0                         |   21|          4|   32|        128|
    |Ri_M_real_d1                         |   15|          3|   32|         96|
    |ap_NS_fsm                            |  745|        170|    1|        170|
    |ap_done                              |    9|          2|    1|          2|
    |ap_enable_reg_pp1_iter1              |   15|          3|    1|          3|
    |ap_enable_reg_pp2_iter4              |    9|          2|    1|          2|
    |ap_enable_reg_pp3_iter4              |    9|          2|    1|          2|
    |ap_phi_mux_k13_0_i_phi_fu_660_p4     |    9|          2|    3|          6|
    |ap_phi_mux_k_0_i_phi_fu_649_p4       |    9|          2|    3|          6|
    |ap_phi_mux_p_f_assign_phi_fu_544_p4  |   15|          3|   32|         96|
    |c12_0_i_reg_421                      |    9|          2|    3|          6|
    |c_0_i_reg_410                        |    9|          2|    3|          6|
    |grp_fu_667_opcode                    |   15|          3|    2|          6|
    |grp_fu_667_p0                        |   38|          7|   32|        224|
    |grp_fu_667_p1                        |   38|          7|   32|        224|
    |grp_fu_671_p0                        |   33|          6|   32|        192|
    |grp_fu_671_p1                        |   38|          7|   32|        224|
    |grp_fu_677_opcode                    |   15|          3|    2|          6|
    |grp_fu_677_p0                        |   33|          6|   32|        192|
    |grp_fu_677_p1                        |   33|          6|   32|        192|
    |grp_fu_689_p0                        |   47|         10|   32|        320|
    |grp_fu_689_p1                        |   53|         12|   32|        384|
    |grp_fu_693_p0                        |   38|          7|   32|        224|
    |grp_fu_693_p1                        |   44|          9|   32|        288|
    |grp_fu_697_p0                        |   38|          7|   32|        224|
    |grp_fu_697_p1                        |   47|         10|   32|        320|
    |grp_fu_705_p0                        |   38|          7|   32|        224|
    |grp_fu_705_p1                        |   44|          9|   32|        288|
    |grp_fu_710_p0                        |   15|          3|   32|         96|
    |grp_fu_761_p0                        |   21|          4|   32|        128|
    |grp_fu_761_p1                        |   21|          4|   32|        128|
    |grp_fu_765_p0                        |   21|          4|   32|        128|
    |grp_fu_765_p1                        |   21|          4|   32|        128|
    |grp_fu_769_p0                        |   15|          3|   32|         96|
    |grp_fu_769_p1                        |   15|          3|   32|         96|
    |grp_fu_778_opcode                    |   15|          3|    5|         15|
    |grp_fu_778_p0                        |   38|          7|   32|        224|
    |grp_fu_778_p1                        |   15|          3|   32|         96|
    |grp_fu_782_opcode                    |   15|          3|    5|         15|
    |grp_fu_782_p0                        |   27|          5|   32|        160|
    |grp_fu_782_p1                        |   21|          4|   32|        128|
    |grp_fu_786_opcode                    |   15|          3|    5|         15|
    |grp_fu_786_p0                        |   15|          3|   32|         96|
    |grp_fu_786_p1                        |   15|          3|   32|         96|
    |grp_fu_790_opcode                    |   15|          3|    5|         15|
    |grp_fu_790_p0                        |   15|          3|   32|         96|
    |grp_fu_790_p1                        |   15|          3|   32|         96|
    |grp_fu_823_p0                        |   15|          3|    2|          6|
    |i_0_i_reg_454                        |    9|          2|    2|          4|
    |indvar_flatten_reg_432               |    9|          2|    4|          8|
    |j_0_i_reg_443                        |    9|          2|    3|          6|
    |k13_0_i_reg_656                      |    9|          2|    3|          6|
    |k_0_i_reg_645                        |    9|          2|    3|          6|
    |mag_M_real_reg_632                   |    9|          2|   32|         64|
    |p_r_M_imag_2_reg_609                 |    9|          2|   32|         64|
    |p_r_M_imag_3_reg_575                 |    9|          2|   32|         64|
    |p_r_M_imag_5_reg_552                 |    9|          2|   32|         64|
    |p_r_M_real_2_reg_620                 |    9|          2|   32|         64|
    |p_r_M_real_3_reg_597                 |    9|          2|   32|         64|
    |p_r_M_real_5_reg_586                 |    9|          2|   32|         64|
    |p_r_M_real_6_reg_563                 |    9|          2|   32|         64|
    |phi_ln459_1_reg_364                  |    9|          2|    2|          4|
    |phi_ln459_reg_352                    |    9|          2|    2|          4|
    |phi_ln460_1_reg_387                  |    9|          2|    2|          4|
    |phi_ln460_reg_375                    |    9|          2|    2|          4|
    |r_0_i_reg_398                        |    9|          2|    3|          6|
    |s_tmp_M_imag_2_reg_530               |    9|          2|   32|         64|
    |s_tmp_M_imag_reg_508                 |    9|          2|   32|         64|
    |sqrt_mag_a_mag_b_reg_465             |    9|          2|   32|         64|
    |tmp_M_imag_3_reg_486                 |    9|          2|   32|         64|
    |tmp_M_real_1_reg_477                 |    9|          2|   32|         64|
    |tmp_M_real_2_reg_497                 |    9|          2|   32|         64|
    |tmp_M_real_reg_519                   |    9|          2|   32|         64|
    +-------------------------------------+-----+-----------+-----+-----------+
    |Total                                | 2350|        489| 1733|       7509|
    +-------------------------------------+-----+-----------+-----+-----------+

    * Register: 
    +---------------------------+-----+----+-----+-----------+
    |            Name           |  FF | LUT| Bits| Const Bits|
    +---------------------------+-----+----+-----+-----------+
    |Qi_M_imag_addr_1_reg_2301  |    4|   0|    4|          0|
    |Qi_M_imag_addr_3_reg_2772  |    4|   0|    4|          0|
    |Qi_M_imag_addr_4_reg_2778  |    4|   0|    4|          0|
    |Qi_M_real_addr_1_reg_2296  |    4|   0|    4|          0|
    |Qi_M_real_addr_3_reg_2761  |    4|   0|    4|          0|
    |Qi_M_real_addr_4_reg_2767  |    4|   0|    4|          0|
    |Ri_M_imag_addr_2_reg_2400  |    4|   0|    4|          0|
    |Ri_M_imag_addr_3_reg_2417  |    4|   0|    4|          0|
    |Ri_M_imag_addr_4_reg_2733  |    4|   0|    4|          0|
    |Ri_M_imag_addr_5_reg_2738  |    4|   0|    4|          0|
    |Ri_M_real_addr_2_reg_2394  |    4|   0|    4|          0|
    |Ri_M_real_addr_3_reg_2412  |    4|   0|    4|          0|
    |Ri_M_real_addr_4_reg_2723  |    4|   0|    4|          0|
    |Ri_M_real_addr_5_reg_2728  |    4|   0|    4|          0|
    |add_ln459_reg_2249         |    2|   0|    2|          0|
    |add_ln460_reg_2265         |    2|   0|    2|          0|
    |add_ln486_reg_2345         |    4|   0|    4|          0|
    |add_ln521_1_reg_2743       |   32|   0|   32|          0|
    |and_ln179_1_reg_2538       |    1|   0|    1|          0|
    |and_ln184_7_reg_2552       |    1|   0|    1|          0|
    |and_ln189_2_reg_2546       |    1|   0|    1|          0|
    |and_ln189_reg_2663         |    1|   0|    1|          0|
    |and_ln201_1_reg_2585       |    1|   0|    1|          0|
    |and_ln201_reg_2683         |    1|   0|    1|          0|
    |ap_CS_fsm                  |  169|   0|  169|          0|
    |ap_done_reg                |    1|   0|    1|          0|
    |ap_enable_reg_pp1_iter0    |    1|   0|    1|          0|
    |ap_enable_reg_pp1_iter1    |    1|   0|    1|          0|
    |ap_enable_reg_pp2_iter0    |    1|   0|    1|          0|
    |ap_enable_reg_pp2_iter1    |    1|   0|    1|          0|
    |ap_enable_reg_pp2_iter2    |    1|   0|    1|          0|
    |ap_enable_reg_pp2_iter3    |    1|   0|    1|          0|
    |ap_enable_reg_pp2_iter4    |    1|   0|    1|          0|
    |ap_enable_reg_pp3_iter0    |    1|   0|    1|          0|
    |ap_enable_reg_pp3_iter1    |    1|   0|    1|          0|
    |ap_enable_reg_pp3_iter2    |    1|   0|    1|          0|
    |ap_enable_reg_pp3_iter3    |    1|   0|    1|          0|
    |ap_enable_reg_pp3_iter4    |    1|   0|    1|          0|
    |c12_0_i_reg_421            |    3|   0|    3|          0|
    |c_0_i_reg_410              |    3|   0|    3|          0|
    |d1_4_reg_2427              |   31|   0|   32|          1|
    |d2_5_reg_2439              |   31|   0|   32|          1|
    |d3_7_reg_2466              |   31|   0|   32|          1|
    |d3_reg_2518                |   31|   0|   32|          1|
    |i_0_i_reg_454              |    2|   0|    2|          0|
    |icmp_ln480_reg_2317        |    1|   0|    1|          0|
    |icmp_ln511_reg_2710        |    1|   0|    1|          0|
    |icmp_ln513_reg_2719        |    1|   0|    1|          0|
    |icmp_ln519_reg_2748        |    1|   0|    1|          0|
    |icmp_ln521_reg_2757        |    1|   0|    1|          0|
    |indvar_flatten_reg_432     |    4|   0|    4|          0|
    |j_0_i_reg_443              |    3|   0|    3|          0|
    |k13_0_i_reg_656            |    3|   0|    3|          0|
    |k_0_i_reg_645              |    3|   0|    3|          0|
    |k_1_reg_2752               |    3|   0|    3|          0|
    |k_reg_2714                 |    3|   0|    3|          0|
    |largest_10_reg_2510        |   31|   0|   32|          1|
    |largest_1_reg_2669         |   31|   0|   32|          1|
    |largest_8_reg_2560         |   31|   0|   32|          1|
    |largest_9_reg_2452         |   31|   0|   32|          1|
    |mag_M_real_reg_632         |   32|   0|   32|          0|
    |or_ln179_1_reg_2486        |    1|   0|    1|          0|
    |or_ln179_2_reg_2494        |    1|   0|    1|          0|
    |or_ln179_3_reg_2502        |    1|   0|    1|          0|
    |or_ln179_reg_2478          |    1|   0|    1|          0|
    |or_ln189_1_reg_2532        |    1|   0|    1|          0|
    |or_ln189_reg_2526          |    1|   0|    1|          0|
    |p_Val2_39_reg_2422         |   32|   0|   32|          0|
    |p_r_M_imag_2_reg_609       |   32|   0|   32|          0|
    |p_r_M_imag_3_reg_575       |   32|   0|   32|          0|
    |p_r_M_imag_5_reg_552       |   32|   0|   32|          0|
    |p_r_M_real_2_reg_620       |   32|   0|   32|          0|
    |p_r_M_real_3_reg_597       |   32|   0|   32|          0|
    |p_r_M_real_5_reg_586       |   32|   0|   32|          0|
    |p_r_M_real_6_reg_563       |   32|   0|   32|          0|
    |p_t_imag_2_reg_2789        |   32|   0|   32|          0|
    |p_t_imag_3_reg_2801        |   32|   0|   32|          0|
    |p_t_real_2_reg_2783        |   32|   0|   32|          0|
    |p_t_real_3_reg_2795        |   32|   0|   32|          0|
    |phi_ln459_1_reg_364        |    2|   0|    2|          0|
    |phi_ln459_reg_352          |    2|   0|    2|          0|
    |phi_ln460_1_reg_387        |    2|   0|    2|          0|
    |phi_ln460_reg_375          |    2|   0|    2|          0|
    |r_0_i_reg_398              |    3|   0|    3|          0|
    |r_reg_2285                 |    3|   0|    3|          0|
    |reg_1003                   |   32|   0|   32|          0|
    |reg_1008                   |   32|   0|   32|          0|
    |reg_1013                   |   32|   0|   32|          0|
    |reg_1018                   |   32|   0|   32|          0|
    |reg_1023                   |   32|   0|   32|          0|
    |reg_828                    |   32|   0|   32|          0|
    |reg_836                    |   32|   0|   32|          0|
    |reg_844                    |   32|   0|   32|          0|
    |reg_854                    |   32|   0|   32|          0|
    |reg_864                    |   32|   0|   32|          0|
    |reg_870                    |   32|   0|   32|          0|
    |reg_876                    |   32|   0|   32|          0|
    |reg_882                    |   32|   0|   32|          0|
    |reg_888                    |   32|   0|   32|          0|
    |reg_894                    |   32|   0|   32|          0|
    |reg_902                    |   32|   0|   32|          0|
    |reg_912                    |   32|   0|   32|          0|
    |reg_918                    |   32|   0|   32|          0|
    |reg_923                    |   32|   0|   32|          0|
    |reg_933                    |   32|   0|   32|          0|
    |reg_938                    |   32|   0|   32|          0|
    |reg_943                    |   32|   0|   32|          0|
    |reg_948                    |   32|   0|   32|          0|
    |reg_953                    |   32|   0|   32|          0|
    |reg_958                    |   32|   0|   32|          0|
    |reg_963                    |   32|   0|   32|          0|
    |reg_968                    |   32|   0|   32|          0|
    |reg_973                    |   32|   0|   32|          0|
    |reg_978                    |   32|   0|   32|          0|
    |reg_983                    |   32|   0|   32|          0|
    |reg_988                    |   32|   0|   32|          0|
    |reg_993                    |   32|   0|   32|          0|
    |reg_998                    |   32|   0|   32|          0|
    |s_tmp_M_imag_2_reg_530     |   32|   0|   32|          0|
    |s_tmp_M_imag_reg_508       |   32|   0|   32|          0|
    |select_ln486_1_reg_2355    |    1|   0|    1|          0|
    |select_ln486_3_reg_2364    |    3|   0|    3|          0|
    |select_ln486_4_reg_2369    |    3|   0|    3|          0|
    |select_ln486_reg_2350      |    2|   0|    2|          0|
    |sqrt_mag_a_mag_b_reg_465   |   32|   0|   32|          0|
    |tmp_2_i_i2_reg_2633        |   32|   0|   32|          0|
    |tmp_5_i_i2_reg_2623        |   32|   0|   32|          0|
    |tmp_6_i_i2_reg_2628        |   32|   0|   32|          0|
    |tmp_7_i_i2_reg_2638        |   32|   0|   32|          0|
    |tmp_M_imag_3_reg_486       |   32|   0|   32|          0|
    |tmp_M_real_1_reg_477       |   32|   0|   32|          0|
    |tmp_M_real_2_reg_497       |   32|   0|   32|          0|
    |tmp_M_real_reg_519         |   32|   0|   32|          0|
    |tmp_i_i1_reg_2613          |   32|   0|   32|          0|
    |tmp_i_i2_reg_2618          |   32|   0|   32|          0|
    |tmp_i_i7_reg_2687          |   32|   0|   32|          0|
    |tmp_i_i_reg_2595           |   32|   0|   32|          0|
    |x3_1_reg_2589              |   32|   0|   32|          0|
    |xor_ln486_reg_2374         |   32|   0|   32|          0|
    |zext_ln1067_1_reg_2290     |    3|   0|    6|          3|
    |zext_ln482_1_reg_2326      |    6|   0|   64|         58|
    |zext_ln486_reg_2359        |    1|   0|    3|          2|
    |zext_ln498_reg_2379        |    2|   0|    3|          1|
    |zext_ln503_2_reg_2406      |    2|   0|    5|          3|
    |zext_ln503_reg_2388        |    2|   0|    5|          3|
    |Qi_M_imag_addr_3_reg_2772  |   64|  32|    4|          0|
    |Qi_M_imag_addr_4_reg_2778  |   64|  32|    4|          0|
    |Qi_M_real_addr_3_reg_2761  |   64|  32|    4|          0|
    |Qi_M_real_addr_4_reg_2767  |   64|  32|    4|          0|
    |Ri_M_imag_addr_4_reg_2733  |   64|  32|    4|          0|
    |Ri_M_imag_addr_5_reg_2738  |   64|  32|    4|          0|
    |Ri_M_real_addr_4_reg_2723  |   64|  32|    4|          0|
    |Ri_M_real_addr_5_reg_2728  |   64|  32|    4|          0|
    |icmp_ln513_reg_2719        |   64|  32|    1|          0|
    |icmp_ln521_reg_2757        |   64|  32|    1|          0|
    +---------------------------+-----+----+-----+-----------+
    |Total                      | 3265| 320| 2737|         78|
    +---------------------------+-----+----+-----+-----------+



================================================================
== Interface
================================================================
* Summary: 
+--------------------+-----+-----+------------+----------------------+--------------+
|      RTL Ports     | Dir | Bits|  Protocol  |     Source Object    |    C Type    |
+--------------------+-----+-----+------------+----------------------+--------------+
|ap_clk              |  in |    1| ap_ctrl_hs | qrf_top_Loop_1_proc3 | return value |
|ap_rst              |  in |    1| ap_ctrl_hs | qrf_top_Loop_1_proc3 | return value |
|ap_start            |  in |    1| ap_ctrl_hs | qrf_top_Loop_1_proc3 | return value |
|ap_done             | out |    1| ap_ctrl_hs | qrf_top_Loop_1_proc3 | return value |
|ap_continue         |  in |    1| ap_ctrl_hs | qrf_top_Loop_1_proc3 | return value |
|ap_idle             | out |    1| ap_ctrl_hs | qrf_top_Loop_1_proc3 | return value |
|ap_ready            | out |    1| ap_ctrl_hs | qrf_top_Loop_1_proc3 | return value |
|Qi_M_real_address0  | out |    4|  ap_memory |       Qi_M_real      |     array    |
|Qi_M_real_ce0       | out |    1|  ap_memory |       Qi_M_real      |     array    |
|Qi_M_real_we0       | out |    1|  ap_memory |       Qi_M_real      |     array    |
|Qi_M_real_d0        | out |   32|  ap_memory |       Qi_M_real      |     array    |
|Qi_M_real_q0        |  in |   32|  ap_memory |       Qi_M_real      |     array    |
|Qi_M_real_address1  | out |    4|  ap_memory |       Qi_M_real      |     array    |
|Qi_M_real_ce1       | out |    1|  ap_memory |       Qi_M_real      |     array    |
|Qi_M_real_we1       | out |    1|  ap_memory |       Qi_M_real      |     array    |
|Qi_M_real_d1        | out |   32|  ap_memory |       Qi_M_real      |     array    |
|Qi_M_real_q1        |  in |   32|  ap_memory |       Qi_M_real      |     array    |
|Qi_M_imag_address0  | out |    4|  ap_memory |       Qi_M_imag      |     array    |
|Qi_M_imag_ce0       | out |    1|  ap_memory |       Qi_M_imag      |     array    |
|Qi_M_imag_we0       | out |    1|  ap_memory |       Qi_M_imag      |     array    |
|Qi_M_imag_d0        | out |   32|  ap_memory |       Qi_M_imag      |     array    |
|Qi_M_imag_q0        |  in |   32|  ap_memory |       Qi_M_imag      |     array    |
|Qi_M_imag_address1  | out |    4|  ap_memory |       Qi_M_imag      |     array    |
|Qi_M_imag_ce1       | out |    1|  ap_memory |       Qi_M_imag      |     array    |
|Qi_M_imag_we1       | out |    1|  ap_memory |       Qi_M_imag      |     array    |
|Qi_M_imag_d1        | out |   32|  ap_memory |       Qi_M_imag      |     array    |
|Qi_M_imag_q1        |  in |   32|  ap_memory |       Qi_M_imag      |     array    |
|Ri_M_real_address0  | out |    4|  ap_memory |       Ri_M_real      |     array    |
|Ri_M_real_ce0       | out |    1|  ap_memory |       Ri_M_real      |     array    |
|Ri_M_real_we0       | out |    1|  ap_memory |       Ri_M_real      |     array    |
|Ri_M_real_d0        | out |   32|  ap_memory |       Ri_M_real      |     array    |
|Ri_M_real_q0        |  in |   32|  ap_memory |       Ri_M_real      |     array    |
|Ri_M_real_address1  | out |    4|  ap_memory |       Ri_M_real      |     array    |
|Ri_M_real_ce1       | out |    1|  ap_memory |       Ri_M_real      |     array    |
|Ri_M_real_we1       | out |    1|  ap_memory |       Ri_M_real      |     array    |
|Ri_M_real_d1        | out |   32|  ap_memory |       Ri_M_real      |     array    |
|Ri_M_real_q1        |  in |   32|  ap_memory |       Ri_M_real      |     array    |
|Ri_M_imag_address0  | out |    4|  ap_memory |       Ri_M_imag      |     array    |
|Ri_M_imag_ce0       | out |    1|  ap_memory |       Ri_M_imag      |     array    |
|Ri_M_imag_we0       | out |    1|  ap_memory |       Ri_M_imag      |     array    |
|Ri_M_imag_d0        | out |   32|  ap_memory |       Ri_M_imag      |     array    |
|Ri_M_imag_q0        |  in |   32|  ap_memory |       Ri_M_imag      |     array    |
|Ri_M_imag_address1  | out |    4|  ap_memory |       Ri_M_imag      |     array    |
|Ri_M_imag_ce1       | out |    1|  ap_memory |       Ri_M_imag      |     array    |
|Ri_M_imag_we1       | out |    1|  ap_memory |       Ri_M_imag      |     array    |
|Ri_M_imag_d1        | out |   32|  ap_memory |       Ri_M_imag      |     array    |
|Ri_M_imag_q1        |  in |   32|  ap_memory |       Ri_M_imag      |     array    |
|A_M_real_address0   | out |    4|  ap_memory |       A_M_real       |     array    |
|A_M_real_ce0        | out |    1|  ap_memory |       A_M_real       |     array    |
|A_M_real_q0         |  in |   32|  ap_memory |       A_M_real       |     array    |
|A_M_imag_address0   | out |    4|  ap_memory |       A_M_imag       |     array    |
|A_M_imag_ce0        | out |    1|  ap_memory |       A_M_imag       |     array    |
|A_M_imag_q0         |  in |   32|  ap_memory |       A_M_imag       |     array    |
+--------------------+-----+-----+------------+----------------------+--------------+

