

================================================================
== Vivado HLS Report for 'fft_stage_126'
================================================================
* Date:           Sat Aug  1 17:57:54 2020

* Version:        2019.1 (Build 2552052 on Fri May 24 15:28:33 MDT 2019)
* Project:        hls_proj
* Solution:       solution7
* Product family: zynq
* Target device:  xc7z020-clg400-1


================================================================
== Performance Estimates
================================================================
+ Timing (ns): 
    * Summary: 
    +--------+-------+----------+------------+
    |  Clock | Target| Estimated| Uncertainty|
    +--------+-------+----------+------------+
    |ap_clk  |  10.00|     7.775|        1.25|
    +--------+-------+----------+------------+

+ Latency (clock cycles): 
    * Summary: 
    +------+------+------+------+---------+
    |   Latency   |   Interval  | Pipeline|
    |  min |  max |  min |  max |   Type  |
    +------+------+------+------+---------+
    |  1041|  1041|  1041|  1041|   none  |
    +------+------+------+------+---------+

    + Detail: 
        * Instance: 
        N/A

        * Loop: 
        +---------------------------+------+------+----------+-----------+-----------+------+----------+
        |                           |   Latency   | Iteration|  Initiation Interval  | Trip |          |
        |         Loop Name         |  min |  max |  Latency |  achieved |   target  | Count| Pipelined|
        +---------------------------+------+------+----------+-----------+-----------+------+----------+
        |- butterfly_loop_dft_loop  |  1039|  1039|        18|          2|          2|   512|    yes   |
        +---------------------------+------+------+----------+-----------+-----------+------+----------+

============================================================
+ Verbose Summary: Synthesis Manager
============================================================
InlineROM: 1
ExposeGlobal: 0
============================================================
+ Verbose Summary: CDFG Model
============================================================
IsTopModel: 0
ResetActiveHigh: 1
IsCombinational: 2
IsDatapathOnly: 0
HasWiredReturn: 1
HasMFsm: 0
HasVarLatency: 1
IsPipeline: 0
IsRtlPipelined: 0
IsInstanceOverlapped: 0
IsDontTouch: 0
HasImplIP: 0
IsGatedGlobalClock: 0

+ Individual pipeline summary: 
  * Pipeline-0: initiation interval (II) = 2, depth = 18


============================================================
+ Verbose Summary: Schedule
============================================================
* Number of FSM states : 20
* Pipeline : 1
  Pipeline-0 : II = 2, D = 18, States = { 2 3 4 5 6 7 8 9 10 11 12 13 14 15 16 17 18 19 }
* Dataflow Pipeline: 0

* FSM state transitions: 
1 --> 2 
2 --> 20 3 
3 --> 4 
4 --> 5 
5 --> 6 
6 --> 7 
7 --> 8 
8 --> 9 
9 --> 10 
10 --> 11 
11 --> 12 
12 --> 13 
13 --> 14 
14 --> 15 
15 --> 16 
16 --> 17 
17 --> 18 
18 --> 19 
19 --> 2 
20 --> 

* FSM state operations: 

State 1 <SV = 0> <Delay = 1.76>
ST_1 : Operation 21 [1/1] (1.76ns)   --->   "br label %1" [src/music.cpp:181]   --->   Operation 21 'br' <Predicate = true> <Delay = 1.76>

State 2 <SV = 1> <Delay = 7.77>
ST_2 : Operation 22 [1/1] (0.00ns)   --->   "%indvar_flatten = phi i10 [ 0, %0 ], [ %add_ln181, %dft_loop ]" [src/music.cpp:181]   --->   Operation 22 'phi' 'indvar_flatten' <Predicate = true> <Delay = 0.00>
ST_2 : Operation 23 [1/1] (0.00ns)   --->   "%j_0 = phi i9 [ 0, %0 ], [ %select_ln181, %dft_loop ]" [src/music.cpp:181]   --->   Operation 23 'phi' 'j_0' <Predicate = true> <Delay = 0.00>
ST_2 : Operation 24 [1/1] (0.00ns)   --->   "%t_0 = phi i2 [ 0, %0 ], [ %t, %dft_loop ]"   --->   Operation 24 'phi' 't_0' <Predicate = true> <Delay = 0.00>
ST_2 : Operation 25 [1/1] (1.77ns)   --->   "%icmp_ln181 = icmp eq i10 %indvar_flatten, -512" [src/music.cpp:181]   --->   Operation 25 'icmp' 'icmp_ln181' <Predicate = true> <Delay = 1.77> <Core = "Cmp">   --->   Core 25 'Cmp' <Latency = 0> <II = 1> <Delay = 0.95> <FuncUnit> <Opcode : 'icmp'> <InPorts = 2> <OutPorts = 1>
ST_2 : Operation 26 [1/1] (1.73ns)   --->   "%add_ln181 = add i10 %indvar_flatten, 1" [src/music.cpp:181]   --->   Operation 26 'add' 'add_ln181' <Predicate = true> <Delay = 1.73> <Core = "AddSub">   --->   Core 14 'AddSub' <Latency = 0> <II = 1> <Delay = 1.56> <FuncUnit> <Opcode : 'add' 'sub'> <InPorts = 2> <OutPorts = 1>
ST_2 : Operation 27 [1/1] (0.00ns)   --->   "br i1 %icmp_ln181, label %2, label %dft_loop" [src/music.cpp:181]   --->   Operation 27 'br' <Predicate = true> <Delay = 0.00>
ST_2 : Operation 28 [1/1] (1.82ns)   --->   "%j = add i9 1, %j_0" [src/music.cpp:181]   --->   Operation 28 'add' 'j' <Predicate = (!icmp_ln181)> <Delay = 1.82> <Core = "AddSub">   --->   Core 14 'AddSub' <Latency = 0> <II = 1> <Delay = 1.56> <FuncUnit> <Opcode : 'add' 'sub'> <InPorts = 2> <OutPorts = 1>
ST_2 : Operation 29 [1/1] (0.95ns)   --->   "%icmp_ln184 = icmp eq i2 %t_0, -2" [src/music.cpp:184]   --->   Operation 29 'icmp' 'icmp_ln184' <Predicate = (!icmp_ln181)> <Delay = 0.95> <Core = "Cmp">   --->   Core 25 'Cmp' <Latency = 0> <II = 1> <Delay = 0.95> <FuncUnit> <Opcode : 'icmp'> <InPorts = 2> <OutPorts = 1>
ST_2 : Operation 30 [1/1] (0.99ns)   --->   "%select_ln190 = select i1 %icmp_ln184, i2 0, i2 %t_0" [src/music.cpp:190]   --->   Operation 30 'select' 'select_ln190' <Predicate = (!icmp_ln181)> <Delay = 0.99> <Core = "Sel">   --->   Core 26 'Sel' <Latency = 0> <II = 1> <Delay = 0.96> <FuncUnit> <Opcode : 'select'> <InPorts = 3> <OutPorts = 1>
ST_2 : Operation 31 [1/1] (0.00ns)   --->   "%trunc_ln190 = trunc i9 %j to i8" [src/music.cpp:190]   --->   Operation 31 'trunc' 'trunc_ln190' <Predicate = (!icmp_ln181)> <Delay = 0.00>
ST_2 : Operation 32 [1/1] (0.00ns)   --->   "%trunc_ln190_1 = trunc i9 %j_0 to i8" [src/music.cpp:190]   --->   Operation 32 'trunc' 'trunc_ln190_1' <Predicate = (!icmp_ln181)> <Delay = 0.00>
ST_2 : Operation 33 [1/1] (1.24ns)   --->   "%select_ln190_2 = select i1 %icmp_ln184, i8 %trunc_ln190, i8 %trunc_ln190_1" [src/music.cpp:190]   --->   Operation 33 'select' 'select_ln190_2' <Predicate = (!icmp_ln181)> <Delay = 1.24> <Core = "Sel">   --->   Core 26 'Sel' <Latency = 0> <II = 1> <Delay = 0.96> <FuncUnit> <Opcode : 'select'> <InPorts = 3> <OutPorts = 1>
ST_2 : Operation 34 [1/1] (0.00ns)   --->   "%select_ln190_1_v = call i9 @_ssdm_op_BitConcatenate.i9.i8.i1(i8 %select_ln190_2, i1 false)" [src/music.cpp:190]   --->   Operation 34 'bitconcatenate' 'select_ln190_1_v' <Predicate = (!icmp_ln181)> <Delay = 0.00>
ST_2 : Operation 35 [1/1] (0.00ns)   --->   "%zext_ln190 = zext i9 %select_ln190_1_v to i64" [src/music.cpp:190]   --->   Operation 35 'zext' 'zext_ln190' <Predicate = (!icmp_ln181)> <Delay = 0.00>
ST_2 : Operation 36 [1/1] (0.00ns)   --->   "%W_real_addr = getelementptr [512 x float]* @W_real, i64 0, i64 %zext_ln190" [src/music.cpp:191]   --->   Operation 36 'getelementptr' 'W_real_addr' <Predicate = (!icmp_ln181)> <Delay = 0.00>
ST_2 : Operation 37 [2/2] (3.25ns)   --->   "%W_real_load = load float* %W_real_addr, align 8" [src/music.cpp:190]   --->   Operation 37 'load' 'W_real_load' <Predicate = (!icmp_ln181)> <Delay = 3.25> <Core = "ROM_nP">   --->   Core 52 'ROM_nP' <Latency = 1> <II = 1> <Delay = 3.25> <Storage> <Opcode : 'load'> <Ports = 0> <Width = 32> <Depth = 512> <ROM>
ST_2 : Operation 38 [1/1] (0.00ns)   --->   "%W_imag_addr = getelementptr [512 x float]* @W_imag, i64 0, i64 %zext_ln190" [src/music.cpp:192]   --->   Operation 38 'getelementptr' 'W_imag_addr' <Predicate = (!icmp_ln181)> <Delay = 0.00>
ST_2 : Operation 39 [2/2] (3.25ns)   --->   "%W_imag_load = load float* %W_imag_addr, align 8" [src/music.cpp:190]   --->   Operation 39 'load' 'W_imag_load' <Predicate = (!icmp_ln181)> <Delay = 3.25> <Core = "ROM_nP">   --->   Core 52 'ROM_nP' <Latency = 1> <II = 1> <Delay = 3.25> <Storage> <Opcode : 'load'> <Ports = 0> <Width = 32> <Depth = 512> <ROM>
ST_2 : Operation 40 [1/1] (0.96ns)   --->   "%select_ln181 = select i1 %icmp_ln184, i9 %j, i9 %j_0" [src/music.cpp:181]   --->   Operation 40 'select' 'select_ln181' <Predicate = (!icmp_ln181)> <Delay = 0.96> <Core = "Sel">   --->   Core 26 'Sel' <Latency = 0> <II = 1> <Delay = 0.96> <FuncUnit> <Opcode : 'select'> <InPorts = 3> <OutPorts = 1>
ST_2 : Operation 41 [1/1] (0.00ns)   --->   "%trunc_ln187 = trunc i2 %select_ln190 to i1" [src/music.cpp:187]   --->   Operation 41 'trunc' 'trunc_ln187' <Predicate = (!icmp_ln181)> <Delay = 0.00>
ST_2 : Operation 42 [1/1] (0.00ns)   --->   "%i = call i10 @_ssdm_op_BitConcatenate.i10.i1.i9(i1 %trunc_ln187, i9 %select_ln181)" [src/music.cpp:187]   --->   Operation 42 'bitconcatenate' 'i' <Predicate = (!icmp_ln181)> <Delay = 0.00>
ST_2 : Operation 43 [1/1] (1.73ns)   --->   "%i_lower = add i10 256, %i" [src/music.cpp:193]   --->   Operation 43 'add' 'i_lower' <Predicate = (!icmp_ln181)> <Delay = 1.73> <Core = "AddSub">   --->   Core 14 'AddSub' <Latency = 0> <II = 1> <Delay = 1.56> <FuncUnit> <Opcode : 'add' 'sub'> <InPorts = 2> <OutPorts = 1>
ST_2 : Operation 44 [1/1] (0.00ns)   --->   "%zext_ln194 = zext i10 %i_lower to i64" [src/music.cpp:194]   --->   Operation 44 'zext' 'zext_ln194' <Predicate = (!icmp_ln181)> <Delay = 0.00>
ST_2 : Operation 45 [1/1] (0.00ns)   --->   "%X_R_addr = getelementptr [1024 x float]* %X_R, i64 0, i64 %zext_ln194" [src/music.cpp:194]   --->   Operation 45 'getelementptr' 'X_R_addr' <Predicate = (!icmp_ln181)> <Delay = 0.00>
ST_2 : Operation 46 [2/2] (3.25ns)   --->   "%X_R_load = load float* %X_R_addr, align 4" [src/music.cpp:194]   --->   Operation 46 'load' 'X_R_load' <Predicate = (!icmp_ln181)> <Delay = 3.25> <Core = "RAM">   --->   Core 37 'RAM' <Latency = 1> <II = 1> <Delay = 3.25> <Storage> <Opcode : 'load' 'store'> <Ports = 2> <Width = 32> <Depth = 1024> <RAM>
ST_2 : Operation 47 [1/1] (0.00ns)   --->   "%X_I_addr = getelementptr [1024 x float]* %X_I, i64 0, i64 %zext_ln194" [src/music.cpp:194]   --->   Operation 47 'getelementptr' 'X_I_addr' <Predicate = (!icmp_ln181)> <Delay = 0.00>
ST_2 : Operation 48 [2/2] (3.25ns)   --->   "%X_I_load = load float* %X_I_addr, align 4" [src/music.cpp:194]   --->   Operation 48 'load' 'X_I_load' <Predicate = (!icmp_ln181)> <Delay = 3.25> <Core = "RAM">   --->   Core 37 'RAM' <Latency = 1> <II = 1> <Delay = 3.25> <Storage> <Opcode : 'load' 'store'> <Ports = 2> <Width = 32> <Depth = 1024> <RAM>

State 3 <SV = 2> <Delay = 3.25>
ST_3 : Operation 49 [1/2] (3.25ns)   --->   "%W_real_load = load float* %W_real_addr, align 8" [src/music.cpp:190]   --->   Operation 49 'load' 'W_real_load' <Predicate = (!icmp_ln181)> <Delay = 3.25> <Core = "ROM_nP">   --->   Core 52 'ROM_nP' <Latency = 1> <II = 1> <Delay = 3.25> <Storage> <Opcode : 'load'> <Ports = 0> <Width = 32> <Depth = 512> <ROM>
ST_3 : Operation 50 [1/2] (3.25ns)   --->   "%W_imag_load = load float* %W_imag_addr, align 8" [src/music.cpp:190]   --->   Operation 50 'load' 'W_imag_load' <Predicate = (!icmp_ln181)> <Delay = 3.25> <Core = "ROM_nP">   --->   Core 52 'ROM_nP' <Latency = 1> <II = 1> <Delay = 3.25> <Storage> <Opcode : 'load'> <Ports = 0> <Width = 32> <Depth = 512> <ROM>
ST_3 : Operation 51 [1/2] (3.25ns)   --->   "%X_R_load = load float* %X_R_addr, align 4" [src/music.cpp:194]   --->   Operation 51 'load' 'X_R_load' <Predicate = (!icmp_ln181)> <Delay = 3.25> <Core = "RAM">   --->   Core 37 'RAM' <Latency = 1> <II = 1> <Delay = 3.25> <Storage> <Opcode : 'load' 'store'> <Ports = 2> <Width = 32> <Depth = 1024> <RAM>
ST_3 : Operation 52 [1/2] (3.25ns)   --->   "%X_I_load = load float* %X_I_addr, align 4" [src/music.cpp:194]   --->   Operation 52 'load' 'X_I_load' <Predicate = (!icmp_ln181)> <Delay = 3.25> <Core = "RAM">   --->   Core 37 'RAM' <Latency = 1> <II = 1> <Delay = 3.25> <Storage> <Opcode : 'load' 'store'> <Ports = 2> <Width = 32> <Depth = 1024> <RAM>
ST_3 : Operation 53 [1/1] (1.56ns)   --->   "%t = add i2 1, %select_ln190" [src/music.cpp:184]   --->   Operation 53 'add' 't' <Predicate = (!icmp_ln181)> <Delay = 1.56> <Core = "AddSub">   --->   Core 14 'AddSub' <Latency = 0> <II = 1> <Delay = 1.56> <FuncUnit> <Opcode : 'add' 'sub'> <InPorts = 2> <OutPorts = 1>

State 4 <SV = 3> <Delay = 5.70>
ST_4 : Operation 54 [4/4] (5.70ns)   --->   "%tmp = fmul float %X_R_load, %W_real_load" [src/music.cpp:194]   --->   Operation 54 'fmul' 'tmp' <Predicate = (!icmp_ln181)> <Delay = 5.70> <Core = "FMul">   --->   Core 106 'FMul' <Latency = 3> <II = 1> <Delay = 5.70> <FuncUnit> <Opcode : 'fmul'> <InPorts = 2> <OutPorts = 1>
ST_4 : Operation 55 [4/4] (5.70ns)   --->   "%tmp_1 = fmul float %X_I_load, %W_imag_load" [src/music.cpp:194]   --->   Operation 55 'fmul' 'tmp_1' <Predicate = (!icmp_ln181)> <Delay = 5.70> <Core = "FMul">   --->   Core 106 'FMul' <Latency = 3> <II = 1> <Delay = 5.70> <FuncUnit> <Opcode : 'fmul'> <InPorts = 2> <OutPorts = 1>

State 5 <SV = 4> <Delay = 5.70>
ST_5 : Operation 56 [3/4] (5.70ns)   --->   "%tmp = fmul float %X_R_load, %W_real_load" [src/music.cpp:194]   --->   Operation 56 'fmul' 'tmp' <Predicate = (!icmp_ln181)> <Delay = 5.70> <Core = "FMul">   --->   Core 106 'FMul' <Latency = 3> <II = 1> <Delay = 5.70> <FuncUnit> <Opcode : 'fmul'> <InPorts = 2> <OutPorts = 1>
ST_5 : Operation 57 [3/4] (5.70ns)   --->   "%tmp_1 = fmul float %X_I_load, %W_imag_load" [src/music.cpp:194]   --->   Operation 57 'fmul' 'tmp_1' <Predicate = (!icmp_ln181)> <Delay = 5.70> <Core = "FMul">   --->   Core 106 'FMul' <Latency = 3> <II = 1> <Delay = 5.70> <FuncUnit> <Opcode : 'fmul'> <InPorts = 2> <OutPorts = 1>
ST_5 : Operation 58 [4/4] (5.70ns)   --->   "%tmp_2 = fmul float %X_I_load, %W_real_load" [src/music.cpp:195]   --->   Operation 58 'fmul' 'tmp_2' <Predicate = (!icmp_ln181)> <Delay = 5.70> <Core = "FMul">   --->   Core 106 'FMul' <Latency = 3> <II = 1> <Delay = 5.70> <FuncUnit> <Opcode : 'fmul'> <InPorts = 2> <OutPorts = 1>
ST_5 : Operation 59 [4/4] (5.70ns)   --->   "%tmp_3 = fmul float %X_R_load, %W_imag_load" [src/music.cpp:195]   --->   Operation 59 'fmul' 'tmp_3' <Predicate = (!icmp_ln181)> <Delay = 5.70> <Core = "FMul">   --->   Core 106 'FMul' <Latency = 3> <II = 1> <Delay = 5.70> <FuncUnit> <Opcode : 'fmul'> <InPorts = 2> <OutPorts = 1>

State 6 <SV = 5> <Delay = 5.70>
ST_6 : Operation 60 [2/4] (5.70ns)   --->   "%tmp = fmul float %X_R_load, %W_real_load" [src/music.cpp:194]   --->   Operation 60 'fmul' 'tmp' <Predicate = (!icmp_ln181)> <Delay = 5.70> <Core = "FMul">   --->   Core 106 'FMul' <Latency = 3> <II = 1> <Delay = 5.70> <FuncUnit> <Opcode : 'fmul'> <InPorts = 2> <OutPorts = 1>
ST_6 : Operation 61 [2/4] (5.70ns)   --->   "%tmp_1 = fmul float %X_I_load, %W_imag_load" [src/music.cpp:194]   --->   Operation 61 'fmul' 'tmp_1' <Predicate = (!icmp_ln181)> <Delay = 5.70> <Core = "FMul">   --->   Core 106 'FMul' <Latency = 3> <II = 1> <Delay = 5.70> <FuncUnit> <Opcode : 'fmul'> <InPorts = 2> <OutPorts = 1>
ST_6 : Operation 62 [3/4] (5.70ns)   --->   "%tmp_2 = fmul float %X_I_load, %W_real_load" [src/music.cpp:195]   --->   Operation 62 'fmul' 'tmp_2' <Predicate = (!icmp_ln181)> <Delay = 5.70> <Core = "FMul">   --->   Core 106 'FMul' <Latency = 3> <II = 1> <Delay = 5.70> <FuncUnit> <Opcode : 'fmul'> <InPorts = 2> <OutPorts = 1>
ST_6 : Operation 63 [3/4] (5.70ns)   --->   "%tmp_3 = fmul float %X_R_load, %W_imag_load" [src/music.cpp:195]   --->   Operation 63 'fmul' 'tmp_3' <Predicate = (!icmp_ln181)> <Delay = 5.70> <Core = "FMul">   --->   Core 106 'FMul' <Latency = 3> <II = 1> <Delay = 5.70> <FuncUnit> <Opcode : 'fmul'> <InPorts = 2> <OutPorts = 1>

State 7 <SV = 6> <Delay = 5.70>
ST_7 : Operation 64 [1/4] (5.70ns)   --->   "%tmp = fmul float %X_R_load, %W_real_load" [src/music.cpp:194]   --->   Operation 64 'fmul' 'tmp' <Predicate = (!icmp_ln181)> <Delay = 5.70> <Core = "FMul">   --->   Core 106 'FMul' <Latency = 3> <II = 1> <Delay = 5.70> <FuncUnit> <Opcode : 'fmul'> <InPorts = 2> <OutPorts = 1>
ST_7 : Operation 65 [1/4] (5.70ns)   --->   "%tmp_1 = fmul float %X_I_load, %W_imag_load" [src/music.cpp:194]   --->   Operation 65 'fmul' 'tmp_1' <Predicate = (!icmp_ln181)> <Delay = 5.70> <Core = "FMul">   --->   Core 106 'FMul' <Latency = 3> <II = 1> <Delay = 5.70> <FuncUnit> <Opcode : 'fmul'> <InPorts = 2> <OutPorts = 1>
ST_7 : Operation 66 [2/4] (5.70ns)   --->   "%tmp_2 = fmul float %X_I_load, %W_real_load" [src/music.cpp:195]   --->   Operation 66 'fmul' 'tmp_2' <Predicate = (!icmp_ln181)> <Delay = 5.70> <Core = "FMul">   --->   Core 106 'FMul' <Latency = 3> <II = 1> <Delay = 5.70> <FuncUnit> <Opcode : 'fmul'> <InPorts = 2> <OutPorts = 1>
ST_7 : Operation 67 [2/4] (5.70ns)   --->   "%tmp_3 = fmul float %X_R_load, %W_imag_load" [src/music.cpp:195]   --->   Operation 67 'fmul' 'tmp_3' <Predicate = (!icmp_ln181)> <Delay = 5.70> <Core = "FMul">   --->   Core 106 'FMul' <Latency = 3> <II = 1> <Delay = 5.70> <FuncUnit> <Opcode : 'fmul'> <InPorts = 2> <OutPorts = 1>

State 8 <SV = 7> <Delay = 7.25>
ST_8 : Operation 68 [5/5] (7.25ns)   --->   "%temp_R = fsub float %tmp, %tmp_1" [src/music.cpp:194]   --->   Operation 68 'fsub' 'temp_R' <Predicate = (!icmp_ln181)> <Delay = 7.25> <Core = "FAddSub">   --->   Core 105 'FAddSub' <Latency = 4> <II = 1> <Delay = 7.25> <FuncUnit> <Opcode : 'fadd' 'fsub'> <InPorts = 2> <OutPorts = 1>
ST_8 : Operation 69 [1/4] (5.70ns)   --->   "%tmp_2 = fmul float %X_I_load, %W_real_load" [src/music.cpp:195]   --->   Operation 69 'fmul' 'tmp_2' <Predicate = (!icmp_ln181)> <Delay = 5.70> <Core = "FMul">   --->   Core 106 'FMul' <Latency = 3> <II = 1> <Delay = 5.70> <FuncUnit> <Opcode : 'fmul'> <InPorts = 2> <OutPorts = 1>
ST_8 : Operation 70 [1/4] (5.70ns)   --->   "%tmp_3 = fmul float %X_R_load, %W_imag_load" [src/music.cpp:195]   --->   Operation 70 'fmul' 'tmp_3' <Predicate = (!icmp_ln181)> <Delay = 5.70> <Core = "FMul">   --->   Core 106 'FMul' <Latency = 3> <II = 1> <Delay = 5.70> <FuncUnit> <Opcode : 'fmul'> <InPorts = 2> <OutPorts = 1>

State 9 <SV = 8> <Delay = 7.25>
ST_9 : Operation 71 [4/5] (7.25ns)   --->   "%temp_R = fsub float %tmp, %tmp_1" [src/music.cpp:194]   --->   Operation 71 'fsub' 'temp_R' <Predicate = (!icmp_ln181)> <Delay = 7.25> <Core = "FAddSub">   --->   Core 105 'FAddSub' <Latency = 4> <II = 1> <Delay = 7.25> <FuncUnit> <Opcode : 'fadd' 'fsub'> <InPorts = 2> <OutPorts = 1>
ST_9 : Operation 72 [5/5] (7.25ns)   --->   "%temp_I = fadd float %tmp_2, %tmp_3" [src/music.cpp:195]   --->   Operation 72 'fadd' 'temp_I' <Predicate = (!icmp_ln181)> <Delay = 7.25> <Core = "FAddSub">   --->   Core 105 'FAddSub' <Latency = 4> <II = 1> <Delay = 7.25> <FuncUnit> <Opcode : 'fadd' 'fsub'> <InPorts = 2> <OutPorts = 1>

State 10 <SV = 9> <Delay = 7.25>
ST_10 : Operation 73 [3/5] (7.25ns)   --->   "%temp_R = fsub float %tmp, %tmp_1" [src/music.cpp:194]   --->   Operation 73 'fsub' 'temp_R' <Predicate = (!icmp_ln181)> <Delay = 7.25> <Core = "FAddSub">   --->   Core 105 'FAddSub' <Latency = 4> <II = 1> <Delay = 7.25> <FuncUnit> <Opcode : 'fadd' 'fsub'> <InPorts = 2> <OutPorts = 1>
ST_10 : Operation 74 [4/5] (7.25ns)   --->   "%temp_I = fadd float %tmp_2, %tmp_3" [src/music.cpp:195]   --->   Operation 74 'fadd' 'temp_I' <Predicate = (!icmp_ln181)> <Delay = 7.25> <Core = "FAddSub">   --->   Core 105 'FAddSub' <Latency = 4> <II = 1> <Delay = 7.25> <FuncUnit> <Opcode : 'fadd' 'fsub'> <InPorts = 2> <OutPorts = 1>
ST_10 : Operation 75 [1/1] (0.00ns)   --->   "%zext_ln196 = zext i10 %i to i64" [src/music.cpp:196]   --->   Operation 75 'zext' 'zext_ln196' <Predicate = (!icmp_ln181)> <Delay = 0.00>
ST_10 : Operation 76 [1/1] (0.00ns)   --->   "%X_R_addr_2 = getelementptr [1024 x float]* %X_R, i64 0, i64 %zext_ln196" [src/music.cpp:196]   --->   Operation 76 'getelementptr' 'X_R_addr_2' <Predicate = (!icmp_ln181)> <Delay = 0.00>
ST_10 : Operation 77 [2/2] (3.25ns)   --->   "%X_R_load_1 = load float* %X_R_addr_2, align 4" [src/music.cpp:196]   --->   Operation 77 'load' 'X_R_load_1' <Predicate = (!icmp_ln181)> <Delay = 3.25> <Core = "RAM">   --->   Core 37 'RAM' <Latency = 1> <II = 1> <Delay = 3.25> <Storage> <Opcode : 'load' 'store'> <Ports = 2> <Width = 32> <Depth = 1024> <RAM>

State 11 <SV = 10> <Delay = 7.25>
ST_11 : Operation 78 [2/5] (7.25ns)   --->   "%temp_R = fsub float %tmp, %tmp_1" [src/music.cpp:194]   --->   Operation 78 'fsub' 'temp_R' <Predicate = (!icmp_ln181)> <Delay = 7.25> <Core = "FAddSub">   --->   Core 105 'FAddSub' <Latency = 4> <II = 1> <Delay = 7.25> <FuncUnit> <Opcode : 'fadd' 'fsub'> <InPorts = 2> <OutPorts = 1>
ST_11 : Operation 79 [3/5] (7.25ns)   --->   "%temp_I = fadd float %tmp_2, %tmp_3" [src/music.cpp:195]   --->   Operation 79 'fadd' 'temp_I' <Predicate = (!icmp_ln181)> <Delay = 7.25> <Core = "FAddSub">   --->   Core 105 'FAddSub' <Latency = 4> <II = 1> <Delay = 7.25> <FuncUnit> <Opcode : 'fadd' 'fsub'> <InPorts = 2> <OutPorts = 1>
ST_11 : Operation 80 [1/2] (3.25ns)   --->   "%X_R_load_1 = load float* %X_R_addr_2, align 4" [src/music.cpp:196]   --->   Operation 80 'load' 'X_R_load_1' <Predicate = (!icmp_ln181)> <Delay = 3.25> <Core = "RAM">   --->   Core 37 'RAM' <Latency = 1> <II = 1> <Delay = 3.25> <Storage> <Opcode : 'load' 'store'> <Ports = 2> <Width = 32> <Depth = 1024> <RAM>

State 12 <SV = 11> <Delay = 7.25>
ST_12 : Operation 81 [1/5] (7.25ns)   --->   "%temp_R = fsub float %tmp, %tmp_1" [src/music.cpp:194]   --->   Operation 81 'fsub' 'temp_R' <Predicate = (!icmp_ln181)> <Delay = 7.25> <Core = "FAddSub">   --->   Core 105 'FAddSub' <Latency = 4> <II = 1> <Delay = 7.25> <FuncUnit> <Opcode : 'fadd' 'fsub'> <InPorts = 2> <OutPorts = 1>
ST_12 : Operation 82 [2/5] (7.25ns)   --->   "%temp_I = fadd float %tmp_2, %tmp_3" [src/music.cpp:195]   --->   Operation 82 'fadd' 'temp_I' <Predicate = (!icmp_ln181)> <Delay = 7.25> <Core = "FAddSub">   --->   Core 105 'FAddSub' <Latency = 4> <II = 1> <Delay = 7.25> <FuncUnit> <Opcode : 'fadd' 'fsub'> <InPorts = 2> <OutPorts = 1>
ST_12 : Operation 83 [1/1] (0.00ns)   --->   "%X_I_addr_2 = getelementptr [1024 x float]* %X_I, i64 0, i64 %zext_ln196" [src/music.cpp:197]   --->   Operation 83 'getelementptr' 'X_I_addr_2' <Predicate = (!icmp_ln181)> <Delay = 0.00>
ST_12 : Operation 84 [2/2] (3.25ns)   --->   "%X_I_load_1 = load float* %X_I_addr_2, align 4" [src/music.cpp:197]   --->   Operation 84 'load' 'X_I_load_1' <Predicate = (!icmp_ln181)> <Delay = 3.25> <Core = "RAM">   --->   Core 37 'RAM' <Latency = 1> <II = 1> <Delay = 3.25> <Storage> <Opcode : 'load' 'store'> <Ports = 2> <Width = 32> <Depth = 1024> <RAM>

State 13 <SV = 12> <Delay = 7.25>
ST_13 : Operation 85 [1/5] (7.25ns)   --->   "%temp_I = fadd float %tmp_2, %tmp_3" [src/music.cpp:195]   --->   Operation 85 'fadd' 'temp_I' <Predicate = (!icmp_ln181)> <Delay = 7.25> <Core = "FAddSub">   --->   Core 105 'FAddSub' <Latency = 4> <II = 1> <Delay = 7.25> <FuncUnit> <Opcode : 'fadd' 'fsub'> <InPorts = 2> <OutPorts = 1>
ST_13 : Operation 86 [5/5] (7.25ns)   --->   "%tmp_4 = fsub float %X_R_load_1, %temp_R" [src/music.cpp:196]   --->   Operation 86 'fsub' 'tmp_4' <Predicate = (!icmp_ln181)> <Delay = 7.25> <Core = "FAddSub">   --->   Core 105 'FAddSub' <Latency = 4> <II = 1> <Delay = 7.25> <FuncUnit> <Opcode : 'fadd' 'fsub'> <InPorts = 2> <OutPorts = 1>
ST_13 : Operation 87 [1/2] (3.25ns)   --->   "%X_I_load_1 = load float* %X_I_addr_2, align 4" [src/music.cpp:197]   --->   Operation 87 'load' 'X_I_load_1' <Predicate = (!icmp_ln181)> <Delay = 3.25> <Core = "RAM">   --->   Core 37 'RAM' <Latency = 1> <II = 1> <Delay = 3.25> <Storage> <Opcode : 'load' 'store'> <Ports = 2> <Width = 32> <Depth = 1024> <RAM>
ST_13 : Operation 88 [5/5] (7.25ns)   --->   "%tmp_6 = fadd float %X_R_load_1, %temp_R" [src/music.cpp:198]   --->   Operation 88 'fadd' 'tmp_6' <Predicate = (!icmp_ln181)> <Delay = 7.25> <Core = "FAddSub">   --->   Core 105 'FAddSub' <Latency = 4> <II = 1> <Delay = 7.25> <FuncUnit> <Opcode : 'fadd' 'fsub'> <InPorts = 2> <OutPorts = 1>

State 14 <SV = 13> <Delay = 7.25>
ST_14 : Operation 89 [4/5] (7.25ns)   --->   "%tmp_4 = fsub float %X_R_load_1, %temp_R" [src/music.cpp:196]   --->   Operation 89 'fsub' 'tmp_4' <Predicate = (!icmp_ln181)> <Delay = 7.25> <Core = "FAddSub">   --->   Core 105 'FAddSub' <Latency = 4> <II = 1> <Delay = 7.25> <FuncUnit> <Opcode : 'fadd' 'fsub'> <InPorts = 2> <OutPorts = 1>
ST_14 : Operation 90 [5/5] (7.25ns)   --->   "%tmp_5 = fsub float %X_I_load_1, %temp_I" [src/music.cpp:197]   --->   Operation 90 'fsub' 'tmp_5' <Predicate = (!icmp_ln181)> <Delay = 7.25> <Core = "FAddSub">   --->   Core 105 'FAddSub' <Latency = 4> <II = 1> <Delay = 7.25> <FuncUnit> <Opcode : 'fadd' 'fsub'> <InPorts = 2> <OutPorts = 1>
ST_14 : Operation 91 [4/5] (7.25ns)   --->   "%tmp_6 = fadd float %X_R_load_1, %temp_R" [src/music.cpp:198]   --->   Operation 91 'fadd' 'tmp_6' <Predicate = (!icmp_ln181)> <Delay = 7.25> <Core = "FAddSub">   --->   Core 105 'FAddSub' <Latency = 4> <II = 1> <Delay = 7.25> <FuncUnit> <Opcode : 'fadd' 'fsub'> <InPorts = 2> <OutPorts = 1>
ST_14 : Operation 92 [5/5] (7.25ns)   --->   "%tmp_7 = fadd float %X_I_load_1, %temp_I" [src/music.cpp:199]   --->   Operation 92 'fadd' 'tmp_7' <Predicate = (!icmp_ln181)> <Delay = 7.25> <Core = "FAddSub">   --->   Core 105 'FAddSub' <Latency = 4> <II = 1> <Delay = 7.25> <FuncUnit> <Opcode : 'fadd' 'fsub'> <InPorts = 2> <OutPorts = 1>

State 15 <SV = 14> <Delay = 7.25>
ST_15 : Operation 93 [3/5] (7.25ns)   --->   "%tmp_4 = fsub float %X_R_load_1, %temp_R" [src/music.cpp:196]   --->   Operation 93 'fsub' 'tmp_4' <Predicate = (!icmp_ln181)> <Delay = 7.25> <Core = "FAddSub">   --->   Core 105 'FAddSub' <Latency = 4> <II = 1> <Delay = 7.25> <FuncUnit> <Opcode : 'fadd' 'fsub'> <InPorts = 2> <OutPorts = 1>
ST_15 : Operation 94 [4/5] (7.25ns)   --->   "%tmp_5 = fsub float %X_I_load_1, %temp_I" [src/music.cpp:197]   --->   Operation 94 'fsub' 'tmp_5' <Predicate = (!icmp_ln181)> <Delay = 7.25> <Core = "FAddSub">   --->   Core 105 'FAddSub' <Latency = 4> <II = 1> <Delay = 7.25> <FuncUnit> <Opcode : 'fadd' 'fsub'> <InPorts = 2> <OutPorts = 1>
ST_15 : Operation 95 [3/5] (7.25ns)   --->   "%tmp_6 = fadd float %X_R_load_1, %temp_R" [src/music.cpp:198]   --->   Operation 95 'fadd' 'tmp_6' <Predicate = (!icmp_ln181)> <Delay = 7.25> <Core = "FAddSub">   --->   Core 105 'FAddSub' <Latency = 4> <II = 1> <Delay = 7.25> <FuncUnit> <Opcode : 'fadd' 'fsub'> <InPorts = 2> <OutPorts = 1>
ST_15 : Operation 96 [4/5] (7.25ns)   --->   "%tmp_7 = fadd float %X_I_load_1, %temp_I" [src/music.cpp:199]   --->   Operation 96 'fadd' 'tmp_7' <Predicate = (!icmp_ln181)> <Delay = 7.25> <Core = "FAddSub">   --->   Core 105 'FAddSub' <Latency = 4> <II = 1> <Delay = 7.25> <FuncUnit> <Opcode : 'fadd' 'fsub'> <InPorts = 2> <OutPorts = 1>

State 16 <SV = 15> <Delay = 7.25>
ST_16 : Operation 97 [2/5] (7.25ns)   --->   "%tmp_4 = fsub float %X_R_load_1, %temp_R" [src/music.cpp:196]   --->   Operation 97 'fsub' 'tmp_4' <Predicate = (!icmp_ln181)> <Delay = 7.25> <Core = "FAddSub">   --->   Core 105 'FAddSub' <Latency = 4> <II = 1> <Delay = 7.25> <FuncUnit> <Opcode : 'fadd' 'fsub'> <InPorts = 2> <OutPorts = 1>
ST_16 : Operation 98 [3/5] (7.25ns)   --->   "%tmp_5 = fsub float %X_I_load_1, %temp_I" [src/music.cpp:197]   --->   Operation 98 'fsub' 'tmp_5' <Predicate = (!icmp_ln181)> <Delay = 7.25> <Core = "FAddSub">   --->   Core 105 'FAddSub' <Latency = 4> <II = 1> <Delay = 7.25> <FuncUnit> <Opcode : 'fadd' 'fsub'> <InPorts = 2> <OutPorts = 1>
ST_16 : Operation 99 [2/5] (7.25ns)   --->   "%tmp_6 = fadd float %X_R_load_1, %temp_R" [src/music.cpp:198]   --->   Operation 99 'fadd' 'tmp_6' <Predicate = (!icmp_ln181)> <Delay = 7.25> <Core = "FAddSub">   --->   Core 105 'FAddSub' <Latency = 4> <II = 1> <Delay = 7.25> <FuncUnit> <Opcode : 'fadd' 'fsub'> <InPorts = 2> <OutPorts = 1>
ST_16 : Operation 100 [3/5] (7.25ns)   --->   "%tmp_7 = fadd float %X_I_load_1, %temp_I" [src/music.cpp:199]   --->   Operation 100 'fadd' 'tmp_7' <Predicate = (!icmp_ln181)> <Delay = 7.25> <Core = "FAddSub">   --->   Core 105 'FAddSub' <Latency = 4> <II = 1> <Delay = 7.25> <FuncUnit> <Opcode : 'fadd' 'fsub'> <InPorts = 2> <OutPorts = 1>

State 17 <SV = 16> <Delay = 7.25>
ST_17 : Operation 101 [1/5] (7.25ns)   --->   "%tmp_4 = fsub float %X_R_load_1, %temp_R" [src/music.cpp:196]   --->   Operation 101 'fsub' 'tmp_4' <Predicate = (!icmp_ln181)> <Delay = 7.25> <Core = "FAddSub">   --->   Core 105 'FAddSub' <Latency = 4> <II = 1> <Delay = 7.25> <FuncUnit> <Opcode : 'fadd' 'fsub'> <InPorts = 2> <OutPorts = 1>
ST_17 : Operation 102 [2/5] (7.25ns)   --->   "%tmp_5 = fsub float %X_I_load_1, %temp_I" [src/music.cpp:197]   --->   Operation 102 'fsub' 'tmp_5' <Predicate = (!icmp_ln181)> <Delay = 7.25> <Core = "FAddSub">   --->   Core 105 'FAddSub' <Latency = 4> <II = 1> <Delay = 7.25> <FuncUnit> <Opcode : 'fadd' 'fsub'> <InPorts = 2> <OutPorts = 1>
ST_17 : Operation 103 [1/5] (7.25ns)   --->   "%tmp_6 = fadd float %X_R_load_1, %temp_R" [src/music.cpp:198]   --->   Operation 103 'fadd' 'tmp_6' <Predicate = (!icmp_ln181)> <Delay = 7.25> <Core = "FAddSub">   --->   Core 105 'FAddSub' <Latency = 4> <II = 1> <Delay = 7.25> <FuncUnit> <Opcode : 'fadd' 'fsub'> <InPorts = 2> <OutPorts = 1>
ST_17 : Operation 104 [2/5] (7.25ns)   --->   "%tmp_7 = fadd float %X_I_load_1, %temp_I" [src/music.cpp:199]   --->   Operation 104 'fadd' 'tmp_7' <Predicate = (!icmp_ln181)> <Delay = 7.25> <Core = "FAddSub">   --->   Core 105 'FAddSub' <Latency = 4> <II = 1> <Delay = 7.25> <FuncUnit> <Opcode : 'fadd' 'fsub'> <InPorts = 2> <OutPorts = 1>

State 18 <SV = 17> <Delay = 7.25>
ST_18 : Operation 105 [1/1] (0.00ns)   --->   "%Out_R_addr = getelementptr [1024 x float]* %Out_R, i64 0, i64 %zext_ln194" [src/music.cpp:196]   --->   Operation 105 'getelementptr' 'Out_R_addr' <Predicate = (!icmp_ln181)> <Delay = 0.00>
ST_18 : Operation 106 [1/1] (3.25ns)   --->   "store float %tmp_4, float* %Out_R_addr, align 4" [src/music.cpp:196]   --->   Operation 106 'store' <Predicate = (!icmp_ln181)> <Delay = 3.25> <Core = "RAM">   --->   Core 37 'RAM' <Latency = 1> <II = 1> <Delay = 3.25> <Storage> <Opcode : 'load' 'store'> <Ports = 2> <Width = 32> <Depth = 1024> <RAM>
ST_18 : Operation 107 [1/5] (7.25ns)   --->   "%tmp_5 = fsub float %X_I_load_1, %temp_I" [src/music.cpp:197]   --->   Operation 107 'fsub' 'tmp_5' <Predicate = (!icmp_ln181)> <Delay = 7.25> <Core = "FAddSub">   --->   Core 105 'FAddSub' <Latency = 4> <II = 1> <Delay = 7.25> <FuncUnit> <Opcode : 'fadd' 'fsub'> <InPorts = 2> <OutPorts = 1>
ST_18 : Operation 108 [1/1] (0.00ns)   --->   "%Out_R_addr_1 = getelementptr [1024 x float]* %Out_R, i64 0, i64 %zext_ln196" [src/music.cpp:198]   --->   Operation 108 'getelementptr' 'Out_R_addr_1' <Predicate = (!icmp_ln181)> <Delay = 0.00>
ST_18 : Operation 109 [1/1] (3.25ns)   --->   "store float %tmp_6, float* %Out_R_addr_1, align 4" [src/music.cpp:198]   --->   Operation 109 'store' <Predicate = (!icmp_ln181)> <Delay = 3.25> <Core = "RAM">   --->   Core 37 'RAM' <Latency = 1> <II = 1> <Delay = 3.25> <Storage> <Opcode : 'load' 'store'> <Ports = 2> <Width = 32> <Depth = 1024> <RAM>
ST_18 : Operation 110 [1/5] (7.25ns)   --->   "%tmp_7 = fadd float %X_I_load_1, %temp_I" [src/music.cpp:199]   --->   Operation 110 'fadd' 'tmp_7' <Predicate = (!icmp_ln181)> <Delay = 7.25> <Core = "FAddSub">   --->   Core 105 'FAddSub' <Latency = 4> <II = 1> <Delay = 7.25> <FuncUnit> <Opcode : 'fadd' 'fsub'> <InPorts = 2> <OutPorts = 1>

State 19 <SV = 18> <Delay = 3.25>
ST_19 : Operation 111 [1/1] (0.00ns)   --->   "call void (...)* @_ssdm_op_SpecLoopName([24 x i8]* @butterfly_loop_dft_l)"   --->   Operation 111 'specloopname' <Predicate = (!icmp_ln181)> <Delay = 0.00>
ST_19 : Operation 112 [1/1] (0.00ns)   --->   "%empty = call i32 (...)* @_ssdm_op_SpecLoopTripCount(i64 512, i64 512, i64 512)"   --->   Operation 112 'speclooptripcount' 'empty' <Predicate = (!icmp_ln181)> <Delay = 0.00>
ST_19 : Operation 113 [1/1] (0.00ns)   --->   "call void (...)* @_ssdm_op_SpecLoopName([9 x i8]* @p_str10) nounwind" [src/music.cpp:184]   --->   Operation 113 'specloopname' <Predicate = (!icmp_ln181)> <Delay = 0.00>
ST_19 : Operation 114 [1/1] (0.00ns)   --->   "%tmp_9 = call i32 (...)* @_ssdm_op_SpecRegionBegin([9 x i8]* @p_str10) nounwind" [src/music.cpp:184]   --->   Operation 114 'specregionbegin' 'tmp_9' <Predicate = (!icmp_ln181)> <Delay = 0.00>
ST_19 : Operation 115 [1/1] (0.00ns)   --->   "call void (...)* @_ssdm_op_SpecPipeline(i32 2, i32 1, i32 1, i32 0, [1 x i8]* @p_str) nounwind" [src/music.cpp:185]   --->   Operation 115 'specpipeline' <Predicate = (!icmp_ln181)> <Delay = 0.00>
ST_19 : Operation 116 [1/1] (0.00ns)   --->   "%Out_I_addr = getelementptr [1024 x float]* %Out_I, i64 0, i64 %zext_ln194" [src/music.cpp:197]   --->   Operation 116 'getelementptr' 'Out_I_addr' <Predicate = (!icmp_ln181)> <Delay = 0.00>
ST_19 : Operation 117 [1/1] (3.25ns)   --->   "store float %tmp_5, float* %Out_I_addr, align 4" [src/music.cpp:197]   --->   Operation 117 'store' <Predicate = (!icmp_ln181)> <Delay = 3.25> <Core = "RAM">   --->   Core 37 'RAM' <Latency = 1> <II = 1> <Delay = 3.25> <Storage> <Opcode : 'load' 'store'> <Ports = 2> <Width = 32> <Depth = 1024> <RAM>
ST_19 : Operation 118 [1/1] (0.00ns)   --->   "%Out_I_addr_1 = getelementptr [1024 x float]* %Out_I, i64 0, i64 %zext_ln196" [src/music.cpp:199]   --->   Operation 118 'getelementptr' 'Out_I_addr_1' <Predicate = (!icmp_ln181)> <Delay = 0.00>
ST_19 : Operation 119 [1/1] (3.25ns)   --->   "store float %tmp_7, float* %Out_I_addr_1, align 4" [src/music.cpp:199]   --->   Operation 119 'store' <Predicate = (!icmp_ln181)> <Delay = 3.25> <Core = "RAM">   --->   Core 37 'RAM' <Latency = 1> <II = 1> <Delay = 3.25> <Storage> <Opcode : 'load' 'store'> <Ports = 2> <Width = 32> <Depth = 1024> <RAM>
ST_19 : Operation 120 [1/1] (0.00ns)   --->   "%empty_12 = call i32 (...)* @_ssdm_op_SpecRegionEnd([9 x i8]* @p_str10, i32 %tmp_9) nounwind" [src/music.cpp:200]   --->   Operation 120 'specregionend' 'empty_12' <Predicate = (!icmp_ln181)> <Delay = 0.00>
ST_19 : Operation 121 [1/1] (0.00ns)   --->   "br label %1"   --->   Operation 121 'br' <Predicate = (!icmp_ln181)> <Delay = 0.00>

State 20 <SV = 2> <Delay = 0.00>
ST_20 : Operation 122 [1/1] (0.00ns)   --->   "ret void" [src/music.cpp:202]   --->   Operation 122 'ret' <Predicate = true> <Delay = 0.00>


============================================================
+ Verbose Summary: Timing violations
============================================================
Target clock period: 10ns, clock uncertainty: 1.25ns.

 <State 1>: 1.77ns
The critical path consists of the following:
	multiplexor before 'phi' operation ('indvar_flatten', src/music.cpp:181) with incoming values : ('add_ln181', src/music.cpp:181) [9]  (1.77 ns)

 <State 2>: 7.78ns
The critical path consists of the following:
	'phi' operation ('j_0', src/music.cpp:181) with incoming values : ('select_ln181', src/music.cpp:181) [10]  (0 ns)
	'add' operation ('j', src/music.cpp:181) [16]  (1.82 ns)
	'select' operation ('select_ln181', src/music.cpp:181) [30]  (0.968 ns)
	'add' operation ('i_lower', src/music.cpp:193) [36]  (1.73 ns)
	'getelementptr' operation ('X_R_addr', src/music.cpp:194) [38]  (0 ns)
	'load' operation ('X_R_load', src/music.cpp:194) on array 'X_R' [39]  (3.25 ns)

 <State 3>: 3.25ns
The critical path consists of the following:
	'load' operation ('W_real_load', src/music.cpp:190) on array 'W_real' [27]  (3.25 ns)

 <State 4>: 5.7ns
The critical path consists of the following:
	'fmul' operation ('tmp', src/music.cpp:194) [40]  (5.7 ns)

 <State 5>: 5.7ns
The critical path consists of the following:
	'fmul' operation ('tmp', src/music.cpp:194) [40]  (5.7 ns)

 <State 6>: 5.7ns
The critical path consists of the following:
	'fmul' operation ('tmp', src/music.cpp:194) [40]  (5.7 ns)

 <State 7>: 5.7ns
The critical path consists of the following:
	'fmul' operation ('tmp', src/music.cpp:194) [40]  (5.7 ns)

 <State 8>: 7.26ns
The critical path consists of the following:
	'fsub' operation ('temp_R', src/music.cpp:194) [44]  (7.26 ns)

 <State 9>: 7.26ns
The critical path consists of the following:
	'fsub' operation ('temp_R', src/music.cpp:194) [44]  (7.26 ns)

 <State 10>: 7.26ns
The critical path consists of the following:
	'fsub' operation ('temp_R', src/music.cpp:194) [44]  (7.26 ns)

 <State 11>: 7.26ns
The critical path consists of the following:
	'fsub' operation ('temp_R', src/music.cpp:194) [44]  (7.26 ns)

 <State 12>: 7.26ns
The critical path consists of the following:
	'fsub' operation ('temp_R', src/music.cpp:194) [44]  (7.26 ns)

 <State 13>: 7.26ns
The critical path consists of the following:
	'fadd' operation ('temp_I', src/music.cpp:195) [47]  (7.26 ns)

 <State 14>: 7.26ns
The critical path consists of the following:
	'fsub' operation ('tmp_4', src/music.cpp:196) [51]  (7.26 ns)

 <State 15>: 7.26ns
The critical path consists of the following:
	'fsub' operation ('tmp_4', src/music.cpp:196) [51]  (7.26 ns)

 <State 16>: 7.26ns
The critical path consists of the following:
	'fsub' operation ('tmp_4', src/music.cpp:196) [51]  (7.26 ns)

 <State 17>: 7.26ns
The critical path consists of the following:
	'fsub' operation ('tmp_4', src/music.cpp:196) [51]  (7.26 ns)

 <State 18>: 7.26ns
The critical path consists of the following:
	'fsub' operation ('tmp_5', src/music.cpp:197) [56]  (7.26 ns)

 <State 19>: 3.25ns
The critical path consists of the following:
	'getelementptr' operation ('Out_I_addr', src/music.cpp:197) [57]  (0 ns)
	'store' operation ('store_ln197', src/music.cpp:197) of variable 'tmp_5', src/music.cpp:197 on array 'Out_I' [58]  (3.25 ns)

 <State 20>: 0ns
The critical path consists of the following:


============================================================
+ Verbose Summary: Binding
============================================================
N/A
* FSMD analyzer results:
  - Output states:
 - Input state : 
  - Chain level:
	State 1
	State 2
	State 3
	State 4
	State 5
	State 6
	State 7
	State 8
	State 9
	State 10
	State 11
	State 12
	State 13
	State 14
	State 15
	State 16
	State 17
	State 18
	State 19
	State 20


============================================================
+ Verbose Summary: Datapath Resource usage 
============================================================
N/A
