

================================================================
== Vivado HLS Report for 'fft_streaming_Loop_1'
================================================================
* Date:           Sat Aug  1 17:57:46 2020

* Version:        2019.1 (Build 2552052 on Fri May 24 15:28:33 MDT 2019)
* Project:        hls_proj
* Solution:       solution7
* Product family: zynq
* Target device:  xc7z020-clg400-1


================================================================
== Performance Estimates
================================================================
+ Timing (ns): 
    * Summary: 
    +--------+-------+----------+------------+
    |  Clock | Target| Estimated| Uncertainty|
    +--------+-------+----------+------------+
    |ap_clk  |  10.00|     6.508|        1.25|
    +--------+-------+----------+------------+

+ Latency (clock cycles): 
    * Summary: 
    +-------+-------+-------+-------+---------+
    |    Latency    |    Interval   | Pipeline|
    |  min  |  max  |  min  |  max  |   Type  |
    +-------+-------+-------+-------+---------+
    |  13313|  14337|  13313|  14337|   none  |
    +-------+-------+-------+-------+---------+

    + Detail: 
        * Instance: 
        N/A

        * Loop: 
        +-------------+-------+-------+----------+-----------+-----------+------+----------+
        |             |    Latency    | Iteration|  Initiation Interval  | Trip |          |
        |  Loop Name  |  min  |  max  |  Latency |  achieved |   target  | Count| Pipelined|
        +-------------+-------+-------+----------+-----------+-----------+------+----------+
        |- Loop 1     |  13312|  14336|  13 ~ 14 |          -|          -|  1024|    no    |
        | + Loop 1.1  |     10|     10|         1|          -|          -|    10|    no    |
        +-------------+-------+-------+----------+-----------+-----------+------+----------+

============================================================
+ Verbose Summary: Synthesis Manager
============================================================
InlineROM: 1
ExposeGlobal: 0
============================================================
+ Verbose Summary: CDFG Model
============================================================
IsTopModel: 0
ResetActiveHigh: 1
IsCombinational: 2
IsDatapathOnly: 0
HasWiredReturn: 1
HasMFsm: 0
HasVarLatency: 1
IsPipeline: 0
IsRtlPipelined: 0
IsInstanceOverlapped: 0
IsDontTouch: 0
HasImplIP: 0
IsGatedGlobalClock: 0


============================================================
+ Verbose Summary: Schedule
============================================================
* Number of FSM states : 5
* Pipeline : 0
* Dataflow Pipeline: 0

* FSM state transitions: 
1 --> 2 
2 --> 3 
3 --> 3 4 5 
4 --> 5 
5 --> 2 

* FSM state operations: 

State 1 <SV = 0> <Delay = 1.76>
ST_1 : Operation 6 [1/1] (1.76ns)   --->   "br label %0"   --->   Operation 6 'br' <Predicate = true> <Delay = 1.76>

State 2 <SV = 1> <Delay = 1.88>
ST_2 : Operation 7 [1/1] (0.00ns)   --->   "%input_assign = phi i11 [ 0, %newFuncRoot ], [ %i_1, %._crit_edge.i.i ]"   --->   Operation 7 'phi' 'input_assign' <Predicate = true> <Delay = 0.00>
ST_2 : Operation 8 [1/1] (0.00ns)   --->   "%zext_ln120 = zext i11 %input_assign to i32" [src/music.cpp:120->src/music.cpp:138->src/music.cpp:272]   --->   Operation 8 'zext' 'zext_ln120' <Predicate = true> <Delay = 0.00>
ST_2 : Operation 9 [1/1] (0.00ns)   --->   "%trunc_ln120 = trunc i11 %input_assign to i10" [src/music.cpp:120->src/music.cpp:138->src/music.cpp:272]   --->   Operation 9 'trunc' 'trunc_ln120' <Predicate = true> <Delay = 0.00>
ST_2 : Operation 10 [1/1] (1.88ns)   --->   "%icmp_ln137 = icmp eq i11 %input_assign, -1024" [src/music.cpp:137->src/music.cpp:272]   --->   Operation 10 'icmp' 'icmp_ln137' <Predicate = true> <Delay = 1.88> <Core = "Cmp">   --->   Core 25 'Cmp' <Latency = 0> <II = 1> <Delay = 2.47> <FuncUnit> <Opcode : 'icmp'> <InPorts = 2> <OutPorts = 1>
ST_2 : Operation 11 [1/1] (0.00ns)   --->   "%empty = call i32 (...)* @_ssdm_op_SpecLoopTripCount(i64 1024, i64 1024, i64 1024)"   --->   Operation 11 'speclooptripcount' 'empty' <Predicate = true> <Delay = 0.00>
ST_2 : Operation 12 [1/1] (1.63ns)   --->   "%i_1 = add i11 1, %input_assign" [src/music.cpp:137->src/music.cpp:272]   --->   Operation 12 'add' 'i_1' <Predicate = true> <Delay = 1.63> <Core = "AddSub">   --->   Core 14 'AddSub' <Latency = 0> <II = 1> <Delay = 1.73> <FuncUnit> <Opcode : 'add' 'sub'> <InPorts = 2> <OutPorts = 1>
ST_2 : Operation 13 [1/1] (0.00ns)   --->   "br i1 %icmp_ln137, label %bit_reverse.exit.0.exitStub, label %.preheader.i.preheader" [src/music.cpp:137->src/music.cpp:272]   --->   Operation 13 'br' <Predicate = true> <Delay = 0.00>
ST_2 : Operation 14 [1/1] (1.76ns)   --->   "br label %.preheader.i" [src/music.cpp:123->src/music.cpp:138->src/music.cpp:272]   --->   Operation 14 'br' <Predicate = (!icmp_ln137)> <Delay = 1.76>
ST_2 : Operation 15 [1/1] (0.00ns)   --->   "ret void"   --->   Operation 15 'ret' <Predicate = (icmp_ln137)> <Delay = 0.00>

State 3 <SV = 2> <Delay = 3.25>
ST_3 : Operation 16 [1/1] (0.00ns)   --->   "%reversed = phi i32 [ %rev, %1 ], [ 0, %.preheader.i.preheader ]"   --->   Operation 16 'phi' 'reversed' <Predicate = true> <Delay = 0.00>
ST_3 : Operation 17 [1/1] (0.00ns)   --->   "%i_0_i_i_i = phi i4 [ %i, %1 ], [ 0, %.preheader.i.preheader ]"   --->   Operation 17 'phi' 'i_0_i_i_i' <Predicate = true> <Delay = 0.00>
ST_3 : Operation 18 [1/1] (0.00ns)   --->   "%p_0_i_i_i = phi i10 [ %zext_ln125, %1 ], [ %trunc_ln120, %.preheader.i.preheader ]" [src/music.cpp:125->src/music.cpp:138->src/music.cpp:272]   --->   Operation 18 'phi' 'p_0_i_i_i' <Predicate = true> <Delay = 0.00>
ST_3 : Operation 19 [1/1] (1.30ns)   --->   "%icmp_ln123 = icmp eq i4 %i_0_i_i_i, -6" [src/music.cpp:123->src/music.cpp:138->src/music.cpp:272]   --->   Operation 19 'icmp' 'icmp_ln123' <Predicate = true> <Delay = 1.30> <Core = "Cmp">   --->   Core 25 'Cmp' <Latency = 0> <II = 1> <Delay = 2.47> <FuncUnit> <Opcode : 'icmp'> <InPorts = 2> <OutPorts = 1>
ST_3 : Operation 20 [1/1] (0.00ns)   --->   "%empty_11 = call i32 (...)* @_ssdm_op_SpecLoopTripCount(i64 10, i64 10, i64 10)"   --->   Operation 20 'speclooptripcount' 'empty_11' <Predicate = true> <Delay = 0.00>
ST_3 : Operation 21 [1/1] (1.73ns)   --->   "%i = add i4 %i_0_i_i_i, 1" [src/music.cpp:123->src/music.cpp:138->src/music.cpp:272]   --->   Operation 21 'add' 'i' <Predicate = true> <Delay = 1.73> <Core = "AddSub">   --->   Core 14 'AddSub' <Latency = 0> <II = 1> <Delay = 1.73> <FuncUnit> <Opcode : 'add' 'sub'> <InPorts = 2> <OutPorts = 1>
ST_3 : Operation 22 [1/1] (0.00ns)   --->   "br i1 %icmp_ln123, label %reverse_bits.exit.i.i, label %1" [src/music.cpp:123->src/music.cpp:138->src/music.cpp:272]   --->   Operation 22 'br' <Predicate = true> <Delay = 0.00>
ST_3 : Operation 23 [1/1] (0.00ns)   --->   "%trunc_ln124 = trunc i32 %reversed to i31" [src/music.cpp:124->src/music.cpp:138->src/music.cpp:272]   --->   Operation 23 'trunc' 'trunc_ln124' <Predicate = (!icmp_ln123)> <Delay = 0.00>
ST_3 : Operation 24 [1/1] (0.00ns)   --->   "%trunc_ln123 = trunc i10 %p_0_i_i_i to i1" [src/music.cpp:123->src/music.cpp:138->src/music.cpp:272]   --->   Operation 24 'trunc' 'trunc_ln123' <Predicate = (!icmp_ln123)> <Delay = 0.00>
ST_3 : Operation 25 [1/1] (0.00ns)   --->   "%rev = call i32 @_ssdm_op_BitConcatenate.i32.i31.i1(i31 %trunc_ln124, i1 %trunc_ln123)" [src/music.cpp:124->src/music.cpp:138->src/music.cpp:272]   --->   Operation 25 'bitconcatenate' 'rev' <Predicate = (!icmp_ln123)> <Delay = 0.00>
ST_3 : Operation 26 [1/1] (0.00ns)   --->   "%input_assign_1 = call i9 @_ssdm_op_PartSelect.i9.i10.i32.i32(i10 %p_0_i_i_i, i32 1, i32 9)" [src/music.cpp:125->src/music.cpp:138->src/music.cpp:272]   --->   Operation 26 'partselect' 'input_assign_1' <Predicate = (!icmp_ln123)> <Delay = 0.00>
ST_3 : Operation 27 [1/1] (0.00ns)   --->   "%zext_ln125 = zext i9 %input_assign_1 to i10" [src/music.cpp:125->src/music.cpp:138->src/music.cpp:272]   --->   Operation 27 'zext' 'zext_ln125' <Predicate = (!icmp_ln123)> <Delay = 0.00>
ST_3 : Operation 28 [1/1] (0.00ns)   --->   "br label %.preheader.i" [src/music.cpp:123->src/music.cpp:138->src/music.cpp:272]   --->   Operation 28 'br' <Predicate = (!icmp_ln123)> <Delay = 0.00>
ST_3 : Operation 29 [1/1] (2.47ns)   --->   "%icmp_ln139 = icmp ugt i32 %zext_ln120, %reversed" [src/music.cpp:139->src/music.cpp:272]   --->   Operation 29 'icmp' 'icmp_ln139' <Predicate = (icmp_ln123)> <Delay = 2.47> <Core = "Cmp">   --->   Core 25 'Cmp' <Latency = 0> <II = 1> <Delay = 2.47> <FuncUnit> <Opcode : 'icmp'> <InPorts = 2> <OutPorts = 1>
ST_3 : Operation 30 [1/1] (0.00ns)   --->   "br i1 %icmp_ln139, label %._crit_edge.i.i, label %2" [src/music.cpp:139->src/music.cpp:272]   --->   Operation 30 'br' <Predicate = (icmp_ln123)> <Delay = 0.00>
ST_3 : Operation 31 [1/1] (0.00ns)   --->   "%zext_ln142 = zext i32 %reversed to i64" [src/music.cpp:142->src/music.cpp:272]   --->   Operation 31 'zext' 'zext_ln142' <Predicate = (icmp_ln123 & !icmp_ln139)> <Delay = 0.00>
ST_3 : Operation 32 [1/1] (0.00ns)   --->   "%X_R_addr_1 = getelementptr [1024 x float]* %X_R, i64 0, i64 %zext_ln142" [src/music.cpp:142->src/music.cpp:272]   --->   Operation 32 'getelementptr' 'X_R_addr_1' <Predicate = (icmp_ln123 & !icmp_ln139)> <Delay = 0.00>
ST_3 : Operation 33 [2/2] (3.25ns)   --->   "%X_R_load = load float* %X_R_addr_1, align 4" [src/music.cpp:142->src/music.cpp:272]   --->   Operation 33 'load' 'X_R_load' <Predicate = (icmp_ln123 & !icmp_ln139)> <Delay = 3.25> <Core = "RAM">   --->   Core 37 'RAM' <Latency = 1> <II = 1> <Delay = 3.25> <Storage> <Opcode : 'load' 'store'> <Ports = 2> <Width = 32> <Depth = 1024> <RAM>
ST_3 : Operation 34 [1/1] (0.00ns)   --->   "%X_I_addr_1 = getelementptr [1024 x float]* %X_I, i64 0, i64 %zext_ln142" [src/music.cpp:147->src/music.cpp:272]   --->   Operation 34 'getelementptr' 'X_I_addr_1' <Predicate = (icmp_ln123 & !icmp_ln139)> <Delay = 0.00>
ST_3 : Operation 35 [2/2] (3.25ns)   --->   "%X_I_load = load float* %X_I_addr_1, align 4" [src/music.cpp:147->src/music.cpp:272]   --->   Operation 35 'load' 'X_I_load' <Predicate = (icmp_ln123 & !icmp_ln139)> <Delay = 3.25> <Core = "RAM">   --->   Core 37 'RAM' <Latency = 1> <II = 1> <Delay = 3.25> <Storage> <Opcode : 'load' 'store'> <Ports = 2> <Width = 32> <Depth = 1024> <RAM>

State 4 <SV = 3> <Delay = 6.50>
ST_4 : Operation 36 [1/1] (0.00ns)   --->   "%zext_ln141 = zext i11 %input_assign to i64" [src/music.cpp:141->src/music.cpp:272]   --->   Operation 36 'zext' 'zext_ln141' <Predicate = true> <Delay = 0.00>
ST_4 : Operation 37 [1/1] (0.00ns)   --->   "%X_R_addr = getelementptr [1024 x float]* %X_R, i64 0, i64 %zext_ln141" [src/music.cpp:141->src/music.cpp:272]   --->   Operation 37 'getelementptr' 'X_R_addr' <Predicate = true> <Delay = 0.00>
ST_4 : Operation 38 [2/2] (3.25ns)   --->   "%temp = load float* %X_R_addr, align 4" [src/music.cpp:141->src/music.cpp:272]   --->   Operation 38 'load' 'temp' <Predicate = true> <Delay = 3.25> <Core = "RAM">   --->   Core 37 'RAM' <Latency = 1> <II = 1> <Delay = 3.25> <Storage> <Opcode : 'load' 'store'> <Ports = 2> <Width = 32> <Depth = 1024> <RAM>
ST_4 : Operation 39 [1/2] (3.25ns)   --->   "%X_R_load = load float* %X_R_addr_1, align 4" [src/music.cpp:142->src/music.cpp:272]   --->   Operation 39 'load' 'X_R_load' <Predicate = true> <Delay = 3.25> <Core = "RAM">   --->   Core 37 'RAM' <Latency = 1> <II = 1> <Delay = 3.25> <Storage> <Opcode : 'load' 'store'> <Ports = 2> <Width = 32> <Depth = 1024> <RAM>
ST_4 : Operation 40 [1/1] (0.00ns)   --->   "%Stage_R_0_addr = getelementptr [1024 x float]* %Stage_R_0, i64 0, i64 %zext_ln141" [src/music.cpp:142->src/music.cpp:272]   --->   Operation 40 'getelementptr' 'Stage_R_0_addr' <Predicate = true> <Delay = 0.00>
ST_4 : Operation 41 [1/1] (3.25ns)   --->   "store float %X_R_load, float* %Stage_R_0_addr, align 4" [src/music.cpp:142->src/music.cpp:272]   --->   Operation 41 'store' <Predicate = true> <Delay = 3.25> <Core = "RAM">   --->   Core 37 'RAM' <Latency = 1> <II = 1> <Delay = 3.25> <Storage> <Opcode : 'load' 'store'> <Ports = 2> <Width = 32> <Depth = 1024> <RAM>
ST_4 : Operation 42 [1/1] (0.00ns)   --->   "%X_I_addr = getelementptr [1024 x float]* %X_I, i64 0, i64 %zext_ln141" [src/music.cpp:146->src/music.cpp:272]   --->   Operation 42 'getelementptr' 'X_I_addr' <Predicate = true> <Delay = 0.00>
ST_4 : Operation 43 [2/2] (3.25ns)   --->   "%temp_1 = load float* %X_I_addr, align 4" [src/music.cpp:146->src/music.cpp:272]   --->   Operation 43 'load' 'temp_1' <Predicate = true> <Delay = 3.25> <Core = "RAM">   --->   Core 37 'RAM' <Latency = 1> <II = 1> <Delay = 3.25> <Storage> <Opcode : 'load' 'store'> <Ports = 2> <Width = 32> <Depth = 1024> <RAM>
ST_4 : Operation 44 [1/2] (3.25ns)   --->   "%X_I_load = load float* %X_I_addr_1, align 4" [src/music.cpp:147->src/music.cpp:272]   --->   Operation 44 'load' 'X_I_load' <Predicate = true> <Delay = 3.25> <Core = "RAM">   --->   Core 37 'RAM' <Latency = 1> <II = 1> <Delay = 3.25> <Storage> <Opcode : 'load' 'store'> <Ports = 2> <Width = 32> <Depth = 1024> <RAM>
ST_4 : Operation 45 [1/1] (0.00ns)   --->   "%Stage_I_0_addr = getelementptr [1024 x float]* %Stage_I_0, i64 0, i64 %zext_ln141" [src/music.cpp:147->src/music.cpp:272]   --->   Operation 45 'getelementptr' 'Stage_I_0_addr' <Predicate = true> <Delay = 0.00>
ST_4 : Operation 46 [1/1] (3.25ns)   --->   "store float %X_I_load, float* %Stage_I_0_addr, align 4" [src/music.cpp:147->src/music.cpp:272]   --->   Operation 46 'store' <Predicate = true> <Delay = 3.25> <Core = "RAM">   --->   Core 37 'RAM' <Latency = 1> <II = 1> <Delay = 3.25> <Storage> <Opcode : 'load' 'store'> <Ports = 2> <Width = 32> <Depth = 1024> <RAM>

State 5 <SV = 4> <Delay = 6.50>
ST_5 : Operation 47 [1/2] (3.25ns)   --->   "%temp = load float* %X_R_addr, align 4" [src/music.cpp:141->src/music.cpp:272]   --->   Operation 47 'load' 'temp' <Predicate = (!icmp_ln139)> <Delay = 3.25> <Core = "RAM">   --->   Core 37 'RAM' <Latency = 1> <II = 1> <Delay = 3.25> <Storage> <Opcode : 'load' 'store'> <Ports = 2> <Width = 32> <Depth = 1024> <RAM>
ST_5 : Operation 48 [1/1] (0.00ns)   --->   "%Stage_R_0_addr_1 = getelementptr [1024 x float]* %Stage_R_0, i64 0, i64 %zext_ln142" [src/music.cpp:143->src/music.cpp:272]   --->   Operation 48 'getelementptr' 'Stage_R_0_addr_1' <Predicate = (!icmp_ln139)> <Delay = 0.00>
ST_5 : Operation 49 [1/1] (3.25ns)   --->   "store float %temp, float* %Stage_R_0_addr_1, align 4" [src/music.cpp:143->src/music.cpp:272]   --->   Operation 49 'store' <Predicate = (!icmp_ln139)> <Delay = 3.25> <Core = "RAM">   --->   Core 37 'RAM' <Latency = 1> <II = 1> <Delay = 3.25> <Storage> <Opcode : 'load' 'store'> <Ports = 2> <Width = 32> <Depth = 1024> <RAM>
ST_5 : Operation 50 [1/2] (3.25ns)   --->   "%temp_1 = load float* %X_I_addr, align 4" [src/music.cpp:146->src/music.cpp:272]   --->   Operation 50 'load' 'temp_1' <Predicate = (!icmp_ln139)> <Delay = 3.25> <Core = "RAM">   --->   Core 37 'RAM' <Latency = 1> <II = 1> <Delay = 3.25> <Storage> <Opcode : 'load' 'store'> <Ports = 2> <Width = 32> <Depth = 1024> <RAM>
ST_5 : Operation 51 [1/1] (0.00ns)   --->   "%Stage_I_0_addr_1 = getelementptr [1024 x float]* %Stage_I_0, i64 0, i64 %zext_ln142" [src/music.cpp:148->src/music.cpp:272]   --->   Operation 51 'getelementptr' 'Stage_I_0_addr_1' <Predicate = (!icmp_ln139)> <Delay = 0.00>
ST_5 : Operation 52 [1/1] (3.25ns)   --->   "store float %temp_1, float* %Stage_I_0_addr_1, align 4" [src/music.cpp:148->src/music.cpp:272]   --->   Operation 52 'store' <Predicate = (!icmp_ln139)> <Delay = 3.25> <Core = "RAM">   --->   Core 37 'RAM' <Latency = 1> <II = 1> <Delay = 3.25> <Storage> <Opcode : 'load' 'store'> <Ports = 2> <Width = 32> <Depth = 1024> <RAM>
ST_5 : Operation 53 [1/1] (0.00ns)   --->   "br label %._crit_edge.i.i" [src/music.cpp:149->src/music.cpp:272]   --->   Operation 53 'br' <Predicate = (!icmp_ln139)> <Delay = 0.00>
ST_5 : Operation 54 [1/1] (0.00ns)   --->   "br label %0" [src/music.cpp:137->src/music.cpp:272]   --->   Operation 54 'br' <Predicate = true> <Delay = 0.00>


============================================================
+ Verbose Summary: Timing violations
============================================================
Target clock period: 10ns, clock uncertainty: 1.25ns.

 <State 1>: 1.77ns
The critical path consists of the following:
	multiplexor before 'phi' operation ('i') with incoming values : ('i', src/music.cpp:137->src/music.cpp:272) [7]  (1.77 ns)

 <State 2>: 1.88ns
The critical path consists of the following:
	'phi' operation ('i') with incoming values : ('i', src/music.cpp:137->src/music.cpp:272) [7]  (0 ns)
	'icmp' operation ('icmp_ln137', src/music.cpp:137->src/music.cpp:272) [10]  (1.88 ns)

 <State 3>: 3.25ns
The critical path consists of the following:
	'phi' operation ('rev') with incoming values : ('rev', src/music.cpp:124->src/music.cpp:138->src/music.cpp:272) [17]  (0 ns)
	'getelementptr' operation ('X_R_addr_1', src/music.cpp:142->src/music.cpp:272) [39]  (0 ns)
	'load' operation ('X_R_load', src/music.cpp:142->src/music.cpp:272) on array 'X_R' [40]  (3.25 ns)

 <State 4>: 6.51ns
The critical path consists of the following:
	'load' operation ('X_R_load', src/music.cpp:142->src/music.cpp:272) on array 'X_R' [40]  (3.25 ns)
	'store' operation ('store_ln142', src/music.cpp:142->src/music.cpp:272) of variable 'X_R_load', src/music.cpp:142->src/music.cpp:272 on array 'Stage_R_0' [42]  (3.25 ns)

 <State 5>: 6.51ns
The critical path consists of the following:
	'load' operation ('temp', src/music.cpp:141->src/music.cpp:272) on array 'X_R' [37]  (3.25 ns)
	'store' operation ('store_ln143', src/music.cpp:143->src/music.cpp:272) of variable 'temp', src/music.cpp:141->src/music.cpp:272 on array 'Stage_R_0' [44]  (3.25 ns)


============================================================
+ Verbose Summary: Binding
============================================================
N/A
* FSMD analyzer results:
  - Output states:
 - Input state : 
  - Chain level:
	State 1
	State 2
	State 3
	State 4
	State 5


============================================================
+ Verbose Summary: Datapath Resource usage 
============================================================
N/A
