

================================================================
== Vivado HLS Report for 'fft_stage'
================================================================
* Date:           Sat Aug  1 17:57:55 2020

* Version:        2019.1 (Build 2552052 on Fri May 24 15:28:33 MDT 2019)
* Project:        hls_proj
* Solution:       solution7
* Product family: zynq
* Target device:  xc7z020-clg400-1


================================================================
== Performance Estimates
================================================================
+ Timing (ns): 
    * Summary: 
    +--------+-------+----------+------------+
    |  Clock | Target| Estimated| Uncertainty|
    +--------+-------+----------+------------+
    |ap_clk  |  10.00|     7.256|        1.25|
    +--------+-------+----------+------------+

+ Latency (clock cycles): 
    * Summary: 
    +------+------+------+------+---------+
    |   Latency   |   Interval  | Pipeline|
    |  min |  max |  min |  max |   Type  |
    +------+------+------+------+---------+
    |  1041|  1041|  1041|  1041|   none  |
    +------+------+------+------+---------+

    + Detail: 
        * Instance: 
        N/A

        * Loop: 
        +------------------+------+------+----------+-----------+-----------+------+----------+
        |                  |   Latency   | Iteration|  Initiation Interval  | Trip |          |
        |     Loop Name    |  min |  max |  Latency |  achieved |   target  | Count| Pipelined|
        +------------------+------+------+----------+-----------+-----------+------+----------+
        |- butterfly_loop  |  1039|  1039|        18|          2|          2|   512|    yes   |
        +------------------+------+------+----------+-----------+-----------+------+----------+

============================================================
+ Verbose Summary: Synthesis Manager
============================================================
InlineROM: 1
ExposeGlobal: 0
============================================================
+ Verbose Summary: CDFG Model
============================================================
IsTopModel: 0
ResetActiveHigh: 1
IsCombinational: 2
IsDatapathOnly: 0
HasWiredReturn: 1
HasMFsm: 0
HasVarLatency: 1
IsPipeline: 0
IsRtlPipelined: 0
IsInstanceOverlapped: 0
IsDontTouch: 0
HasImplIP: 0
IsGatedGlobalClock: 0

+ Individual pipeline summary: 
  * Pipeline-0: initiation interval (II) = 2, depth = 18


============================================================
+ Verbose Summary: Schedule
============================================================
* Number of FSM states : 20
* Pipeline : 1
  Pipeline-0 : II = 2, D = 18, States = { 2 3 4 5 6 7 8 9 10 11 12 13 14 15 16 17 18 19 }
* Dataflow Pipeline: 0

* FSM state transitions: 
1 --> 2 
2 --> 20 3 
3 --> 4 
4 --> 5 
5 --> 6 
6 --> 7 
7 --> 8 
8 --> 9 
9 --> 10 
10 --> 11 
11 --> 12 
12 --> 13 
13 --> 14 
14 --> 15 
15 --> 16 
16 --> 17 
17 --> 18 
18 --> 19 
19 --> 2 
20 --> 

* FSM state operations: 

State 1 <SV = 0> <Delay = 1.76>
ST_1 : Operation 21 [1/1] (1.76ns)   --->   "br label %1" [src/music.cpp:181]   --->   Operation 21 'br' <Predicate = true> <Delay = 1.76>

State 2 <SV = 1> <Delay = 4.24>
ST_2 : Operation 22 [1/1] (0.00ns)   --->   "%i = phi i10 [ 0, %0 ], [ %j, %butterfly_loop_begin ]"   --->   Operation 22 'phi' 'i' <Predicate = true> <Delay = 0.00>
ST_2 : Operation 23 [1/1] (0.00ns)   --->   "%empty = call i32 (...)* @_ssdm_op_SpecLoopTripCount(i64 512, i64 512, i64 512)"   --->   Operation 23 'speclooptripcount' 'empty' <Predicate = true> <Delay = 0.00>
ST_2 : Operation 24 [1/1] (1.77ns)   --->   "%icmp_ln181 = icmp eq i10 %i, -512" [src/music.cpp:181]   --->   Operation 24 'icmp' 'icmp_ln181' <Predicate = true> <Delay = 1.77> <Core = "Cmp">   --->   Core 25 'Cmp' <Latency = 0> <II = 1> <Delay = 1.77> <FuncUnit> <Opcode : 'icmp'> <InPorts = 2> <OutPorts = 1>
ST_2 : Operation 25 [1/1] (1.73ns)   --->   "%j = add i10 %i, 1" [src/music.cpp:181]   --->   Operation 25 'add' 'j' <Predicate = true> <Delay = 1.73> <Core = "AddSub">   --->   Core 14 'AddSub' <Latency = 0> <II = 1> <Delay = 1.73> <FuncUnit> <Opcode : 'add' 'sub'> <InPorts = 2> <OutPorts = 1>
ST_2 : Operation 26 [1/1] (0.00ns)   --->   "br i1 %icmp_ln181, label %2, label %butterfly_loop_begin" [src/music.cpp:181]   --->   Operation 26 'br' <Predicate = true> <Delay = 0.00>
ST_2 : Operation 27 [1/1] (0.00ns)   --->   "%zext_ln191 = zext i10 %i to i64" [src/music.cpp:191]   --->   Operation 27 'zext' 'zext_ln191' <Predicate = (!icmp_ln181)> <Delay = 0.00>
ST_2 : Operation 28 [1/1] (0.00ns)   --->   "%W_real44_addr = getelementptr inbounds [512 x float]* @W_real44, i64 0, i64 %zext_ln191" [src/music.cpp:191]   --->   Operation 28 'getelementptr' 'W_real44_addr' <Predicate = (!icmp_ln181)> <Delay = 0.00>
ST_2 : Operation 29 [2/2] (3.25ns)   --->   "%c = load float* %W_real44_addr, align 4" [src/music.cpp:191]   --->   Operation 29 'load' 'c' <Predicate = (!icmp_ln181)> <Delay = 3.25> <Core = "ROM_nP">   --->   Core 52 'ROM_nP' <Latency = 1> <II = 1> <Delay = 3.25> <Storage> <Opcode : 'load'> <Ports = 0> <Width = 32> <Depth = 512> <ROM>
ST_2 : Operation 30 [1/1] (0.00ns)   --->   "%W_imag35_addr = getelementptr inbounds [512 x float]* @W_imag35, i64 0, i64 %zext_ln191" [src/music.cpp:192]   --->   Operation 30 'getelementptr' 'W_imag35_addr' <Predicate = (!icmp_ln181)> <Delay = 0.00>
ST_2 : Operation 31 [2/2] (3.25ns)   --->   "%s = load float* %W_imag35_addr, align 4" [src/music.cpp:192]   --->   Operation 31 'load' 's' <Predicate = (!icmp_ln181)> <Delay = 3.25> <Core = "ROM_nP">   --->   Core 52 'ROM_nP' <Latency = 1> <II = 1> <Delay = 3.25> <Storage> <Opcode : 'load'> <Ports = 0> <Width = 32> <Depth = 512> <ROM>
ST_2 : Operation 32 [1/1] (0.99ns)   --->   "%i_lower = xor i10 %i, -512" [src/music.cpp:193]   --->   Operation 32 'xor' 'i_lower' <Predicate = (!icmp_ln181)> <Delay = 0.99> <Core = "LogicGate">   --->   Core 27 'LogicGate' <Latency = 0> <II = 1> <Delay = 0.99> <FuncUnit> <Opcode : 'and' 'or' 'xor'> <InPorts = 2> <OutPorts = 1>
ST_2 : Operation 33 [1/1] (0.00ns)   --->   "%zext_ln194 = zext i10 %i_lower to i64" [src/music.cpp:194]   --->   Operation 33 'zext' 'zext_ln194' <Predicate = (!icmp_ln181)> <Delay = 0.00>
ST_2 : Operation 34 [1/1] (0.00ns)   --->   "%X_R_addr = getelementptr [1024 x float]* %X_R, i64 0, i64 %zext_ln194" [src/music.cpp:194]   --->   Operation 34 'getelementptr' 'X_R_addr' <Predicate = (!icmp_ln181)> <Delay = 0.00>
ST_2 : Operation 35 [2/2] (3.25ns)   --->   "%X_R_load = load float* %X_R_addr, align 4" [src/music.cpp:194]   --->   Operation 35 'load' 'X_R_load' <Predicate = (!icmp_ln181)> <Delay = 3.25> <Core = "RAM">   --->   Core 37 'RAM' <Latency = 1> <II = 1> <Delay = 3.25> <Storage> <Opcode : 'load' 'store'> <Ports = 2> <Width = 32> <Depth = 1024> <RAM>
ST_2 : Operation 36 [1/1] (0.00ns)   --->   "%X_I_addr = getelementptr [1024 x float]* %X_I, i64 0, i64 %zext_ln194" [src/music.cpp:194]   --->   Operation 36 'getelementptr' 'X_I_addr' <Predicate = (!icmp_ln181)> <Delay = 0.00>
ST_2 : Operation 37 [2/2] (3.25ns)   --->   "%X_I_load = load float* %X_I_addr, align 4" [src/music.cpp:194]   --->   Operation 37 'load' 'X_I_load' <Predicate = (!icmp_ln181)> <Delay = 3.25> <Core = "RAM">   --->   Core 37 'RAM' <Latency = 1> <II = 1> <Delay = 3.25> <Storage> <Opcode : 'load' 'store'> <Ports = 2> <Width = 32> <Depth = 1024> <RAM>

State 3 <SV = 2> <Delay = 3.25>
ST_3 : Operation 38 [1/2] (3.25ns)   --->   "%c = load float* %W_real44_addr, align 4" [src/music.cpp:191]   --->   Operation 38 'load' 'c' <Predicate = (!icmp_ln181)> <Delay = 3.25> <Core = "ROM_nP">   --->   Core 52 'ROM_nP' <Latency = 1> <II = 1> <Delay = 3.25> <Storage> <Opcode : 'load'> <Ports = 0> <Width = 32> <Depth = 512> <ROM>
ST_3 : Operation 39 [1/2] (3.25ns)   --->   "%s = load float* %W_imag35_addr, align 4" [src/music.cpp:192]   --->   Operation 39 'load' 's' <Predicate = (!icmp_ln181)> <Delay = 3.25> <Core = "ROM_nP">   --->   Core 52 'ROM_nP' <Latency = 1> <II = 1> <Delay = 3.25> <Storage> <Opcode : 'load'> <Ports = 0> <Width = 32> <Depth = 512> <ROM>
ST_3 : Operation 40 [1/2] (3.25ns)   --->   "%X_R_load = load float* %X_R_addr, align 4" [src/music.cpp:194]   --->   Operation 40 'load' 'X_R_load' <Predicate = (!icmp_ln181)> <Delay = 3.25> <Core = "RAM">   --->   Core 37 'RAM' <Latency = 1> <II = 1> <Delay = 3.25> <Storage> <Opcode : 'load' 'store'> <Ports = 2> <Width = 32> <Depth = 1024> <RAM>
ST_3 : Operation 41 [1/2] (3.25ns)   --->   "%X_I_load = load float* %X_I_addr, align 4" [src/music.cpp:194]   --->   Operation 41 'load' 'X_I_load' <Predicate = (!icmp_ln181)> <Delay = 3.25> <Core = "RAM">   --->   Core 37 'RAM' <Latency = 1> <II = 1> <Delay = 3.25> <Storage> <Opcode : 'load' 'store'> <Ports = 2> <Width = 32> <Depth = 1024> <RAM>

State 4 <SV = 3> <Delay = 5.70>
ST_4 : Operation 42 [4/4] (5.70ns)   --->   "%tmp = fmul float %X_R_load, %c" [src/music.cpp:194]   --->   Operation 42 'fmul' 'tmp' <Predicate = (!icmp_ln181)> <Delay = 5.70> <Core = "FMul">   --->   Core 106 'FMul' <Latency = 3> <II = 1> <Delay = 5.70> <FuncUnit> <Opcode : 'fmul'> <InPorts = 2> <OutPorts = 1>
ST_4 : Operation 43 [4/4] (5.70ns)   --->   "%tmp_1 = fmul float %X_I_load, %s" [src/music.cpp:194]   --->   Operation 43 'fmul' 'tmp_1' <Predicate = (!icmp_ln181)> <Delay = 5.70> <Core = "FMul">   --->   Core 106 'FMul' <Latency = 3> <II = 1> <Delay = 5.70> <FuncUnit> <Opcode : 'fmul'> <InPorts = 2> <OutPorts = 1>

State 5 <SV = 4> <Delay = 5.70>
ST_5 : Operation 44 [3/4] (5.70ns)   --->   "%tmp = fmul float %X_R_load, %c" [src/music.cpp:194]   --->   Operation 44 'fmul' 'tmp' <Predicate = (!icmp_ln181)> <Delay = 5.70> <Core = "FMul">   --->   Core 106 'FMul' <Latency = 3> <II = 1> <Delay = 5.70> <FuncUnit> <Opcode : 'fmul'> <InPorts = 2> <OutPorts = 1>
ST_5 : Operation 45 [3/4] (5.70ns)   --->   "%tmp_1 = fmul float %X_I_load, %s" [src/music.cpp:194]   --->   Operation 45 'fmul' 'tmp_1' <Predicate = (!icmp_ln181)> <Delay = 5.70> <Core = "FMul">   --->   Core 106 'FMul' <Latency = 3> <II = 1> <Delay = 5.70> <FuncUnit> <Opcode : 'fmul'> <InPorts = 2> <OutPorts = 1>
ST_5 : Operation 46 [4/4] (5.70ns)   --->   "%tmp_2 = fmul float %X_I_load, %c" [src/music.cpp:195]   --->   Operation 46 'fmul' 'tmp_2' <Predicate = (!icmp_ln181)> <Delay = 5.70> <Core = "FMul">   --->   Core 106 'FMul' <Latency = 3> <II = 1> <Delay = 5.70> <FuncUnit> <Opcode : 'fmul'> <InPorts = 2> <OutPorts = 1>
ST_5 : Operation 47 [4/4] (5.70ns)   --->   "%tmp_3 = fmul float %X_R_load, %s" [src/music.cpp:195]   --->   Operation 47 'fmul' 'tmp_3' <Predicate = (!icmp_ln181)> <Delay = 5.70> <Core = "FMul">   --->   Core 106 'FMul' <Latency = 3> <II = 1> <Delay = 5.70> <FuncUnit> <Opcode : 'fmul'> <InPorts = 2> <OutPorts = 1>

State 6 <SV = 5> <Delay = 5.70>
ST_6 : Operation 48 [2/4] (5.70ns)   --->   "%tmp = fmul float %X_R_load, %c" [src/music.cpp:194]   --->   Operation 48 'fmul' 'tmp' <Predicate = (!icmp_ln181)> <Delay = 5.70> <Core = "FMul">   --->   Core 106 'FMul' <Latency = 3> <II = 1> <Delay = 5.70> <FuncUnit> <Opcode : 'fmul'> <InPorts = 2> <OutPorts = 1>
ST_6 : Operation 49 [2/4] (5.70ns)   --->   "%tmp_1 = fmul float %X_I_load, %s" [src/music.cpp:194]   --->   Operation 49 'fmul' 'tmp_1' <Predicate = (!icmp_ln181)> <Delay = 5.70> <Core = "FMul">   --->   Core 106 'FMul' <Latency = 3> <II = 1> <Delay = 5.70> <FuncUnit> <Opcode : 'fmul'> <InPorts = 2> <OutPorts = 1>
ST_6 : Operation 50 [3/4] (5.70ns)   --->   "%tmp_2 = fmul float %X_I_load, %c" [src/music.cpp:195]   --->   Operation 50 'fmul' 'tmp_2' <Predicate = (!icmp_ln181)> <Delay = 5.70> <Core = "FMul">   --->   Core 106 'FMul' <Latency = 3> <II = 1> <Delay = 5.70> <FuncUnit> <Opcode : 'fmul'> <InPorts = 2> <OutPorts = 1>
ST_6 : Operation 51 [3/4] (5.70ns)   --->   "%tmp_3 = fmul float %X_R_load, %s" [src/music.cpp:195]   --->   Operation 51 'fmul' 'tmp_3' <Predicate = (!icmp_ln181)> <Delay = 5.70> <Core = "FMul">   --->   Core 106 'FMul' <Latency = 3> <II = 1> <Delay = 5.70> <FuncUnit> <Opcode : 'fmul'> <InPorts = 2> <OutPorts = 1>

State 7 <SV = 6> <Delay = 5.70>
ST_7 : Operation 52 [1/4] (5.70ns)   --->   "%tmp = fmul float %X_R_load, %c" [src/music.cpp:194]   --->   Operation 52 'fmul' 'tmp' <Predicate = (!icmp_ln181)> <Delay = 5.70> <Core = "FMul">   --->   Core 106 'FMul' <Latency = 3> <II = 1> <Delay = 5.70> <FuncUnit> <Opcode : 'fmul'> <InPorts = 2> <OutPorts = 1>
ST_7 : Operation 53 [1/4] (5.70ns)   --->   "%tmp_1 = fmul float %X_I_load, %s" [src/music.cpp:194]   --->   Operation 53 'fmul' 'tmp_1' <Predicate = (!icmp_ln181)> <Delay = 5.70> <Core = "FMul">   --->   Core 106 'FMul' <Latency = 3> <II = 1> <Delay = 5.70> <FuncUnit> <Opcode : 'fmul'> <InPorts = 2> <OutPorts = 1>
ST_7 : Operation 54 [2/4] (5.70ns)   --->   "%tmp_2 = fmul float %X_I_load, %c" [src/music.cpp:195]   --->   Operation 54 'fmul' 'tmp_2' <Predicate = (!icmp_ln181)> <Delay = 5.70> <Core = "FMul">   --->   Core 106 'FMul' <Latency = 3> <II = 1> <Delay = 5.70> <FuncUnit> <Opcode : 'fmul'> <InPorts = 2> <OutPorts = 1>
ST_7 : Operation 55 [2/4] (5.70ns)   --->   "%tmp_3 = fmul float %X_R_load, %s" [src/music.cpp:195]   --->   Operation 55 'fmul' 'tmp_3' <Predicate = (!icmp_ln181)> <Delay = 5.70> <Core = "FMul">   --->   Core 106 'FMul' <Latency = 3> <II = 1> <Delay = 5.70> <FuncUnit> <Opcode : 'fmul'> <InPorts = 2> <OutPorts = 1>

State 8 <SV = 7> <Delay = 7.25>
ST_8 : Operation 56 [5/5] (7.25ns)   --->   "%temp_R = fsub float %tmp, %tmp_1" [src/music.cpp:194]   --->   Operation 56 'fsub' 'temp_R' <Predicate = (!icmp_ln181)> <Delay = 7.25> <Core = "FAddSub">   --->   Core 105 'FAddSub' <Latency = 4> <II = 1> <Delay = 7.25> <FuncUnit> <Opcode : 'fadd' 'fsub'> <InPorts = 2> <OutPorts = 1>
ST_8 : Operation 57 [1/4] (5.70ns)   --->   "%tmp_2 = fmul float %X_I_load, %c" [src/music.cpp:195]   --->   Operation 57 'fmul' 'tmp_2' <Predicate = (!icmp_ln181)> <Delay = 5.70> <Core = "FMul">   --->   Core 106 'FMul' <Latency = 3> <II = 1> <Delay = 5.70> <FuncUnit> <Opcode : 'fmul'> <InPorts = 2> <OutPorts = 1>
ST_8 : Operation 58 [1/4] (5.70ns)   --->   "%tmp_3 = fmul float %X_R_load, %s" [src/music.cpp:195]   --->   Operation 58 'fmul' 'tmp_3' <Predicate = (!icmp_ln181)> <Delay = 5.70> <Core = "FMul">   --->   Core 106 'FMul' <Latency = 3> <II = 1> <Delay = 5.70> <FuncUnit> <Opcode : 'fmul'> <InPorts = 2> <OutPorts = 1>

State 9 <SV = 8> <Delay = 7.25>
ST_9 : Operation 59 [4/5] (7.25ns)   --->   "%temp_R = fsub float %tmp, %tmp_1" [src/music.cpp:194]   --->   Operation 59 'fsub' 'temp_R' <Predicate = (!icmp_ln181)> <Delay = 7.25> <Core = "FAddSub">   --->   Core 105 'FAddSub' <Latency = 4> <II = 1> <Delay = 7.25> <FuncUnit> <Opcode : 'fadd' 'fsub'> <InPorts = 2> <OutPorts = 1>
ST_9 : Operation 60 [5/5] (7.25ns)   --->   "%temp_I = fadd float %tmp_2, %tmp_3" [src/music.cpp:195]   --->   Operation 60 'fadd' 'temp_I' <Predicate = (!icmp_ln181)> <Delay = 7.25> <Core = "FAddSub">   --->   Core 105 'FAddSub' <Latency = 4> <II = 1> <Delay = 7.25> <FuncUnit> <Opcode : 'fadd' 'fsub'> <InPorts = 2> <OutPorts = 1>

State 10 <SV = 9> <Delay = 7.25>
ST_10 : Operation 61 [3/5] (7.25ns)   --->   "%temp_R = fsub float %tmp, %tmp_1" [src/music.cpp:194]   --->   Operation 61 'fsub' 'temp_R' <Predicate = (!icmp_ln181)> <Delay = 7.25> <Core = "FAddSub">   --->   Core 105 'FAddSub' <Latency = 4> <II = 1> <Delay = 7.25> <FuncUnit> <Opcode : 'fadd' 'fsub'> <InPorts = 2> <OutPorts = 1>
ST_10 : Operation 62 [4/5] (7.25ns)   --->   "%temp_I = fadd float %tmp_2, %tmp_3" [src/music.cpp:195]   --->   Operation 62 'fadd' 'temp_I' <Predicate = (!icmp_ln181)> <Delay = 7.25> <Core = "FAddSub">   --->   Core 105 'FAddSub' <Latency = 4> <II = 1> <Delay = 7.25> <FuncUnit> <Opcode : 'fadd' 'fsub'> <InPorts = 2> <OutPorts = 1>
ST_10 : Operation 63 [1/1] (0.00ns)   --->   "%X_R_addr_3 = getelementptr [1024 x float]* %X_R, i64 0, i64 %zext_ln191" [src/music.cpp:196]   --->   Operation 63 'getelementptr' 'X_R_addr_3' <Predicate = (!icmp_ln181)> <Delay = 0.00>
ST_10 : Operation 64 [2/2] (3.25ns)   --->   "%X_R_load_2 = load float* %X_R_addr_3, align 4" [src/music.cpp:196]   --->   Operation 64 'load' 'X_R_load_2' <Predicate = (!icmp_ln181)> <Delay = 3.25> <Core = "RAM">   --->   Core 37 'RAM' <Latency = 1> <II = 1> <Delay = 3.25> <Storage> <Opcode : 'load' 'store'> <Ports = 2> <Width = 32> <Depth = 1024> <RAM>

State 11 <SV = 10> <Delay = 7.25>
ST_11 : Operation 65 [2/5] (7.25ns)   --->   "%temp_R = fsub float %tmp, %tmp_1" [src/music.cpp:194]   --->   Operation 65 'fsub' 'temp_R' <Predicate = (!icmp_ln181)> <Delay = 7.25> <Core = "FAddSub">   --->   Core 105 'FAddSub' <Latency = 4> <II = 1> <Delay = 7.25> <FuncUnit> <Opcode : 'fadd' 'fsub'> <InPorts = 2> <OutPorts = 1>
ST_11 : Operation 66 [3/5] (7.25ns)   --->   "%temp_I = fadd float %tmp_2, %tmp_3" [src/music.cpp:195]   --->   Operation 66 'fadd' 'temp_I' <Predicate = (!icmp_ln181)> <Delay = 7.25> <Core = "FAddSub">   --->   Core 105 'FAddSub' <Latency = 4> <II = 1> <Delay = 7.25> <FuncUnit> <Opcode : 'fadd' 'fsub'> <InPorts = 2> <OutPorts = 1>
ST_11 : Operation 67 [1/2] (3.25ns)   --->   "%X_R_load_2 = load float* %X_R_addr_3, align 4" [src/music.cpp:196]   --->   Operation 67 'load' 'X_R_load_2' <Predicate = (!icmp_ln181)> <Delay = 3.25> <Core = "RAM">   --->   Core 37 'RAM' <Latency = 1> <II = 1> <Delay = 3.25> <Storage> <Opcode : 'load' 'store'> <Ports = 2> <Width = 32> <Depth = 1024> <RAM>

State 12 <SV = 11> <Delay = 7.25>
ST_12 : Operation 68 [1/5] (7.25ns)   --->   "%temp_R = fsub float %tmp, %tmp_1" [src/music.cpp:194]   --->   Operation 68 'fsub' 'temp_R' <Predicate = (!icmp_ln181)> <Delay = 7.25> <Core = "FAddSub">   --->   Core 105 'FAddSub' <Latency = 4> <II = 1> <Delay = 7.25> <FuncUnit> <Opcode : 'fadd' 'fsub'> <InPorts = 2> <OutPorts = 1>
ST_12 : Operation 69 [2/5] (7.25ns)   --->   "%temp_I = fadd float %tmp_2, %tmp_3" [src/music.cpp:195]   --->   Operation 69 'fadd' 'temp_I' <Predicate = (!icmp_ln181)> <Delay = 7.25> <Core = "FAddSub">   --->   Core 105 'FAddSub' <Latency = 4> <II = 1> <Delay = 7.25> <FuncUnit> <Opcode : 'fadd' 'fsub'> <InPorts = 2> <OutPorts = 1>
ST_12 : Operation 70 [1/1] (0.00ns)   --->   "%X_I_addr_3 = getelementptr [1024 x float]* %X_I, i64 0, i64 %zext_ln191" [src/music.cpp:197]   --->   Operation 70 'getelementptr' 'X_I_addr_3' <Predicate = (!icmp_ln181)> <Delay = 0.00>
ST_12 : Operation 71 [2/2] (3.25ns)   --->   "%X_I_load_2 = load float* %X_I_addr_3, align 4" [src/music.cpp:197]   --->   Operation 71 'load' 'X_I_load_2' <Predicate = (!icmp_ln181)> <Delay = 3.25> <Core = "RAM">   --->   Core 37 'RAM' <Latency = 1> <II = 1> <Delay = 3.25> <Storage> <Opcode : 'load' 'store'> <Ports = 2> <Width = 32> <Depth = 1024> <RAM>

State 13 <SV = 12> <Delay = 7.25>
ST_13 : Operation 72 [1/5] (7.25ns)   --->   "%temp_I = fadd float %tmp_2, %tmp_3" [src/music.cpp:195]   --->   Operation 72 'fadd' 'temp_I' <Predicate = (!icmp_ln181)> <Delay = 7.25> <Core = "FAddSub">   --->   Core 105 'FAddSub' <Latency = 4> <II = 1> <Delay = 7.25> <FuncUnit> <Opcode : 'fadd' 'fsub'> <InPorts = 2> <OutPorts = 1>
ST_13 : Operation 73 [5/5] (7.25ns)   --->   "%tmp_4 = fsub float %X_R_load_2, %temp_R" [src/music.cpp:196]   --->   Operation 73 'fsub' 'tmp_4' <Predicate = (!icmp_ln181)> <Delay = 7.25> <Core = "FAddSub">   --->   Core 105 'FAddSub' <Latency = 4> <II = 1> <Delay = 7.25> <FuncUnit> <Opcode : 'fadd' 'fsub'> <InPorts = 2> <OutPorts = 1>
ST_13 : Operation 74 [1/2] (3.25ns)   --->   "%X_I_load_2 = load float* %X_I_addr_3, align 4" [src/music.cpp:197]   --->   Operation 74 'load' 'X_I_load_2' <Predicate = (!icmp_ln181)> <Delay = 3.25> <Core = "RAM">   --->   Core 37 'RAM' <Latency = 1> <II = 1> <Delay = 3.25> <Storage> <Opcode : 'load' 'store'> <Ports = 2> <Width = 32> <Depth = 1024> <RAM>
ST_13 : Operation 75 [5/5] (7.25ns)   --->   "%tmp_6 = fadd float %X_R_load_2, %temp_R" [src/music.cpp:198]   --->   Operation 75 'fadd' 'tmp_6' <Predicate = (!icmp_ln181)> <Delay = 7.25> <Core = "FAddSub">   --->   Core 105 'FAddSub' <Latency = 4> <II = 1> <Delay = 7.25> <FuncUnit> <Opcode : 'fadd' 'fsub'> <InPorts = 2> <OutPorts = 1>

State 14 <SV = 13> <Delay = 7.25>
ST_14 : Operation 76 [4/5] (7.25ns)   --->   "%tmp_4 = fsub float %X_R_load_2, %temp_R" [src/music.cpp:196]   --->   Operation 76 'fsub' 'tmp_4' <Predicate = (!icmp_ln181)> <Delay = 7.25> <Core = "FAddSub">   --->   Core 105 'FAddSub' <Latency = 4> <II = 1> <Delay = 7.25> <FuncUnit> <Opcode : 'fadd' 'fsub'> <InPorts = 2> <OutPorts = 1>
ST_14 : Operation 77 [5/5] (7.25ns)   --->   "%tmp_5 = fsub float %X_I_load_2, %temp_I" [src/music.cpp:197]   --->   Operation 77 'fsub' 'tmp_5' <Predicate = (!icmp_ln181)> <Delay = 7.25> <Core = "FAddSub">   --->   Core 105 'FAddSub' <Latency = 4> <II = 1> <Delay = 7.25> <FuncUnit> <Opcode : 'fadd' 'fsub'> <InPorts = 2> <OutPorts = 1>
ST_14 : Operation 78 [4/5] (7.25ns)   --->   "%tmp_6 = fadd float %X_R_load_2, %temp_R" [src/music.cpp:198]   --->   Operation 78 'fadd' 'tmp_6' <Predicate = (!icmp_ln181)> <Delay = 7.25> <Core = "FAddSub">   --->   Core 105 'FAddSub' <Latency = 4> <II = 1> <Delay = 7.25> <FuncUnit> <Opcode : 'fadd' 'fsub'> <InPorts = 2> <OutPorts = 1>
ST_14 : Operation 79 [5/5] (7.25ns)   --->   "%tmp_7 = fadd float %X_I_load_2, %temp_I" [src/music.cpp:199]   --->   Operation 79 'fadd' 'tmp_7' <Predicate = (!icmp_ln181)> <Delay = 7.25> <Core = "FAddSub">   --->   Core 105 'FAddSub' <Latency = 4> <II = 1> <Delay = 7.25> <FuncUnit> <Opcode : 'fadd' 'fsub'> <InPorts = 2> <OutPorts = 1>

State 15 <SV = 14> <Delay = 7.25>
ST_15 : Operation 80 [3/5] (7.25ns)   --->   "%tmp_4 = fsub float %X_R_load_2, %temp_R" [src/music.cpp:196]   --->   Operation 80 'fsub' 'tmp_4' <Predicate = (!icmp_ln181)> <Delay = 7.25> <Core = "FAddSub">   --->   Core 105 'FAddSub' <Latency = 4> <II = 1> <Delay = 7.25> <FuncUnit> <Opcode : 'fadd' 'fsub'> <InPorts = 2> <OutPorts = 1>
ST_15 : Operation 81 [4/5] (7.25ns)   --->   "%tmp_5 = fsub float %X_I_load_2, %temp_I" [src/music.cpp:197]   --->   Operation 81 'fsub' 'tmp_5' <Predicate = (!icmp_ln181)> <Delay = 7.25> <Core = "FAddSub">   --->   Core 105 'FAddSub' <Latency = 4> <II = 1> <Delay = 7.25> <FuncUnit> <Opcode : 'fadd' 'fsub'> <InPorts = 2> <OutPorts = 1>
ST_15 : Operation 82 [3/5] (7.25ns)   --->   "%tmp_6 = fadd float %X_R_load_2, %temp_R" [src/music.cpp:198]   --->   Operation 82 'fadd' 'tmp_6' <Predicate = (!icmp_ln181)> <Delay = 7.25> <Core = "FAddSub">   --->   Core 105 'FAddSub' <Latency = 4> <II = 1> <Delay = 7.25> <FuncUnit> <Opcode : 'fadd' 'fsub'> <InPorts = 2> <OutPorts = 1>
ST_15 : Operation 83 [4/5] (7.25ns)   --->   "%tmp_7 = fadd float %X_I_load_2, %temp_I" [src/music.cpp:199]   --->   Operation 83 'fadd' 'tmp_7' <Predicate = (!icmp_ln181)> <Delay = 7.25> <Core = "FAddSub">   --->   Core 105 'FAddSub' <Latency = 4> <II = 1> <Delay = 7.25> <FuncUnit> <Opcode : 'fadd' 'fsub'> <InPorts = 2> <OutPorts = 1>

State 16 <SV = 15> <Delay = 7.25>
ST_16 : Operation 84 [2/5] (7.25ns)   --->   "%tmp_4 = fsub float %X_R_load_2, %temp_R" [src/music.cpp:196]   --->   Operation 84 'fsub' 'tmp_4' <Predicate = (!icmp_ln181)> <Delay = 7.25> <Core = "FAddSub">   --->   Core 105 'FAddSub' <Latency = 4> <II = 1> <Delay = 7.25> <FuncUnit> <Opcode : 'fadd' 'fsub'> <InPorts = 2> <OutPorts = 1>
ST_16 : Operation 85 [3/5] (7.25ns)   --->   "%tmp_5 = fsub float %X_I_load_2, %temp_I" [src/music.cpp:197]   --->   Operation 85 'fsub' 'tmp_5' <Predicate = (!icmp_ln181)> <Delay = 7.25> <Core = "FAddSub">   --->   Core 105 'FAddSub' <Latency = 4> <II = 1> <Delay = 7.25> <FuncUnit> <Opcode : 'fadd' 'fsub'> <InPorts = 2> <OutPorts = 1>
ST_16 : Operation 86 [2/5] (7.25ns)   --->   "%tmp_6 = fadd float %X_R_load_2, %temp_R" [src/music.cpp:198]   --->   Operation 86 'fadd' 'tmp_6' <Predicate = (!icmp_ln181)> <Delay = 7.25> <Core = "FAddSub">   --->   Core 105 'FAddSub' <Latency = 4> <II = 1> <Delay = 7.25> <FuncUnit> <Opcode : 'fadd' 'fsub'> <InPorts = 2> <OutPorts = 1>
ST_16 : Operation 87 [3/5] (7.25ns)   --->   "%tmp_7 = fadd float %X_I_load_2, %temp_I" [src/music.cpp:199]   --->   Operation 87 'fadd' 'tmp_7' <Predicate = (!icmp_ln181)> <Delay = 7.25> <Core = "FAddSub">   --->   Core 105 'FAddSub' <Latency = 4> <II = 1> <Delay = 7.25> <FuncUnit> <Opcode : 'fadd' 'fsub'> <InPorts = 2> <OutPorts = 1>

State 17 <SV = 16> <Delay = 7.25>
ST_17 : Operation 88 [1/5] (7.25ns)   --->   "%tmp_4 = fsub float %X_R_load_2, %temp_R" [src/music.cpp:196]   --->   Operation 88 'fsub' 'tmp_4' <Predicate = (!icmp_ln181)> <Delay = 7.25> <Core = "FAddSub">   --->   Core 105 'FAddSub' <Latency = 4> <II = 1> <Delay = 7.25> <FuncUnit> <Opcode : 'fadd' 'fsub'> <InPorts = 2> <OutPorts = 1>
ST_17 : Operation 89 [2/5] (7.25ns)   --->   "%tmp_5 = fsub float %X_I_load_2, %temp_I" [src/music.cpp:197]   --->   Operation 89 'fsub' 'tmp_5' <Predicate = (!icmp_ln181)> <Delay = 7.25> <Core = "FAddSub">   --->   Core 105 'FAddSub' <Latency = 4> <II = 1> <Delay = 7.25> <FuncUnit> <Opcode : 'fadd' 'fsub'> <InPorts = 2> <OutPorts = 1>
ST_17 : Operation 90 [1/5] (7.25ns)   --->   "%tmp_6 = fadd float %X_R_load_2, %temp_R" [src/music.cpp:198]   --->   Operation 90 'fadd' 'tmp_6' <Predicate = (!icmp_ln181)> <Delay = 7.25> <Core = "FAddSub">   --->   Core 105 'FAddSub' <Latency = 4> <II = 1> <Delay = 7.25> <FuncUnit> <Opcode : 'fadd' 'fsub'> <InPorts = 2> <OutPorts = 1>
ST_17 : Operation 91 [2/5] (7.25ns)   --->   "%tmp_7 = fadd float %X_I_load_2, %temp_I" [src/music.cpp:199]   --->   Operation 91 'fadd' 'tmp_7' <Predicate = (!icmp_ln181)> <Delay = 7.25> <Core = "FAddSub">   --->   Core 105 'FAddSub' <Latency = 4> <II = 1> <Delay = 7.25> <FuncUnit> <Opcode : 'fadd' 'fsub'> <InPorts = 2> <OutPorts = 1>

State 18 <SV = 17> <Delay = 7.25>
ST_18 : Operation 92 [1/1] (0.00ns)   --->   "%Out_R_addr = getelementptr [1024 x float]* %Out_R, i64 0, i64 %zext_ln194" [src/music.cpp:196]   --->   Operation 92 'getelementptr' 'Out_R_addr' <Predicate = (!icmp_ln181)> <Delay = 0.00>
ST_18 : Operation 93 [1/1] (3.25ns)   --->   "store float %tmp_4, float* %Out_R_addr, align 4" [src/music.cpp:196]   --->   Operation 93 'store' <Predicate = (!icmp_ln181)> <Delay = 3.25> <Core = "RAM">   --->   Core 37 'RAM' <Latency = 1> <II = 1> <Delay = 3.25> <Storage> <Opcode : 'load' 'store'> <Ports = 2> <Width = 32> <Depth = 1024> <RAM>
ST_18 : Operation 94 [1/5] (7.25ns)   --->   "%tmp_5 = fsub float %X_I_load_2, %temp_I" [src/music.cpp:197]   --->   Operation 94 'fsub' 'tmp_5' <Predicate = (!icmp_ln181)> <Delay = 7.25> <Core = "FAddSub">   --->   Core 105 'FAddSub' <Latency = 4> <II = 1> <Delay = 7.25> <FuncUnit> <Opcode : 'fadd' 'fsub'> <InPorts = 2> <OutPorts = 1>
ST_18 : Operation 95 [1/1] (0.00ns)   --->   "%Out_R_addr_2 = getelementptr [1024 x float]* %Out_R, i64 0, i64 %zext_ln191" [src/music.cpp:198]   --->   Operation 95 'getelementptr' 'Out_R_addr_2' <Predicate = (!icmp_ln181)> <Delay = 0.00>
ST_18 : Operation 96 [1/1] (3.25ns)   --->   "store float %tmp_6, float* %Out_R_addr_2, align 4" [src/music.cpp:198]   --->   Operation 96 'store' <Predicate = (!icmp_ln181)> <Delay = 3.25> <Core = "RAM">   --->   Core 37 'RAM' <Latency = 1> <II = 1> <Delay = 3.25> <Storage> <Opcode : 'load' 'store'> <Ports = 2> <Width = 32> <Depth = 1024> <RAM>
ST_18 : Operation 97 [1/5] (7.25ns)   --->   "%tmp_7 = fadd float %X_I_load_2, %temp_I" [src/music.cpp:199]   --->   Operation 97 'fadd' 'tmp_7' <Predicate = (!icmp_ln181)> <Delay = 7.25> <Core = "FAddSub">   --->   Core 105 'FAddSub' <Latency = 4> <II = 1> <Delay = 7.25> <FuncUnit> <Opcode : 'fadd' 'fsub'> <InPorts = 2> <OutPorts = 1>

State 19 <SV = 18> <Delay = 3.25>
ST_19 : Operation 98 [1/1] (0.00ns)   --->   "call void (...)* @_ssdm_op_SpecLoopName([15 x i8]* @p_str9) nounwind" [src/music.cpp:181]   --->   Operation 98 'specloopname' <Predicate = (!icmp_ln181)> <Delay = 0.00>
ST_19 : Operation 99 [1/1] (0.00ns)   --->   "%tmp_s = call i32 (...)* @_ssdm_op_SpecRegionBegin([15 x i8]* @p_str9)" [src/music.cpp:181]   --->   Operation 99 'specregionbegin' 'tmp_s' <Predicate = (!icmp_ln181)> <Delay = 0.00>
ST_19 : Operation 100 [1/1] (0.00ns)   --->   "call void (...)* @_ssdm_op_SpecLoopName([9 x i8]* @p_str10) nounwind" [src/music.cpp:184]   --->   Operation 100 'specloopname' <Predicate = (!icmp_ln181)> <Delay = 0.00>
ST_19 : Operation 101 [1/1] (0.00ns)   --->   "%tmp_8 = call i32 (...)* @_ssdm_op_SpecRegionBegin([9 x i8]* @p_str10)" [src/music.cpp:184]   --->   Operation 101 'specregionbegin' 'tmp_8' <Predicate = (!icmp_ln181)> <Delay = 0.00>
ST_19 : Operation 102 [1/1] (0.00ns)   --->   "call void (...)* @_ssdm_op_SpecPipeline(i32 2, i32 1, i32 1, i32 0, [1 x i8]* @p_str) nounwind" [src/music.cpp:185]   --->   Operation 102 'specpipeline' <Predicate = (!icmp_ln181)> <Delay = 0.00>
ST_19 : Operation 103 [1/1] (0.00ns)   --->   "%Out_I_addr = getelementptr [1024 x float]* %Out_I, i64 0, i64 %zext_ln194" [src/music.cpp:197]   --->   Operation 103 'getelementptr' 'Out_I_addr' <Predicate = (!icmp_ln181)> <Delay = 0.00>
ST_19 : Operation 104 [1/1] (3.25ns)   --->   "store float %tmp_5, float* %Out_I_addr, align 4" [src/music.cpp:197]   --->   Operation 104 'store' <Predicate = (!icmp_ln181)> <Delay = 3.25> <Core = "RAM">   --->   Core 37 'RAM' <Latency = 1> <II = 1> <Delay = 3.25> <Storage> <Opcode : 'load' 'store'> <Ports = 2> <Width = 32> <Depth = 1024> <RAM>
ST_19 : Operation 105 [1/1] (0.00ns)   --->   "%Out_I_addr_2 = getelementptr [1024 x float]* %Out_I, i64 0, i64 %zext_ln191" [src/music.cpp:199]   --->   Operation 105 'getelementptr' 'Out_I_addr_2' <Predicate = (!icmp_ln181)> <Delay = 0.00>
ST_19 : Operation 106 [1/1] (3.25ns)   --->   "store float %tmp_7, float* %Out_I_addr_2, align 4" [src/music.cpp:199]   --->   Operation 106 'store' <Predicate = (!icmp_ln181)> <Delay = 3.25> <Core = "RAM">   --->   Core 37 'RAM' <Latency = 1> <II = 1> <Delay = 3.25> <Storage> <Opcode : 'load' 'store'> <Ports = 2> <Width = 32> <Depth = 1024> <RAM>
ST_19 : Operation 107 [1/1] (0.00ns)   --->   "%empty_21 = call i32 (...)* @_ssdm_op_SpecRegionEnd([9 x i8]* @p_str10, i32 %tmp_8)" [src/music.cpp:200]   --->   Operation 107 'specregionend' 'empty_21' <Predicate = (!icmp_ln181)> <Delay = 0.00>
ST_19 : Operation 108 [1/1] (0.00ns)   --->   "%empty_22 = call i32 (...)* @_ssdm_op_SpecRegionEnd([15 x i8]* @p_str9, i32 %tmp_s)" [src/music.cpp:201]   --->   Operation 108 'specregionend' 'empty_22' <Predicate = (!icmp_ln181)> <Delay = 0.00>
ST_19 : Operation 109 [1/1] (0.00ns)   --->   "br label %1" [src/music.cpp:181]   --->   Operation 109 'br' <Predicate = (!icmp_ln181)> <Delay = 0.00>

State 20 <SV = 2> <Delay = 0.00>
ST_20 : Operation 110 [1/1] (0.00ns)   --->   "ret void" [src/music.cpp:202]   --->   Operation 110 'ret' <Predicate = true> <Delay = 0.00>


============================================================
+ Verbose Summary: Timing violations
============================================================
Target clock period: 10ns, clock uncertainty: 1.25ns.

 <State 1>: 1.77ns
The critical path consists of the following:
	multiplexor before 'phi' operation ('j') with incoming values : ('j', src/music.cpp:181) [9]  (1.77 ns)

 <State 2>: 4.24ns
The critical path consists of the following:
	'phi' operation ('j') with incoming values : ('j', src/music.cpp:181) [9]  (0 ns)
	'xor' operation ('i_lower', src/music.cpp:193) [25]  (0.99 ns)
	'getelementptr' operation ('X_R_addr', src/music.cpp:194) [27]  (0 ns)
	'load' operation ('X_R_load', src/music.cpp:194) on array 'X_R' [28]  (3.25 ns)

 <State 3>: 3.25ns
The critical path consists of the following:
	'load' operation ('c', src/music.cpp:191) on array 'W_real44' [19]  (3.25 ns)

 <State 4>: 5.7ns
The critical path consists of the following:
	'fmul' operation ('tmp', src/music.cpp:194) [29]  (5.7 ns)

 <State 5>: 5.7ns
The critical path consists of the following:
	'fmul' operation ('tmp', src/music.cpp:194) [29]  (5.7 ns)

 <State 6>: 5.7ns
The critical path consists of the following:
	'fmul' operation ('tmp', src/music.cpp:194) [29]  (5.7 ns)

 <State 7>: 5.7ns
The critical path consists of the following:
	'fmul' operation ('tmp', src/music.cpp:194) [29]  (5.7 ns)

 <State 8>: 7.26ns
The critical path consists of the following:
	'fsub' operation ('temp_R', src/music.cpp:194) [33]  (7.26 ns)

 <State 9>: 7.26ns
The critical path consists of the following:
	'fsub' operation ('temp_R', src/music.cpp:194) [33]  (7.26 ns)

 <State 10>: 7.26ns
The critical path consists of the following:
	'fsub' operation ('temp_R', src/music.cpp:194) [33]  (7.26 ns)

 <State 11>: 7.26ns
The critical path consists of the following:
	'fsub' operation ('temp_R', src/music.cpp:194) [33]  (7.26 ns)

 <State 12>: 7.26ns
The critical path consists of the following:
	'fsub' operation ('temp_R', src/music.cpp:194) [33]  (7.26 ns)

 <State 13>: 7.26ns
The critical path consists of the following:
	'fadd' operation ('temp_I', src/music.cpp:195) [36]  (7.26 ns)

 <State 14>: 7.26ns
The critical path consists of the following:
	'fsub' operation ('tmp_4', src/music.cpp:196) [39]  (7.26 ns)

 <State 15>: 7.26ns
The critical path consists of the following:
	'fsub' operation ('tmp_4', src/music.cpp:196) [39]  (7.26 ns)

 <State 16>: 7.26ns
The critical path consists of the following:
	'fsub' operation ('tmp_4', src/music.cpp:196) [39]  (7.26 ns)

 <State 17>: 7.26ns
The critical path consists of the following:
	'fsub' operation ('tmp_4', src/music.cpp:196) [39]  (7.26 ns)

 <State 18>: 7.26ns
The critical path consists of the following:
	'fsub' operation ('tmp_5', src/music.cpp:197) [44]  (7.26 ns)

 <State 19>: 3.25ns
The critical path consists of the following:
	'getelementptr' operation ('Out_I_addr', src/music.cpp:197) [45]  (0 ns)
	'store' operation ('store_ln197', src/music.cpp:197) of variable 'tmp_5', src/music.cpp:197 on array 'Out_I' [46]  (3.25 ns)

 <State 20>: 0ns
The critical path consists of the following:


============================================================
+ Verbose Summary: Binding
============================================================
N/A
* FSMD analyzer results:
  - Output states:
 - Input state : 
  - Chain level:
	State 1
	State 2
	State 3
	State 4
	State 5
	State 6
	State 7
	State 8
	State 9
	State 10
	State 11
	State 12
	State 13
	State 14
	State 15
	State 16
	State 17
	State 18
	State 19
	State 20


============================================================
+ Verbose Summary: Datapath Resource usage 
============================================================
N/A
