

================================================================
== Vivado HLS Report for 'fft_stage_118'
================================================================
* Date:           Sat Aug  1 17:57:47 2020

* Version:        2019.1 (Build 2552052 on Fri May 24 15:28:33 MDT 2019)
* Project:        hls_proj
* Solution:       solution7
* Product family: zynq
* Target device:  xc7z020-clg400-1


================================================================
== Performance Estimates
================================================================
+ Timing (ns): 
    * Summary: 
    +--------+-------+----------+------------+
    |  Clock | Target| Estimated| Uncertainty|
    +--------+-------+----------+------------+
    |ap_clk  |  10.00|     7.733|        1.25|
    +--------+-------+----------+------------+

+ Latency (clock cycles): 
    * Summary: 
    +------+------+------+------+---------+
    |   Latency   |   Interval  | Pipeline|
    |  min |  max |  min |  max |   Type  |
    +------+------+------+------+---------+
    |  1041|  1041|  1041|  1041|   none  |
    +------+------+------+------+---------+

    + Detail: 
        * Instance: 
        N/A

        * Loop: 
        +---------------------------+------+------+----------+-----------+-----------+------+----------+
        |                           |   Latency   | Iteration|  Initiation Interval  | Trip |          |
        |         Loop Name         |  min |  max |  Latency |  achieved |   target  | Count| Pipelined|
        +---------------------------+------+------+----------+-----------+-----------+------+----------+
        |- butterfly_loop_dft_loop  |  1039|  1039|        18|          2|          2|   512|    yes   |
        +---------------------------+------+------+----------+-----------+-----------+------+----------+

============================================================
+ Verbose Summary: Synthesis Manager
============================================================
InlineROM: 1
ExposeGlobal: 0
============================================================
+ Verbose Summary: CDFG Model
============================================================
IsTopModel: 0
ResetActiveHigh: 1
IsCombinational: 2
IsDatapathOnly: 0
HasWiredReturn: 1
HasMFsm: 0
HasVarLatency: 1
IsPipeline: 0
IsRtlPipelined: 0
IsInstanceOverlapped: 0
IsDontTouch: 0
HasImplIP: 0
IsGatedGlobalClock: 0

+ Individual pipeline summary: 
  * Pipeline-0: initiation interval (II) = 2, depth = 18


============================================================
+ Verbose Summary: Schedule
============================================================
* Number of FSM states : 20
* Pipeline : 1
  Pipeline-0 : II = 2, D = 18, States = { 2 3 4 5 6 7 8 9 10 11 12 13 14 15 16 17 18 19 }
* Dataflow Pipeline: 0

* FSM state transitions: 
1 --> 2 
2 --> 20 3 
3 --> 4 
4 --> 5 
5 --> 6 
6 --> 7 
7 --> 8 
8 --> 9 
9 --> 10 
10 --> 11 
11 --> 12 
12 --> 13 
13 --> 14 
14 --> 15 
15 --> 16 
16 --> 17 
17 --> 18 
18 --> 19 
19 --> 2 
20 --> 

* FSM state operations: 

State 1 <SV = 0> <Delay = 1.76>
ST_1 : Operation 21 [1/1] (1.76ns)   --->   "br label %1" [src/music.cpp:181]   --->   Operation 21 'br' <Predicate = true> <Delay = 1.76>

State 2 <SV = 1> <Delay = 7.73>
ST_2 : Operation 22 [1/1] (0.00ns)   --->   "%indvar_flatten = phi i10 [ 0, %0 ], [ %add_ln184, %dft_loop ]" [src/music.cpp:184]   --->   Operation 22 'phi' 'indvar_flatten' <Predicate = true> <Delay = 0.00>
ST_2 : Operation 23 [1/1] (0.00ns)   --->   "%j_0 = phi i1 [ false, %0 ], [ %j_0_mid2, %dft_loop ]" [src/music.cpp:184]   --->   Operation 23 'phi' 'j_0' <Predicate = true> <Delay = 0.00>
ST_2 : Operation 24 [1/1] (0.00ns)   --->   "%t_0 = phi i10 [ 0, %0 ], [ %t, %dft_loop ]"   --->   Operation 24 'phi' 't_0' <Predicate = true> <Delay = 0.00>
ST_2 : Operation 25 [1/1] (1.77ns)   --->   "%icmp_ln184 = icmp eq i10 %indvar_flatten, -512" [src/music.cpp:184]   --->   Operation 25 'icmp' 'icmp_ln184' <Predicate = true> <Delay = 1.77> <Core = "Cmp">   --->   Core 25 'Cmp' <Latency = 0> <II = 1> <Delay = 1.77> <FuncUnit> <Opcode : 'icmp'> <InPorts = 2> <OutPorts = 1>
ST_2 : Operation 26 [1/1] (1.73ns)   --->   "%add_ln184 = add i10 %indvar_flatten, 1" [src/music.cpp:184]   --->   Operation 26 'add' 'add_ln184' <Predicate = true> <Delay = 1.73> <Core = "AddSub">   --->   Core 14 'AddSub' <Latency = 0> <II = 1> <Delay = 1.73> <FuncUnit> <Opcode : 'add' 'sub'> <InPorts = 2> <OutPorts = 1>
ST_2 : Operation 27 [1/1] (0.00ns)   --->   "br i1 %icmp_ln184, label %2, label %dft_loop" [src/music.cpp:184]   --->   Operation 27 'br' <Predicate = true> <Delay = 0.00>
ST_2 : Operation 28 [1/1] (1.77ns)   --->   "%icmp_ln184_1 = icmp eq i10 %t_0, -512" [src/music.cpp:184]   --->   Operation 28 'icmp' 'icmp_ln184_1' <Predicate = (!icmp_ln184)> <Delay = 1.77> <Core = "Cmp">   --->   Core 25 'Cmp' <Latency = 0> <II = 1> <Delay = 1.77> <FuncUnit> <Opcode : 'icmp'> <InPorts = 2> <OutPorts = 1>
ST_2 : Operation 29 [1/1] (0.68ns)   --->   "%select_ln184 = select i1 %icmp_ln184_1, i10 0, i10 %t_0" [src/music.cpp:184]   --->   Operation 29 'select' 'select_ln184' <Predicate = (!icmp_ln184)> <Delay = 0.68> <Core = "Sel">   --->   Core 26 'Sel' <Latency = 0> <II = 1> <Delay = 0.68> <FuncUnit> <Opcode : 'select'> <InPorts = 3> <OutPorts = 1>
ST_2 : Operation 30 [1/1] (0.97ns)   --->   "%j_0_mid2 = or i1 %icmp_ln184_1, %j_0" [src/music.cpp:184]   --->   Operation 30 'or' 'j_0_mid2' <Predicate = (!icmp_ln184)> <Delay = 0.97> <Core = "LogicGate">   --->   Core 27 'LogicGate' <Latency = 0> <II = 1> <Delay = 0.97> <FuncUnit> <Opcode : 'and' 'or' 'xor'> <InPorts = 2> <OutPorts = 1>
ST_2 : Operation 31 [1/1] (0.00ns)   --->   "%trunc_ln187 = trunc i10 %select_ln184 to i9" [src/music.cpp:187]   --->   Operation 31 'trunc' 'trunc_ln187' <Predicate = (!icmp_ln184)> <Delay = 0.00>
ST_2 : Operation 32 [1/1] (0.00ns)   --->   "%i = call i10 @_ssdm_op_BitConcatenate.i10.i9.i1(i9 %trunc_ln187, i1 %j_0_mid2)" [src/music.cpp:187]   --->   Operation 32 'bitconcatenate' 'i' <Predicate = (!icmp_ln184)> <Delay = 0.00>
ST_2 : Operation 33 [1/1] (0.00ns)   --->   "%zext_ln187 = zext i10 %i to i11" [src/music.cpp:187]   --->   Operation 33 'zext' 'zext_ln187' <Predicate = (!icmp_ln184)> <Delay = 0.00>
ST_2 : Operation 34 [1/1] (1.73ns)   --->   "%i_lower = add i11 1, %zext_ln187" [src/music.cpp:193]   --->   Operation 34 'add' 'i_lower' <Predicate = (!icmp_ln184)> <Delay = 1.73> <Core = "AddSub">   --->   Core 14 'AddSub' <Latency = 0> <II = 1> <Delay = 1.73> <FuncUnit> <Opcode : 'add' 'sub'> <InPorts = 2> <OutPorts = 1>
ST_2 : Operation 35 [1/1] (0.00ns)   --->   "%zext_ln194 = zext i11 %i_lower to i64" [src/music.cpp:194]   --->   Operation 35 'zext' 'zext_ln194' <Predicate = (!icmp_ln184)> <Delay = 0.00>
ST_2 : Operation 36 [1/1] (0.00ns)   --->   "%X_R_addr = getelementptr [1024 x float]* %X_R, i64 0, i64 %zext_ln194" [src/music.cpp:194]   --->   Operation 36 'getelementptr' 'X_R_addr' <Predicate = (!icmp_ln184)> <Delay = 0.00>
ST_2 : Operation 37 [2/2] (3.25ns)   --->   "%X_R_load = load float* %X_R_addr, align 4" [src/music.cpp:194]   --->   Operation 37 'load' 'X_R_load' <Predicate = (!icmp_ln184)> <Delay = 3.25> <Core = "RAM">   --->   Core 37 'RAM' <Latency = 1> <II = 1> <Delay = 3.25> <Storage> <Opcode : 'load' 'store'> <Ports = 2> <Width = 32> <Depth = 1024> <RAM>
ST_2 : Operation 38 [1/1] (0.00ns)   --->   "%X_I_addr = getelementptr [1024 x float]* %X_I, i64 0, i64 %zext_ln194" [src/music.cpp:194]   --->   Operation 38 'getelementptr' 'X_I_addr' <Predicate = (!icmp_ln184)> <Delay = 0.00>
ST_2 : Operation 39 [2/2] (3.25ns)   --->   "%X_I_load = load float* %X_I_addr, align 4" [src/music.cpp:194]   --->   Operation 39 'load' 'X_I_load' <Predicate = (!icmp_ln184)> <Delay = 3.25> <Core = "RAM">   --->   Core 37 'RAM' <Latency = 1> <II = 1> <Delay = 3.25> <Storage> <Opcode : 'load' 'store'> <Ports = 2> <Width = 32> <Depth = 1024> <RAM>

State 3 <SV = 2> <Delay = 3.25>
ST_3 : Operation 40 [1/2] (3.25ns)   --->   "%X_R_load = load float* %X_R_addr, align 4" [src/music.cpp:194]   --->   Operation 40 'load' 'X_R_load' <Predicate = (!icmp_ln184)> <Delay = 3.25> <Core = "RAM">   --->   Core 37 'RAM' <Latency = 1> <II = 1> <Delay = 3.25> <Storage> <Opcode : 'load' 'store'> <Ports = 2> <Width = 32> <Depth = 1024> <RAM>
ST_3 : Operation 41 [1/2] (3.25ns)   --->   "%X_I_load = load float* %X_I_addr, align 4" [src/music.cpp:194]   --->   Operation 41 'load' 'X_I_load' <Predicate = (!icmp_ln184)> <Delay = 3.25> <Core = "RAM">   --->   Core 37 'RAM' <Latency = 1> <II = 1> <Delay = 3.25> <Storage> <Opcode : 'load' 'store'> <Ports = 2> <Width = 32> <Depth = 1024> <RAM>
ST_3 : Operation 42 [1/1] (1.73ns)   --->   "%t = add i10 1, %select_ln184" [src/music.cpp:184]   --->   Operation 42 'add' 't' <Predicate = (!icmp_ln184)> <Delay = 1.73> <Core = "AddSub">   --->   Core 14 'AddSub' <Latency = 0> <II = 1> <Delay = 1.73> <FuncUnit> <Opcode : 'add' 'sub'> <InPorts = 2> <OutPorts = 1>

State 4 <SV = 3> <Delay = 5.70>
ST_4 : Operation 43 [4/4] (5.70ns)   --->   "%tmp_1 = fmul float %X_I_load, -0.000000e+00" [src/music.cpp:194]   --->   Operation 43 'fmul' 'tmp_1' <Predicate = (!icmp_ln184)> <Delay = 5.70> <Core = "FMul">   --->   Core 106 'FMul' <Latency = 3> <II = 1> <Delay = 5.70> <FuncUnit> <Opcode : 'fmul'> <InPorts = 2> <OutPorts = 1>

State 5 <SV = 4> <Delay = 5.70>
ST_5 : Operation 44 [3/4] (5.70ns)   --->   "%tmp_1 = fmul float %X_I_load, -0.000000e+00" [src/music.cpp:194]   --->   Operation 44 'fmul' 'tmp_1' <Predicate = (!icmp_ln184)> <Delay = 5.70> <Core = "FMul">   --->   Core 106 'FMul' <Latency = 3> <II = 1> <Delay = 5.70> <FuncUnit> <Opcode : 'fmul'> <InPorts = 2> <OutPorts = 1>
ST_5 : Operation 45 [4/4] (5.70ns)   --->   "%tmp_3 = fmul float %X_R_load, -0.000000e+00" [src/music.cpp:195]   --->   Operation 45 'fmul' 'tmp_3' <Predicate = (!icmp_ln184)> <Delay = 5.70> <Core = "FMul">   --->   Core 106 'FMul' <Latency = 3> <II = 1> <Delay = 5.70> <FuncUnit> <Opcode : 'fmul'> <InPorts = 2> <OutPorts = 1>

State 6 <SV = 5> <Delay = 5.70>
ST_6 : Operation 46 [2/4] (5.70ns)   --->   "%tmp_1 = fmul float %X_I_load, -0.000000e+00" [src/music.cpp:194]   --->   Operation 46 'fmul' 'tmp_1' <Predicate = (!icmp_ln184)> <Delay = 5.70> <Core = "FMul">   --->   Core 106 'FMul' <Latency = 3> <II = 1> <Delay = 5.70> <FuncUnit> <Opcode : 'fmul'> <InPorts = 2> <OutPorts = 1>
ST_6 : Operation 47 [3/4] (5.70ns)   --->   "%tmp_3 = fmul float %X_R_load, -0.000000e+00" [src/music.cpp:195]   --->   Operation 47 'fmul' 'tmp_3' <Predicate = (!icmp_ln184)> <Delay = 5.70> <Core = "FMul">   --->   Core 106 'FMul' <Latency = 3> <II = 1> <Delay = 5.70> <FuncUnit> <Opcode : 'fmul'> <InPorts = 2> <OutPorts = 1>

State 7 <SV = 6> <Delay = 5.70>
ST_7 : Operation 48 [1/4] (5.70ns)   --->   "%tmp_1 = fmul float %X_I_load, -0.000000e+00" [src/music.cpp:194]   --->   Operation 48 'fmul' 'tmp_1' <Predicate = (!icmp_ln184)> <Delay = 5.70> <Core = "FMul">   --->   Core 106 'FMul' <Latency = 3> <II = 1> <Delay = 5.70> <FuncUnit> <Opcode : 'fmul'> <InPorts = 2> <OutPorts = 1>
ST_7 : Operation 49 [2/4] (5.70ns)   --->   "%tmp_3 = fmul float %X_R_load, -0.000000e+00" [src/music.cpp:195]   --->   Operation 49 'fmul' 'tmp_3' <Predicate = (!icmp_ln184)> <Delay = 5.70> <Core = "FMul">   --->   Core 106 'FMul' <Latency = 3> <II = 1> <Delay = 5.70> <FuncUnit> <Opcode : 'fmul'> <InPorts = 2> <OutPorts = 1>

State 8 <SV = 7> <Delay = 7.25>
ST_8 : Operation 50 [5/5] (7.25ns)   --->   "%temp_R = fsub float %X_R_load, %tmp_1" [src/music.cpp:194]   --->   Operation 50 'fsub' 'temp_R' <Predicate = (!icmp_ln184)> <Delay = 7.25> <Core = "FAddSub">   --->   Core 105 'FAddSub' <Latency = 4> <II = 1> <Delay = 7.25> <FuncUnit> <Opcode : 'fadd' 'fsub'> <InPorts = 2> <OutPorts = 1>
ST_8 : Operation 51 [1/4] (5.70ns)   --->   "%tmp_3 = fmul float %X_R_load, -0.000000e+00" [src/music.cpp:195]   --->   Operation 51 'fmul' 'tmp_3' <Predicate = (!icmp_ln184)> <Delay = 5.70> <Core = "FMul">   --->   Core 106 'FMul' <Latency = 3> <II = 1> <Delay = 5.70> <FuncUnit> <Opcode : 'fmul'> <InPorts = 2> <OutPorts = 1>

State 9 <SV = 8> <Delay = 7.25>
ST_9 : Operation 52 [4/5] (7.25ns)   --->   "%temp_R = fsub float %X_R_load, %tmp_1" [src/music.cpp:194]   --->   Operation 52 'fsub' 'temp_R' <Predicate = (!icmp_ln184)> <Delay = 7.25> <Core = "FAddSub">   --->   Core 105 'FAddSub' <Latency = 4> <II = 1> <Delay = 7.25> <FuncUnit> <Opcode : 'fadd' 'fsub'> <InPorts = 2> <OutPorts = 1>
ST_9 : Operation 53 [5/5] (7.25ns)   --->   "%temp_I = fadd float %X_I_load, %tmp_3" [src/music.cpp:195]   --->   Operation 53 'fadd' 'temp_I' <Predicate = (!icmp_ln184)> <Delay = 7.25> <Core = "FAddSub">   --->   Core 105 'FAddSub' <Latency = 4> <II = 1> <Delay = 7.25> <FuncUnit> <Opcode : 'fadd' 'fsub'> <InPorts = 2> <OutPorts = 1>

State 10 <SV = 9> <Delay = 7.25>
ST_10 : Operation 54 [3/5] (7.25ns)   --->   "%temp_R = fsub float %X_R_load, %tmp_1" [src/music.cpp:194]   --->   Operation 54 'fsub' 'temp_R' <Predicate = (!icmp_ln184)> <Delay = 7.25> <Core = "FAddSub">   --->   Core 105 'FAddSub' <Latency = 4> <II = 1> <Delay = 7.25> <FuncUnit> <Opcode : 'fadd' 'fsub'> <InPorts = 2> <OutPorts = 1>
ST_10 : Operation 55 [4/5] (7.25ns)   --->   "%temp_I = fadd float %X_I_load, %tmp_3" [src/music.cpp:195]   --->   Operation 55 'fadd' 'temp_I' <Predicate = (!icmp_ln184)> <Delay = 7.25> <Core = "FAddSub">   --->   Core 105 'FAddSub' <Latency = 4> <II = 1> <Delay = 7.25> <FuncUnit> <Opcode : 'fadd' 'fsub'> <InPorts = 2> <OutPorts = 1>
ST_10 : Operation 56 [1/1] (0.00ns)   --->   "%zext_ln196 = zext i10 %i to i64" [src/music.cpp:196]   --->   Operation 56 'zext' 'zext_ln196' <Predicate = (!icmp_ln184)> <Delay = 0.00>
ST_10 : Operation 57 [1/1] (0.00ns)   --->   "%X_R_addr_2 = getelementptr [1024 x float]* %X_R, i64 0, i64 %zext_ln196" [src/music.cpp:196]   --->   Operation 57 'getelementptr' 'X_R_addr_2' <Predicate = (!icmp_ln184)> <Delay = 0.00>
ST_10 : Operation 58 [2/2] (3.25ns)   --->   "%X_R_load_1 = load float* %X_R_addr_2, align 4" [src/music.cpp:196]   --->   Operation 58 'load' 'X_R_load_1' <Predicate = (!icmp_ln184)> <Delay = 3.25> <Core = "RAM">   --->   Core 37 'RAM' <Latency = 1> <II = 1> <Delay = 3.25> <Storage> <Opcode : 'load' 'store'> <Ports = 2> <Width = 32> <Depth = 1024> <RAM>

State 11 <SV = 10> <Delay = 7.25>
ST_11 : Operation 59 [2/5] (7.25ns)   --->   "%temp_R = fsub float %X_R_load, %tmp_1" [src/music.cpp:194]   --->   Operation 59 'fsub' 'temp_R' <Predicate = (!icmp_ln184)> <Delay = 7.25> <Core = "FAddSub">   --->   Core 105 'FAddSub' <Latency = 4> <II = 1> <Delay = 7.25> <FuncUnit> <Opcode : 'fadd' 'fsub'> <InPorts = 2> <OutPorts = 1>
ST_11 : Operation 60 [3/5] (7.25ns)   --->   "%temp_I = fadd float %X_I_load, %tmp_3" [src/music.cpp:195]   --->   Operation 60 'fadd' 'temp_I' <Predicate = (!icmp_ln184)> <Delay = 7.25> <Core = "FAddSub">   --->   Core 105 'FAddSub' <Latency = 4> <II = 1> <Delay = 7.25> <FuncUnit> <Opcode : 'fadd' 'fsub'> <InPorts = 2> <OutPorts = 1>
ST_11 : Operation 61 [1/2] (3.25ns)   --->   "%X_R_load_1 = load float* %X_R_addr_2, align 4" [src/music.cpp:196]   --->   Operation 61 'load' 'X_R_load_1' <Predicate = (!icmp_ln184)> <Delay = 3.25> <Core = "RAM">   --->   Core 37 'RAM' <Latency = 1> <II = 1> <Delay = 3.25> <Storage> <Opcode : 'load' 'store'> <Ports = 2> <Width = 32> <Depth = 1024> <RAM>

State 12 <SV = 11> <Delay = 7.25>
ST_12 : Operation 62 [1/5] (7.25ns)   --->   "%temp_R = fsub float %X_R_load, %tmp_1" [src/music.cpp:194]   --->   Operation 62 'fsub' 'temp_R' <Predicate = (!icmp_ln184)> <Delay = 7.25> <Core = "FAddSub">   --->   Core 105 'FAddSub' <Latency = 4> <II = 1> <Delay = 7.25> <FuncUnit> <Opcode : 'fadd' 'fsub'> <InPorts = 2> <OutPorts = 1>
ST_12 : Operation 63 [2/5] (7.25ns)   --->   "%temp_I = fadd float %X_I_load, %tmp_3" [src/music.cpp:195]   --->   Operation 63 'fadd' 'temp_I' <Predicate = (!icmp_ln184)> <Delay = 7.25> <Core = "FAddSub">   --->   Core 105 'FAddSub' <Latency = 4> <II = 1> <Delay = 7.25> <FuncUnit> <Opcode : 'fadd' 'fsub'> <InPorts = 2> <OutPorts = 1>
ST_12 : Operation 64 [1/1] (0.00ns)   --->   "%X_I_addr_2 = getelementptr [1024 x float]* %X_I, i64 0, i64 %zext_ln196" [src/music.cpp:197]   --->   Operation 64 'getelementptr' 'X_I_addr_2' <Predicate = (!icmp_ln184)> <Delay = 0.00>
ST_12 : Operation 65 [2/2] (3.25ns)   --->   "%X_I_load_1 = load float* %X_I_addr_2, align 4" [src/music.cpp:197]   --->   Operation 65 'load' 'X_I_load_1' <Predicate = (!icmp_ln184)> <Delay = 3.25> <Core = "RAM">   --->   Core 37 'RAM' <Latency = 1> <II = 1> <Delay = 3.25> <Storage> <Opcode : 'load' 'store'> <Ports = 2> <Width = 32> <Depth = 1024> <RAM>

State 13 <SV = 12> <Delay = 7.25>
ST_13 : Operation 66 [1/5] (7.25ns)   --->   "%temp_I = fadd float %X_I_load, %tmp_3" [src/music.cpp:195]   --->   Operation 66 'fadd' 'temp_I' <Predicate = (!icmp_ln184)> <Delay = 7.25> <Core = "FAddSub">   --->   Core 105 'FAddSub' <Latency = 4> <II = 1> <Delay = 7.25> <FuncUnit> <Opcode : 'fadd' 'fsub'> <InPorts = 2> <OutPorts = 1>
ST_13 : Operation 67 [5/5] (7.25ns)   --->   "%tmp_4 = fsub float %X_R_load_1, %temp_R" [src/music.cpp:196]   --->   Operation 67 'fsub' 'tmp_4' <Predicate = (!icmp_ln184)> <Delay = 7.25> <Core = "FAddSub">   --->   Core 105 'FAddSub' <Latency = 4> <II = 1> <Delay = 7.25> <FuncUnit> <Opcode : 'fadd' 'fsub'> <InPorts = 2> <OutPorts = 1>
ST_13 : Operation 68 [1/2] (3.25ns)   --->   "%X_I_load_1 = load float* %X_I_addr_2, align 4" [src/music.cpp:197]   --->   Operation 68 'load' 'X_I_load_1' <Predicate = (!icmp_ln184)> <Delay = 3.25> <Core = "RAM">   --->   Core 37 'RAM' <Latency = 1> <II = 1> <Delay = 3.25> <Storage> <Opcode : 'load' 'store'> <Ports = 2> <Width = 32> <Depth = 1024> <RAM>
ST_13 : Operation 69 [5/5] (7.25ns)   --->   "%tmp_6 = fadd float %X_R_load_1, %temp_R" [src/music.cpp:198]   --->   Operation 69 'fadd' 'tmp_6' <Predicate = (!icmp_ln184)> <Delay = 7.25> <Core = "FAddSub">   --->   Core 105 'FAddSub' <Latency = 4> <II = 1> <Delay = 7.25> <FuncUnit> <Opcode : 'fadd' 'fsub'> <InPorts = 2> <OutPorts = 1>

State 14 <SV = 13> <Delay = 7.25>
ST_14 : Operation 70 [4/5] (7.25ns)   --->   "%tmp_4 = fsub float %X_R_load_1, %temp_R" [src/music.cpp:196]   --->   Operation 70 'fsub' 'tmp_4' <Predicate = (!icmp_ln184)> <Delay = 7.25> <Core = "FAddSub">   --->   Core 105 'FAddSub' <Latency = 4> <II = 1> <Delay = 7.25> <FuncUnit> <Opcode : 'fadd' 'fsub'> <InPorts = 2> <OutPorts = 1>
ST_14 : Operation 71 [5/5] (7.25ns)   --->   "%tmp_5 = fsub float %X_I_load_1, %temp_I" [src/music.cpp:197]   --->   Operation 71 'fsub' 'tmp_5' <Predicate = (!icmp_ln184)> <Delay = 7.25> <Core = "FAddSub">   --->   Core 105 'FAddSub' <Latency = 4> <II = 1> <Delay = 7.25> <FuncUnit> <Opcode : 'fadd' 'fsub'> <InPorts = 2> <OutPorts = 1>
ST_14 : Operation 72 [4/5] (7.25ns)   --->   "%tmp_6 = fadd float %X_R_load_1, %temp_R" [src/music.cpp:198]   --->   Operation 72 'fadd' 'tmp_6' <Predicate = (!icmp_ln184)> <Delay = 7.25> <Core = "FAddSub">   --->   Core 105 'FAddSub' <Latency = 4> <II = 1> <Delay = 7.25> <FuncUnit> <Opcode : 'fadd' 'fsub'> <InPorts = 2> <OutPorts = 1>
ST_14 : Operation 73 [5/5] (7.25ns)   --->   "%tmp_7 = fadd float %X_I_load_1, %temp_I" [src/music.cpp:199]   --->   Operation 73 'fadd' 'tmp_7' <Predicate = (!icmp_ln184)> <Delay = 7.25> <Core = "FAddSub">   --->   Core 105 'FAddSub' <Latency = 4> <II = 1> <Delay = 7.25> <FuncUnit> <Opcode : 'fadd' 'fsub'> <InPorts = 2> <OutPorts = 1>

State 15 <SV = 14> <Delay = 7.25>
ST_15 : Operation 74 [3/5] (7.25ns)   --->   "%tmp_4 = fsub float %X_R_load_1, %temp_R" [src/music.cpp:196]   --->   Operation 74 'fsub' 'tmp_4' <Predicate = (!icmp_ln184)> <Delay = 7.25> <Core = "FAddSub">   --->   Core 105 'FAddSub' <Latency = 4> <II = 1> <Delay = 7.25> <FuncUnit> <Opcode : 'fadd' 'fsub'> <InPorts = 2> <OutPorts = 1>
ST_15 : Operation 75 [4/5] (7.25ns)   --->   "%tmp_5 = fsub float %X_I_load_1, %temp_I" [src/music.cpp:197]   --->   Operation 75 'fsub' 'tmp_5' <Predicate = (!icmp_ln184)> <Delay = 7.25> <Core = "FAddSub">   --->   Core 105 'FAddSub' <Latency = 4> <II = 1> <Delay = 7.25> <FuncUnit> <Opcode : 'fadd' 'fsub'> <InPorts = 2> <OutPorts = 1>
ST_15 : Operation 76 [3/5] (7.25ns)   --->   "%tmp_6 = fadd float %X_R_load_1, %temp_R" [src/music.cpp:198]   --->   Operation 76 'fadd' 'tmp_6' <Predicate = (!icmp_ln184)> <Delay = 7.25> <Core = "FAddSub">   --->   Core 105 'FAddSub' <Latency = 4> <II = 1> <Delay = 7.25> <FuncUnit> <Opcode : 'fadd' 'fsub'> <InPorts = 2> <OutPorts = 1>
ST_15 : Operation 77 [4/5] (7.25ns)   --->   "%tmp_7 = fadd float %X_I_load_1, %temp_I" [src/music.cpp:199]   --->   Operation 77 'fadd' 'tmp_7' <Predicate = (!icmp_ln184)> <Delay = 7.25> <Core = "FAddSub">   --->   Core 105 'FAddSub' <Latency = 4> <II = 1> <Delay = 7.25> <FuncUnit> <Opcode : 'fadd' 'fsub'> <InPorts = 2> <OutPorts = 1>

State 16 <SV = 15> <Delay = 7.25>
ST_16 : Operation 78 [2/5] (7.25ns)   --->   "%tmp_4 = fsub float %X_R_load_1, %temp_R" [src/music.cpp:196]   --->   Operation 78 'fsub' 'tmp_4' <Predicate = (!icmp_ln184)> <Delay = 7.25> <Core = "FAddSub">   --->   Core 105 'FAddSub' <Latency = 4> <II = 1> <Delay = 7.25> <FuncUnit> <Opcode : 'fadd' 'fsub'> <InPorts = 2> <OutPorts = 1>
ST_16 : Operation 79 [3/5] (7.25ns)   --->   "%tmp_5 = fsub float %X_I_load_1, %temp_I" [src/music.cpp:197]   --->   Operation 79 'fsub' 'tmp_5' <Predicate = (!icmp_ln184)> <Delay = 7.25> <Core = "FAddSub">   --->   Core 105 'FAddSub' <Latency = 4> <II = 1> <Delay = 7.25> <FuncUnit> <Opcode : 'fadd' 'fsub'> <InPorts = 2> <OutPorts = 1>
ST_16 : Operation 80 [2/5] (7.25ns)   --->   "%tmp_6 = fadd float %X_R_load_1, %temp_R" [src/music.cpp:198]   --->   Operation 80 'fadd' 'tmp_6' <Predicate = (!icmp_ln184)> <Delay = 7.25> <Core = "FAddSub">   --->   Core 105 'FAddSub' <Latency = 4> <II = 1> <Delay = 7.25> <FuncUnit> <Opcode : 'fadd' 'fsub'> <InPorts = 2> <OutPorts = 1>
ST_16 : Operation 81 [3/5] (7.25ns)   --->   "%tmp_7 = fadd float %X_I_load_1, %temp_I" [src/music.cpp:199]   --->   Operation 81 'fadd' 'tmp_7' <Predicate = (!icmp_ln184)> <Delay = 7.25> <Core = "FAddSub">   --->   Core 105 'FAddSub' <Latency = 4> <II = 1> <Delay = 7.25> <FuncUnit> <Opcode : 'fadd' 'fsub'> <InPorts = 2> <OutPorts = 1>

State 17 <SV = 16> <Delay = 7.25>
ST_17 : Operation 82 [1/5] (7.25ns)   --->   "%tmp_4 = fsub float %X_R_load_1, %temp_R" [src/music.cpp:196]   --->   Operation 82 'fsub' 'tmp_4' <Predicate = (!icmp_ln184)> <Delay = 7.25> <Core = "FAddSub">   --->   Core 105 'FAddSub' <Latency = 4> <II = 1> <Delay = 7.25> <FuncUnit> <Opcode : 'fadd' 'fsub'> <InPorts = 2> <OutPorts = 1>
ST_17 : Operation 83 [2/5] (7.25ns)   --->   "%tmp_5 = fsub float %X_I_load_1, %temp_I" [src/music.cpp:197]   --->   Operation 83 'fsub' 'tmp_5' <Predicate = (!icmp_ln184)> <Delay = 7.25> <Core = "FAddSub">   --->   Core 105 'FAddSub' <Latency = 4> <II = 1> <Delay = 7.25> <FuncUnit> <Opcode : 'fadd' 'fsub'> <InPorts = 2> <OutPorts = 1>
ST_17 : Operation 84 [1/5] (7.25ns)   --->   "%tmp_6 = fadd float %X_R_load_1, %temp_R" [src/music.cpp:198]   --->   Operation 84 'fadd' 'tmp_6' <Predicate = (!icmp_ln184)> <Delay = 7.25> <Core = "FAddSub">   --->   Core 105 'FAddSub' <Latency = 4> <II = 1> <Delay = 7.25> <FuncUnit> <Opcode : 'fadd' 'fsub'> <InPorts = 2> <OutPorts = 1>
ST_17 : Operation 85 [2/5] (7.25ns)   --->   "%tmp_7 = fadd float %X_I_load_1, %temp_I" [src/music.cpp:199]   --->   Operation 85 'fadd' 'tmp_7' <Predicate = (!icmp_ln184)> <Delay = 7.25> <Core = "FAddSub">   --->   Core 105 'FAddSub' <Latency = 4> <II = 1> <Delay = 7.25> <FuncUnit> <Opcode : 'fadd' 'fsub'> <InPorts = 2> <OutPorts = 1>

State 18 <SV = 17> <Delay = 7.25>
ST_18 : Operation 86 [1/1] (0.00ns)   --->   "%Out_R_addr = getelementptr [1024 x float]* %Out_R, i64 0, i64 %zext_ln194" [src/music.cpp:196]   --->   Operation 86 'getelementptr' 'Out_R_addr' <Predicate = (!icmp_ln184)> <Delay = 0.00>
ST_18 : Operation 87 [1/1] (3.25ns)   --->   "store float %tmp_4, float* %Out_R_addr, align 4" [src/music.cpp:196]   --->   Operation 87 'store' <Predicate = (!icmp_ln184)> <Delay = 3.25> <Core = "RAM">   --->   Core 37 'RAM' <Latency = 1> <II = 1> <Delay = 3.25> <Storage> <Opcode : 'load' 'store'> <Ports = 2> <Width = 32> <Depth = 1024> <RAM>
ST_18 : Operation 88 [1/5] (7.25ns)   --->   "%tmp_5 = fsub float %X_I_load_1, %temp_I" [src/music.cpp:197]   --->   Operation 88 'fsub' 'tmp_5' <Predicate = (!icmp_ln184)> <Delay = 7.25> <Core = "FAddSub">   --->   Core 105 'FAddSub' <Latency = 4> <II = 1> <Delay = 7.25> <FuncUnit> <Opcode : 'fadd' 'fsub'> <InPorts = 2> <OutPorts = 1>
ST_18 : Operation 89 [1/1] (0.00ns)   --->   "%Out_R_addr_1 = getelementptr [1024 x float]* %Out_R, i64 0, i64 %zext_ln196" [src/music.cpp:198]   --->   Operation 89 'getelementptr' 'Out_R_addr_1' <Predicate = (!icmp_ln184)> <Delay = 0.00>
ST_18 : Operation 90 [1/1] (3.25ns)   --->   "store float %tmp_6, float* %Out_R_addr_1, align 4" [src/music.cpp:198]   --->   Operation 90 'store' <Predicate = (!icmp_ln184)> <Delay = 3.25> <Core = "RAM">   --->   Core 37 'RAM' <Latency = 1> <II = 1> <Delay = 3.25> <Storage> <Opcode : 'load' 'store'> <Ports = 2> <Width = 32> <Depth = 1024> <RAM>
ST_18 : Operation 91 [1/5] (7.25ns)   --->   "%tmp_7 = fadd float %X_I_load_1, %temp_I" [src/music.cpp:199]   --->   Operation 91 'fadd' 'tmp_7' <Predicate = (!icmp_ln184)> <Delay = 7.25> <Core = "FAddSub">   --->   Core 105 'FAddSub' <Latency = 4> <II = 1> <Delay = 7.25> <FuncUnit> <Opcode : 'fadd' 'fsub'> <InPorts = 2> <OutPorts = 1>

State 19 <SV = 18> <Delay = 3.25>
ST_19 : Operation 92 [1/1] (0.00ns)   --->   "call void (...)* @_ssdm_op_SpecLoopName([24 x i8]* @butterfly_loop_dft_l)"   --->   Operation 92 'specloopname' <Predicate = (!icmp_ln184)> <Delay = 0.00>
ST_19 : Operation 93 [1/1] (0.00ns)   --->   "%empty = call i32 (...)* @_ssdm_op_SpecLoopTripCount(i64 512, i64 512, i64 512)"   --->   Operation 93 'speclooptripcount' 'empty' <Predicate = (!icmp_ln184)> <Delay = 0.00>
ST_19 : Operation 94 [1/1] (0.00ns)   --->   "call void (...)* @_ssdm_op_SpecLoopName([9 x i8]* @p_str10) nounwind" [src/music.cpp:184]   --->   Operation 94 'specloopname' <Predicate = (!icmp_ln184)> <Delay = 0.00>
ST_19 : Operation 95 [1/1] (0.00ns)   --->   "%tmp_9 = call i32 (...)* @_ssdm_op_SpecRegionBegin([9 x i8]* @p_str10) nounwind" [src/music.cpp:184]   --->   Operation 95 'specregionbegin' 'tmp_9' <Predicate = (!icmp_ln184)> <Delay = 0.00>
ST_19 : Operation 96 [1/1] (0.00ns)   --->   "call void (...)* @_ssdm_op_SpecPipeline(i32 2, i32 1, i32 1, i32 0, [1 x i8]* @p_str) nounwind" [src/music.cpp:185]   --->   Operation 96 'specpipeline' <Predicate = (!icmp_ln184)> <Delay = 0.00>
ST_19 : Operation 97 [1/1] (0.00ns)   --->   "%Out_I_addr = getelementptr [1024 x float]* %Out_I, i64 0, i64 %zext_ln194" [src/music.cpp:197]   --->   Operation 97 'getelementptr' 'Out_I_addr' <Predicate = (!icmp_ln184)> <Delay = 0.00>
ST_19 : Operation 98 [1/1] (3.25ns)   --->   "store float %tmp_5, float* %Out_I_addr, align 4" [src/music.cpp:197]   --->   Operation 98 'store' <Predicate = (!icmp_ln184)> <Delay = 3.25> <Core = "RAM">   --->   Core 37 'RAM' <Latency = 1> <II = 1> <Delay = 3.25> <Storage> <Opcode : 'load' 'store'> <Ports = 2> <Width = 32> <Depth = 1024> <RAM>
ST_19 : Operation 99 [1/1] (0.00ns)   --->   "%Out_I_addr_1 = getelementptr [1024 x float]* %Out_I, i64 0, i64 %zext_ln196" [src/music.cpp:199]   --->   Operation 99 'getelementptr' 'Out_I_addr_1' <Predicate = (!icmp_ln184)> <Delay = 0.00>
ST_19 : Operation 100 [1/1] (3.25ns)   --->   "store float %tmp_7, float* %Out_I_addr_1, align 4" [src/music.cpp:199]   --->   Operation 100 'store' <Predicate = (!icmp_ln184)> <Delay = 3.25> <Core = "RAM">   --->   Core 37 'RAM' <Latency = 1> <II = 1> <Delay = 3.25> <Storage> <Opcode : 'load' 'store'> <Ports = 2> <Width = 32> <Depth = 1024> <RAM>
ST_19 : Operation 101 [1/1] (0.00ns)   --->   "%empty_20 = call i32 (...)* @_ssdm_op_SpecRegionEnd([9 x i8]* @p_str10, i32 %tmp_9) nounwind" [src/music.cpp:200]   --->   Operation 101 'specregionend' 'empty_20' <Predicate = (!icmp_ln184)> <Delay = 0.00>
ST_19 : Operation 102 [1/1] (0.00ns)   --->   "br label %1"   --->   Operation 102 'br' <Predicate = (!icmp_ln184)> <Delay = 0.00>

State 20 <SV = 2> <Delay = 0.00>
ST_20 : Operation 103 [1/1] (0.00ns)   --->   "ret void" [src/music.cpp:202]   --->   Operation 103 'ret' <Predicate = true> <Delay = 0.00>


============================================================
+ Verbose Summary: Timing violations
============================================================
Target clock period: 10ns, clock uncertainty: 1.25ns.

 <State 1>: 1.77ns
The critical path consists of the following:
	multiplexor before 'phi' operation ('indvar_flatten', src/music.cpp:184) with incoming values : ('add_ln184', src/music.cpp:184) [7]  (1.77 ns)

 <State 2>: 7.73ns
The critical path consists of the following:
	'phi' operation ('t') with incoming values : ('t', src/music.cpp:184) [9]  (0 ns)
	'icmp' operation ('icmp_ln184_1', src/music.cpp:184) [16]  (1.77 ns)
	'or' operation ('j_0_mid2', src/music.cpp:184) [18]  (0.978 ns)
	'add' operation ('i_lower', src/music.cpp:193) [25]  (1.73 ns)
	'getelementptr' operation ('X_R_addr', src/music.cpp:194) [27]  (0 ns)
	'load' operation ('X_R_load', src/music.cpp:194) on array 'X_R' [28]  (3.25 ns)

 <State 3>: 3.25ns
The critical path consists of the following:
	'load' operation ('X_R_load', src/music.cpp:194) on array 'X_R' [28]  (3.25 ns)

 <State 4>: 5.7ns
The critical path consists of the following:
	'fmul' operation ('tmp_1', src/music.cpp:194) [31]  (5.7 ns)

 <State 5>: 5.7ns
The critical path consists of the following:
	'fmul' operation ('tmp_1', src/music.cpp:194) [31]  (5.7 ns)

 <State 6>: 5.7ns
The critical path consists of the following:
	'fmul' operation ('tmp_1', src/music.cpp:194) [31]  (5.7 ns)

 <State 7>: 5.7ns
The critical path consists of the following:
	'fmul' operation ('tmp_1', src/music.cpp:194) [31]  (5.7 ns)

 <State 8>: 7.26ns
The critical path consists of the following:
	'fsub' operation ('temp_R', src/music.cpp:194) [32]  (7.26 ns)

 <State 9>: 7.26ns
The critical path consists of the following:
	'fsub' operation ('temp_R', src/music.cpp:194) [32]  (7.26 ns)

 <State 10>: 7.26ns
The critical path consists of the following:
	'fsub' operation ('temp_R', src/music.cpp:194) [32]  (7.26 ns)

 <State 11>: 7.26ns
The critical path consists of the following:
	'fsub' operation ('temp_R', src/music.cpp:194) [32]  (7.26 ns)

 <State 12>: 7.26ns
The critical path consists of the following:
	'fsub' operation ('temp_R', src/music.cpp:194) [32]  (7.26 ns)

 <State 13>: 7.26ns
The critical path consists of the following:
	'fadd' operation ('temp_I', src/music.cpp:195) [34]  (7.26 ns)

 <State 14>: 7.26ns
The critical path consists of the following:
	'fsub' operation ('tmp_4', src/music.cpp:196) [38]  (7.26 ns)

 <State 15>: 7.26ns
The critical path consists of the following:
	'fsub' operation ('tmp_4', src/music.cpp:196) [38]  (7.26 ns)

 <State 16>: 7.26ns
The critical path consists of the following:
	'fsub' operation ('tmp_4', src/music.cpp:196) [38]  (7.26 ns)

 <State 17>: 7.26ns
The critical path consists of the following:
	'fsub' operation ('tmp_4', src/music.cpp:196) [38]  (7.26 ns)

 <State 18>: 7.26ns
The critical path consists of the following:
	'fsub' operation ('tmp_5', src/music.cpp:197) [43]  (7.26 ns)

 <State 19>: 3.25ns
The critical path consists of the following:
	'getelementptr' operation ('Out_I_addr', src/music.cpp:197) [44]  (0 ns)
	'store' operation ('store_ln197', src/music.cpp:197) of variable 'tmp_5', src/music.cpp:197 on array 'Out_I' [45]  (3.25 ns)

 <State 20>: 0ns
The critical path consists of the following:


============================================================
+ Verbose Summary: Binding
============================================================
N/A
* FSMD analyzer results:
  - Output states:
 - Input state : 
  - Chain level:
	State 1
	State 2
	State 3
	State 4
	State 5
	State 6
	State 7
	State 8
	State 9
	State 10
	State 11
	State 12
	State 13
	State 14
	State 15
	State 16
	State 17
	State 18
	State 19
	State 20


============================================================
+ Verbose Summary: Datapath Resource usage 
============================================================
N/A
