

================================================================
== Vivado HLS Report for 'music'
================================================================
* Date:           Fri Jul 31 17:04:28 2020

* Version:        2019.1 (Build 2552052 on Fri May 24 15:28:33 MDT 2019)
* Project:        DOA_Estimation_proj
* Solution:       solution3
* Product family: zynq
* Target device:  xc7z020-clg400-1


================================================================
== Performance Estimates
================================================================
+ Timing (ns): 
    * Summary: 
    +--------+-------+----------+------------+
    |  Clock | Target| Estimated| Uncertainty|
    +--------+-------+----------+------------+
    |ap_clk  |  10.00|     9.489|        1.25|
    +--------+-------+----------+------------+

+ Latency (clock cycles): 
    * Summary: 
    +-----------+------------+-----------+------------+---------+
    |         Latency        |        Interval        | Pipeline|
    |    min    |     max    |    min    |     max    |   Type  |
    +-----------+------------+-----------+------------+---------+
    |  274543701|  5567101765|  274543701|  5567101765|   none  |
    +-----------+------------+-----------+------------+---------+

    + Detail: 
        * Instance: 
        +--------------------------------+--------------------+-----+------+-----+------+----------+
        |                                |                    |   Latency  |  Interval  | Pipeline |
        |            Instance            |       Module       | min |  max | min |  max |   Type   |
        +--------------------------------+--------------------+-----+------+-----+------+----------+
        |grp_qrf_top_fu_2756             |qrf_top             |  118|  1606|  119|  1607| dataflow |
        |grp_sin_or_cos_float_s_fu_2766  |sin_or_cos_float_s  |   26|    32|   26|    32|   none   |
        |grp_sin_or_cos_float_s_fu_2782  |sin_or_cos_float_s  |   26|    32|   26|    32|   none   |
        |grp_scaled_fixed2ieee_fu_2799   |scaled_fixed2ieee   |   21|    33|   21|    33|   none   |
        +--------------------------------+--------------------+-----+------+-----+------+----------+

        * Loop: 
        +--------------------------------+-----------+------------+--------------------+-----------+-----------+----------+----------+
        |                                |         Latency        |      Iteration     |  Initiation Interval  |   Trip   |          |
        |            Loop Name           |    min    |     max    |       Latency      |  achieved |   target  |   Count  | Pipelined|
        +--------------------------------+-----------+------------+--------------------+-----------+-----------+----------+----------+
        |- Loop 1                        |         49|          49|                   5|          -|          -|        10|    no    |
        | + Loop 1.1                     |          3|           3|                   1|          -|          -|         4|    no    |
        |- Loop 2                        |         19|          19|                   5|          -|          -|         4|    no    |
        | + Loop 2.1                     |          3|           3|                   1|          -|          -|         4|    no    |
        |- Loop 3                        |         11|          11|                   3|          -|          -|         4|    no    |
        | + Loop 3.1                     |          1|           1|                   1|          -|          -|         2|    no    |
        |- Loop 4                        |         19|          19|                   5|          -|          -|         4|    no    |
        | + Loop 4.1                     |          3|           3|                   1|          -|          -|         4|    no    |
        |- Loop 5                        |       1804|        1804|                   5|          -|          -|       361|    no    |
        | + Loop 5.1                     |          3|           3|                   1|          -|          -|         4|    no    |
        |- Loop 6                        |        360|         360|                   1|          -|          -|       361|    no    |
        |- Loop 7                        |       1447|        1447|                 362|          -|          -|         4|    no    |
        | + Loop 7.1                     |        360|         360|                   1|          -|          -|       361|    no    |
        |- Loop 8                        |    1349740|  5252030300| 134974 ~ 525203030 |          -|          -|        10|    no    |
        | + Loop 8.1                     |     134972|   525203028|  33743 ~ 131300757 |          -|          -|         4|    no    |
        |  ++ Loop 8.1.1                 |      10240|       10240|                  10|          -|          -|      1024|    no    |
        |  ++ Loop 8.1.2                 |      13312|       14336|       13 ~ 14      |          -|          -|      1024|    no    |
        |   +++ reverse_bits_label14     |         10|          10|                   1|          -|          -|        10|    no    |
        |  ++ stages                     |        970|   131266960|    97 ~ 13126696   |          -|          -|        10|    no    |
        |   +++ butterfly                |         57|    13126656|     57 ~ 25638     |          -|          -|  1 ~ 512 |    no    |
        |    ++++ DFTpts                 |         25|       25600|                  25|          -|          -| 1 ~ 1024 |    no    |
        |  ++ Loop 8.1.4                 |       9216|        9216|                   9|          -|          -|      1024|    no    |
        |- music_label1                  |  273183744|   315061248|   266781 ~ 307677  |          -|          -|      1024|    no    |
        | + music_label1.1               |        460|         460|                  46|          -|          -|        10|    no    |
        |  ++ music_label1.1.1           |         44|          44|                  11|          -|          -|         4|    no    |
        | + music_label1.2               |       2984|        2984|                 746|          -|          -|         4|    no    |
        |  ++ music_label1.2.1           |        744|         744|                 186|          -|          -|         4|    no    |
        |   +++ Autocorrelation_label17  |        160|         160|                  16|          -|          -|        10|    no    |
        | + music_label1.3               |         19|          19|                   5|          -|          -|         4|    no    |
        |  ++ music_label1.3.1           |          3|           3|                   1|          -|          -|         4|    no    |
        | + music_label1.4               |         19|          19|                   5|          -|          -|         4|    no    |
        |  ++ music_label1.4.1           |          3|           3|                   1|          -|          -|         4|    no    |
        | + music_label1.5               |         19|          19|                   5|          -|          -|         4|    no    |
        |  ++ music_label1.5.1           |          3|           3|                   1|          -|          -|         4|    no    |
        | + music_label1.6               |         19|          19|                   5|          -|          -|         4|    no    |
        |  ++ music_label1.6.1           |          3|           3|                   1|          -|          -|         4|    no    |
        | + music_label1.7               |         40|          40|                  10|          -|          -|         4|    no    |
        |  ++ music_label1.7.1           |          8|           8|                   2|          -|          -|         4|    no    |
        | + music_label1.8               |       8968|       20872|     1121 ~ 2609    |          -|          -|         8|    no    |
        |  ++ music_label1.8.1           |       1000|        1000|                 250|          -|          -|         4|    no    |
        |   +++ music_label1.8.1.1       |        248|         248|                  62|          -|          -|         4|    no    |
        |    ++++ eig_decompose_label7   |         60|          60|                  15|          -|          -|         4|    no    |
        | + music_label1.9               |       2636|        5612|     659 ~ 1403     |          -|          -|         4|    no    |
        |  ++ music_label1.9.1           |         64|          64|                  16|          -|          -|         4|    no    |
        |   +++ eig_decompose_label12    |          8|           8|                   2|          -|          -|         4|    no    |
        |  ++ music_label1.9.2           |        297|         951|      99 ~ 317      |          -|          -|         3|    no    |
        |   +++ eig_decompose_label9     |         52|         104|                  26|          -|          -|   2 ~ 4  |    no    |
        |   +++ music_label1.9.2.2       |         35|         201|       35 ~ 67      |          -|          -|   1 ~ 3  |    no    |
        |    ++++ eig_decompose_label8   |         32|          64|                  16|          -|          -|   2 ~ 4  |    no    |
        |  ++ eig_decompose_label11      |        168|         258|       56 ~ 86      |          -|          -|         3|    no    |
        |   +++ eig_decompose_label10    |         15|          45|                  15|          -|          -|   1 ~ 3  |    no    |
        |  ++ eig_decompose_label13      |        104|         104|                  26|          -|          -|         4|    no    |
        | + music_label1.10              |          4|           4|                   1|          -|          -|         4|    no    |
        | + music_label1.11              |         24|          48|       8 ~ 16       |          -|          -|         3|    no    |
        |  ++ music_label1.11.1          |          4|          12|                   4|          -|          -|   1 ~ 3  |    no    |
        | + music_label1.12              |         56|          56|                  14|          -|          -|         4|    no    |
        |  ++ music_label1.12.1          |         12|          12|                   3|          -|          -|         4|    no    |
        | + music_label1.13              |     128544|      154536|    32136 ~ 38634   |          -|          -|         4|    no    |
        |  ++ music_label2               |      32129|       38627|      89 ~ 107      |          -|          -|       361|    no    |
        | + music_label1.14              |        552|         552|                 138|          -|          -|         4|    no    |
        |  ++ music_label1.14.1          |        136|         136|                  34|          -|          -|         4|    no    |
        |   +++ music_label3             |         32|          32|                  16|          -|          -|         2|    no    |
        | + music_label1.15              |      96026|       96026|                 266|          -|          -|       361|    no    |
        |  ++ music_label1.15.1          |        264|         264|                  66|          -|          -|         4|    no    |
        |   +++ music_label4             |         64|          64|                  16|          -|          -|         4|    no    |
        | + music_label1.16              |      26353|       26353|                  73|          -|          -|       361|    no    |
        |  ++ music_label5               |         64|          64|                  16|          -|          -|         4|    no    |
        |- music_label6                  |       6498|        6498|                  18|          -|          -|       361|    no    |
        +--------------------------------+-----------+------------+--------------------+-----------+-----------+----------+----------+



================================================================
== Utilization Estimates
================================================================
* Summary: 
+-----------------+---------+-------+--------+-------+-----+
|       Name      | BRAM_18K| DSP48E|   FF   |  LUT  | URAM|
+-----------------+---------+-------+--------+-------+-----+
|DSP              |        -|      -|       -|      -|    -|
|Expression       |        -|      2|      73|   5564|    -|
|FIFO             |        -|      -|       -|      -|    -|
|Instance         |       16|    186|   24059|  37189|    0|
|Memory           |       38|      -|    1205|    960|    0|
|Multiplexer      |        -|      -|       -|   5449|    -|
|Register         |        -|      -|    6060|      -|    -|
+-----------------+---------+-------+--------+-------+-----+
|Total            |       54|    188|   31397|  49162|    0|
+-----------------+---------+-------+--------+-------+-----+
|Available        |      280|    220|  106400|  53200|    0|
+-----------------+---------+-------+--------+-------+-----+
|Utilization (%)  |       19|     85|      29|     92|    0|
+-----------------+---------+-------+--------+-------+-----+

+ Detail: 
    * Instance: 
    +--------------------------------+----------------------+---------+-------+------+-------+-----+
    |            Instance            |        Module        | BRAM_18K| DSP48E|  FF  |  LUT  | URAM|
    +--------------------------------+----------------------+---------+-------+------+-------+-----+
    |music_AXILiteS_s_axi_U          |music_AXILiteS_s_axi  |        2|      0|   224|    302|    0|
    |music_data_m_axi_U              |music_data_m_axi      |        2|      0|   512|    580|    0|
    |music_ddiv_64ns_6Lf8_U100       |music_ddiv_64ns_6Lf8  |        0|      0|  3211|   3658|    0|
    |music_dmul_64ns_6KfY_U99        |music_dmul_64ns_6KfY  |        0|     11|   317|    578|    0|
    |music_faddfsub_32kbM_U84        |music_faddfsub_32kbM  |        0|      2|   205|    390|    0|
    |music_faddfsub_32kbM_U85        |music_faddfsub_32kbM  |        0|      2|   205|    390|    0|
    |music_fcmp_32ns_3pcA_U97        |music_fcmp_32ns_3pcA  |        0|      0|    66|    239|    0|
    |music_fdiv_32ns_3ocq_U93        |music_fdiv_32ns_3ocq  |        0|      0|   761|    994|    0|
    |music_fdiv_32ns_3ocq_U94        |music_fdiv_32ns_3ocq  |        0|      0|   761|    994|    0|
    |music_fmul_32ns_3ncg_U87        |music_fmul_32ns_3ncg  |        0|      3|   143|    321|    0|
    |music_fmul_32ns_3ncg_U88        |music_fmul_32ns_3ncg  |        0|      3|   143|    321|    0|
    |music_fmul_32ns_3ncg_U89        |music_fmul_32ns_3ncg  |        0|      3|   143|    321|    0|
    |music_fmul_32ns_3ncg_U90        |music_fmul_32ns_3ncg  |        0|      3|   143|    321|    0|
    |music_fmul_32ns_3ncg_U91        |music_fmul_32ns_3ncg  |        0|      3|   143|    321|    0|
    |music_fmul_32ns_3ncg_U92        |music_fmul_32ns_3ncg  |        0|      3|   143|    321|    0|
    |music_fpext_32ns_JfO_U96        |music_fpext_32ns_JfO  |        0|      0|   100|    138|    0|
    |music_fptrunc_64nIfE_U95        |music_fptrunc_64nIfE  |        0|      0|   128|    277|    0|
    |music_fsqrt_32ns_qcK_U98        |music_fsqrt_32ns_qcK  |        0|      0|   405|    615|    0|
    |music_fsub_32ns_3mb6_U86        |music_fsub_32ns_3mb6  |        0|      2|   205|    390|    0|
    |music_mul_170ns_5Ngs_U102       |music_mul_170ns_5Ngs  |        0|     21|   441|    256|    0|
    |music_mul_42ns_33Rg6_U109       |music_mul_42ns_33Rg6  |        0|      4|   205|     88|    0|
    |music_mul_49ns_44QgW_U108       |music_mul_49ns_44QgW  |        0|      9|   233|     85|    0|
    |music_mul_49ns_49OgC_U103       |music_mul_49ns_49OgC  |        0|      9|   233|     85|    0|
    |music_mul_49ns_49OgC_U105       |music_mul_49ns_49OgC  |        0|      9|   233|     85|    0|
    |music_mul_49ns_49OgC_U106       |music_mul_49ns_49OgC  |        0|      9|   233|     85|    0|
    |music_mul_56ns_52PgM_U107       |music_mul_56ns_52PgM  |        0|      9|   176|    219|    0|
    |music_mul_64s_63nShg_U110       |music_mul_64s_63nShg  |        0|     16|   441|    256|    0|
    |music_mux_164_1_1_1_U111        |music_mux_164_1_1_1   |        0|      0|     0|     65|    0|
    |music_mux_164_1_1_1_U112        |music_mux_164_1_1_1   |        0|      0|     0|     65|    0|
    |music_mux_83_1_1_1_U104         |music_mux_83_1_1_1    |        0|      0|     0|     65|    0|
    |music_sitodp_32nsMgi_U101       |music_sitodp_32nsMgi  |        0|      0|   412|    645|    0|
    |grp_qrf_top_fu_2756             |qrf_top               |        8|     39|  9745|  16563|    0|
    |grp_scaled_fixed2ieee_fu_2799   |scaled_fixed2ieee     |        0|      0|   571|   1586|    0|
    |grp_sin_or_cos_float_s_fu_2766  |sin_or_cos_float_s    |        2|     13|  1589|   2785|    0|
    |grp_sin_or_cos_float_s_fu_2782  |sin_or_cos_float_s    |        2|     13|  1589|   2785|    0|
    +--------------------------------+----------------------+---------+-------+------+-------+-----+
    |Total                           |                      |       16|    186| 24059|  37189|    0|
    +--------------------------------+----------------------+---------+-------+------+-------+-----+

    * DSP48E: 
    N/A

    * Memory: 
    +-------------------------+----------------------+---------+----+-----+-----+------+-----+------+-------------+
    |          Memory         |        Module        | BRAM_18K| FF | LUT | URAM| Words| Bits| Banks| W*Bits*Banks|
    +-------------------------+----------------------+---------+----+-----+-----+------+-----+------+-------------+
    |AUU_M_real_U             |music_AUU_M_real      |        4|   0|    0|    0|  1444|   32|     1|        46208|
    |AUU_M_imag_U             |music_AUU_M_real      |        4|   0|    0|    0|  1444|   32|     1|        46208|
    |a_theta_M_real_U         |music_AUU_M_real      |        4|   0|    0|    0|  1444|   32|     1|        46208|
    |a_theta_M_imag_U         |music_AUU_M_real      |        4|   0|    0|    0|  1444|   32|     1|        46208|
    |Autocorr_Buffer_M_r_U    |music_Autocorr_BuCeG  |        2|   0|    0|    0|    40|   32|     1|         1280|
    |Autocorr_Buffer_M_i_U    |music_Autocorr_BuCeG  |        2|   0|    0|    0|    40|   32|     1|         1280|
    |FFT_Buffer_re_U          |music_FFT_Buffer_re   |        2|   0|    0|    0|  1024|   32|     1|        32768|
    |FFT_Buffer_im_U          |music_FFT_Buffer_re   |        2|   0|    0|    0|  1024|   32|     1|        32768|
    |Q_temp_M_real_U          |music_Q_temp_M_real   |        0|  64|    8|    0|    16|   32|     1|          512|
    |Q_temp_M_imag_U          |music_Q_temp_M_real   |        0|  64|    8|    0|    16|   32|     1|          512|
    |R_temp_M_real_U          |music_Q_temp_M_real   |        0|  64|    8|    0|    16|   32|     1|          512|
    |R_temp_M_imag_U          |music_Q_temp_M_real   |        0|  64|    8|    0|    16|   32|     1|          512|
    |Rx_temp_M_real_U         |music_Q_temp_M_real   |        0|  64|    8|    0|    16|   32|     1|          512|
    |Rx_temp_M_imag_U         |music_Q_temp_M_real   |        0|  64|    8|    0|    16|   32|     1|          512|
    |eig_mat_M_real_U         |music_Q_temp_M_real   |        0|  64|    8|    0|    16|   32|     1|          512|
    |eig_mat_M_imag_U         |music_Q_temp_M_real   |        0|  64|    8|    0|    16|   32|     1|          512|
    |U_M_real_U               |music_Q_temp_M_real   |        0|  64|    8|    0|    16|   32|     1|          512|
    |U_M_imag_U               |music_Q_temp_M_real   |        0|  64|    8|    0|    16|   32|     1|          512|
    |temp_mat_M_real_U        |music_Q_temp_M_real   |        0|  64|    8|    0|    16|   32|     1|          512|
    |temp_mat_M_imag_U        |music_Q_temp_M_real   |        0|  64|    8|    0|    16|   32|     1|          512|
    |Un_M_real_U              |music_Un_M_real       |        0|  64|    4|    0|     8|   32|     1|          256|
    |Un_M_imag_U              |music_Un_M_real       |        0|  64|    4|    0|     8|   32|     1|          256|
    |eigval_U                 |music_eigval          |        0|  64|    2|    0|     4|   32|     1|          128|
    |fc_U                     |music_fc              |        2|   0|    0|    0|  1024|   32|     1|        32768|
    |fourth_order_double_4_U  |music_fourth_ordetde  |        0|  59|  236|    0|   256|   59|     1|        15104|
    |fourth_order_double_5_U  |music_fourth_ordeudo  |        0|  52|  208|    0|   256|   52|     1|        13312|
    |fourth_order_double_6_U  |music_fourth_ordevdy  |        0|  44|  176|    0|   256|   44|     1|        11264|
    |fourth_order_double_7_U  |music_fourth_ordewdI  |        0|  33|  132|    0|   256|   33|     1|         8448|
    |fourth_order_double_s_U  |music_fourth_ordexdS  |        0|  25|  100|    0|   256|   25|     1|         6400|
    |p_U                      |music_p               |        0|  32|    2|    0|     4|   32|     1|          128|
    |ref_4oPi_table_256_V_U   |music_ref_4oPi_tasc4  |        8|   0|    0|    0|    10|  256|     1|         2560|
    |sort_index_U             |music_sort_index      |        1|   0|    0|    0|     4|    3|     1|           12|
    |theta_U                  |music_theta           |        1|   0|    0|    0|   361|   32|     1|        11552|
    |w_M_real_U               |music_w_M_real        |        1|   0|    0|    0|   361|   32|     1|        11552|
    |w_M_imag_U               |music_w_M_real        |        1|   0|    0|    0|   361|   32|     1|        11552|
    +-------------------------+----------------------+---------+----+-----+-----+------+-----+------+-------------+
    |Total                    |                      |       38|1205|  960|    0| 11521| 1368|    35|       384364|
    +-------------------------+----------------------+---------+----+-----+-----+------+-----+------+-------------+

    * FIFO: 
    N/A

    * Expression: 
    +--------------------------------------+----------+-------+----+-----+------------+------------+
    |             Variable Name            | Operation| DSP48E| FF | LUT | Bitwidth P0| Bitwidth P1|
    +--------------------------------------+----------+-------+----+-----+------------+------------+
    |r_V_43_fu_5573_p2                     |     *    |      2|   0|   24|          35|          25|
    |add_ln1027_fu_3407_p2                 |     +    |      0|   0|   13|          11|          11|
    |add_ln102_1_fu_4012_p2                |     +    |      0|   0|   15|           7|           7|
    |add_ln102_fu_4001_p2                  |     +    |      0|   0|   15|           7|           7|
    |add_ln1044_fu_4382_p2                 |     +    |      0|   0|   15|           6|           6|
    |add_ln104_fu_3966_p2                  |     +    |      0|   0|   15|           6|           6|
    |add_ln1146_1_fu_5628_p2               |     +    |      0|   0|   45|          38|          38|
    |add_ln1146_2_fu_5638_p2               |     +    |      0|   0|   56|          49|          49|
    |add_ln1146_fu_5658_p2                 |     +    |      0|   0|   64|          64|          64|
    |add_ln114_1_fu_5147_p2                |     +    |      0|   0|   13|          11|          11|
    |add_ln114_fu_5313_p2                  |     +    |      0|   0|   13|          11|          11|
    |add_ln11_1_fu_4044_p2                 |     +    |      0|   0|   10|           2|           1|
    |add_ln11_fu_4038_p2                   |     +    |      0|   0|   10|           2|           1|
    |add_ln12_1_fu_4082_p2                 |     +    |      0|   0|   10|           2|           1|
    |add_ln12_fu_4076_p2                   |     +    |      0|   0|   10|           2|           1|
    |add_ln13_1_fu_4120_p2                 |     +    |      0|   0|   10|           2|           1|
    |add_ln13_fu_4114_p2                   |     +    |      0|   0|   10|           2|           1|
    |add_ln14_1_fu_4158_p2                 |     +    |      0|   0|   10|           2|           1|
    |add_ln14_fu_4152_p2                   |     +    |      0|   0|   10|           2|           1|
    |add_ln204_1_fu_3189_p2                |     +    |      0|   0|   10|           2|           1|
    |add_ln204_fu_3183_p2                  |     +    |      0|   0|   13|           4|           1|
    |add_ln205_1_fu_3227_p2                |     +    |      0|   0|   10|           2|           1|
    |add_ln205_fu_3221_p2                  |     +    |      0|   0|   10|           2|           1|
    |add_ln206_fu_3259_p2                  |     +    |      0|   0|   10|           2|           1|
    |add_ln207_1_fu_3297_p2                |     +    |      0|   0|   10|           2|           1|
    |add_ln207_fu_3291_p2                  |     +    |      0|   0|   10|           2|           1|
    |add_ln208_1_fu_3335_p2                |     +    |      0|   0|   10|           2|           1|
    |add_ln208_fu_3329_p2                  |     +    |      0|   0|   15|           9|           1|
    |add_ln209_fu_3367_p2                  |     +    |      0|   0|   15|           9|           1|
    |add_ln210_1_fu_3397_p2                |     +    |      0|   0|   15|           9|           1|
    |add_ln210_2_fu_3385_p2                |     +    |      0|   0|   13|          11|           9|
    |add_ln210_fu_3391_p2                  |     +    |      0|   0|   10|           2|           1|
    |add_ln218_1_fu_3500_p2                |     +    |      0|   0|   24|          17|          17|
    |add_ln218_2_fu_3509_p2                |     +    |      0|   0|   38|          31|          31|
    |add_ln218_fu_3483_p2                  |     +    |      0|   0|   19|          14|          14|
    |add_ln223_1_fu_3741_p2                |     +    |      0|   0|   24|          17|          17|
    |add_ln223_2_fu_3750_p2                |     +    |      0|   0|   38|          31|          31|
    |add_ln223_fu_3724_p2                  |     +    |      0|   0|   19|          14|          14|
    |add_ln224_fu_3765_p2                  |     +    |      0|   0|   38|          31|          31|
    |add_ln22_fu_4230_p2                   |     +    |      0|   0|   15|           6|           6|
    |add_ln234_1_fu_3869_p2                |     +    |      0|   0|   24|          17|          17|
    |add_ln234_2_fu_3878_p2                |     +    |      0|   0|   38|          31|          31|
    |add_ln234_3_fu_3888_p2                |     +    |      0|   0|   15|           7|           7|
    |add_ln234_fu_3832_p2                  |     +    |      0|   0|   19|          14|          14|
    |add_ln235_fu_3883_p2                  |     +    |      0|   0|   38|          31|          31|
    |add_ln244_fu_5043_p2                  |     +    |      0|   0|   15|           6|           6|
    |add_ln251_fu_5065_p2                  |     +    |      0|   0|   13|          11|           9|
    |add_ln255_fu_5109_p2                  |     +    |      0|   0|   13|          11|          11|
    |add_ln264_1_fu_6038_p2                |     +    |      0|   0|   15|           5|           5|
    |add_ln264_fu_6033_p2                  |     +    |      0|   0|   15|           5|           5|
    |add_ln266_fu_6006_p2                  |     +    |      0|   0|   15|           6|           6|
    |add_ln274_1_fu_6164_p2                |     +    |      0|   0|   13|          11|          11|
    |add_ln274_2_fu_6158_p2                |     +    |      0|   0|   13|          11|           9|
    |add_ln274_fu_6153_p2                  |     +    |      0|   0|   15|           6|           6|
    |add_ln276_fu_6118_p2                  |     +    |      0|   0|   12|          12|          12|
    |add_ln283_1_fu_6261_p2                |     +    |      0|   0|   13|          11|          11|
    |add_ln283_2_fu_6255_p2                |     +    |      0|   0|   13|          11|           9|
    |add_ln283_fu_6244_p2                  |     +    |      0|   0|   12|          12|          12|
    |add_ln34_1_fu_4343_p2                 |     +    |      0|   0|   15|           6|           6|
    |add_ln34_fu_4332_p2                   |     +    |      0|   0|   15|           6|           6|
    |add_ln36_fu_4293_p2                   |     +    |      0|   0|   15|           6|           6|
    |add_ln45_fu_4442_p2                   |     +    |      0|   0|   15|           6|           6|
    |add_ln47_fu_4478_p2                   |     +    |      0|   0|   15|           6|           6|
    |add_ln54_fu_4541_p2                   |     +    |      0|   0|   15|           6|           6|
    |add_ln59_1_fu_4610_p2                 |     +    |      0|   0|   15|           6|           6|
    |add_ln59_fu_4605_p2                   |     +    |      0|   0|   15|           6|           6|
    |add_ln68_1_fu_4722_p2                 |     +    |      0|   0|   15|           6|           6|
    |add_ln68_fu_4699_p2                   |     +    |      0|   0|   15|           6|           6|
    |add_ln70_fu_4660_p2                   |     +    |      0|   0|   15|           6|           6|
    |add_ln72_fu_4672_p2                   |     +    |      0|   0|   15|           6|           6|
    |add_ln76_fu_4795_p2                   |     +    |      0|   0|   15|           6|           6|
    |count_fu_4360_p2                      |     +    |      0|   0|   12|           3|           1|
    |i_10_fu_4259_p2                       |     +    |      0|   0|   12|           3|           1|
    |i_11_fu_4420_p2                       |     +    |      0|   0|   12|           3|           1|
    |i_12_fu_4812_p2                       |     +    |      0|   0|   12|           3|           1|
    |i_13_fu_4499_p2                       |     +    |      0|   0|   10|           2|           1|
    |i_14_fu_4833_p2                       |     +    |      0|   0|   10|           2|           1|
    |i_15_fu_4777_p2                       |     +    |      0|   0|   12|           3|           1|
    |i_16_fu_5948_p2                       |     +    |      0|   0|   12|           3|           1|
    |i_17_fu_6076_p2                       |     +    |      0|   0|   15|           9|           1|
    |i_18_fu_6202_p2                       |     +    |      0|   0|   15|           9|           1|
    |i_4_fu_3556_p2                        |     +    |      0|   0|   13|           4|           1|
    |i_6_fu_3544_p2                        |     +    |      0|   0|   13|           1|          11|
    |i_7_fu_3697_p2                        |     +    |      0|   0|   39|          32|          32|
    |i_8_fu_4196_p2                        |     +    |      0|   0|   12|           3|           1|
    |i_9_fu_4247_p2                        |     +    |      0|   0|   13|           4|           1|
    |i_fu_6278_p2                          |     +    |      0|   0|   15|           9|           1|
    |i_lower_fu_3680_p2                    |     +    |      0|   0|   39|          32|          32|
    |j_10_fu_4683_p2                       |     +    |      0|   0|   39|          32|           1|
    |j_11_fu_4558_p2                       |     +    |      0|   0|   39|          32|           1|
    |j_12_fu_5984_p2                       |     +    |      0|   0|   12|           3|           1|
    |j_13_fu_6104_p2                       |     +    |      0|   0|   12|           3|           1|
    |j_15_fu_4839_p2                       |     +    |      0|   0|   39|          32|           1|
    |j_1_fu_3712_p2                        |     +    |      0|   0|   13|          11|           1|
    |j_2_fu_3652_p2                        |     +    |      0|   0|   14|          10|           1|
    |j_3_fu_4220_p2                        |     +    |      0|   0|   12|           3|           1|
    |j_5_fu_4283_p2                        |     +    |      0|   0|   12|           3|           1|
    |j_8_fu_4552_p2                        |     +    |      0|   0|   39|           1|          32|
    |j_9_fu_4462_p2                        |     +    |      0|   0|   12|           3|           1|
    |j_fu_3477_p2                          |     +    |      0|   0|   13|          11|           1|
    |jj_fu_3789_p2                         |     +    |      0|   0|   13|          11|           1|
    |k_2_fu_6023_p2                        |     +    |      0|   0|   10|           2|           1|
    |k_3_fu_6234_p2                        |     +    |      0|   0|   12|           3|           1|
    |k_4_fu_6135_p2                        |     +    |      0|   0|   12|           3|           1|
    |k_fu_4310_p2                          |     +    |      0|   0|   12|           3|           1|
    |l_1_fu_3806_p2                        |     +    |      0|   0|   13|           4|           1|
    |l_2_fu_3983_p2                        |     +    |      0|   0|   13|           4|           1|
    |l_fu_3437_p2                          |     +    |      0|   0|   13|           4|           1|
    |m_fu_4733_p2                          |     +    |      0|   0|   12|           3|           2|
    |n_1_fu_3457_p2                        |     +    |      0|   0|   12|           3|           1|
    |n_fu_3855_p2                          |     +    |      0|   0|   12|           3|           1|
    |q_1_fu_4621_p2                        |     +    |      0|   0|   39|           1|          32|
    |ret_V_fu_5667_p2                      |     +    |      0|   0|   64|          64|          64|
    |stage_fu_3658_p2                      |     +    |      0|   0|   13|           4|           1|
    |x_1_fu_4974_p2                        |     +    |      0|   0|   12|           3|           1|
    |x_2_fu_5077_p2                        |     +    |      0|   0|   12|           3|           1|
    |x_fu_3924_p2                          |     +    |      0|   0|   12|           3|           1|
    |y_1_fu_5094_p2                        |     +    |      0|   0|   15|           9|           1|
    |y_2_fu_5028_p2                        |     +    |      0|   0|   12|           3|           1|
    |y_fu_3952_p2                          |     +    |      0|   0|   12|           3|           1|
    |Ex_V_fu_5346_p2                       |     -    |      0|   0|   13|          11|          11|
    |Mx_bits_V_2_fu_5254_p2                |     -    |      0|   0|  131|           1|         124|
    |ret_V_19_fu_5713_p2                   |     -    |      0|   0|   12|           1|          12|
    |sub_ln1311_fu_5373_p2                 |     -    |      0|   0|   12|           1|          12|
    |and_ln300_2_fu_5857_p2                |    and   |      0|   0|    2|           1|           1|
    |and_ln300_fu_5835_p2                  |    and   |      0|   0|    2|           1|           1|
    |and_ln87_1_fu_4955_p2                 |    and   |      0|   0|    2|           1|           1|
    |and_ln87_fu_4949_p2                   |    and   |      0|   0|    2|           1|           1|
    |tmp_i_i_i1_fu_5301_p3                 |   cttz   |      0|  73|   71|          64|           0|
    |closepath_fu_5141_p2                  |   icmp   |      0|   0|   13|          11|          10|
    |icmp_ln101_fu_3977_p2                 |   icmp   |      0|   0|    9|           4|           4|
    |icmp_ln110_fu_3550_p2                 |   icmp   |      0|   0|    9|           4|           4|
    |icmp_ln11_1_fu_4070_p2                |   icmp   |      0|   0|    8|           2|           2|
    |icmp_ln11_fu_4064_p2                  |   icmp   |      0|   0|    8|           2|           2|
    |icmp_ln122_fu_3538_p2                 |   icmp   |      0|   0|   13|          11|          12|
    |icmp_ln124_fu_3592_p2                 |   icmp   |      0|   0|   18|          32|          32|
    |icmp_ln12_1_fu_4108_p2                |   icmp   |      0|   0|    8|           2|           2|
    |icmp_ln12_fu_4102_p2                  |   icmp   |      0|   0|    8|           2|           2|
    |icmp_ln13_1_fu_4146_p2                |   icmp   |      0|   0|    8|           2|           2|
    |icmp_ln13_fu_4140_p2                  |   icmp   |      0|   0|    8|           2|           2|
    |icmp_ln14_1_fu_4184_p2                |   icmp   |      0|   0|    8|           2|           2|
    |icmp_ln14_fu_4178_p2                  |   icmp   |      0|   0|    8|           2|           2|
    |icmp_ln159_fu_3613_p2                 |   icmp   |      0|   0|    9|           4|           4|
    |icmp_ln169_fu_3647_p2                 |   icmp   |      0|   0|   13|          10|          10|
    |icmp_ln177_fu_3674_p2                 |   icmp   |      0|   0|   18|          22|           1|
    |icmp_ln204_1_fu_3215_p2               |   icmp   |      0|   0|    9|           4|           4|
    |icmp_ln204_fu_3209_p2                 |   icmp   |      0|   0|    8|           2|           2|
    |icmp_ln205_1_fu_3253_p2               |   icmp   |      0|   0|    8|           2|           2|
    |icmp_ln205_fu_3247_p2                 |   icmp   |      0|   0|    8|           2|           2|
    |icmp_ln206_fu_3285_p2                 |   icmp   |      0|   0|    8|           2|           2|
    |icmp_ln207_1_fu_3323_p2               |   icmp   |      0|   0|    8|           2|           2|
    |icmp_ln207_fu_3317_p2                 |   icmp   |      0|   0|    8|           2|           2|
    |icmp_ln208_1_fu_3361_p2               |   icmp   |      0|   0|   13|           9|           9|
    |icmp_ln208_fu_3355_p2                 |   icmp   |      0|   0|    8|           2|           2|
    |icmp_ln209_fu_3379_p2                 |   icmp   |      0|   0|   13|           9|           9|
    |icmp_ln20_fu_4190_p2                  |   icmp   |      0|   0|    9|           3|           4|
    |icmp_ln210_1_fu_3425_p2               |   icmp   |      0|   0|    8|           2|           2|
    |icmp_ln210_fu_3419_p2                 |   icmp   |      0|   0|   13|           9|           9|
    |icmp_ln215_fu_3431_p2                 |   icmp   |      0|   0|    9|           4|           4|
    |icmp_ln216_fu_3451_p2                 |   icmp   |      0|   0|    9|           3|           4|
    |icmp_ln217_fu_3471_p2                 |   icmp   |      0|   0|   13|          11|          12|
    |icmp_ln21_fu_4214_p2                  |   icmp   |      0|   0|    9|           3|           4|
    |icmp_ln222_fu_3706_p2                 |   icmp   |      0|   0|   13|          11|          12|
    |icmp_ln229_fu_3783_p2                 |   icmp   |      0|   0|   13|          11|          12|
    |icmp_ln231_fu_3800_p2                 |   icmp   |      0|   0|    9|           4|           4|
    |icmp_ln232_fu_3849_p2                 |   icmp   |      0|   0|    9|           3|           4|
    |icmp_ln241_fu_4968_p2                 |   icmp   |      0|   0|    9|           3|           4|
    |icmp_ln242_fu_5022_p2                 |   icmp   |      0|   0|    9|           3|           4|
    |icmp_ln243_fu_5053_p2                 |   icmp   |      0|   0|    9|           3|           1|
    |icmp_ln245_fu_5059_p2                 |   icmp   |      0|   0|    9|           3|           1|
    |icmp_ln251_fu_5071_p2                 |   icmp   |      0|   0|    9|           3|           4|
    |icmp_ln253_fu_5088_p2                 |   icmp   |      0|   0|   13|           9|           9|
    |icmp_ln259_fu_5942_p2                 |   icmp   |      0|   0|    9|           3|           4|
    |icmp_ln260_fu_5978_p2                 |   icmp   |      0|   0|    9|           3|           4|
    |icmp_ln263_fu_6017_p2                 |   icmp   |      0|   0|    9|           2|           3|
    |icmp_ln269_fu_6070_p2                 |   icmp   |      0|   0|   13|           9|           9|
    |icmp_ln270_fu_6098_p2                 |   icmp   |      0|   0|    9|           3|           4|
    |icmp_ln273_fu_6129_p2                 |   icmp   |      0|   0|    9|           3|           4|
    |icmp_ln279_fu_6196_p2                 |   icmp   |      0|   0|   13|           9|           9|
    |icmp_ln27_fu_4241_p2                  |   icmp   |      0|   0|   11|           4|           5|
    |icmp_ln282_fu_6228_p2                 |   icmp   |      0|   0|    9|           3|           4|
    |icmp_ln289_fu_6272_p2                 |   icmp   |      0|   0|   13|           9|           9|
    |icmp_ln29_fu_4253_p2                  |   icmp   |      0|   0|    9|           3|           4|
    |icmp_ln30_fu_4277_p2                  |   icmp   |      0|   0|    9|           3|           4|
    |icmp_ln33_fu_4304_p2                  |   icmp   |      0|   0|    9|           3|           4|
    |icmp_ln40_fu_4354_p2                  |   icmp   |      0|   0|    9|           3|           4|
    |icmp_ln42_fu_4414_p2                  |   icmp   |      0|   0|    9|           3|           4|
    |icmp_ln43_fu_4456_p2                  |   icmp   |      0|   0|    9|           3|           4|
    |icmp_ln44_fu_4468_p2                  |   icmp   |      0|   0|    9|           3|           3|
    |icmp_ln51_fu_4493_p2                  |   icmp   |      0|   0|    8|           2|           2|
    |icmp_ln53_fu_4531_p2                  |   icmp   |      0|   0|   18|          32|           3|
    |icmp_ln56_fu_4564_p2                  |   icmp   |      0|   0|   18|          32|           2|
    |icmp_ln58_fu_4595_p2                  |   icmp   |      0|   0|   18|          32|           3|
    |icmp_ln67_fu_4689_p2                  |   icmp   |      0|   0|   18|          32|           2|
    |icmp_ln75_fu_4771_p2                  |   icmp   |      0|   0|    9|           3|           4|
    |icmp_ln81_fu_4806_p2                  |   icmp   |      0|   0|    9|           3|           4|
    |icmp_ln833_1_fu_5219_p2               |   icmp   |      0|   0|   29|          52|           1|
    |icmp_ln833_2_fu_5365_p2               |   icmp   |      0|   0|   13|          11|           2|
    |icmp_ln833_fu_5360_p2                 |   icmp   |      0|   0|   13|          11|           1|
    |icmp_ln84_fu_4827_p2                  |   icmp   |      0|   0|    8|           2|           2|
    |icmp_ln86_fu_4845_p2                  |   icmp   |      0|   0|   18|          32|           2|
    |icmp_ln87_1_fu_4923_p2                |   icmp   |      0|   0|   18|          23|           1|
    |icmp_ln87_2_fu_4929_p2                |   icmp   |      0|   0|   11|           8|           2|
    |icmp_ln87_3_fu_4935_p2                |   icmp   |      0|   0|   18|          23|           1|
    |icmp_ln87_fu_4917_p2                  |   icmp   |      0|   0|   11|           8|           2|
    |icmp_ln98_fu_3918_p2                  |   icmp   |      0|   0|    9|           3|           4|
    |icmp_ln99_fu_3946_p2                  |   icmp   |      0|   0|    9|           3|           4|
    |r_V_fu_5394_p2                        |   lshr   |      0|   0|  180|          63|          63|
    |ap_block_state102_io                  |    or    |      0|   0|    2|           1|           1|
    |ap_block_state460_on_subcall_done     |    or    |      0|   0|    2|           1|           1|
    |ap_sync_grp_qrf_top_fu_2756_ap_done   |    or    |      0|   0|    2|           1|           1|
    |ap_sync_grp_qrf_top_fu_2756_ap_ready  |    or    |      0|   0|    2|           1|           1|
    |or_ln246_fu_5006_p2                   |    or    |      0|   0|    4|           4|           1|
    |or_ln300_fu_5875_p2                   |    or    |      0|   0|    2|           1|           1|
    |or_ln311_fu_5844_p2                   |    or    |      0|   0|    2|           1|           1|
    |or_ln87_1_fu_4945_p2                  |    or    |      0|   0|    2|           1|           1|
    |or_ln87_fu_4941_p2                    |    or    |      0|   0|    2|           1|           1|
    |addr_V_fu_5153_p3                     |  select  |      0|   0|   11|           1|           7|
    |j_7_fu_4961_p3                        |  select  |      0|   0|   32|           1|          32|
    |p_Repl2_6_fu_5904_p3                  |  select  |      0|   0|    2|           1|           1|
    |p_Val2_49_fu_5259_p3                  |  select  |      0|   0|  124|           1|         124|
    |p_Val2_70_fu_5244_p3                  |  select  |      0|   0|    3|           1|           1|
    |r_V_36_fu_5404_p3                     |  select  |      0|   0|   63|           1|          63|
    |ret_V_20_fu_5880_p3                   |  select  |      0|   0|   11|           1|          11|
    |ret_V_21_fu_5896_p3                   |  select  |      0|   0|   52|           1|          52|
    |select_ln271_fu_5828_p3               |  select  |      0|   0|    2|           1|           1|
    |select_ln272_2_fu_5673_p3             |  select  |      0|   0|   63|           1|           2|
    |select_ln272_fu_5692_p3               |  select  |      0|   0|   11|           1|           1|
    |select_ln300_4_fu_5867_p3             |  select  |      0|   0|    2|           1|           2|
    |select_ln300_6_fu_5888_p3             |  select  |      0|   0|    2|           1|           2|
    |select_ln311_fu_5849_p3               |  select  |      0|   0|    2|           1|           1|
    |select_ln482_fu_5318_p3               |  select  |      0|   0|   11|           1|          11|
    |ush_fu_5379_p3                        |  select  |      0|   0|   12|           1|          12|
    |DFTpts_fu_3619_p2                     |    shl   |      0|   0|   25|           1|          11|
    |r_V_20_fu_5399_p2                     |    shl   |      0|   0|  180|          63|          63|
    |r_V_34_fu_5183_p2                     |    shl   |      0|   0|  950|         256|         256|
    |r_V_35_fu_5328_p2                     |    shl   |      0|   0|  411|         124|         124|
    |sin_basis_fu_5489_p2                  |    xor   |      0|   0|    2|           1|           2|
    |xor_ln1067_fu_4398_p2                 |    xor   |      0|   0|    4|           3|           4|
    |xor_ln206_fu_3265_p2                  |    xor   |      0|   0|    2|           1|           2|
    |xor_ln256_fu_5931_p2                  |    xor   |      0|   0|   33|          32|          33|
    |xor_ln300_fu_5861_p2                  |    xor   |      0|   0|    2|           2|           1|
    |xor_ln311_fu_5839_p2                  |    xor   |      0|   0|    2|           1|           2|
    |xor_ln444_1_fu_4759_p2                |    xor   |      0|   0|   33|          32|          33|
    |xor_ln444_fu_4743_p2                  |    xor   |      0|   0|   33|          32|          33|
    |xor_ln667_1_fu_6058_p2                |    xor   |      0|   0|   33|          32|          33|
    |xor_ln667_2_fu_6184_p2                |    xor   |      0|   0|   33|          32|          33|
    |xor_ln667_fu_4026_p2                  |    xor   |      0|   0|   33|          32|          33|
    +--------------------------------------+----------+-------+----+-----+------------+------------+
    |Total                                 |          |      2|  73| 5564|        2617|        2530|
    +--------------------------------------+----------+-------+----+-----+------------+------------+

    * Multiplexer: 
    +-------------------------------------+------+-----------+-----+-----------+
    |                 Name                |  LUT | Input Size| Bits| Total Bits|
    +-------------------------------------+------+-----------+-----+-----------+
    |AUU_M_imag_address0                  |    21|          4|   11|         44|
    |AUU_M_imag_d0                        |    15|          3|   32|         96|
    |AUU_M_real_address0                  |    21|          4|   11|         44|
    |AUU_M_real_d0                        |    15|          3|   32|         96|
    |Autocorr_Buffer_M_i_address0         |    21|          4|    6|         24|
    |Autocorr_Buffer_M_i_d0               |    15|          3|   32|         96|
    |Autocorr_Buffer_M_r_address0         |    21|          4|    6|         24|
    |Autocorr_Buffer_M_r_d0               |    15|          3|   32|         96|
    |FFT_Buffer_im_address0               |    33|          6|   10|         60|
    |FFT_Buffer_im_address1               |    33|          6|   10|         60|
    |FFT_Buffer_im_d0                     |    15|          3|   32|         96|
    |FFT_Buffer_im_d1                     |    21|          4|   32|        128|
    |FFT_Buffer_re_address0               |    33|          6|   10|         60|
    |FFT_Buffer_re_address1               |    33|          6|   10|         60|
    |FFT_Buffer_re_d0                     |    15|          3|   32|         96|
    |FFT_Buffer_re_d1                     |    21|          4|   32|        128|
    |Q_temp_M_imag_address0               |    21|          4|    4|         16|
    |Q_temp_M_imag_ce0                    |    15|          3|    1|          3|
    |Q_temp_M_imag_d0                     |    15|          3|   32|         96|
    |Q_temp_M_imag_we0                    |    15|          3|    1|          3|
    |Q_temp_M_real_address0               |    21|          4|    4|         16|
    |Q_temp_M_real_ce0                    |    15|          3|    1|          3|
    |Q_temp_M_real_d0                     |    15|          3|   32|         96|
    |Q_temp_M_real_we0                    |    15|          3|    1|          3|
    |R_temp_M_imag_address0               |    21|          4|    4|         16|
    |R_temp_M_imag_ce0                    |    15|          3|    1|          3|
    |R_temp_M_imag_d0                     |    15|          3|   32|         96|
    |R_temp_M_imag_we0                    |    15|          3|    1|          3|
    |R_temp_M_real_address0               |    21|          4|    4|         16|
    |R_temp_M_real_ce0                    |    15|          3|    1|          3|
    |R_temp_M_real_d0                     |    15|          3|   32|         96|
    |R_temp_M_real_we0                    |    15|          3|    1|          3|
    |Rx_temp_M_imag_address0              |    56|         13|    4|         52|
    |Rx_temp_M_imag_d0                    |    33|          6|   32|        192|
    |Rx_temp_M_real_address0              |    56|         13|    4|         52|
    |Rx_temp_M_real_d0                    |    27|          5|   32|        160|
    |U_M_imag_address0                    |    44|          9|    4|         36|
    |U_M_imag_d0                          |    15|          3|   32|         96|
    |U_M_real_address0                    |    44|          9|    4|         36|
    |U_M_real_d0                          |    21|          4|   32|        128|
    |Un_M_imag_address0                   |    33|          6|    3|         18|
    |Un_M_imag_d0                         |    15|          3|   32|         96|
    |Un_M_real_address0                   |    33|          6|    3|         18|
    |Un_M_real_d0                         |    15|          3|   32|         96|
    |a_theta_M_imag_address0              |    27|          5|   11|         55|
    |a_theta_M_imag_d0                    |    15|          3|   32|         96|
    |a_theta_M_real_address0              |    27|          5|   11|         55|
    |a_theta_M_real_d0                    |    15|          3|   32|         96|
    |ap_NS_fsm                            |  2193|        539|    1|        539|
    |complex_M_imag_read_1_reg_2416       |     9|          2|   32|         64|
    |complex_M_imag_read_2_reg_2581       |     9|          2|   32|         64|
    |complex_M_imag_read_3_reg_2640       |     9|          2|   32|         64|
    |complex_M_imag_read_4_reg_2699       |     9|          2|   32|         64|
    |complex_M_imag_read_reg_2281         |     9|          2|   32|         64|
    |complex_M_real_read_1_reg_2428       |     9|          2|   32|         64|
    |complex_M_real_read_2_reg_2594       |     9|          2|   32|         64|
    |complex_M_real_read_3_reg_2653       |     9|          2|   32|         64|
    |complex_M_real_read_4_reg_2711       |     9|          2|   32|         64|
    |complex_M_real_read_reg_2294         |     9|          2|   32|         64|
    |count_0_i_reg_2318                   |     9|          2|    3|          6|
    |data_ARADDR                          |    21|          4|   32|        128|
    |data_AWADDR                          |    15|          3|   32|         96|
    |data_WDATA                           |    15|          3|   32|         96|
    |data_blk_n_AR                        |     9|          2|    1|          2|
    |data_blk_n_AW                        |     9|          2|    1|          2|
    |data_blk_n_B                         |     9|          2|    1|          2|
    |data_blk_n_R                         |     9|          2|    1|          2|
    |data_blk_n_W                         |     9|          2|    1|          2|
    |eig_mat_M_imag_address0              |    27|          5|    4|         20|
    |eig_mat_M_imag_ce0                   |    15|          3|    1|          3|
    |eig_mat_M_imag_d0                    |    21|          4|   32|        128|
    |eig_mat_M_real_address0              |    33|          6|    4|         24|
    |eig_mat_M_real_ce0                   |    15|          3|    1|          3|
    |eig_mat_M_real_d0                    |    21|          4|   32|        128|
    |eigval_address0                      |    15|          3|    2|          6|
    |flag_0_i_reg_2484                    |     9|          2|   32|         64|
    |flag_reg_2472                        |     9|          2|    2|          4|
    |grp_fu_2805_opcode                   |    15|          3|    2|          6|
    |grp_fu_2805_p0                       |    59|         14|   32|        448|
    |grp_fu_2805_p1                       |    41|          8|   32|        256|
    |grp_fu_2810_opcode                   |    15|          3|    2|          6|
    |grp_fu_2810_p0                       |    50|         11|   32|        352|
    |grp_fu_2810_p1                       |    21|          4|   32|        128|
    |grp_fu_2834_p0                       |    65|         16|   32|        512|
    |grp_fu_2834_p1                       |    62|         15|   32|        480|
    |grp_fu_2838_p0                       |    56|         13|   32|        416|
    |grp_fu_2838_p1                       |    53|         12|   32|        384|
    |grp_fu_2842_p0                       |    53|         12|   32|        384|
    |grp_fu_2842_p1                       |    53|         12|   32|        384|
    |grp_fu_2846_p0                       |    53|         12|   32|        384|
    |grp_fu_2846_p1                       |    50|         11|   32|        352|
    |grp_fu_2902_p0                       |    21|          4|   32|        128|
    |grp_fu_2902_p1                       |    27|          5|   32|        160|
    |grp_fu_2908_p0                       |    15|          3|   32|         96|
    |grp_fu_2908_p1                       |    21|          4|   32|        128|
    |grp_fu_2920_p0                       |    15|          3|   64|        192|
    |grp_fu_2923_p0                       |    15|          3|   32|         96|
    |grp_fu_2940_p1                       |    15|          3|   64|        192|
    |grp_fu_2946_p0                       |    15|          3|   64|        192|
    |grp_fu_2946_p1                       |    15|          3|   64|        192|
    |grp_sin_or_cos_float_s_fu_2766_t_in  |    15|          3|   32|         96|
    |grp_sin_or_cos_float_s_fu_2782_t_in  |    15|          3|   32|         96|
    |i16_0_i_reg_2248                     |     9|          2|    4|          8|
    |i17_0_i_reg_2259                     |     9|          2|    3|          6|
    |i19_0_i_reg_2330                     |     9|          2|    3|          6|
    |i25_0_i_reg_2449                     |     9|          2|    3|          6|
    |i31_0_reg_2618                       |     9|          2|    9|         18|
    |i34_0_reg_2688                       |     9|          2|    9|         18|
    |i36_0_reg_2745                       |     9|          2|    9|         18|
    |i_0_i25_reg_2226                     |     9|          2|    3|          6|
    |i_0_i31_reg_2460                     |     9|          2|    3|          6|
    |i_0_i_i_i_reg_1969                   |     9|          2|    4|          8|
    |i_0_i_reg_2024                       |     9|          2|   32|         64|
    |i_0_reg_2559                         |     9|          2|    3|          6|
    |i_5_reg_2001                         |     9|          2|   10|         20|
    |input_assign_reg_1946                |     9|          2|   11|         22|
    |j18_0_i_reg_2270                     |     9|          2|    3|          6|
    |j20_0_i_reg_2342                     |     9|          2|    3|          6|
    |j22_0_i_reg_2365                     |     9|          2|   32|         64|
    |j23_0_in_i_reg_2374                  |     9|          2|   32|         64|
    |j24_0_in_i_reg_2440                  |     9|          2|   32|         64|
    |j25_0_reg_2033                       |     9|          2|   11|         22|
    |j30_0_reg_2570                       |     9|          2|    3|          6|
    |j32_0_reg_2629                       |     9|          2|    3|          6|
    |j_0_i26_reg_2237                     |     9|          2|    3|          6|
    |j_0_in_i_reg_2494                    |     9|          2|   32|         64|
    |j_0_reg_1934                         |     9|          2|   11|         22|
    |j_14_reg_2353                        |     9|          2|    2|          4|
    |jj_0_reg_2044                        |     9|          2|   11|         22|
    |k33_0_reg_2666                       |     9|          2|    3|          6|
    |k35_0_reg_2723                       |     9|          2|    3|          6|
    |k_0_i_reg_2307                       |     9|          2|    3|          6|
    |k_0_reg_2607                         |     9|          2|    2|          4|
    |l26_0_reg_2055                       |     9|          2|    4|          8|
    |l_0_i_reg_2123                       |     9|          2|    4|          8|
    |l_0_reg_1912                         |     9|          2|    4|          8|
    |m_0_i_reg_2404                       |     9|          2|    3|          6|
    |n27_0_reg_2066                       |     9|          2|    3|          6|
    |n_0_reg_1923                         |     9|          2|    3|          6|
    |p_0_i_i_i_reg_1980                   |     9|          2|   10|         20|
    |p_r_M_imag_reg_2099                  |     9|          2|   32|         64|
    |p_r_M_real_reg_2111                  |     9|          2|   32|         64|
    |p_x_assign_5_reg_2012                |     9|          2|   32|         64|
    |p_x_assign_reg_2392                  |     9|          2|   32|         64|
    |phi_ln11_1_reg_2146                  |     9|          2|    2|          4|
    |phi_ln11_reg_2134                    |     9|          2|    2|          4|
    |phi_ln12_1_reg_2169                  |     9|          2|    2|          4|
    |phi_ln12_reg_2157                    |     9|          2|    2|          4|
    |phi_ln13_1_reg_2192                  |     9|          2|    2|          4|
    |phi_ln13_reg_2180                    |     9|          2|    2|          4|
    |phi_ln14_1_reg_2215                  |     9|          2|    2|          4|
    |phi_ln14_reg_2203                    |     9|          2|    2|          4|
    |phi_ln204_1_reg_1763                 |     9|          2|    2|          4|
    |phi_ln204_reg_1751                   |     9|          2|    4|          8|
    |phi_ln205_1_reg_1786                 |     9|          2|    2|          4|
    |phi_ln205_reg_1774                   |     9|          2|    2|          4|
    |phi_ln206_1_reg_1809                 |     9|          2|    1|          2|
    |phi_ln206_reg_1797                   |     9|          2|    2|          4|
    |phi_ln207_1_reg_1832                 |     9|          2|    2|          4|
    |phi_ln207_reg_1820                   |     9|          2|    2|          4|
    |phi_ln208_1_reg_1855                 |     9|          2|    2|          4|
    |phi_ln208_reg_1843                   |     9|          2|    9|         18|
    |phi_ln209_reg_1866                   |     9|          2|    9|         18|
    |phi_ln210_1_reg_1901                 |     9|          2|    9|         18|
    |phi_ln210_reg_1877                   |     9|          2|    2|          4|
    |phi_mul11_reg_2677                   |     9|          2|   11|         22|
    |phi_mul13_reg_2734                   |     9|          2|   11|         22|
    |phi_mul9_reg_2536                    |     9|          2|   11|         22|
    |phi_mul_reg_1889                     |     9|          2|   11|         22|
    |q_0_i_reg_2383                       |     9|          2|   32|         64|
    |reg_2977                             |     9|          2|   32|         64|
    |reg_2986                             |     9|          2|   32|         64|
    |reversed_reg_1958                    |     9|          2|   32|         64|
    |sort_index_address0                  |    27|          5|    2|         10|
    |sort_index_address1                  |    27|          5|    2|         10|
    |sort_index_d0                        |    15|          3|    3|          9|
    |stage_0_i_reg_1989                   |     9|          2|    4|          8|
    |temp_mat_M_imag_address0             |    41|          8|    4|         32|
    |temp_mat_M_imag_d0                   |    21|          4|   32|        128|
    |temp_mat_M_real_address0             |    41|          8|    4|         32|
    |temp_mat_M_real_d0                   |    21|          4|   32|        128|
    |w_M_imag_address0                    |    21|          4|    9|         36|
    |w_M_imag_d0                          |    15|          3|   32|         96|
    |w_M_real_address0                    |    27|          5|    9|         45|
    |w_M_real_d0                          |    15|          3|   32|         96|
    |x28_0_reg_2525                       |     9|          2|    3|          6|
    |x_0_i_reg_2077                       |     9|          2|    3|          6|
    |x_0_reg_2503                         |     9|          2|    3|          6|
    |y29_0_reg_2548                       |     9|          2|    9|         18|
    |y_0_i_reg_2088                       |     9|          2|    3|          6|
    |y_0_reg_2514                         |     9|          2|    3|          6|
    +-------------------------------------+------+-----------+-----+-----------+
    |Total                                |  5449|       1218| 3064|      12975|
    +-------------------------------------+------+-----------+-----+-----------+

    * Register: 
    +---------------------------------------------+-----+----+-----+-----------+
    |                     Name                    |  FF | LUT| Bits| Const Bits|
    +---------------------------------------------+-----+----+-----+-----------+
    |AUU_M_imag_addr_2_reg_8099                   |   11|   0|   11|          0|
    |AUU_M_real_addr_2_reg_8094                   |   11|   0|   11|          0|
    |Autocorr_Buffer_M_i_5_reg_6825               |   32|   0|   32|          0|
    |B_V_reg_7748                                 |   56|   0|   56|          0|
    |B_fourth_power_V_reg_7815                    |   35|   0|   35|          0|
    |B_squared_V_reg_7765                         |   49|   0|   49|          0|
    |B_third_power_V_reg_7810                     |   42|   0|   42|          0|
    |B_trunc_V_reg_7753                           |   49|   0|   49|          0|
    |Ex_V_reg_7718                                |   11|   0|   11|          0|
    |FFT_Buffer_im_addr_1_reg_6512                |   10|   0|   10|          0|
    |FFT_Buffer_im_addr_2_reg_6518                |   10|   0|   10|          0|
    |FFT_Buffer_im_addr_4_reg_6597                |   10|   0|   10|          0|
    |FFT_Buffer_im_addr_5_reg_6608                |   10|   0|   10|          0|
    |FFT_Buffer_re_addr_1_reg_6500                |   10|   0|   10|          0|
    |FFT_Buffer_re_addr_2_reg_6506                |   10|   0|   10|          0|
    |FFT_Buffer_re_addr_4_reg_6592                |   10|   0|   10|          0|
    |FFT_Buffer_re_addr_5_reg_6602                |   10|   0|   10|          0|
    |Mx_V_reg_7711                                |   63|   0|   63|          0|
    |Mx_zeros_V_reg_7705                          |    6|   0|    6|          0|
    |Rx_temp_M_imag_addr_2_reg_7106               |    4|   0|    4|          0|
    |Rx_temp_M_imag_addr_4_reg_7188               |    4|   0|    4|          0|
    |Rx_temp_M_imag_addr_5_reg_7277               |    4|   0|    4|          0|
    |Rx_temp_M_imag_addr_8_reg_7254               |    4|   0|    4|          0|
    |Rx_temp_M_real_addr_2_reg_7101               |    4|   0|    4|          0|
    |Rx_temp_M_real_addr_4_reg_7183               |    4|   0|    4|          0|
    |Rx_temp_M_real_addr_5_reg_7272               |    4|   0|    4|          0|
    |Rx_temp_M_real_addr_8_reg_7249               |    4|   0|    4|          0|
    |U_M_imag_addr_2_reg_7078                     |    4|   0|    4|          0|
    |U_M_imag_addr_3_reg_7287                     |    4|   0|    4|          0|
    |U_M_imag_addr_5_reg_7399                     |    4|   0|    4|          0|
    |U_M_real_addr_2_reg_7073                     |    4|   0|    4|          0|
    |U_M_real_addr_3_reg_7282                     |    4|   0|    4|          0|
    |U_M_real_addr_5_reg_7394                     |    4|   0|    4|          0|
    |Un_M_imag_addr_1_reg_7530                    |    2|   0|    3|          1|
    |Un_M_imag_addr_2_reg_7535                    |    2|   0|    3|          1|
    |Un_M_real_addr_1_reg_7520                    |    2|   0|    3|          1|
    |Un_M_real_addr_2_reg_7525                    |    2|   0|    3|          1|
    |add_ln1146_2_reg_7895                        |   49|   0|   49|          0|
    |add_ln11_reg_6848                            |    2|   0|    2|          0|
    |add_ln12_reg_6864                            |    2|   0|    2|          0|
    |add_ln13_reg_6880                            |    2|   0|    2|          0|
    |add_ln14_reg_6896                            |    2|   0|    2|          0|
    |add_ln204_reg_6302                           |    4|   0|    4|          0|
    |add_ln205_reg_6318                           |    2|   0|    2|          0|
    |add_ln206_reg_6334                           |    2|   0|    2|          0|
    |add_ln207_reg_6347                           |    2|   0|    2|          0|
    |add_ln208_reg_6363                           |    9|   0|    9|          0|
    |add_ln210_2_reg_6387                         |   11|   0|   11|          0|
    |add_ln210_reg_6392                           |    2|   0|    2|          0|
    |add_ln218_2_reg_6444                         |   31|   0|   31|          0|
    |add_ln223_2_reg_6637                         |   31|   0|   31|          0|
    |add_ln224_reg_6653                           |   31|   0|   31|          0|
    |add_ln234_2_reg_6713                         |   31|   0|   31|          0|
    |add_ln234_3_reg_6723                         |    7|   0|    7|          0|
    |add_ln235_reg_6718                           |   31|   0|   31|          0|
    |add_ln244_reg_7548                           |    6|   0|    6|          0|
    |add_ln251_reg_7576                           |   11|   0|   11|          0|
    |add_ln255_reg_7607                           |   11|   0|   11|          0|
    |add_ln264_reg_8010                           |    5|   0|    5|          0|
    |add_ln274_2_reg_8117                         |   11|   0|   11|          0|
    |add_ln274_reg_8112                           |    6|   0|    6|          0|
    |add_ln283_2_reg_8200                         |   11|   0|   11|          0|
    |add_ln59_reg_7229                            |    6|   0|    6|          0|
    |and_ln300_reg_7925                           |    1|   0|    1|          0|
    |ap_CS_fsm                                    |  538|   0|  538|          0|
    |ap_sync_reg_grp_qrf_top_fu_2756_ap_done      |    1|   0|    1|          0|
    |ap_sync_reg_grp_qrf_top_fu_2756_ap_ready     |    1|   0|    1|          0|
    |c_reg_6577                                   |   32|   0|   32|          0|
    |closepath_reg_7641                           |    1|   0|    1|          0|
    |complex_M_imag_read_1_reg_2416               |   32|   0|   32|          0|
    |complex_M_imag_read_2_reg_2581               |   32|   0|   32|          0|
    |complex_M_imag_read_3_reg_2640               |   32|   0|   32|          0|
    |complex_M_imag_read_4_reg_2699               |   32|   0|   32|          0|
    |complex_M_imag_read_reg_2281                 |   32|   0|   32|          0|
    |complex_M_real_read_1_reg_2428               |   32|   0|   32|          0|
    |complex_M_real_read_2_reg_2594               |   32|   0|   32|          0|
    |complex_M_real_read_3_reg_2653               |   32|   0|   32|          0|
    |complex_M_real_read_4_reg_2711               |   32|   0|   32|          0|
    |complex_M_real_read_reg_2294                 |   32|   0|   32|          0|
    |cos_basis_reg_7771                           |    1|   0|    1|          0|
    |count_0_i_reg_2318                           |    3|   0|    3|          0|
    |count_reg_7056                               |    3|   0|    3|          0|
    |data_addr_1_read_reg_6740                    |   32|   0|   32|          0|
    |data_addr_2_read_reg_6745                    |   32|   0|   32|          0|
    |data_addr_read_reg_6455                      |   32|   0|   32|          0|
    |eig_mat_M_imag_addr_2_reg_6991               |    4|   0|    4|          0|
    |eig_mat_M_real_addr_3_reg_6986               |    4|   0|    4|          0|
    |eigval_temp_reg_7083                         |   32|   0|   32|          0|
    |flag_0_i_reg_2484                            |   32|   0|   32|          0|
    |flag_reg_2472                                |    2|   0|    2|          0|
    |fourth_order_double_10_reg_7825              |   52|   0|   52|          0|
    |fourth_order_double_12_reg_7830              |   44|   0|   44|          0|
    |fourth_order_double_14_reg_7835              |   33|   0|   33|          0|
    |fourth_order_double_16_reg_7840              |   25|   0|   25|          0|
    |grp_qrf_top_fu_2756_ap_start_reg             |    1|   0|    1|          0|
    |grp_scaled_fixed2ieee_fu_2799_ap_start_reg   |    1|   0|    1|          0|
    |grp_sin_or_cos_float_s_fu_2766_ap_start_reg  |    1|   0|    1|          0|
    |grp_sin_or_cos_float_s_fu_2782_ap_start_reg  |    1|   0|    1|          0|
    |i16_0_i_reg_2248                             |    4|   0|    4|          0|
    |i17_0_i_reg_2259                             |    3|   0|    3|          0|
    |i19_0_i_reg_2330                             |    3|   0|    3|          0|
    |i25_0_i_reg_2449                             |    3|   0|    3|          0|
    |i31_0_reg_2618                               |    9|   0|    9|          0|
    |i34_0_reg_2688                               |    9|   0|    9|          0|
    |i36_0_reg_2745                               |    9|   0|    9|          0|
    |i_0_i25_reg_2226                             |    3|   0|    3|          0|
    |i_0_i31_reg_2460                             |    3|   0|    3|          0|
    |i_0_i_i_i_reg_1969                           |    4|   0|    4|          0|
    |i_0_i_reg_2024                               |   32|   0|   32|          0|
    |i_0_reg_2559                                 |    3|   0|    3|          0|
    |i_10_reg_6962                                |    3|   0|    3|          0|
    |i_11_reg_7091                                |    3|   0|    3|          0|
    |i_13_reg_7159                                |    2|   0|    2|          0|
    |i_14_reg_7421                                |    2|   0|    2|          0|
    |i_15_reg_7389                                |    3|   0|    3|          0|
    |i_16_reg_7964                                |    3|   0|    3|          0|
    |i_17_reg_8066                                |    9|   0|    9|          0|
    |i_18_reg_8161                                |    9|   0|    9|          0|
    |i_5_cast_reg_6559                            |   10|   0|   32|         22|
    |i_5_reg_2001                                 |   10|   0|   10|          0|
    |i_6_reg_6473                                 |   11|   0|   11|          0|
    |i_7_reg_6614                                 |   32|   0|   32|          0|
    |i_8_reg_6915                                 |    3|   0|    3|          0|
    |i_9_reg_6954                                 |    4|   0|    4|          0|
    |i_reg_8255                                   |    9|   0|    9|          0|
    |icmp_ln124_reg_6496                          |    1|   0|    1|          0|
    |icmp_ln243_reg_7568                          |    1|   0|    1|          0|
    |icmp_ln245_reg_7572                          |    1|   0|    1|          0|
    |icmp_ln44_reg_7129                           |    1|   0|    1|          0|
    |icmp_ln833_1_reg_7672                        |    1|   0|    1|          0|
    |icmp_ln833_2_reg_7736                        |    1|   0|    1|          0|
    |icmp_ln833_reg_7730                          |    1|   0|    1|          0|
    |icmp_ln87_1_reg_7482                         |    1|   0|    1|          0|
    |icmp_ln87_2_reg_7487                         |    1|   0|    1|          0|
    |icmp_ln87_3_reg_7492                         |    1|   0|    1|          0|
    |icmp_ln87_reg_7477                           |    1|   0|    1|          0|
    |input_assign_reg_1946                        |   11|   0|   11|          0|
    |isNeg_reg_7724                               |    1|   0|    1|          0|
    |j18_0_i_reg_2270                             |    3|   0|    3|          0|
    |j20_0_i_reg_2342                             |    3|   0|    3|          0|
    |j22_0_i_reg_2365                             |   32|   0|   32|          0|
    |j23_0_in_i_reg_2374                          |   32|   0|   32|          0|
    |j24_0_in_i_reg_2440                          |   32|   0|   32|          0|
    |j25_0_reg_2033                               |   11|   0|   11|          0|
    |j30_0_reg_2570                               |    3|   0|    3|          0|
    |j32_0_reg_2629                               |    3|   0|    3|          0|
    |j_0_i26_reg_2237                             |    3|   0|    3|          0|
    |j_0_in_i_reg_2494                            |   32|   0|   32|          0|
    |j_0_reg_1934                                 |   11|   0|   11|          0|
    |j_10_reg_7292                                |   32|   0|   32|          0|
    |j_11_reg_7198                                |   32|   0|   32|          0|
    |j_12_reg_7982                                |    3|   0|    3|          0|
    |j_13_reg_8084                                |    3|   0|    3|          0|
    |j_14_reg_2353                                |    2|   0|    2|          0|
    |j_15_reg_7426                                |   32|   0|   32|          0|
    |j_1_reg_6622                                 |   11|   0|   11|          0|
    |j_2_reg_6567                                 |   10|   0|   10|          0|
    |j_3_reg_6928                                 |    3|   0|    3|          0|
    |j_5_reg_6976                                 |    3|   0|    3|          0|
    |j_8_reg_7193                                 |   32|   0|   32|          0|
    |j_9_reg_7124                                 |    3|   0|    3|          0|
    |j_reg_6439                                   |   11|   0|   11|          0|
    |jj_0_reg_2044                                |   11|   0|   11|          0|
    |jj_reg_6672                                  |   11|   0|   11|          0|
    |k33_0_reg_2666                               |    3|   0|    3|          0|
    |k35_0_reg_2723                               |    3|   0|    3|          0|
    |k_0_i_reg_2307                               |    3|   0|    3|          0|
    |k_0_reg_2607                                 |    2|   0|    2|          0|
    |k_2_reg_8005                                 |    2|   0|    2|          0|
    |k_3_reg_8185                                 |    3|   0|    3|          0|
    |k_4_reg_8107                                 |    3|   0|    3|          0|
    |k_reg_6999                                   |    3|   0|    3|          0|
    |l26_0_reg_2055                               |    4|   0|    4|          0|
    |l_0_i_reg_2123                               |    4|   0|    4|          0|
    |l_0_reg_1912                                 |    4|   0|    4|          0|
    |l_1_reg_6690                                 |    4|   0|    4|          0|
    |l_2_reg_6794                                 |    4|   0|    4|          0|
    |l_reg_6411                                   |    4|   0|    4|          0|
    |m_0_i_reg_2404                               |    3|   0|    3|          0|
    |m_reg_7320                                   |    3|   0|    3|          0|
    |midsum_reg_7379                              |   32|   0|   32|          0|
    |n27_0_reg_2066                               |    3|   0|    3|          0|
    |n_0_reg_1923                                 |    3|   0|    3|          0|
    |n_1_reg_6425                                 |    3|   0|    3|          0|
    |n_reg_6708                                   |    3|   0|    3|          0|
    |numBF_reg_6554                               |   10|   0|   32|         22|
    |p_0_i_i_i_reg_1980                           |   10|   0|   10|          0|
    |p_Result_i_i_i_87_reg_7700                   |   61|   0|   61|          0|
    |p_Result_i_i_reg_7743                        |    7|   0|    7|          0|
    |p_Val2_49_reg_7695                           |  124|   0|  124|          0|
    |p_Val2_58_reg_7820                           |   59|   0|   59|          0|
    |p_Val2_69_reg_7678                           |  124|   0|  124|          0|
    |p_Val2_70_reg_7689                           |    3|   0|    3|          0|
    |p_cast19_reg_6289                            |   30|   0|   31|          1|
    |p_cast_reg_6295                              |   30|   0|   31|          1|
    |p_load_reg_7594                              |   32|   0|   32|          0|
    |p_r_M_imag_22_reg_8231                       |   32|   0|   32|          0|
    |p_r_M_imag_9_reg_6836                        |   32|   0|   32|          0|
    |p_r_M_imag_reg_2099                          |   32|   0|   32|          0|
    |p_r_M_real_10_reg_6830                       |   32|   0|   32|          0|
    |p_r_M_real_24_reg_8225                       |   32|   0|   32|          0|
    |p_r_M_real_reg_2111                          |   32|   0|   32|          0|
    |p_t_real_9_reg_8035                          |   32|   0|   32|          0|
    |p_t_real_reg_6819                            |   32|   0|   32|          0|
    |p_x_assign_5_reg_2012                        |   32|   0|   32|          0|
    |p_x_assign_6_reg_7955                        |   32|   0|   32|          0|
    |p_x_assign_reg_2392                          |   32|   0|   32|          0|
    |phi_ln11_1_reg_2146                          |    2|   0|    2|          0|
    |phi_ln11_reg_2134                            |    2|   0|    2|          0|
    |phi_ln12_1_reg_2169                          |    2|   0|    2|          0|
    |phi_ln12_reg_2157                            |    2|   0|    2|          0|
    |phi_ln13_1_reg_2192                          |    2|   0|    2|          0|
    |phi_ln13_reg_2180                            |    2|   0|    2|          0|
    |phi_ln14_1_reg_2215                          |    2|   0|    2|          0|
    |phi_ln14_reg_2203                            |    2|   0|    2|          0|
    |phi_ln204_1_reg_1763                         |    2|   0|    2|          0|
    |phi_ln204_reg_1751                           |    4|   0|    4|          0|
    |phi_ln205_1_reg_1786                         |    2|   0|    2|          0|
    |phi_ln205_reg_1774                           |    2|   0|    2|          0|
    |phi_ln206_1_reg_1809                         |    1|   0|    1|          0|
    |phi_ln206_reg_1797                           |    2|   0|    2|          0|
    |phi_ln207_1_reg_1832                         |    2|   0|    2|          0|
    |phi_ln207_reg_1820                           |    2|   0|    2|          0|
    |phi_ln208_1_reg_1855                         |    2|   0|    2|          0|
    |phi_ln208_reg_1843                           |    9|   0|    9|          0|
    |phi_ln209_reg_1866                           |    9|   0|    9|          0|
    |phi_ln210_1_reg_1901                         |    9|   0|    9|          0|
    |phi_ln210_reg_1877                           |    2|   0|    2|          0|
    |phi_mul11_reg_2677                           |   11|   0|   11|          0|
    |phi_mul13_reg_2734                           |   11|   0|   11|          0|
    |phi_mul9_reg_2536                            |   11|   0|   11|          0|
    |phi_mul_reg_1889                             |   11|   0|   11|          0|
    |q_0_i_reg_2383                               |   32|   0|   32|          0|
    |q_1_reg_7244                                 |   32|   0|   32|          0|
    |r_V_22_reg_7758                              |   49|   0|   98|         49|
    |reg_2955                                     |   64|   0|   64|          0|
    |reg_2960                                     |   32|   0|   32|          0|
    |reg_2966                                     |   32|   0|   32|          0|
    |reg_2977                                     |   32|   0|   32|          0|
    |reg_2986                                     |   32|   0|   32|          0|
    |reg_2995                                     |   32|   0|   32|          0|
    |reg_3001                                     |   32|   0|   32|          0|
    |reg_3006                                     |   32|   0|   32|          0|
    |reg_3011                                     |   32|   0|   32|          0|
    |reg_3016                                     |   32|   0|   32|          0|
    |reg_3023                                     |   32|   0|   32|          0|
    |reg_3034                                     |   32|   0|   32|          0|
    |reg_3040                                     |   32|   0|   32|          0|
    |reg_3046                                     |   64|   0|   64|          0|
    |reg_3051                                     |   64|   0|   64|          0|
    |reg_3056                                     |   32|   0|   32|          0|
    |reg_3063                                     |   32|   0|   32|          0|
    |reg_3070                                     |   32|   0|   32|          0|
    |reg_3080                                     |   32|   0|   32|          0|
    |reg_3090                                     |   32|   0|   32|          0|
    |reg_3099                                     |   32|   0|   32|          0|
    |reg_3108                                     |   32|   0|   32|          0|
    |reg_3129                                     |   32|   0|   32|          0|
    |reg_3135                                     |   32|   0|   32|          0|
    |reg_3143                                     |   32|   0|   32|          0|
    |reg_3149                                     |   32|   0|   32|          0|
    |result_V_reg_7915                            |   63|   0|   63|          0|
    |results_sign_V_2_reg_7622                    |    1|   0|    1|          0|
    |ret_V_19_reg_7920                            |   12|   0|   12|          0|
    |ret_V_20_reg_7935                            |   11|   0|   11|          0|
    |ret_V_21_reg_7940                            |   52|   0|   52|          0|
    |ret_V_22_reg_7657                            |  170|   0|  170|          0|
    |ret_V_reg_7900                               |   64|   0|   64|          0|
    |reversed_reg_1958                            |   32|   0|   32|          0|
    |s_reg_6583                                   |   32|   0|   32|          0|
    |select_ln311_reg_7930                        |    1|   0|    1|          0|
    |sext_ln57_cast_reg_7221                      |    4|   0|    6|          2|
    |sext_ln70_reg_7267                           |    4|   0|    6|          2|
    |shl_ln_reg_6416                              |    4|   0|   14|         10|
    |sinpitheta_reg_7950                          |   32|   0|   32|          0|
    |sort_index_addr_1_reg_7445                   |    2|   0|    2|          0|
    |sort_index_addr_2_reg_7451                   |    2|   0|    2|          0|
    |sort_index_load_reg_7502                     |    3|   0|    3|          0|
    |stage_0_i_reg_1989                           |    4|   0|    4|          0|
    |sum_M_imag_reg_7368                          |   32|   0|   32|          0|
    |sum_M_real_reg_7362                          |   32|   0|   32|          0|
    |temp_1_reg_6529                              |   32|   0|   32|          0|
    |temp_mat_M_imag_add_1_reg_6786               |    4|   0|    4|          0|
    |temp_mat_M_imag_add_5_reg_7997               |    4|   0|    4|          0|
    |temp_mat_M_real_add_1_reg_6781               |    4|   0|    4|          0|
    |temp_mat_M_real_add_5_reg_7992               |    4|   0|    4|          0|
    |temp_reg_6524                                |   32|   0|   32|          0|
    |tmp_60_reg_7890                              |   37|   0|   37|          0|
    |tmp_61_reg_7875                              |   29|   0|   29|          0|
    |tmp_7_i_i1_reg_7347                          |   32|   0|   32|          0|
    |tmp_7_reg_6549                               |   64|   0|   64|          0|
    |tmp_8_i_i_reg_7352                           |   32|   0|   32|          0|
    |tmp_9_i_i_reg_7357                           |   32|   0|   32|          0|
    |tmp_V_4_reg_7635                             |   52|   0|   52|          0|
    |tmp_V_reg_7628                               |   11|   0|   11|          0|
    |trunc_ln57_reg_7206                          |    4|   0|    4|          0|
    |trunc_ln601_reg_7652                         |    7|   0|    7|          0|
    |trunc_ln662_1_reg_7885                       |   48|   0|   48|          0|
    |trunc_ln6_reg_6543                           |   10|   0|   10|          0|
    |trunc_ln9_reg_7880                           |   56|   0|   56|          0|
    |trunc_ln_i_i_reg_7684                        |    3|   0|    3|          0|
    |w_M_imag_addr_1_reg_8220                     |    9|   0|    9|          0|
    |w_M_imag_load_reg_8247                       |   32|   0|   32|          0|
    |w_M_real_addr_2_reg_8215                     |    9|   0|    9|          0|
    |x28_0_reg_2525                               |    3|   0|    3|          0|
    |x_0_i_reg_2077                               |    3|   0|    3|          0|
    |x_0_reg_2503                                 |    3|   0|    3|          0|
    |x_1_reg_7510                                 |    3|   0|    3|          0|
    |x_2_reg_7584                                 |    3|   0|    3|          0|
    |x_reg_6753                                   |    3|   0|    3|          0|
    |y29_0_reg_2548                               |    9|   0|    9|          0|
    |y_0_i_reg_2088                               |    3|   0|    3|          0|
    |y_0_reg_2514                                 |    3|   0|    3|          0|
    |y_1_reg_7602                                 |    9|   0|    9|          0|
    |y_2_reg_7543                                 |    3|   0|    3|          0|
    |y_reg_6771                                   |    3|   0|    3|          0|
    |zext_ln1044_reg_7061                         |    3|   0|    6|          3|
    |zext_ln104_1_reg_6776                        |    3|   0|    7|          4|
    |zext_ln104_reg_6758                          |    3|   0|    7|          4|
    |zext_ln108_reg_6465                          |   11|   0|   32|         21|
    |zext_ln161_reg_6537                          |   11|   0|   32|         21|
    |zext_ln217_1_reg_6430                        |    3|   0|   17|         14|
    |zext_ln21_reg_6920                           |    3|   0|    6|          3|
    |zext_ln223_2_reg_6632                        |   17|   0|   31|         14|
    |zext_ln229_reg_6664                          |   11|   0|   14|          3|
    |zext_ln22_1_reg_6933                         |    6|   0|   64|         58|
    |zext_ln232_reg_6700                          |   14|   0|   17|          3|
    |zext_ln234_reg_6695                          |    4|   0|    7|          3|
    |zext_ln244_reg_7515                          |    3|   0|    6|          3|
    |zext_ln260_reg_7974                          |    3|   0|    6|          3|
    |zext_ln266_1_reg_7987                        |    3|   0|    5|          2|
    |zext_ln266_reg_7969                          |    3|   0|    5|          2|
    |zext_ln270_reg_8076                          |    9|   0|   12|          3|
    |zext_ln276_1_reg_8089                        |    3|   0|    6|          3|
    |zext_ln276_reg_8071                          |    9|   0|   11|          2|
    |zext_ln282_reg_8177                          |    9|   0|   12|          3|
    |zext_ln283_1_reg_8172                        |    9|   0|   11|          2|
    |zext_ln283_reg_8166                          |    9|   0|   64|         55|
    |zext_ln290_reg_8260                          |    9|   0|   64|         55|
    |zext_ln30_reg_6967                           |    3|   0|    6|          3|
    |zext_ln36_reg_6981                           |    3|   0|    6|          3|
    |zext_ln45_1_reg_7096                         |    3|   0|    6|          3|
    |zext_ln47_1_reg_7133                         |    6|   0|   64|         58|
    |zext_ln51_reg_7149                           |    2|   0|   32|         30|
    |zext_ln52_reg_7174                           |    2|   0|    6|          4|
    |zext_ln99_reg_6763                           |    3|   0|    6|          3|
    +---------------------------------------------+-----+----+-----+-----------+
    |Total                                        | 6060|   0| 6561|        501|
    +---------------------------------------------+-----+----+-----+-----------+



================================================================
== Interface
================================================================
* Summary: 
+------------------------+-----+-----+------------+--------------+--------------+
|        RTL Ports       | Dir | Bits|  Protocol  | Source Object|    C Type    |
+------------------------+-----+-----+------------+--------------+--------------+
|s_axi_AXILiteS_AWVALID  |  in |    1|    s_axi   |   AXILiteS   |     array    |
|s_axi_AXILiteS_AWREADY  | out |    1|    s_axi   |   AXILiteS   |     array    |
|s_axi_AXILiteS_AWADDR   |  in |   12|    s_axi   |   AXILiteS   |     array    |
|s_axi_AXILiteS_WVALID   |  in |    1|    s_axi   |   AXILiteS   |     array    |
|s_axi_AXILiteS_WREADY   | out |    1|    s_axi   |   AXILiteS   |     array    |
|s_axi_AXILiteS_WDATA    |  in |   32|    s_axi   |   AXILiteS   |     array    |
|s_axi_AXILiteS_WSTRB    |  in |    4|    s_axi   |   AXILiteS   |     array    |
|s_axi_AXILiteS_ARVALID  |  in |    1|    s_axi   |   AXILiteS   |     array    |
|s_axi_AXILiteS_ARREADY  | out |    1|    s_axi   |   AXILiteS   |     array    |
|s_axi_AXILiteS_ARADDR   |  in |   12|    s_axi   |   AXILiteS   |     array    |
|s_axi_AXILiteS_RVALID   | out |    1|    s_axi   |   AXILiteS   |     array    |
|s_axi_AXILiteS_RREADY   |  in |    1|    s_axi   |   AXILiteS   |     array    |
|s_axi_AXILiteS_RDATA    | out |   32|    s_axi   |   AXILiteS   |     array    |
|s_axi_AXILiteS_RRESP    | out |    2|    s_axi   |   AXILiteS   |     array    |
|s_axi_AXILiteS_BVALID   | out |    1|    s_axi   |   AXILiteS   |     array    |
|s_axi_AXILiteS_BREADY   |  in |    1|    s_axi   |   AXILiteS   |     array    |
|s_axi_AXILiteS_BRESP    | out |    2|    s_axi   |   AXILiteS   |     array    |
|ap_clk                  |  in |    1| ap_ctrl_hs |     music    | return value |
|ap_rst_n                |  in |    1| ap_ctrl_hs |     music    | return value |
|interrupt               | out |    1| ap_ctrl_hs |     music    | return value |
|m_axi_data_AWVALID      | out |    1|    m_axi   |     data     |    pointer   |
|m_axi_data_AWREADY      |  in |    1|    m_axi   |     data     |    pointer   |
|m_axi_data_AWADDR       | out |   32|    m_axi   |     data     |    pointer   |
|m_axi_data_AWID         | out |    1|    m_axi   |     data     |    pointer   |
|m_axi_data_AWLEN        | out |    8|    m_axi   |     data     |    pointer   |
|m_axi_data_AWSIZE       | out |    3|    m_axi   |     data     |    pointer   |
|m_axi_data_AWBURST      | out |    2|    m_axi   |     data     |    pointer   |
|m_axi_data_AWLOCK       | out |    2|    m_axi   |     data     |    pointer   |
|m_axi_data_AWCACHE      | out |    4|    m_axi   |     data     |    pointer   |
|m_axi_data_AWPROT       | out |    3|    m_axi   |     data     |    pointer   |
|m_axi_data_AWQOS        | out |    4|    m_axi   |     data     |    pointer   |
|m_axi_data_AWREGION     | out |    4|    m_axi   |     data     |    pointer   |
|m_axi_data_AWUSER       | out |    1|    m_axi   |     data     |    pointer   |
|m_axi_data_WVALID       | out |    1|    m_axi   |     data     |    pointer   |
|m_axi_data_WREADY       |  in |    1|    m_axi   |     data     |    pointer   |
|m_axi_data_WDATA        | out |   32|    m_axi   |     data     |    pointer   |
|m_axi_data_WSTRB        | out |    4|    m_axi   |     data     |    pointer   |
|m_axi_data_WLAST        | out |    1|    m_axi   |     data     |    pointer   |
|m_axi_data_WID          | out |    1|    m_axi   |     data     |    pointer   |
|m_axi_data_WUSER        | out |    1|    m_axi   |     data     |    pointer   |
|m_axi_data_ARVALID      | out |    1|    m_axi   |     data     |    pointer   |
|m_axi_data_ARREADY      |  in |    1|    m_axi   |     data     |    pointer   |
|m_axi_data_ARADDR       | out |   32|    m_axi   |     data     |    pointer   |
|m_axi_data_ARID         | out |    1|    m_axi   |     data     |    pointer   |
|m_axi_data_ARLEN        | out |    8|    m_axi   |     data     |    pointer   |
|m_axi_data_ARSIZE       | out |    3|    m_axi   |     data     |    pointer   |
|m_axi_data_ARBURST      | out |    2|    m_axi   |     data     |    pointer   |
|m_axi_data_ARLOCK       | out |    2|    m_axi   |     data     |    pointer   |
|m_axi_data_ARCACHE      | out |    4|    m_axi   |     data     |    pointer   |
|m_axi_data_ARPROT       | out |    3|    m_axi   |     data     |    pointer   |
|m_axi_data_ARQOS        | out |    4|    m_axi   |     data     |    pointer   |
|m_axi_data_ARREGION     | out |    4|    m_axi   |     data     |    pointer   |
|m_axi_data_ARUSER       | out |    1|    m_axi   |     data     |    pointer   |
|m_axi_data_RVALID       |  in |    1|    m_axi   |     data     |    pointer   |
|m_axi_data_RREADY       | out |    1|    m_axi   |     data     |    pointer   |
|m_axi_data_RDATA        |  in |   32|    m_axi   |     data     |    pointer   |
|m_axi_data_RLAST        |  in |    1|    m_axi   |     data     |    pointer   |
|m_axi_data_RID          |  in |    1|    m_axi   |     data     |    pointer   |
|m_axi_data_RUSER        |  in |    1|    m_axi   |     data     |    pointer   |
|m_axi_data_RRESP        |  in |    2|    m_axi   |     data     |    pointer   |
|m_axi_data_BVALID       |  in |    1|    m_axi   |     data     |    pointer   |
|m_axi_data_BREADY       | out |    1|    m_axi   |     data     |    pointer   |
|m_axi_data_BRESP        |  in |    2|    m_axi   |     data     |    pointer   |
|m_axi_data_BID          |  in |    1|    m_axi   |     data     |    pointer   |
|m_axi_data_BUSER        |  in |    1|    m_axi   |     data     |    pointer   |
+------------------------+-----+-----+------------+--------------+--------------+

