

================================================================
== Vivado HLS Report for 'fft'
================================================================
* Date:           Thu Jul 30 14:37:02 2020

* Version:        2019.1 (Build 2552052 on Fri May 24 15:28:33 MDT 2019)
* Project:        DOA_Estimation_proj
* Solution:       solution1
* Product family: zynq
* Target device:  xc7z020-clg400-1


================================================================
== Performance Estimates
================================================================
+ Timing (ns): 
    * Summary: 
    +--------+-------+----------+------------+
    |  Clock | Target| Estimated| Uncertainty|
    +--------+-------+----------+------------+
    |ap_clk  |  10.00|     8.680|        1.25|
    +--------+-------+----------+------------+

+ Latency (clock cycles): 
    * Summary: 
    +-----+-----+-----+-----+---------+
    |  Latency  |  Interval | Pipeline|
    | min | max | min | max |   Type  |
    +-----+-----+-----+-----+---------+
    |    ?|    ?|    ?|    ?|   none  |
    +-----+-----+-----+-----+---------+

    + Detail: 
        * Instance: 
        N/A

        * Loop: 
        +--------------+-----+-----+----------+-----------+-----------+---------+----------+
        |              |  Latency  | Iteration|  Initiation Interval  |   Trip  |          |
        |   Loop Name  | min | max |  Latency |  achieved |   target  |  Count  | Pipelined|
        +--------------+-----+-----+----------+-----------+-----------+---------+----------+
        |- stages      |    ?|    ?|         ?|          -|          -|       10|    no    |
        | + butterfly  |    ?|    ?|         ?|          -|          -| 1 ~ 512 |    no    |
        |  ++ DFTpts   |    ?|    ?|        25|          -|          -|        ?|    no    |
        +--------------+-----+-----+----------+-----------+-----------+---------+----------+

============================================================
+ Verbose Summary: Synthesis Manager
============================================================
InlineROM: 1
ExposeGlobal: 0
============================================================
+ Verbose Summary: CDFG Model
============================================================
IsTopModel: 0
ResetActiveHigh: 1
IsCombinational: 0
IsDatapathOnly: 0
HasWiredReturn: 1
HasMFsm: 0
HasVarLatency: 1
IsPipeline: 0
IsRtlPipelined: 0
IsInstanceOverlapped: 0
IsDontTouch: 0
HasImplIP: 0
IsGatedGlobalClock: 0


============================================================
+ Verbose Summary: Schedule
============================================================
* Number of FSM states : 71
* Pipeline : 0
* Dataflow Pipeline: 0

* FSM state transitions: 
1 --> 2 
2 --> 3 
3 --> 4 
4 --> 5 
5 --> 6 
6 --> 7 
7 --> 8 
8 --> 9 
9 --> 10 
10 --> 11 
11 --> 12 
12 --> 13 
13 --> 14 
14 --> 15 
15 --> 16 
16 --> 17 
17 --> 18 
18 --> 19 
19 --> 20 
20 --> 21 
21 --> 22 
22 --> 23 
23 --> 24 
24 --> 25 
25 --> 26 
26 --> 27 
27 --> 28 
28 --> 29 
29 --> 30 
30 --> 31 
31 --> 32 
32 --> 33 
33 --> 34 
34 --> 35 
35 --> 36 
36 --> 37 
37 --> 38 
38 --> 39 
39 --> 40 
40 --> 41 
41 --> 42 
42 --> 43 3 
43 --> 44 
44 --> 45 
45 --> 46 
46 --> 47 
47 --> 48 42 
48 --> 49 
49 --> 50 
50 --> 51 
51 --> 52 
52 --> 53 
53 --> 54 
54 --> 55 
55 --> 56 
56 --> 57 
57 --> 58 
58 --> 59 
59 --> 60 
60 --> 61 
61 --> 62 
62 --> 63 
63 --> 64 
64 --> 65 
65 --> 66 
66 --> 67 
67 --> 68 
68 --> 69 
69 --> 70 
70 --> 71 
71 --> 47 

* FSM state operations: 

State 1 <SV = 0> <Delay = 0.00>
ST_1 : Operation 72 [2/2] (0.00ns)   --->   "call fastcc void @bit_reverse([1024 x float]* %X_R, [1024 x float]* %X_I)" [src/music.cpp:153]   --->   Operation 72 'call' <Predicate = true> <Delay = 0.00> <CoreType = "Generic">   --->   Core 0 '' <Latency = 0> <II = 1> <Delay = 1.00> <Generic> <Opcode : >

State 2 <SV = 1> <Delay = 1.76>
ST_2 : Operation 73 [1/2] (0.00ns)   --->   "call fastcc void @bit_reverse([1024 x float]* %X_R, [1024 x float]* %X_I)" [src/music.cpp:153]   --->   Operation 73 'call' <Predicate = true> <Delay = 0.00> <CoreType = "Generic">   --->   Core 0 '' <Latency = 0> <II = 1> <Delay = 1.00> <Generic> <Opcode : >
ST_2 : Operation 74 [1/1] (1.76ns)   --->   "br label %1" [src/music.cpp:159]   --->   Operation 74 'br' <Predicate = true> <Delay = 1.76>

State 3 <SV = 2> <Delay = 8.67>
ST_3 : Operation 75 [1/1] (0.00ns)   --->   "%stage_0 = phi i4 [ 1, %0 ], [ %stage, %stages_end ]"   --->   Operation 75 'phi' 'stage_0' <Predicate = true> <Delay = 0.00>
ST_3 : Operation 76 [1/1] (0.00ns)   --->   "%zext_ln159 = zext i4 %stage_0 to i11" [src/music.cpp:159]   --->   Operation 76 'zext' 'zext_ln159' <Predicate = true> <Delay = 0.00>
ST_3 : Operation 77 [1/1] (1.30ns)   --->   "%icmp_ln159 = icmp eq i4 %stage_0, -5" [src/music.cpp:159]   --->   Operation 77 'icmp' 'icmp_ln159' <Predicate = true> <Delay = 1.30> <Core = "Cmp">   --->   Core 25 'Cmp' <Latency = 0> <II = 1> <Delay = 2.44> <FuncUnit> <Opcode : 'icmp'> <InPorts = 2> <OutPorts = 1>
ST_3 : Operation 78 [1/1] (0.00ns)   --->   "call void (...)* @_ssdm_op_SpecLoopTripCount(i64 10, i64 10, i64 10)"   --->   Operation 78 'speclooptripcount' <Predicate = true> <Delay = 0.00>
ST_3 : Operation 79 [1/1] (0.00ns)   --->   "br i1 %icmp_ln159, label %5, label %stages_begin" [src/music.cpp:159]   --->   Operation 79 'br' <Predicate = true> <Delay = 0.00>
ST_3 : Operation 80 [1/1] (2.39ns)   --->   "%DFTpts = shl i11 1, %zext_ln159" [src/music.cpp:161]   --->   Operation 80 'shl' 'DFTpts' <Predicate = (!icmp_ln159)> <Delay = 2.39> <Core = "Shift">   --->   Core 28 'Shift' <Latency = 0> <II = 1> <Delay = 2.39> <FuncUnit> <Opcode : 'shl' 'lshr' 'ashr'> <InPorts = 2> <OutPorts = 1>
ST_3 : Operation 81 [1/1] (0.00ns)   --->   "%zext_ln161 = zext i11 %DFTpts to i32" [src/music.cpp:161]   --->   Operation 81 'zext' 'zext_ln161' <Predicate = (!icmp_ln159)> <Delay = 0.00>
ST_3 : Operation 82 [1/1] (0.00ns)   --->   "%trunc_ln = call i10 @_ssdm_op_PartSelect.i10.i11.i32.i32(i11 %DFTpts, i32 1, i32 10)" [src/music.cpp:162]   --->   Operation 82 'partselect' 'trunc_ln' <Predicate = (!icmp_ln159)> <Delay = 0.00>
ST_3 : Operation 83 [6/6] (6.28ns)   --->   "%tmp = sitofp i32 %zext_ln161 to double" [src/music.cpp:165]   --->   Operation 83 'sitodp' 'tmp' <Predicate = (!icmp_ln159)> <Delay = 6.28> <Core = "Int2Double">   --->   Core 122 'Int2Double' <Latency = 5> <II = 1> <Delay = 6.28> <FuncUnit> <Opcode : 'sitodp' 'uitodp'> <InPorts = 1> <OutPorts = 1>
ST_3 : Operation 84 [1/1] (0.00ns)   --->   "ret void" [src/music.cpp:193]   --->   Operation 84 'ret' <Predicate = (icmp_ln159)> <Delay = 0.00>

State 4 <SV = 3> <Delay = 6.28>
ST_4 : Operation 85 [5/6] (6.28ns)   --->   "%tmp = sitofp i32 %zext_ln161 to double" [src/music.cpp:165]   --->   Operation 85 'sitodp' 'tmp' <Predicate = true> <Delay = 6.28> <Core = "Int2Double">   --->   Core 122 'Int2Double' <Latency = 5> <II = 1> <Delay = 6.28> <FuncUnit> <Opcode : 'sitodp' 'uitodp'> <InPorts = 1> <OutPorts = 1>

State 5 <SV = 4> <Delay = 6.28>
ST_5 : Operation 86 [4/6] (6.28ns)   --->   "%tmp = sitofp i32 %zext_ln161 to double" [src/music.cpp:165]   --->   Operation 86 'sitodp' 'tmp' <Predicate = true> <Delay = 6.28> <Core = "Int2Double">   --->   Core 122 'Int2Double' <Latency = 5> <II = 1> <Delay = 6.28> <FuncUnit> <Opcode : 'sitodp' 'uitodp'> <InPorts = 1> <OutPorts = 1>

State 6 <SV = 5> <Delay = 6.28>
ST_6 : Operation 87 [3/6] (6.28ns)   --->   "%tmp = sitofp i32 %zext_ln161 to double" [src/music.cpp:165]   --->   Operation 87 'sitodp' 'tmp' <Predicate = true> <Delay = 6.28> <Core = "Int2Double">   --->   Core 122 'Int2Double' <Latency = 5> <II = 1> <Delay = 6.28> <FuncUnit> <Opcode : 'sitodp' 'uitodp'> <InPorts = 1> <OutPorts = 1>

State 7 <SV = 6> <Delay = 6.28>
ST_7 : Operation 88 [2/6] (6.28ns)   --->   "%tmp = sitofp i32 %zext_ln161 to double" [src/music.cpp:165]   --->   Operation 88 'sitodp' 'tmp' <Predicate = true> <Delay = 6.28> <Core = "Int2Double">   --->   Core 122 'Int2Double' <Latency = 5> <II = 1> <Delay = 6.28> <FuncUnit> <Opcode : 'sitodp' 'uitodp'> <InPorts = 1> <OutPorts = 1>

State 8 <SV = 7> <Delay = 6.28>
ST_8 : Operation 89 [1/6] (6.28ns)   --->   "%tmp = sitofp i32 %zext_ln161 to double" [src/music.cpp:165]   --->   Operation 89 'sitodp' 'tmp' <Predicate = true> <Delay = 6.28> <Core = "Int2Double">   --->   Core 122 'Int2Double' <Latency = 5> <II = 1> <Delay = 6.28> <FuncUnit> <Opcode : 'sitodp' 'uitodp'> <InPorts = 1> <OutPorts = 1>

State 9 <SV = 8> <Delay = 8.62>
ST_9 : Operation 90 [31/31] (8.62ns)   --->   "%tmp_s = fdiv double 0xC01921FB5444261E, %tmp" [src/music.cpp:165]   --->   Operation 90 'ddiv' 'tmp_s' <Predicate = true> <Delay = 8.62> <Core = "DDiv">   --->   Core 117 'DDiv' <Latency = 30> <II = 1> <Delay = 8.62> <FuncUnit> <Opcode : 'ddiv' 'drem'> <InPorts = 2> <OutPorts = 1>

State 10 <SV = 9> <Delay = 8.62>
ST_10 : Operation 91 [30/31] (8.62ns)   --->   "%tmp_s = fdiv double 0xC01921FB5444261E, %tmp" [src/music.cpp:165]   --->   Operation 91 'ddiv' 'tmp_s' <Predicate = true> <Delay = 8.62> <Core = "DDiv">   --->   Core 117 'DDiv' <Latency = 30> <II = 1> <Delay = 8.62> <FuncUnit> <Opcode : 'ddiv' 'drem'> <InPorts = 2> <OutPorts = 1>

State 11 <SV = 10> <Delay = 8.62>
ST_11 : Operation 92 [29/31] (8.62ns)   --->   "%tmp_s = fdiv double 0xC01921FB5444261E, %tmp" [src/music.cpp:165]   --->   Operation 92 'ddiv' 'tmp_s' <Predicate = true> <Delay = 8.62> <Core = "DDiv">   --->   Core 117 'DDiv' <Latency = 30> <II = 1> <Delay = 8.62> <FuncUnit> <Opcode : 'ddiv' 'drem'> <InPorts = 2> <OutPorts = 1>

State 12 <SV = 11> <Delay = 8.62>
ST_12 : Operation 93 [28/31] (8.62ns)   --->   "%tmp_s = fdiv double 0xC01921FB5444261E, %tmp" [src/music.cpp:165]   --->   Operation 93 'ddiv' 'tmp_s' <Predicate = true> <Delay = 8.62> <Core = "DDiv">   --->   Core 117 'DDiv' <Latency = 30> <II = 1> <Delay = 8.62> <FuncUnit> <Opcode : 'ddiv' 'drem'> <InPorts = 2> <OutPorts = 1>

State 13 <SV = 12> <Delay = 8.62>
ST_13 : Operation 94 [27/31] (8.62ns)   --->   "%tmp_s = fdiv double 0xC01921FB5444261E, %tmp" [src/music.cpp:165]   --->   Operation 94 'ddiv' 'tmp_s' <Predicate = true> <Delay = 8.62> <Core = "DDiv">   --->   Core 117 'DDiv' <Latency = 30> <II = 1> <Delay = 8.62> <FuncUnit> <Opcode : 'ddiv' 'drem'> <InPorts = 2> <OutPorts = 1>

State 14 <SV = 13> <Delay = 8.62>
ST_14 : Operation 95 [26/31] (8.62ns)   --->   "%tmp_s = fdiv double 0xC01921FB5444261E, %tmp" [src/music.cpp:165]   --->   Operation 95 'ddiv' 'tmp_s' <Predicate = true> <Delay = 8.62> <Core = "DDiv">   --->   Core 117 'DDiv' <Latency = 30> <II = 1> <Delay = 8.62> <FuncUnit> <Opcode : 'ddiv' 'drem'> <InPorts = 2> <OutPorts = 1>

State 15 <SV = 14> <Delay = 8.62>
ST_15 : Operation 96 [25/31] (8.62ns)   --->   "%tmp_s = fdiv double 0xC01921FB5444261E, %tmp" [src/music.cpp:165]   --->   Operation 96 'ddiv' 'tmp_s' <Predicate = true> <Delay = 8.62> <Core = "DDiv">   --->   Core 117 'DDiv' <Latency = 30> <II = 1> <Delay = 8.62> <FuncUnit> <Opcode : 'ddiv' 'drem'> <InPorts = 2> <OutPorts = 1>

State 16 <SV = 15> <Delay = 8.62>
ST_16 : Operation 97 [24/31] (8.62ns)   --->   "%tmp_s = fdiv double 0xC01921FB5444261E, %tmp" [src/music.cpp:165]   --->   Operation 97 'ddiv' 'tmp_s' <Predicate = true> <Delay = 8.62> <Core = "DDiv">   --->   Core 117 'DDiv' <Latency = 30> <II = 1> <Delay = 8.62> <FuncUnit> <Opcode : 'ddiv' 'drem'> <InPorts = 2> <OutPorts = 1>

State 17 <SV = 16> <Delay = 8.62>
ST_17 : Operation 98 [23/31] (8.62ns)   --->   "%tmp_s = fdiv double 0xC01921FB5444261E, %tmp" [src/music.cpp:165]   --->   Operation 98 'ddiv' 'tmp_s' <Predicate = true> <Delay = 8.62> <Core = "DDiv">   --->   Core 117 'DDiv' <Latency = 30> <II = 1> <Delay = 8.62> <FuncUnit> <Opcode : 'ddiv' 'drem'> <InPorts = 2> <OutPorts = 1>

State 18 <SV = 17> <Delay = 8.62>
ST_18 : Operation 99 [22/31] (8.62ns)   --->   "%tmp_s = fdiv double 0xC01921FB5444261E, %tmp" [src/music.cpp:165]   --->   Operation 99 'ddiv' 'tmp_s' <Predicate = true> <Delay = 8.62> <Core = "DDiv">   --->   Core 117 'DDiv' <Latency = 30> <II = 1> <Delay = 8.62> <FuncUnit> <Opcode : 'ddiv' 'drem'> <InPorts = 2> <OutPorts = 1>

State 19 <SV = 18> <Delay = 8.62>
ST_19 : Operation 100 [21/31] (8.62ns)   --->   "%tmp_s = fdiv double 0xC01921FB5444261E, %tmp" [src/music.cpp:165]   --->   Operation 100 'ddiv' 'tmp_s' <Predicate = true> <Delay = 8.62> <Core = "DDiv">   --->   Core 117 'DDiv' <Latency = 30> <II = 1> <Delay = 8.62> <FuncUnit> <Opcode : 'ddiv' 'drem'> <InPorts = 2> <OutPorts = 1>

State 20 <SV = 19> <Delay = 8.62>
ST_20 : Operation 101 [20/31] (8.62ns)   --->   "%tmp_s = fdiv double 0xC01921FB5444261E, %tmp" [src/music.cpp:165]   --->   Operation 101 'ddiv' 'tmp_s' <Predicate = true> <Delay = 8.62> <Core = "DDiv">   --->   Core 117 'DDiv' <Latency = 30> <II = 1> <Delay = 8.62> <FuncUnit> <Opcode : 'ddiv' 'drem'> <InPorts = 2> <OutPorts = 1>

State 21 <SV = 20> <Delay = 8.62>
ST_21 : Operation 102 [19/31] (8.62ns)   --->   "%tmp_s = fdiv double 0xC01921FB5444261E, %tmp" [src/music.cpp:165]   --->   Operation 102 'ddiv' 'tmp_s' <Predicate = true> <Delay = 8.62> <Core = "DDiv">   --->   Core 117 'DDiv' <Latency = 30> <II = 1> <Delay = 8.62> <FuncUnit> <Opcode : 'ddiv' 'drem'> <InPorts = 2> <OutPorts = 1>

State 22 <SV = 21> <Delay = 8.62>
ST_22 : Operation 103 [18/31] (8.62ns)   --->   "%tmp_s = fdiv double 0xC01921FB5444261E, %tmp" [src/music.cpp:165]   --->   Operation 103 'ddiv' 'tmp_s' <Predicate = true> <Delay = 8.62> <Core = "DDiv">   --->   Core 117 'DDiv' <Latency = 30> <II = 1> <Delay = 8.62> <FuncUnit> <Opcode : 'ddiv' 'drem'> <InPorts = 2> <OutPorts = 1>

State 23 <SV = 22> <Delay = 8.62>
ST_23 : Operation 104 [17/31] (8.62ns)   --->   "%tmp_s = fdiv double 0xC01921FB5444261E, %tmp" [src/music.cpp:165]   --->   Operation 104 'ddiv' 'tmp_s' <Predicate = true> <Delay = 8.62> <Core = "DDiv">   --->   Core 117 'DDiv' <Latency = 30> <II = 1> <Delay = 8.62> <FuncUnit> <Opcode : 'ddiv' 'drem'> <InPorts = 2> <OutPorts = 1>

State 24 <SV = 23> <Delay = 8.62>
ST_24 : Operation 105 [16/31] (8.62ns)   --->   "%tmp_s = fdiv double 0xC01921FB5444261E, %tmp" [src/music.cpp:165]   --->   Operation 105 'ddiv' 'tmp_s' <Predicate = true> <Delay = 8.62> <Core = "DDiv">   --->   Core 117 'DDiv' <Latency = 30> <II = 1> <Delay = 8.62> <FuncUnit> <Opcode : 'ddiv' 'drem'> <InPorts = 2> <OutPorts = 1>

State 25 <SV = 24> <Delay = 8.62>
ST_25 : Operation 106 [15/31] (8.62ns)   --->   "%tmp_s = fdiv double 0xC01921FB5444261E, %tmp" [src/music.cpp:165]   --->   Operation 106 'ddiv' 'tmp_s' <Predicate = true> <Delay = 8.62> <Core = "DDiv">   --->   Core 117 'DDiv' <Latency = 30> <II = 1> <Delay = 8.62> <FuncUnit> <Opcode : 'ddiv' 'drem'> <InPorts = 2> <OutPorts = 1>

State 26 <SV = 25> <Delay = 8.62>
ST_26 : Operation 107 [14/31] (8.62ns)   --->   "%tmp_s = fdiv double 0xC01921FB5444261E, %tmp" [src/music.cpp:165]   --->   Operation 107 'ddiv' 'tmp_s' <Predicate = true> <Delay = 8.62> <Core = "DDiv">   --->   Core 117 'DDiv' <Latency = 30> <II = 1> <Delay = 8.62> <FuncUnit> <Opcode : 'ddiv' 'drem'> <InPorts = 2> <OutPorts = 1>

State 27 <SV = 26> <Delay = 8.62>
ST_27 : Operation 108 [13/31] (8.62ns)   --->   "%tmp_s = fdiv double 0xC01921FB5444261E, %tmp" [src/music.cpp:165]   --->   Operation 108 'ddiv' 'tmp_s' <Predicate = true> <Delay = 8.62> <Core = "DDiv">   --->   Core 117 'DDiv' <Latency = 30> <II = 1> <Delay = 8.62> <FuncUnit> <Opcode : 'ddiv' 'drem'> <InPorts = 2> <OutPorts = 1>

State 28 <SV = 27> <Delay = 8.62>
ST_28 : Operation 109 [12/31] (8.62ns)   --->   "%tmp_s = fdiv double 0xC01921FB5444261E, %tmp" [src/music.cpp:165]   --->   Operation 109 'ddiv' 'tmp_s' <Predicate = true> <Delay = 8.62> <Core = "DDiv">   --->   Core 117 'DDiv' <Latency = 30> <II = 1> <Delay = 8.62> <FuncUnit> <Opcode : 'ddiv' 'drem'> <InPorts = 2> <OutPorts = 1>

State 29 <SV = 28> <Delay = 8.62>
ST_29 : Operation 110 [11/31] (8.62ns)   --->   "%tmp_s = fdiv double 0xC01921FB5444261E, %tmp" [src/music.cpp:165]   --->   Operation 110 'ddiv' 'tmp_s' <Predicate = true> <Delay = 8.62> <Core = "DDiv">   --->   Core 117 'DDiv' <Latency = 30> <II = 1> <Delay = 8.62> <FuncUnit> <Opcode : 'ddiv' 'drem'> <InPorts = 2> <OutPorts = 1>

State 30 <SV = 29> <Delay = 8.62>
ST_30 : Operation 111 [10/31] (8.62ns)   --->   "%tmp_s = fdiv double 0xC01921FB5444261E, %tmp" [src/music.cpp:165]   --->   Operation 111 'ddiv' 'tmp_s' <Predicate = true> <Delay = 8.62> <Core = "DDiv">   --->   Core 117 'DDiv' <Latency = 30> <II = 1> <Delay = 8.62> <FuncUnit> <Opcode : 'ddiv' 'drem'> <InPorts = 2> <OutPorts = 1>

State 31 <SV = 30> <Delay = 8.62>
ST_31 : Operation 112 [9/31] (8.62ns)   --->   "%tmp_s = fdiv double 0xC01921FB5444261E, %tmp" [src/music.cpp:165]   --->   Operation 112 'ddiv' 'tmp_s' <Predicate = true> <Delay = 8.62> <Core = "DDiv">   --->   Core 117 'DDiv' <Latency = 30> <II = 1> <Delay = 8.62> <FuncUnit> <Opcode : 'ddiv' 'drem'> <InPorts = 2> <OutPorts = 1>

State 32 <SV = 31> <Delay = 8.62>
ST_32 : Operation 113 [8/31] (8.62ns)   --->   "%tmp_s = fdiv double 0xC01921FB5444261E, %tmp" [src/music.cpp:165]   --->   Operation 113 'ddiv' 'tmp_s' <Predicate = true> <Delay = 8.62> <Core = "DDiv">   --->   Core 117 'DDiv' <Latency = 30> <II = 1> <Delay = 8.62> <FuncUnit> <Opcode : 'ddiv' 'drem'> <InPorts = 2> <OutPorts = 1>

State 33 <SV = 32> <Delay = 8.62>
ST_33 : Operation 114 [7/31] (8.62ns)   --->   "%tmp_s = fdiv double 0xC01921FB5444261E, %tmp" [src/music.cpp:165]   --->   Operation 114 'ddiv' 'tmp_s' <Predicate = true> <Delay = 8.62> <Core = "DDiv">   --->   Core 117 'DDiv' <Latency = 30> <II = 1> <Delay = 8.62> <FuncUnit> <Opcode : 'ddiv' 'drem'> <InPorts = 2> <OutPorts = 1>

State 34 <SV = 33> <Delay = 8.62>
ST_34 : Operation 115 [6/31] (8.62ns)   --->   "%tmp_s = fdiv double 0xC01921FB5444261E, %tmp" [src/music.cpp:165]   --->   Operation 115 'ddiv' 'tmp_s' <Predicate = true> <Delay = 8.62> <Core = "DDiv">   --->   Core 117 'DDiv' <Latency = 30> <II = 1> <Delay = 8.62> <FuncUnit> <Opcode : 'ddiv' 'drem'> <InPorts = 2> <OutPorts = 1>

State 35 <SV = 34> <Delay = 8.62>
ST_35 : Operation 116 [5/31] (8.62ns)   --->   "%tmp_s = fdiv double 0xC01921FB5444261E, %tmp" [src/music.cpp:165]   --->   Operation 116 'ddiv' 'tmp_s' <Predicate = true> <Delay = 8.62> <Core = "DDiv">   --->   Core 117 'DDiv' <Latency = 30> <II = 1> <Delay = 8.62> <FuncUnit> <Opcode : 'ddiv' 'drem'> <InPorts = 2> <OutPorts = 1>

State 36 <SV = 35> <Delay = 8.62>
ST_36 : Operation 117 [4/31] (8.62ns)   --->   "%tmp_s = fdiv double 0xC01921FB5444261E, %tmp" [src/music.cpp:165]   --->   Operation 117 'ddiv' 'tmp_s' <Predicate = true> <Delay = 8.62> <Core = "DDiv">   --->   Core 117 'DDiv' <Latency = 30> <II = 1> <Delay = 8.62> <FuncUnit> <Opcode : 'ddiv' 'drem'> <InPorts = 2> <OutPorts = 1>

State 37 <SV = 36> <Delay = 8.62>
ST_37 : Operation 118 [3/31] (8.62ns)   --->   "%tmp_s = fdiv double 0xC01921FB5444261E, %tmp" [src/music.cpp:165]   --->   Operation 118 'ddiv' 'tmp_s' <Predicate = true> <Delay = 8.62> <Core = "DDiv">   --->   Core 117 'DDiv' <Latency = 30> <II = 1> <Delay = 8.62> <FuncUnit> <Opcode : 'ddiv' 'drem'> <InPorts = 2> <OutPorts = 1>

State 38 <SV = 37> <Delay = 8.62>
ST_38 : Operation 119 [2/31] (8.62ns)   --->   "%tmp_s = fdiv double 0xC01921FB5444261E, %tmp" [src/music.cpp:165]   --->   Operation 119 'ddiv' 'tmp_s' <Predicate = true> <Delay = 8.62> <Core = "DDiv">   --->   Core 117 'DDiv' <Latency = 30> <II = 1> <Delay = 8.62> <FuncUnit> <Opcode : 'ddiv' 'drem'> <InPorts = 2> <OutPorts = 1>

State 39 <SV = 38> <Delay = 8.62>
ST_39 : Operation 120 [1/31] (8.62ns)   --->   "%tmp_s = fdiv double 0xC01921FB5444261E, %tmp" [src/music.cpp:165]   --->   Operation 120 'ddiv' 'tmp_s' <Predicate = true> <Delay = 8.62> <Core = "DDiv">   --->   Core 117 'DDiv' <Latency = 30> <II = 1> <Delay = 8.62> <FuncUnit> <Opcode : 'ddiv' 'drem'> <InPorts = 2> <OutPorts = 1>

State 40 <SV = 39> <Delay = 5.20>
ST_40 : Operation 121 [2/2] (5.20ns)   --->   "%e = fptrunc double %tmp_s to float" [src/music.cpp:165]   --->   Operation 121 'fptrunc' 'e' <Predicate = true> <Delay = 5.20> <Core = "Double2Float">   --->   Core 123 'Double2Float' <Latency = 1> <II = 1> <Delay = 5.20> <FuncUnit> <Opcode : 'fptrunc'> <InPorts = 1> <OutPorts = 1>

State 41 <SV = 40> <Delay = 5.20>
ST_41 : Operation 122 [1/1] (0.00ns)   --->   "call void (...)* @_ssdm_op_SpecLoopName([7 x i8]* @p_str) nounwind" [src/music.cpp:160]   --->   Operation 122 'specloopname' <Predicate = true> <Delay = 0.00>
ST_41 : Operation 123 [1/1] (0.00ns)   --->   "%tmp_17 = call i32 (...)* @_ssdm_op_SpecRegionBegin([7 x i8]* @p_str)" [src/music.cpp:160]   --->   Operation 123 'specregionbegin' 'tmp_17' <Predicate = true> <Delay = 0.00>
ST_41 : Operation 124 [1/1] (0.00ns)   --->   "%numBF = zext i10 %trunc_ln to i32" [src/music.cpp:162]   --->   Operation 124 'zext' 'numBF' <Predicate = true> <Delay = 0.00>
ST_41 : Operation 125 [1/2] (5.20ns)   --->   "%e = fptrunc double %tmp_s to float" [src/music.cpp:165]   --->   Operation 125 'fptrunc' 'e' <Predicate = true> <Delay = 5.20> <Core = "Double2Float">   --->   Core 123 'Double2Float' <Latency = 1> <II = 1> <Delay = 5.20> <FuncUnit> <Opcode : 'fptrunc'> <InPorts = 1> <OutPorts = 1>
ST_41 : Operation 126 [1/1] (1.76ns)   --->   "br label %2" [src/music.cpp:169]   --->   Operation 126 'br' <Predicate = true> <Delay = 1.76>

State 42 <SV = 41> <Delay = 7.25>
ST_42 : Operation 127 [1/1] (0.00ns)   --->   "%i = phi i10 [ 0, %stages_begin ], [ %j, %butterfly_end ]"   --->   Operation 127 'phi' 'i' <Predicate = true> <Delay = 0.00>
ST_42 : Operation 128 [1/1] (0.00ns)   --->   "%p_x_assign = phi float [ 0.000000e+00, %stages_begin ], [ %a, %butterfly_end ]"   --->   Operation 128 'phi' 'p_x_assign' <Predicate = true> <Delay = 0.00>
ST_42 : Operation 129 [1/1] (0.00ns)   --->   "%i_cast = zext i10 %i to i32" [src/music.cpp:169]   --->   Operation 129 'zext' 'i_cast' <Predicate = true> <Delay = 0.00>
ST_42 : Operation 130 [1/1] (0.00ns)   --->   "call void (...)* @_ssdm_op_SpecLoopTripCount(i64 1, i64 512, i64 0)"   --->   Operation 130 'speclooptripcount' <Predicate = true> <Delay = 0.00>
ST_42 : Operation 131 [1/1] (1.77ns)   --->   "%icmp_ln169 = icmp eq i10 %i, %trunc_ln" [src/music.cpp:169]   --->   Operation 131 'icmp' 'icmp_ln169' <Predicate = true> <Delay = 1.77> <Core = "Cmp">   --->   Core 25 'Cmp' <Latency = 0> <II = 1> <Delay = 2.44> <FuncUnit> <Opcode : 'icmp'> <InPorts = 2> <OutPorts = 1>
ST_42 : Operation 132 [1/1] (1.73ns)   --->   "%j = add i10 %i, 1" [src/music.cpp:169]   --->   Operation 132 'add' 'j' <Predicate = true> <Delay = 1.73> <Core = "AddSub">   --->   Core 14 'AddSub' <Latency = 0> <II = 1> <Delay = 1.73> <FuncUnit> <Opcode : 'add' 'sub'> <InPorts = 2> <OutPorts = 1>
ST_42 : Operation 133 [1/1] (0.00ns)   --->   "br i1 %icmp_ln169, label %stages_end, label %butterfly_begin" [src/music.cpp:169]   --->   Operation 133 'br' <Predicate = true> <Delay = 0.00>
ST_42 : Operation 134 [5/5] (7.25ns)   --->   "%a = fadd float %p_x_assign, %e" [src/music.cpp:174]   --->   Operation 134 'fadd' 'a' <Predicate = (!icmp_ln169)> <Delay = 7.25> <Core = "FAddSub">   --->   Core 105 'FAddSub' <Latency = 4> <II = 1> <Delay = 7.25> <FuncUnit> <Opcode : 'fadd' 'fsub'> <InPorts = 2> <OutPorts = 1>
ST_42 : Operation 135 [1/1] (0.00ns)   --->   "%empty_111 = call i32 (...)* @_ssdm_op_SpecRegionEnd([7 x i8]* @p_str, i32 %tmp_17)" [src/music.cpp:192]   --->   Operation 135 'specregionend' 'empty_111' <Predicate = (icmp_ln169)> <Delay = 0.00>
ST_42 : Operation 136 [1/1] (1.73ns)   --->   "%stage = add i4 %stage_0, 1" [src/music.cpp:159]   --->   Operation 136 'add' 'stage' <Predicate = (icmp_ln169)> <Delay = 1.73> <Core = "AddSub">   --->   Core 14 'AddSub' <Latency = 0> <II = 1> <Delay = 1.73> <FuncUnit> <Opcode : 'add' 'sub'> <InPorts = 2> <OutPorts = 1>
ST_42 : Operation 137 [1/1] (0.00ns)   --->   "br label %1" [src/music.cpp:159]   --->   Operation 137 'br' <Predicate = (icmp_ln169)> <Delay = 0.00>

State 43 <SV = 42> <Delay = 7.25>
ST_43 : Operation 138 [4/5] (7.25ns)   --->   "%a = fadd float %p_x_assign, %e" [src/music.cpp:174]   --->   Operation 138 'fadd' 'a' <Predicate = true> <Delay = 7.25> <Core = "FAddSub">   --->   Core 105 'FAddSub' <Latency = 4> <II = 1> <Delay = 7.25> <FuncUnit> <Opcode : 'fadd' 'fsub'> <InPorts = 2> <OutPorts = 1>

State 44 <SV = 43> <Delay = 7.25>
ST_44 : Operation 139 [3/5] (7.25ns)   --->   "%a = fadd float %p_x_assign, %e" [src/music.cpp:174]   --->   Operation 139 'fadd' 'a' <Predicate = true> <Delay = 7.25> <Core = "FAddSub">   --->   Core 105 'FAddSub' <Latency = 4> <II = 1> <Delay = 7.25> <FuncUnit> <Opcode : 'fadd' 'fsub'> <InPorts = 2> <OutPorts = 1>

State 45 <SV = 44> <Delay = 8.18>
ST_45 : Operation 140 [2/2] (8.18ns)   --->   "%c = call fastcc float @"sin_or_cos<float>"(float %p_x_assign, i1 zeroext true) nounwind" [r:/builds/2019.1/continuous/2019_05_24_2552052/src/products/hls/hls_lib/hlsmath/src/common/hls_hotbm_float.cpp:127->r:/builds/2019.1/continuous/2019_05_24_2552052/src/products/hls/hls_lib/hlsmath/src/c/sincosfloat.cpp:12->C:/Xilinx/Vivado/2019.1/win64/tools/clang/bin\..\lib\clang\3.1/../../../include/c++/4.5.2\cmath:200->src/music.cpp:172]   --->   Operation 140 'call' 'c' <Predicate = true> <Delay = 8.18> <CoreType = "Generic">   --->   Core 0 '' <Latency = 0> <II = 1> <Delay = 1.00> <Generic> <Opcode : >
ST_45 : Operation 141 [2/2] (8.18ns)   --->   "%s = call fastcc float @"sin_or_cos<float>"(float %p_x_assign, i1 zeroext false) nounwind" [r:/builds/2019.1/continuous/2019_05_24_2552052/src/products/hls/hls_lib/hlsmath/src/common/hls_hotbm_float.cpp:123->r:/builds/2019.1/continuous/2019_05_24_2552052/src/products/hls/hls_lib/hlsmath/src/c/sincosfloat.cpp:8->C:/Xilinx/Vivado/2019.1/win64/tools/clang/bin\..\lib\clang\3.1/../../../include/c++/4.5.2\cmath:402->src/music.cpp:173]   --->   Operation 141 'call' 's' <Predicate = true> <Delay = 8.18> <CoreType = "Generic">   --->   Core 0 '' <Latency = 0> <II = 1> <Delay = 1.00> <Generic> <Opcode : >
ST_45 : Operation 142 [2/5] (7.25ns)   --->   "%a = fadd float %p_x_assign, %e" [src/music.cpp:174]   --->   Operation 142 'fadd' 'a' <Predicate = true> <Delay = 7.25> <Core = "FAddSub">   --->   Core 105 'FAddSub' <Latency = 4> <II = 1> <Delay = 7.25> <FuncUnit> <Opcode : 'fadd' 'fsub'> <InPorts = 2> <OutPorts = 1>

State 46 <SV = 45> <Delay = 7.25>
ST_46 : Operation 143 [1/1] (0.00ns)   --->   "call void (...)* @_ssdm_op_SpecLoopName([10 x i8]* @p_str1) nounwind" [src/music.cpp:170]   --->   Operation 143 'specloopname' <Predicate = true> <Delay = 0.00>
ST_46 : Operation 144 [1/1] (0.00ns)   --->   "%tmp_18 = call i32 (...)* @_ssdm_op_SpecRegionBegin([10 x i8]* @p_str1)" [src/music.cpp:170]   --->   Operation 144 'specregionbegin' 'tmp_18' <Predicate = true> <Delay = 0.00>
ST_46 : Operation 145 [1/2] (0.99ns)   --->   "%c = call fastcc float @"sin_or_cos<float>"(float %p_x_assign, i1 zeroext true) nounwind" [r:/builds/2019.1/continuous/2019_05_24_2552052/src/products/hls/hls_lib/hlsmath/src/common/hls_hotbm_float.cpp:127->r:/builds/2019.1/continuous/2019_05_24_2552052/src/products/hls/hls_lib/hlsmath/src/c/sincosfloat.cpp:12->C:/Xilinx/Vivado/2019.1/win64/tools/clang/bin\..\lib\clang\3.1/../../../include/c++/4.5.2\cmath:200->src/music.cpp:172]   --->   Operation 145 'call' 'c' <Predicate = true> <Delay = 0.99> <CoreType = "Generic">   --->   Core 0 '' <Latency = 0> <II = 1> <Delay = 1.00> <Generic> <Opcode : >
ST_46 : Operation 146 [1/2] (0.99ns)   --->   "%s = call fastcc float @"sin_or_cos<float>"(float %p_x_assign, i1 zeroext false) nounwind" [r:/builds/2019.1/continuous/2019_05_24_2552052/src/products/hls/hls_lib/hlsmath/src/common/hls_hotbm_float.cpp:123->r:/builds/2019.1/continuous/2019_05_24_2552052/src/products/hls/hls_lib/hlsmath/src/c/sincosfloat.cpp:8->C:/Xilinx/Vivado/2019.1/win64/tools/clang/bin\..\lib\clang\3.1/../../../include/c++/4.5.2\cmath:402->src/music.cpp:173]   --->   Operation 146 'call' 's' <Predicate = true> <Delay = 0.99> <CoreType = "Generic">   --->   Core 0 '' <Latency = 0> <II = 1> <Delay = 1.00> <Generic> <Opcode : >
ST_46 : Operation 147 [1/5] (7.25ns)   --->   "%a = fadd float %p_x_assign, %e" [src/music.cpp:174]   --->   Operation 147 'fadd' 'a' <Predicate = true> <Delay = 7.25> <Core = "FAddSub">   --->   Core 105 'FAddSub' <Latency = 4> <II = 1> <Delay = 7.25> <FuncUnit> <Opcode : 'fadd' 'fsub'> <InPorts = 2> <OutPorts = 1>
ST_46 : Operation 148 [1/1] (1.76ns)   --->   "br label %3" [src/music.cpp:177]   --->   Operation 148 'br' <Predicate = true> <Delay = 1.76>

State 47 <SV = 46> <Delay = 5.80>
ST_47 : Operation 149 [1/1] (0.00ns)   --->   "%i_0 = phi i32 [ %i_cast, %butterfly_begin ], [ %i_8, %4 ]"   --->   Operation 149 'phi' 'i_0' <Predicate = true> <Delay = 0.00>
ST_47 : Operation 150 [1/1] (0.00ns)   --->   "%tmp_42 = call i22 @_ssdm_op_PartSelect.i22.i32.i32.i32(i32 %i_0, i32 10, i32 31)" [src/music.cpp:177]   --->   Operation 150 'partselect' 'tmp_42' <Predicate = true> <Delay = 0.00>
ST_47 : Operation 151 [1/1] (2.44ns)   --->   "%icmp_ln177 = icmp slt i22 %tmp_42, 1" [src/music.cpp:177]   --->   Operation 151 'icmp' 'icmp_ln177' <Predicate = true> <Delay = 2.44> <Core = "Cmp">   --->   Core 25 'Cmp' <Latency = 0> <II = 1> <Delay = 2.44> <FuncUnit> <Opcode : 'icmp'> <InPorts = 2> <OutPorts = 1>
ST_47 : Operation 152 [1/1] (0.00ns)   --->   "br i1 %icmp_ln177, label %4, label %butterfly_end" [src/music.cpp:177]   --->   Operation 152 'br' <Predicate = true> <Delay = 0.00>
ST_47 : Operation 153 [1/1] (2.55ns)   --->   "%i_lower = add nsw i32 %i_0, %numBF" [src/music.cpp:180]   --->   Operation 153 'add' 'i_lower' <Predicate = (icmp_ln177)> <Delay = 2.55> <Core = "AddSub">   --->   Core 14 'AddSub' <Latency = 0> <II = 1> <Delay = 1.73> <FuncUnit> <Opcode : 'add' 'sub'> <InPorts = 2> <OutPorts = 1>
ST_47 : Operation 154 [1/1] (0.00ns)   --->   "%sext_ln181 = sext i32 %i_lower to i64" [src/music.cpp:181]   --->   Operation 154 'sext' 'sext_ln181' <Predicate = (icmp_ln177)> <Delay = 0.00>
ST_47 : Operation 155 [1/1] (0.00ns)   --->   "%X_R_addr = getelementptr [1024 x float]* %X_R, i64 0, i64 %sext_ln181" [src/music.cpp:181]   --->   Operation 155 'getelementptr' 'X_R_addr' <Predicate = (icmp_ln177)> <Delay = 0.00>
ST_47 : Operation 156 [2/2] (3.25ns)   --->   "%X_R_load = load float* %X_R_addr, align 4" [src/music.cpp:181]   --->   Operation 156 'load' 'X_R_load' <Predicate = (icmp_ln177)> <Delay = 3.25> <Core = "RAM">   --->   Core 37 'RAM' <Latency = 1> <II = 1> <Delay = 3.25> <Storage> <Opcode : 'load' 'store'> <Ports = 2> <Width = 32> <Depth = 1024> <RAM>
ST_47 : Operation 157 [1/1] (0.00ns)   --->   "%X_I_addr = getelementptr [1024 x float]* %X_I, i64 0, i64 %sext_ln181" [src/music.cpp:181]   --->   Operation 157 'getelementptr' 'X_I_addr' <Predicate = (icmp_ln177)> <Delay = 0.00>
ST_47 : Operation 158 [2/2] (3.25ns)   --->   "%X_I_load = load float* %X_I_addr, align 4" [src/music.cpp:181]   --->   Operation 158 'load' 'X_I_load' <Predicate = (icmp_ln177)> <Delay = 3.25> <Core = "RAM">   --->   Core 37 'RAM' <Latency = 1> <II = 1> <Delay = 3.25> <Storage> <Opcode : 'load' 'store'> <Ports = 2> <Width = 32> <Depth = 1024> <RAM>
ST_47 : Operation 159 [1/1] (0.00ns)   --->   "%sext_ln184 = sext i32 %i_0 to i64" [src/music.cpp:184]   --->   Operation 159 'sext' 'sext_ln184' <Predicate = (icmp_ln177)> <Delay = 0.00>
ST_47 : Operation 160 [1/1] (0.00ns)   --->   "%X_R_addr_1 = getelementptr [1024 x float]* %X_R, i64 0, i64 %sext_ln184" [src/music.cpp:184]   --->   Operation 160 'getelementptr' 'X_R_addr_1' <Predicate = (icmp_ln177)> <Delay = 0.00>
ST_47 : Operation 161 [1/1] (0.00ns)   --->   "%X_I_addr_1 = getelementptr [1024 x float]* %X_I, i64 0, i64 %sext_ln184" [src/music.cpp:185]   --->   Operation 161 'getelementptr' 'X_I_addr_1' <Predicate = (icmp_ln177)> <Delay = 0.00>
ST_47 : Operation 162 [1/1] (2.55ns)   --->   "%i_8 = add nsw i32 %zext_ln161, %i_0" [src/music.cpp:177]   --->   Operation 162 'add' 'i_8' <Predicate = (icmp_ln177)> <Delay = 2.55> <Core = "AddSub">   --->   Core 14 'AddSub' <Latency = 0> <II = 1> <Delay = 1.73> <FuncUnit> <Opcode : 'add' 'sub'> <InPorts = 2> <OutPorts = 1>
ST_47 : Operation 163 [1/1] (0.00ns)   --->   "%empty = call i32 (...)* @_ssdm_op_SpecRegionEnd([10 x i8]* @p_str1, i32 %tmp_18)" [src/music.cpp:190]   --->   Operation 163 'specregionend' 'empty' <Predicate = (!icmp_ln177)> <Delay = 0.00>
ST_47 : Operation 164 [1/1] (0.00ns)   --->   "br label %2" [src/music.cpp:169]   --->   Operation 164 'br' <Predicate = (!icmp_ln177)> <Delay = 0.00>

State 48 <SV = 47> <Delay = 3.25>
ST_48 : Operation 165 [1/2] (3.25ns)   --->   "%X_R_load = load float* %X_R_addr, align 4" [src/music.cpp:181]   --->   Operation 165 'load' 'X_R_load' <Predicate = true> <Delay = 3.25> <Core = "RAM">   --->   Core 37 'RAM' <Latency = 1> <II = 1> <Delay = 3.25> <Storage> <Opcode : 'load' 'store'> <Ports = 2> <Width = 32> <Depth = 1024> <RAM>
ST_48 : Operation 166 [1/2] (3.25ns)   --->   "%X_I_load = load float* %X_I_addr, align 4" [src/music.cpp:181]   --->   Operation 166 'load' 'X_I_load' <Predicate = true> <Delay = 3.25> <Core = "RAM">   --->   Core 37 'RAM' <Latency = 1> <II = 1> <Delay = 3.25> <Storage> <Opcode : 'load' 'store'> <Ports = 2> <Width = 32> <Depth = 1024> <RAM>

State 49 <SV = 48> <Delay = 5.70>
ST_49 : Operation 167 [4/4] (5.70ns)   --->   "%tmp_19 = fmul float %X_R_load, %c" [src/music.cpp:181]   --->   Operation 167 'fmul' 'tmp_19' <Predicate = true> <Delay = 5.70> <Core = "FMul">   --->   Core 106 'FMul' <Latency = 3> <II = 1> <Delay = 5.70> <FuncUnit> <Opcode : 'fmul'> <InPorts = 2> <OutPorts = 1>
ST_49 : Operation 168 [4/4] (5.70ns)   --->   "%tmp_20 = fmul float %X_I_load, %s" [src/music.cpp:181]   --->   Operation 168 'fmul' 'tmp_20' <Predicate = true> <Delay = 5.70> <Core = "FMul">   --->   Core 106 'FMul' <Latency = 3> <II = 1> <Delay = 5.70> <FuncUnit> <Opcode : 'fmul'> <InPorts = 2> <OutPorts = 1>
ST_49 : Operation 169 [4/4] (5.70ns)   --->   "%tmp_21 = fmul float %X_I_load, %c" [src/music.cpp:182]   --->   Operation 169 'fmul' 'tmp_21' <Predicate = true> <Delay = 5.70> <Core = "FMul">   --->   Core 106 'FMul' <Latency = 3> <II = 1> <Delay = 5.70> <FuncUnit> <Opcode : 'fmul'> <InPorts = 2> <OutPorts = 1>
ST_49 : Operation 170 [4/4] (5.70ns)   --->   "%tmp_22 = fmul float %X_R_load, %s" [src/music.cpp:182]   --->   Operation 170 'fmul' 'tmp_22' <Predicate = true> <Delay = 5.70> <Core = "FMul">   --->   Core 106 'FMul' <Latency = 3> <II = 1> <Delay = 5.70> <FuncUnit> <Opcode : 'fmul'> <InPorts = 2> <OutPorts = 1>

State 50 <SV = 49> <Delay = 5.70>
ST_50 : Operation 171 [3/4] (5.70ns)   --->   "%tmp_19 = fmul float %X_R_load, %c" [src/music.cpp:181]   --->   Operation 171 'fmul' 'tmp_19' <Predicate = true> <Delay = 5.70> <Core = "FMul">   --->   Core 106 'FMul' <Latency = 3> <II = 1> <Delay = 5.70> <FuncUnit> <Opcode : 'fmul'> <InPorts = 2> <OutPorts = 1>
ST_50 : Operation 172 [3/4] (5.70ns)   --->   "%tmp_20 = fmul float %X_I_load, %s" [src/music.cpp:181]   --->   Operation 172 'fmul' 'tmp_20' <Predicate = true> <Delay = 5.70> <Core = "FMul">   --->   Core 106 'FMul' <Latency = 3> <II = 1> <Delay = 5.70> <FuncUnit> <Opcode : 'fmul'> <InPorts = 2> <OutPorts = 1>
ST_50 : Operation 173 [3/4] (5.70ns)   --->   "%tmp_21 = fmul float %X_I_load, %c" [src/music.cpp:182]   --->   Operation 173 'fmul' 'tmp_21' <Predicate = true> <Delay = 5.70> <Core = "FMul">   --->   Core 106 'FMul' <Latency = 3> <II = 1> <Delay = 5.70> <FuncUnit> <Opcode : 'fmul'> <InPorts = 2> <OutPorts = 1>
ST_50 : Operation 174 [3/4] (5.70ns)   --->   "%tmp_22 = fmul float %X_R_load, %s" [src/music.cpp:182]   --->   Operation 174 'fmul' 'tmp_22' <Predicate = true> <Delay = 5.70> <Core = "FMul">   --->   Core 106 'FMul' <Latency = 3> <II = 1> <Delay = 5.70> <FuncUnit> <Opcode : 'fmul'> <InPorts = 2> <OutPorts = 1>

State 51 <SV = 50> <Delay = 5.70>
ST_51 : Operation 175 [2/4] (5.70ns)   --->   "%tmp_19 = fmul float %X_R_load, %c" [src/music.cpp:181]   --->   Operation 175 'fmul' 'tmp_19' <Predicate = true> <Delay = 5.70> <Core = "FMul">   --->   Core 106 'FMul' <Latency = 3> <II = 1> <Delay = 5.70> <FuncUnit> <Opcode : 'fmul'> <InPorts = 2> <OutPorts = 1>
ST_51 : Operation 176 [2/4] (5.70ns)   --->   "%tmp_20 = fmul float %X_I_load, %s" [src/music.cpp:181]   --->   Operation 176 'fmul' 'tmp_20' <Predicate = true> <Delay = 5.70> <Core = "FMul">   --->   Core 106 'FMul' <Latency = 3> <II = 1> <Delay = 5.70> <FuncUnit> <Opcode : 'fmul'> <InPorts = 2> <OutPorts = 1>
ST_51 : Operation 177 [2/4] (5.70ns)   --->   "%tmp_21 = fmul float %X_I_load, %c" [src/music.cpp:182]   --->   Operation 177 'fmul' 'tmp_21' <Predicate = true> <Delay = 5.70> <Core = "FMul">   --->   Core 106 'FMul' <Latency = 3> <II = 1> <Delay = 5.70> <FuncUnit> <Opcode : 'fmul'> <InPorts = 2> <OutPorts = 1>
ST_51 : Operation 178 [2/4] (5.70ns)   --->   "%tmp_22 = fmul float %X_R_load, %s" [src/music.cpp:182]   --->   Operation 178 'fmul' 'tmp_22' <Predicate = true> <Delay = 5.70> <Core = "FMul">   --->   Core 106 'FMul' <Latency = 3> <II = 1> <Delay = 5.70> <FuncUnit> <Opcode : 'fmul'> <InPorts = 2> <OutPorts = 1>

State 52 <SV = 51> <Delay = 5.70>
ST_52 : Operation 179 [1/4] (5.70ns)   --->   "%tmp_19 = fmul float %X_R_load, %c" [src/music.cpp:181]   --->   Operation 179 'fmul' 'tmp_19' <Predicate = true> <Delay = 5.70> <Core = "FMul">   --->   Core 106 'FMul' <Latency = 3> <II = 1> <Delay = 5.70> <FuncUnit> <Opcode : 'fmul'> <InPorts = 2> <OutPorts = 1>
ST_52 : Operation 180 [1/4] (5.70ns)   --->   "%tmp_20 = fmul float %X_I_load, %s" [src/music.cpp:181]   --->   Operation 180 'fmul' 'tmp_20' <Predicate = true> <Delay = 5.70> <Core = "FMul">   --->   Core 106 'FMul' <Latency = 3> <II = 1> <Delay = 5.70> <FuncUnit> <Opcode : 'fmul'> <InPorts = 2> <OutPorts = 1>
ST_52 : Operation 181 [1/4] (5.70ns)   --->   "%tmp_21 = fmul float %X_I_load, %c" [src/music.cpp:182]   --->   Operation 181 'fmul' 'tmp_21' <Predicate = true> <Delay = 5.70> <Core = "FMul">   --->   Core 106 'FMul' <Latency = 3> <II = 1> <Delay = 5.70> <FuncUnit> <Opcode : 'fmul'> <InPorts = 2> <OutPorts = 1>
ST_52 : Operation 182 [1/4] (5.70ns)   --->   "%tmp_22 = fmul float %X_R_load, %s" [src/music.cpp:182]   --->   Operation 182 'fmul' 'tmp_22' <Predicate = true> <Delay = 5.70> <Core = "FMul">   --->   Core 106 'FMul' <Latency = 3> <II = 1> <Delay = 5.70> <FuncUnit> <Opcode : 'fmul'> <InPorts = 2> <OutPorts = 1>

State 53 <SV = 52> <Delay = 7.25>
ST_53 : Operation 183 [5/5] (7.25ns)   --->   "%temp_R = fsub float %tmp_19, %tmp_20" [src/music.cpp:181]   --->   Operation 183 'fsub' 'temp_R' <Predicate = true> <Delay = 7.25> <Core = "FAddSub">   --->   Core 105 'FAddSub' <Latency = 4> <II = 1> <Delay = 7.25> <FuncUnit> <Opcode : 'fadd' 'fsub'> <InPorts = 2> <OutPorts = 1>
ST_53 : Operation 184 [5/5] (7.25ns)   --->   "%temp_I = fadd float %tmp_21, %tmp_22" [src/music.cpp:182]   --->   Operation 184 'fadd' 'temp_I' <Predicate = true> <Delay = 7.25> <Core = "FAddSub">   --->   Core 105 'FAddSub' <Latency = 4> <II = 1> <Delay = 7.25> <FuncUnit> <Opcode : 'fadd' 'fsub'> <InPorts = 2> <OutPorts = 1>

State 54 <SV = 53> <Delay = 7.25>
ST_54 : Operation 185 [4/5] (7.25ns)   --->   "%temp_R = fsub float %tmp_19, %tmp_20" [src/music.cpp:181]   --->   Operation 185 'fsub' 'temp_R' <Predicate = true> <Delay = 7.25> <Core = "FAddSub">   --->   Core 105 'FAddSub' <Latency = 4> <II = 1> <Delay = 7.25> <FuncUnit> <Opcode : 'fadd' 'fsub'> <InPorts = 2> <OutPorts = 1>
ST_54 : Operation 186 [4/5] (7.25ns)   --->   "%temp_I = fadd float %tmp_21, %tmp_22" [src/music.cpp:182]   --->   Operation 186 'fadd' 'temp_I' <Predicate = true> <Delay = 7.25> <Core = "FAddSub">   --->   Core 105 'FAddSub' <Latency = 4> <II = 1> <Delay = 7.25> <FuncUnit> <Opcode : 'fadd' 'fsub'> <InPorts = 2> <OutPorts = 1>

State 55 <SV = 54> <Delay = 7.25>
ST_55 : Operation 187 [3/5] (7.25ns)   --->   "%temp_R = fsub float %tmp_19, %tmp_20" [src/music.cpp:181]   --->   Operation 187 'fsub' 'temp_R' <Predicate = true> <Delay = 7.25> <Core = "FAddSub">   --->   Core 105 'FAddSub' <Latency = 4> <II = 1> <Delay = 7.25> <FuncUnit> <Opcode : 'fadd' 'fsub'> <InPorts = 2> <OutPorts = 1>
ST_55 : Operation 188 [3/5] (7.25ns)   --->   "%temp_I = fadd float %tmp_21, %tmp_22" [src/music.cpp:182]   --->   Operation 188 'fadd' 'temp_I' <Predicate = true> <Delay = 7.25> <Core = "FAddSub">   --->   Core 105 'FAddSub' <Latency = 4> <II = 1> <Delay = 7.25> <FuncUnit> <Opcode : 'fadd' 'fsub'> <InPorts = 2> <OutPorts = 1>

State 56 <SV = 55> <Delay = 7.25>
ST_56 : Operation 189 [2/5] (7.25ns)   --->   "%temp_R = fsub float %tmp_19, %tmp_20" [src/music.cpp:181]   --->   Operation 189 'fsub' 'temp_R' <Predicate = true> <Delay = 7.25> <Core = "FAddSub">   --->   Core 105 'FAddSub' <Latency = 4> <II = 1> <Delay = 7.25> <FuncUnit> <Opcode : 'fadd' 'fsub'> <InPorts = 2> <OutPorts = 1>
ST_56 : Operation 190 [2/5] (7.25ns)   --->   "%temp_I = fadd float %tmp_21, %tmp_22" [src/music.cpp:182]   --->   Operation 190 'fadd' 'temp_I' <Predicate = true> <Delay = 7.25> <Core = "FAddSub">   --->   Core 105 'FAddSub' <Latency = 4> <II = 1> <Delay = 7.25> <FuncUnit> <Opcode : 'fadd' 'fsub'> <InPorts = 2> <OutPorts = 1>
ST_56 : Operation 191 [2/2] (3.25ns)   --->   "%X_R_load_1 = load float* %X_R_addr_1, align 4" [src/music.cpp:184]   --->   Operation 191 'load' 'X_R_load_1' <Predicate = true> <Delay = 3.25> <Core = "RAM">   --->   Core 37 'RAM' <Latency = 1> <II = 1> <Delay = 3.25> <Storage> <Opcode : 'load' 'store'> <Ports = 2> <Width = 32> <Depth = 1024> <RAM>
ST_56 : Operation 192 [2/2] (3.25ns)   --->   "%X_I_load_1 = load float* %X_I_addr_1, align 4" [src/music.cpp:185]   --->   Operation 192 'load' 'X_I_load_1' <Predicate = true> <Delay = 3.25> <Core = "RAM">   --->   Core 37 'RAM' <Latency = 1> <II = 1> <Delay = 3.25> <Storage> <Opcode : 'load' 'store'> <Ports = 2> <Width = 32> <Depth = 1024> <RAM>

State 57 <SV = 56> <Delay = 7.25>
ST_57 : Operation 193 [1/5] (7.25ns)   --->   "%temp_R = fsub float %tmp_19, %tmp_20" [src/music.cpp:181]   --->   Operation 193 'fsub' 'temp_R' <Predicate = true> <Delay = 7.25> <Core = "FAddSub">   --->   Core 105 'FAddSub' <Latency = 4> <II = 1> <Delay = 7.25> <FuncUnit> <Opcode : 'fadd' 'fsub'> <InPorts = 2> <OutPorts = 1>
ST_57 : Operation 194 [1/5] (7.25ns)   --->   "%temp_I = fadd float %tmp_21, %tmp_22" [src/music.cpp:182]   --->   Operation 194 'fadd' 'temp_I' <Predicate = true> <Delay = 7.25> <Core = "FAddSub">   --->   Core 105 'FAddSub' <Latency = 4> <II = 1> <Delay = 7.25> <FuncUnit> <Opcode : 'fadd' 'fsub'> <InPorts = 2> <OutPorts = 1>
ST_57 : Operation 195 [1/2] (3.25ns)   --->   "%X_R_load_1 = load float* %X_R_addr_1, align 4" [src/music.cpp:184]   --->   Operation 195 'load' 'X_R_load_1' <Predicate = true> <Delay = 3.25> <Core = "RAM">   --->   Core 37 'RAM' <Latency = 1> <II = 1> <Delay = 3.25> <Storage> <Opcode : 'load' 'store'> <Ports = 2> <Width = 32> <Depth = 1024> <RAM>
ST_57 : Operation 196 [1/2] (3.25ns)   --->   "%X_I_load_1 = load float* %X_I_addr_1, align 4" [src/music.cpp:185]   --->   Operation 196 'load' 'X_I_load_1' <Predicate = true> <Delay = 3.25> <Core = "RAM">   --->   Core 37 'RAM' <Latency = 1> <II = 1> <Delay = 3.25> <Storage> <Opcode : 'load' 'store'> <Ports = 2> <Width = 32> <Depth = 1024> <RAM>

State 58 <SV = 57> <Delay = 7.25>
ST_58 : Operation 197 [5/5] (7.25ns)   --->   "%tmp_23 = fsub float %X_R_load_1, %temp_R" [src/music.cpp:184]   --->   Operation 197 'fsub' 'tmp_23' <Predicate = true> <Delay = 7.25> <Core = "FAddSub">   --->   Core 105 'FAddSub' <Latency = 4> <II = 1> <Delay = 7.25> <FuncUnit> <Opcode : 'fadd' 'fsub'> <InPorts = 2> <OutPorts = 1>
ST_58 : Operation 198 [5/5] (7.25ns)   --->   "%tmp_24 = fsub float %X_I_load_1, %temp_I" [src/music.cpp:185]   --->   Operation 198 'fsub' 'tmp_24' <Predicate = true> <Delay = 7.25> <Core = "FAddSub">   --->   Core 105 'FAddSub' <Latency = 4> <II = 1> <Delay = 7.25> <FuncUnit> <Opcode : 'fadd' 'fsub'> <InPorts = 2> <OutPorts = 1>

State 59 <SV = 58> <Delay = 7.25>
ST_59 : Operation 199 [4/5] (7.25ns)   --->   "%tmp_23 = fsub float %X_R_load_1, %temp_R" [src/music.cpp:184]   --->   Operation 199 'fsub' 'tmp_23' <Predicate = true> <Delay = 7.25> <Core = "FAddSub">   --->   Core 105 'FAddSub' <Latency = 4> <II = 1> <Delay = 7.25> <FuncUnit> <Opcode : 'fadd' 'fsub'> <InPorts = 2> <OutPorts = 1>
ST_59 : Operation 200 [4/5] (7.25ns)   --->   "%tmp_24 = fsub float %X_I_load_1, %temp_I" [src/music.cpp:185]   --->   Operation 200 'fsub' 'tmp_24' <Predicate = true> <Delay = 7.25> <Core = "FAddSub">   --->   Core 105 'FAddSub' <Latency = 4> <II = 1> <Delay = 7.25> <FuncUnit> <Opcode : 'fadd' 'fsub'> <InPorts = 2> <OutPorts = 1>

State 60 <SV = 59> <Delay = 7.25>
ST_60 : Operation 201 [3/5] (7.25ns)   --->   "%tmp_23 = fsub float %X_R_load_1, %temp_R" [src/music.cpp:184]   --->   Operation 201 'fsub' 'tmp_23' <Predicate = true> <Delay = 7.25> <Core = "FAddSub">   --->   Core 105 'FAddSub' <Latency = 4> <II = 1> <Delay = 7.25> <FuncUnit> <Opcode : 'fadd' 'fsub'> <InPorts = 2> <OutPorts = 1>
ST_60 : Operation 202 [3/5] (7.25ns)   --->   "%tmp_24 = fsub float %X_I_load_1, %temp_I" [src/music.cpp:185]   --->   Operation 202 'fsub' 'tmp_24' <Predicate = true> <Delay = 7.25> <Core = "FAddSub">   --->   Core 105 'FAddSub' <Latency = 4> <II = 1> <Delay = 7.25> <FuncUnit> <Opcode : 'fadd' 'fsub'> <InPorts = 2> <OutPorts = 1>

State 61 <SV = 60> <Delay = 7.25>
ST_61 : Operation 203 [2/5] (7.25ns)   --->   "%tmp_23 = fsub float %X_R_load_1, %temp_R" [src/music.cpp:184]   --->   Operation 203 'fsub' 'tmp_23' <Predicate = true> <Delay = 7.25> <Core = "FAddSub">   --->   Core 105 'FAddSub' <Latency = 4> <II = 1> <Delay = 7.25> <FuncUnit> <Opcode : 'fadd' 'fsub'> <InPorts = 2> <OutPorts = 1>
ST_61 : Operation 204 [2/5] (7.25ns)   --->   "%tmp_24 = fsub float %X_I_load_1, %temp_I" [src/music.cpp:185]   --->   Operation 204 'fsub' 'tmp_24' <Predicate = true> <Delay = 7.25> <Core = "FAddSub">   --->   Core 105 'FAddSub' <Latency = 4> <II = 1> <Delay = 7.25> <FuncUnit> <Opcode : 'fadd' 'fsub'> <InPorts = 2> <OutPorts = 1>

State 62 <SV = 61> <Delay = 7.25>
ST_62 : Operation 205 [1/5] (7.25ns)   --->   "%tmp_23 = fsub float %X_R_load_1, %temp_R" [src/music.cpp:184]   --->   Operation 205 'fsub' 'tmp_23' <Predicate = true> <Delay = 7.25> <Core = "FAddSub">   --->   Core 105 'FAddSub' <Latency = 4> <II = 1> <Delay = 7.25> <FuncUnit> <Opcode : 'fadd' 'fsub'> <InPorts = 2> <OutPorts = 1>
ST_62 : Operation 206 [1/5] (7.25ns)   --->   "%tmp_24 = fsub float %X_I_load_1, %temp_I" [src/music.cpp:185]   --->   Operation 206 'fsub' 'tmp_24' <Predicate = true> <Delay = 7.25> <Core = "FAddSub">   --->   Core 105 'FAddSub' <Latency = 4> <II = 1> <Delay = 7.25> <FuncUnit> <Opcode : 'fadd' 'fsub'> <InPorts = 2> <OutPorts = 1>

State 63 <SV = 62> <Delay = 3.25>
ST_63 : Operation 207 [1/1] (3.25ns)   --->   "store float %tmp_23, float* %X_R_addr, align 4" [src/music.cpp:184]   --->   Operation 207 'store' <Predicate = true> <Delay = 3.25> <Core = "RAM">   --->   Core 37 'RAM' <Latency = 1> <II = 1> <Delay = 3.25> <Storage> <Opcode : 'load' 'store'> <Ports = 2> <Width = 32> <Depth = 1024> <RAM>
ST_63 : Operation 208 [1/1] (3.25ns)   --->   "store float %tmp_24, float* %X_I_addr, align 4" [src/music.cpp:185]   --->   Operation 208 'store' <Predicate = true> <Delay = 3.25> <Core = "RAM">   --->   Core 37 'RAM' <Latency = 1> <II = 1> <Delay = 3.25> <Storage> <Opcode : 'load' 'store'> <Ports = 2> <Width = 32> <Depth = 1024> <RAM>

State 64 <SV = 63> <Delay = 3.25>
ST_64 : Operation 209 [2/2] (3.25ns)   --->   "%X_R_load_2 = load float* %X_R_addr_1, align 4" [src/music.cpp:186]   --->   Operation 209 'load' 'X_R_load_2' <Predicate = true> <Delay = 3.25> <Core = "RAM">   --->   Core 37 'RAM' <Latency = 1> <II = 1> <Delay = 3.25> <Storage> <Opcode : 'load' 'store'> <Ports = 2> <Width = 32> <Depth = 1024> <RAM>
ST_64 : Operation 210 [2/2] (3.25ns)   --->   "%X_I_load_2 = load float* %X_I_addr_1, align 4" [src/music.cpp:187]   --->   Operation 210 'load' 'X_I_load_2' <Predicate = true> <Delay = 3.25> <Core = "RAM">   --->   Core 37 'RAM' <Latency = 1> <II = 1> <Delay = 3.25> <Storage> <Opcode : 'load' 'store'> <Ports = 2> <Width = 32> <Depth = 1024> <RAM>

State 65 <SV = 64> <Delay = 3.25>
ST_65 : Operation 211 [1/2] (3.25ns)   --->   "%X_R_load_2 = load float* %X_R_addr_1, align 4" [src/music.cpp:186]   --->   Operation 211 'load' 'X_R_load_2' <Predicate = true> <Delay = 3.25> <Core = "RAM">   --->   Core 37 'RAM' <Latency = 1> <II = 1> <Delay = 3.25> <Storage> <Opcode : 'load' 'store'> <Ports = 2> <Width = 32> <Depth = 1024> <RAM>
ST_65 : Operation 212 [1/2] (3.25ns)   --->   "%X_I_load_2 = load float* %X_I_addr_1, align 4" [src/music.cpp:187]   --->   Operation 212 'load' 'X_I_load_2' <Predicate = true> <Delay = 3.25> <Core = "RAM">   --->   Core 37 'RAM' <Latency = 1> <II = 1> <Delay = 3.25> <Storage> <Opcode : 'load' 'store'> <Ports = 2> <Width = 32> <Depth = 1024> <RAM>

State 66 <SV = 65> <Delay = 7.25>
ST_66 : Operation 213 [5/5] (7.25ns)   --->   "%tmp_25 = fadd float %X_R_load_2, %temp_R" [src/music.cpp:186]   --->   Operation 213 'fadd' 'tmp_25' <Predicate = true> <Delay = 7.25> <Core = "FAddSub">   --->   Core 105 'FAddSub' <Latency = 4> <II = 1> <Delay = 7.25> <FuncUnit> <Opcode : 'fadd' 'fsub'> <InPorts = 2> <OutPorts = 1>
ST_66 : Operation 214 [5/5] (7.25ns)   --->   "%tmp_26 = fadd float %X_I_load_2, %temp_I" [src/music.cpp:187]   --->   Operation 214 'fadd' 'tmp_26' <Predicate = true> <Delay = 7.25> <Core = "FAddSub">   --->   Core 105 'FAddSub' <Latency = 4> <II = 1> <Delay = 7.25> <FuncUnit> <Opcode : 'fadd' 'fsub'> <InPorts = 2> <OutPorts = 1>

State 67 <SV = 66> <Delay = 7.25>
ST_67 : Operation 215 [4/5] (7.25ns)   --->   "%tmp_25 = fadd float %X_R_load_2, %temp_R" [src/music.cpp:186]   --->   Operation 215 'fadd' 'tmp_25' <Predicate = true> <Delay = 7.25> <Core = "FAddSub">   --->   Core 105 'FAddSub' <Latency = 4> <II = 1> <Delay = 7.25> <FuncUnit> <Opcode : 'fadd' 'fsub'> <InPorts = 2> <OutPorts = 1>
ST_67 : Operation 216 [4/5] (7.25ns)   --->   "%tmp_26 = fadd float %X_I_load_2, %temp_I" [src/music.cpp:187]   --->   Operation 216 'fadd' 'tmp_26' <Predicate = true> <Delay = 7.25> <Core = "FAddSub">   --->   Core 105 'FAddSub' <Latency = 4> <II = 1> <Delay = 7.25> <FuncUnit> <Opcode : 'fadd' 'fsub'> <InPorts = 2> <OutPorts = 1>

State 68 <SV = 67> <Delay = 7.25>
ST_68 : Operation 217 [3/5] (7.25ns)   --->   "%tmp_25 = fadd float %X_R_load_2, %temp_R" [src/music.cpp:186]   --->   Operation 217 'fadd' 'tmp_25' <Predicate = true> <Delay = 7.25> <Core = "FAddSub">   --->   Core 105 'FAddSub' <Latency = 4> <II = 1> <Delay = 7.25> <FuncUnit> <Opcode : 'fadd' 'fsub'> <InPorts = 2> <OutPorts = 1>
ST_68 : Operation 218 [3/5] (7.25ns)   --->   "%tmp_26 = fadd float %X_I_load_2, %temp_I" [src/music.cpp:187]   --->   Operation 218 'fadd' 'tmp_26' <Predicate = true> <Delay = 7.25> <Core = "FAddSub">   --->   Core 105 'FAddSub' <Latency = 4> <II = 1> <Delay = 7.25> <FuncUnit> <Opcode : 'fadd' 'fsub'> <InPorts = 2> <OutPorts = 1>

State 69 <SV = 68> <Delay = 7.25>
ST_69 : Operation 219 [2/5] (7.25ns)   --->   "%tmp_25 = fadd float %X_R_load_2, %temp_R" [src/music.cpp:186]   --->   Operation 219 'fadd' 'tmp_25' <Predicate = true> <Delay = 7.25> <Core = "FAddSub">   --->   Core 105 'FAddSub' <Latency = 4> <II = 1> <Delay = 7.25> <FuncUnit> <Opcode : 'fadd' 'fsub'> <InPorts = 2> <OutPorts = 1>
ST_69 : Operation 220 [2/5] (7.25ns)   --->   "%tmp_26 = fadd float %X_I_load_2, %temp_I" [src/music.cpp:187]   --->   Operation 220 'fadd' 'tmp_26' <Predicate = true> <Delay = 7.25> <Core = "FAddSub">   --->   Core 105 'FAddSub' <Latency = 4> <II = 1> <Delay = 7.25> <FuncUnit> <Opcode : 'fadd' 'fsub'> <InPorts = 2> <OutPorts = 1>

State 70 <SV = 69> <Delay = 7.25>
ST_70 : Operation 221 [1/5] (7.25ns)   --->   "%tmp_25 = fadd float %X_R_load_2, %temp_R" [src/music.cpp:186]   --->   Operation 221 'fadd' 'tmp_25' <Predicate = true> <Delay = 7.25> <Core = "FAddSub">   --->   Core 105 'FAddSub' <Latency = 4> <II = 1> <Delay = 7.25> <FuncUnit> <Opcode : 'fadd' 'fsub'> <InPorts = 2> <OutPorts = 1>
ST_70 : Operation 222 [1/5] (7.25ns)   --->   "%tmp_26 = fadd float %X_I_load_2, %temp_I" [src/music.cpp:187]   --->   Operation 222 'fadd' 'tmp_26' <Predicate = true> <Delay = 7.25> <Core = "FAddSub">   --->   Core 105 'FAddSub' <Latency = 4> <II = 1> <Delay = 7.25> <FuncUnit> <Opcode : 'fadd' 'fsub'> <InPorts = 2> <OutPorts = 1>

State 71 <SV = 70> <Delay = 3.25>
ST_71 : Operation 223 [1/1] (0.00ns)   --->   "call void (...)* @_ssdm_op_SpecLoopName([7 x i8]* @p_str2) nounwind" [src/music.cpp:178]   --->   Operation 223 'specloopname' <Predicate = true> <Delay = 0.00>
ST_71 : Operation 224 [1/1] (3.25ns)   --->   "store float %tmp_25, float* %X_R_addr_1, align 4" [src/music.cpp:186]   --->   Operation 224 'store' <Predicate = true> <Delay = 3.25> <Core = "RAM">   --->   Core 37 'RAM' <Latency = 1> <II = 1> <Delay = 3.25> <Storage> <Opcode : 'load' 'store'> <Ports = 2> <Width = 32> <Depth = 1024> <RAM>
ST_71 : Operation 225 [1/1] (3.25ns)   --->   "store float %tmp_26, float* %X_I_addr_1, align 4" [src/music.cpp:187]   --->   Operation 225 'store' <Predicate = true> <Delay = 3.25> <Core = "RAM">   --->   Core 37 'RAM' <Latency = 1> <II = 1> <Delay = 3.25> <Storage> <Opcode : 'load' 'store'> <Ports = 2> <Width = 32> <Depth = 1024> <RAM>
ST_71 : Operation 226 [1/1] (0.00ns)   --->   "br label %3" [src/music.cpp:177]   --->   Operation 226 'br' <Predicate = true> <Delay = 0.00>


============================================================
+ Verbose Summary: Timing violations
============================================================
Target clock period: 10ns, clock uncertainty: 1.25ns.

 <State 1>: 0ns
The critical path consists of the following:

 <State 2>: 1.77ns
The critical path consists of the following:
	multiplexor before 'phi' operation ('stage') with incoming values : ('stage', src/music.cpp:159) [10]  (1.77 ns)

 <State 3>: 8.68ns
The critical path consists of the following:
	'phi' operation ('stage') with incoming values : ('stage', src/music.cpp:159) [10]  (0 ns)
	'shl' operation ('DFTpts', src/music.cpp:161) [18]  (2.4 ns)
	'sitodp' operation ('tmp', src/music.cpp:165) [22]  (6.28 ns)

 <State 4>: 6.28ns
The critical path consists of the following:
	'sitodp' operation ('tmp', src/music.cpp:165) [22]  (6.28 ns)

 <State 5>: 6.28ns
The critical path consists of the following:
	'sitodp' operation ('tmp', src/music.cpp:165) [22]  (6.28 ns)

 <State 6>: 6.28ns
The critical path consists of the following:
	'sitodp' operation ('tmp', src/music.cpp:165) [22]  (6.28 ns)

 <State 7>: 6.28ns
The critical path consists of the following:
	'sitodp' operation ('tmp', src/music.cpp:165) [22]  (6.28 ns)

 <State 8>: 6.28ns
The critical path consists of the following:
	'sitodp' operation ('tmp', src/music.cpp:165) [22]  (6.28 ns)

 <State 9>: 8.62ns
The critical path consists of the following:
	'ddiv' operation ('tmp_s', src/music.cpp:165) [23]  (8.62 ns)

 <State 10>: 8.62ns
The critical path consists of the following:
	'ddiv' operation ('tmp_s', src/music.cpp:165) [23]  (8.62 ns)

 <State 11>: 8.62ns
The critical path consists of the following:
	'ddiv' operation ('tmp_s', src/music.cpp:165) [23]  (8.62 ns)

 <State 12>: 8.62ns
The critical path consists of the following:
	'ddiv' operation ('tmp_s', src/music.cpp:165) [23]  (8.62 ns)

 <State 13>: 8.62ns
The critical path consists of the following:
	'ddiv' operation ('tmp_s', src/music.cpp:165) [23]  (8.62 ns)

 <State 14>: 8.62ns
The critical path consists of the following:
	'ddiv' operation ('tmp_s', src/music.cpp:165) [23]  (8.62 ns)

 <State 15>: 8.62ns
The critical path consists of the following:
	'ddiv' operation ('tmp_s', src/music.cpp:165) [23]  (8.62 ns)

 <State 16>: 8.62ns
The critical path consists of the following:
	'ddiv' operation ('tmp_s', src/music.cpp:165) [23]  (8.62 ns)

 <State 17>: 8.62ns
The critical path consists of the following:
	'ddiv' operation ('tmp_s', src/music.cpp:165) [23]  (8.62 ns)

 <State 18>: 8.62ns
The critical path consists of the following:
	'ddiv' operation ('tmp_s', src/music.cpp:165) [23]  (8.62 ns)

 <State 19>: 8.62ns
The critical path consists of the following:
	'ddiv' operation ('tmp_s', src/music.cpp:165) [23]  (8.62 ns)

 <State 20>: 8.62ns
The critical path consists of the following:
	'ddiv' operation ('tmp_s', src/music.cpp:165) [23]  (8.62 ns)

 <State 21>: 8.62ns
The critical path consists of the following:
	'ddiv' operation ('tmp_s', src/music.cpp:165) [23]  (8.62 ns)

 <State 22>: 8.62ns
The critical path consists of the following:
	'ddiv' operation ('tmp_s', src/music.cpp:165) [23]  (8.62 ns)

 <State 23>: 8.62ns
The critical path consists of the following:
	'ddiv' operation ('tmp_s', src/music.cpp:165) [23]  (8.62 ns)

 <State 24>: 8.62ns
The critical path consists of the following:
	'ddiv' operation ('tmp_s', src/music.cpp:165) [23]  (8.62 ns)

 <State 25>: 8.62ns
The critical path consists of the following:
	'ddiv' operation ('tmp_s', src/music.cpp:165) [23]  (8.62 ns)

 <State 26>: 8.62ns
The critical path consists of the following:
	'ddiv' operation ('tmp_s', src/music.cpp:165) [23]  (8.62 ns)

 <State 27>: 8.62ns
The critical path consists of the following:
	'ddiv' operation ('tmp_s', src/music.cpp:165) [23]  (8.62 ns)

 <State 28>: 8.62ns
The critical path consists of the following:
	'ddiv' operation ('tmp_s', src/music.cpp:165) [23]  (8.62 ns)

 <State 29>: 8.62ns
The critical path consists of the following:
	'ddiv' operation ('tmp_s', src/music.cpp:165) [23]  (8.62 ns)

 <State 30>: 8.62ns
The critical path consists of the following:
	'ddiv' operation ('tmp_s', src/music.cpp:165) [23]  (8.62 ns)

 <State 31>: 8.62ns
The critical path consists of the following:
	'ddiv' operation ('tmp_s', src/music.cpp:165) [23]  (8.62 ns)

 <State 32>: 8.62ns
The critical path consists of the following:
	'ddiv' operation ('tmp_s', src/music.cpp:165) [23]  (8.62 ns)

 <State 33>: 8.62ns
The critical path consists of the following:
	'ddiv' operation ('tmp_s', src/music.cpp:165) [23]  (8.62 ns)

 <State 34>: 8.62ns
The critical path consists of the following:
	'ddiv' operation ('tmp_s', src/music.cpp:165) [23]  (8.62 ns)

 <State 35>: 8.62ns
The critical path consists of the following:
	'ddiv' operation ('tmp_s', src/music.cpp:165) [23]  (8.62 ns)

 <State 36>: 8.62ns
The critical path consists of the following:
	'ddiv' operation ('tmp_s', src/music.cpp:165) [23]  (8.62 ns)

 <State 37>: 8.62ns
The critical path consists of the following:
	'ddiv' operation ('tmp_s', src/music.cpp:165) [23]  (8.62 ns)

 <State 38>: 8.62ns
The critical path consists of the following:
	'ddiv' operation ('tmp_s', src/music.cpp:165) [23]  (8.62 ns)

 <State 39>: 8.62ns
The critical path consists of the following:
	'ddiv' operation ('tmp_s', src/music.cpp:165) [23]  (8.62 ns)

 <State 40>: 5.2ns
The critical path consists of the following:
	'fptrunc' operation ('e', src/music.cpp:165) [24]  (5.2 ns)

 <State 41>: 5.2ns
The critical path consists of the following:
	'fptrunc' operation ('e', src/music.cpp:165) [24]  (5.2 ns)

 <State 42>: 7.26ns
The critical path consists of the following:
	'phi' operation ('a') with incoming values : ('a', src/music.cpp:174) [28]  (0 ns)
	'fadd' operation ('a', src/music.cpp:174) [39]  (7.26 ns)

 <State 43>: 7.26ns
The critical path consists of the following:
	'fadd' operation ('a', src/music.cpp:174) [39]  (7.26 ns)

 <State 44>: 7.26ns
The critical path consists of the following:
	'fadd' operation ('a', src/music.cpp:174) [39]  (7.26 ns)

 <State 45>: 8.19ns
The critical path consists of the following:
	'call' operation ('c', r:/builds/2019.1/continuous/2019_05_24_2552052/src/products/hls/hls_lib/hlsmath/src/common/hls_hotbm_float.cpp:127->r:/builds/2019.1/continuous/2019_05_24_2552052/src/products/hls/hls_lib/hlsmath/src/c/sincosfloat.cpp:12->C:/Xilinx/Vivado/2019.1/win64/tools/clang/bin\..\lib\clang\3.1/../../../include/c++/4.5.2\cmath:200->src/music.cpp:172) to 'sin_or_cos<float>' [37]  (8.19 ns)

 <State 46>: 7.26ns
The critical path consists of the following:
	'fadd' operation ('a', src/music.cpp:174) [39]  (7.26 ns)

 <State 47>: 5.81ns
The critical path consists of the following:
	'phi' operation ('i') with incoming values : ('i_cast', src/music.cpp:169) ('i', src/music.cpp:177) [42]  (0 ns)
	'add' operation ('i_lower', src/music.cpp:180) [48]  (2.55 ns)
	'getelementptr' operation ('X_R_addr', src/music.cpp:181) [50]  (0 ns)
	'load' operation ('X_R_load', src/music.cpp:181) on array 'X_R' [51]  (3.25 ns)

 <State 48>: 3.25ns
The critical path consists of the following:
	'load' operation ('X_R_load', src/music.cpp:181) on array 'X_R' [51]  (3.25 ns)

 <State 49>: 5.7ns
The critical path consists of the following:
	'fmul' operation ('tmp_19', src/music.cpp:181) [52]  (5.7 ns)

 <State 50>: 5.7ns
The critical path consists of the following:
	'fmul' operation ('tmp_19', src/music.cpp:181) [52]  (5.7 ns)

 <State 51>: 5.7ns
The critical path consists of the following:
	'fmul' operation ('tmp_19', src/music.cpp:181) [52]  (5.7 ns)

 <State 52>: 5.7ns
The critical path consists of the following:
	'fmul' operation ('tmp_19', src/music.cpp:181) [52]  (5.7 ns)

 <State 53>: 7.26ns
The critical path consists of the following:
	'fsub' operation ('temp_R', src/music.cpp:181) [56]  (7.26 ns)

 <State 54>: 7.26ns
The critical path consists of the following:
	'fsub' operation ('temp_R', src/music.cpp:181) [56]  (7.26 ns)

 <State 55>: 7.26ns
The critical path consists of the following:
	'fsub' operation ('temp_R', src/music.cpp:181) [56]  (7.26 ns)

 <State 56>: 7.26ns
The critical path consists of the following:
	'fsub' operation ('temp_R', src/music.cpp:181) [56]  (7.26 ns)

 <State 57>: 7.26ns
The critical path consists of the following:
	'fsub' operation ('temp_R', src/music.cpp:181) [56]  (7.26 ns)

 <State 58>: 7.26ns
The critical path consists of the following:
	'fsub' operation ('tmp_23', src/music.cpp:184) [63]  (7.26 ns)

 <State 59>: 7.26ns
The critical path consists of the following:
	'fsub' operation ('tmp_23', src/music.cpp:184) [63]  (7.26 ns)

 <State 60>: 7.26ns
The critical path consists of the following:
	'fsub' operation ('tmp_23', src/music.cpp:184) [63]  (7.26 ns)

 <State 61>: 7.26ns
The critical path consists of the following:
	'fsub' operation ('tmp_23', src/music.cpp:184) [63]  (7.26 ns)

 <State 62>: 7.26ns
The critical path consists of the following:
	'fsub' operation ('tmp_23', src/music.cpp:184) [63]  (7.26 ns)

 <State 63>: 3.25ns
The critical path consists of the following:
	'store' operation ('store_ln184', src/music.cpp:184) of variable 'tmp_23', src/music.cpp:184 on array 'X_R' [64]  (3.25 ns)

 <State 64>: 3.25ns
The critical path consists of the following:
	'load' operation ('X_R_load_2', src/music.cpp:186) on array 'X_R' [69]  (3.25 ns)

 <State 65>: 3.25ns
The critical path consists of the following:
	'load' operation ('X_R_load_2', src/music.cpp:186) on array 'X_R' [69]  (3.25 ns)

 <State 66>: 7.26ns
The critical path consists of the following:
	'fadd' operation ('tmp_25', src/music.cpp:186) [70]  (7.26 ns)

 <State 67>: 7.26ns
The critical path consists of the following:
	'fadd' operation ('tmp_25', src/music.cpp:186) [70]  (7.26 ns)

 <State 68>: 7.26ns
The critical path consists of the following:
	'fadd' operation ('tmp_25', src/music.cpp:186) [70]  (7.26 ns)

 <State 69>: 7.26ns
The critical path consists of the following:
	'fadd' operation ('tmp_25', src/music.cpp:186) [70]  (7.26 ns)

 <State 70>: 7.26ns
The critical path consists of the following:
	'fadd' operation ('tmp_25', src/music.cpp:186) [70]  (7.26 ns)

 <State 71>: 3.25ns
The critical path consists of the following:
	'store' operation ('store_ln186', src/music.cpp:186) of variable 'tmp_25', src/music.cpp:186 on array 'X_R' [71]  (3.25 ns)


============================================================
+ Verbose Summary: Binding
============================================================
N/A
* FSMD analyzer results:
  - Output states:
 - Input state : 
  - Chain level:
	State 1
	State 2
	State 3
	State 4
	State 5
	State 6
	State 7
	State 8
	State 9
	State 10
	State 11
	State 12
	State 13
	State 14
	State 15
	State 16
	State 17
	State 18
	State 19
	State 20
	State 21
	State 22
	State 23
	State 24
	State 25
	State 26
	State 27
	State 28
	State 29
	State 30
	State 31
	State 32
	State 33
	State 34
	State 35
	State 36
	State 37
	State 38
	State 39
	State 40
	State 41
	State 42
	State 43
	State 44
	State 45
	State 46
	State 47
	State 48
	State 49
	State 50
	State 51
	State 52
	State 53
	State 54
	State 55
	State 56
	State 57
	State 58
	State 59
	State 60
	State 61
	State 62
	State 63
	State 64
	State 65
	State 66
	State 67
	State 68
	State 69
	State 70
	State 71


============================================================
+ Verbose Summary: Datapath Resource usage 
============================================================
N/A
